************************************************************************************************************************
***             WIDEN YOUR WINDOW TO 120 CHARACTERS.  Use 'enscript -r -fCourier9' to print this document            ***
************************************************************************************************************************

---------------------------------------------- PETSc Performance Summary: ----------------------------------------------

/global/cscratch1/sd/tkonolig/bundle_adjustment/ba-tao/build/bin/TaoBundleAdjustment on a arch-linux2-c-opt named nid01048 with 36 processors, by tkonolig Sun Mar 15 19:48:14 2020
Using Petsc Development GIT revision: unknown  GIT Date: unknown

                         Max       Max/Min     Avg       Total 
Time (sec):           1.421e+03     1.000   1.421e+03
Objects:              1.851e+04     1.007   1.840e+04
Flop:                 1.047e+12     1.543   8.083e+11  2.910e+13
Flop/sec:             7.365e+08     1.543   5.686e+08  2.047e+10
MPI Messages:         2.805e+05     4.915   1.560e+05  5.615e+06
MPI Message Lengths:  5.065e+09     3.699   1.606e+04  9.015e+10
MPI Reductions:       1.681e+05     1.000

Flop counting convention: 1 flop = 1 real number operation of type (multiply/divide/add/subtract)
                            e.g., VecAXPY() for real vectors of length N --> 2N flop
                            and VecAXPY() for complex vectors of length N --> 8N flop

Summary of Stages:   ----- Time ------  ----- Flop ------  --- Messages ---  -- Message Lengths --  -- Reductions --
                        Avg     %Total     Avg     %Total    Count   %Total     Avg         %Total    Count   %Total 
 0:      Main Stage: 3.4459e+00   0.2%  0.0000e+00   0.0%  3.150e+03   0.1%  8.490e+03        0.0%  5.000e+00   0.0% 
 1:           Setup: 2.0712e+02  14.6%  0.0000e+00   0.0%  2.608e+03   0.0%  3.827e+05        1.1%  7.100e+01   0.0% 
 2:           Solve: 1.2109e+03  85.2%  2.9098e+13 100.0%  5.609e+06  99.9%  1.589e+04       98.9%  1.680e+05  99.9% 

------------------------------------------------------------------------------------------------------------------------
See the 'Profiling' chapter of the users' manual for details on interpreting output.
Phase summary info:
   Count: number of times phase was executed
   Time and Flop: Max - maximum over all processors
                  Ratio - ratio of maximum to minimum over all processors
   Mess: number of messages sent
   AvgLen: average message length (bytes)
   Reduct: number of global reductions
   Global: entire computation
   Stage: stages of a computation. Set stages with PetscLogStagePush() and PetscLogStagePop().
      %T - percent time in this phase         %F - percent flop in this phase
      %M - percent messages in this phase     %L - percent message lengths in this phase
      %R - percent reductions in this phase
   Total Mflop/s: 10e-6 * (sum of flop over all processors)/(max time over all processors)
------------------------------------------------------------------------------------------------------------------------
Event                Count      Time (sec)     Flop                              --- Global ---  --- Stage ----  Total
                   Max Ratio  Max     Ratio   Max  Ratio  Mess   AvgLen  Reduct  %T %F %M %L %R  %T %F %M %L %R Mflop/s
------------------------------------------------------------------------------------------------------------------------

--- Event Stage 0: Main Stage

PetscBarrier           2 1.0 3.6317e-0239.2 0.00e+00 0.0 0.0e+00 0.0e+00 0.0e+00  0  0  0  0  0   1  0  0  0  0     0
BuildTwoSided          1 1.0 3.0470e-03 2.3 0.00e+00 0.0 6.3e+02 4.0e+00 0.0e+00  0  0  0  0  0   0  0 20  0  0     0
DMPlexGToNBegin        1 1.0 4.7030e-03 1.1 0.00e+00 0.0 3.2e+03 6.3e+03 0.0e+00  0  0  0  0  0   0  0100 74  0     0
DMPlexGToNEnd          1 1.0 8.5306e-04 2.7 0.00e+00 0.0 0.0e+00 0.0e+00 0.0e+00  0  0  0  0  0   0  0  0  0  0     0
SFSetUp                2 1.0 4.4410e-03 1.1 0.00e+00 0.0 1.9e+03 3.5e+03 0.0e+00  0  0  0  0  0   0  0 60 25  0     0
SFBcastOpBegin         2 1.0 3.0780e-04 1.6 0.00e+00 0.0 1.3e+03 1.6e+04 1.0e+00  0  0  0  0  0   0  0 40 75 20     0
SFBcastOpEnd           2 1.0 5.3341e-0310.8 0.00e+00 0.0 0.0e+00 0.0e+00 0.0e+00  0  0  0  0  0   0  0  0  0  0     0
VecSet                 2 1.0 4.2582e-03 0.0 0.00e+00 0.0 0.0e+00 0.0e+00 0.0e+00  0  0  0  0  0   0  0  0  0  0     0
VecScatterBegin        1 1.0 8.5115e-05 2.6 0.00e+00 0.0 0.0e+00 0.0e+00 1.0e+00  0  0  0  0  0   0  0  0 26 20     0
VecScatterEnd          1 1.0 4.6492e-0325.4 0.00e+00 0.0 0.0e+00 0.0e+00 0.0e+00  0  0  0  0  0   0  0  0  0  0     0

--- Event Stage 1: Setup

BuildTwoSided         11 1.0 1.1877e-02 2.7 0.00e+00 0.0 2.9e+02 4.0e+00 0.0e+00  0  0  0  0  0   0  0 11  0  0     0
MatAssemblyBegin       2 1.0 1.3113e-05 4.6 0.00e+00 0.0 0.0e+00 0.0e+00 0.0e+00  0  0  0  0  0   0  0  0  0  0     0
MatAssemblyEnd         2 1.0 1.5513e-01 1.4 0.00e+00 0.0 1.7e+02 5.9e+03 8.0e+00  0  0  0  0  0   0  0  6  0 11     0
Mesh Partition         1 1.0 1.9880e+02 1.0 0.00e+00 0.0 1.4e+02 5.1e+04 9.0e+00 14  0  0  0  0  96  0  5  1 13     0
Mesh Migration         1 1.0 1.5226e-01 1.0 0.00e+00 0.0 4.6e+02 6.2e+05 6.0e+00  0  0  0  0  0   0  0 17 28  8     0
DMPlexPartSelf         1 1.0 2.1966e-0121936.3 0.00e+00 0.0 0.0e+00 0.0e+00 0.0e+00  0  0  0  0  0   0  0  0  0  0     0
DMPlexPartLblInv       1 1.0 2.3135e-0121.2 0.00e+00 0.0 0.0e+00 0.0e+00 3.0e+00  0  0  0  0  0   0  0  0  0  4     0
DMPlexPartLblSF        1 1.0 2.9769e-03 1.4 0.00e+00 0.0 5.2e+01 3.4e+04 0.0e+00  0  0  0  0  0   0  0  2  0  0     0
DMPlexPartStrtSF       1 1.0 5.6911e-03 4.0 0.00e+00 0.0 3.5e+01 5.1e+04 0.0e+00  0  0  0  0  0   0  0  1  0  0     0
DMPlexPointSF          1 1.0 2.1554e-02 1.2 0.00e+00 0.0 7.0e+01 1.3e+05 0.0e+00  0  0  0  0  0   0  0  3  1  0     0
DMPlexDistribute       1 1.0 1.9900e+02 1.0 0.00e+00 0.0 1.5e+03 2.2e+05 2.3e+01 14  0  0  0  0  96  0 58 33 32     0
DMPlexDistCones        1 1.0 1.1816e-01 1.1 0.00e+00 0.0 1.9e+02 1.3e+06 1.0e+00  0  0  0  0  0   0  0  7 25  1     0
DMPlexDistLabels       1 1.0 3.6001e-05 1.2 0.00e+00 0.0 0.0e+00 0.0e+00 3.0e+00  0  0  0  0  0   0  0  0  0  4     0
DMPlexDistField        1 1.0 1.7692e-02 1.1 0.00e+00 0.0 1.9e+02 1.5e+05 1.0e+00  0  0  0  0  0   0  0  7  3  1     0
DMPlexDistData         2 1.0 2.9041e-01 1.1 0.00e+00 0.0 3.2e+02 2.1e+06 2.0e+00  0  0  0  1  0   0  0 12 66  3     0
DMPlexStratify         2 1.0 3.5866e+00542.0 0.00e+00 0.0 0.0e+00 0.0e+00 2.0e+00  0  0  0  0  0   2  0  0  0  3     0
DMPlexSymmetrize       2 1.0 6.7016e-0152.3 0.00e+00 0.0 0.0e+00 0.0e+00 0.0e+00  0  0  0  0  0   0  0  0  0  0     0
SFSetGraph            15 1.0 2.7859e-03 7.7 0.00e+00 0.0 0.0e+00 0.0e+00 0.0e+00  0  0  0  0  0   0  0  0  0  0     0
SFSetUp               12 1.0 1.5260e-01 3.2 0.00e+00 0.0 8.7e+02 3.0e+05 0.0e+00  0  0  0  0  0   0  0 33 27  0     0
SFBcastOpBegin        29 1.0 1.9635e-01194.9 0.00e+00 0.0 1.6e+03 4.3e+05 0.0e+00  0  0  0  1  0   0  0 63 70  0     0
SFBcastOpEnd          29 1.0 3.7848e-01 3.8 0.00e+00 0.0 0.0e+00 0.0e+00 0.0e+00  0  0  0  0  0   0  0  0  0  0     0
SFReduceBegin          3 1.0 9.0122e-0414.5 0.00e+00 0.0 7.0e+01 3.6e+05 1.0e+00  0  0  0  0  0   0  0  3  3  1     0
SFReduceEnd            3 1.0 2.4021e-02 1.3 0.00e+00 0.0 0.0e+00 0.0e+00 0.0e+00  0  0  0  0  0   0  0  0  0  0     0
SFDistSection          5 1.0 5.5056e-02 2.6 0.00e+00 0.0 4.2e+02 5.1e+04 5.0e+00  0  0  0  0  0   0  0 16  2  7     0
SFSectionSF            5 1.0 1.5155e-01 3.6 0.00e+00 0.0 2.6e+02 9.9e+05 0.0e+00  0  0  0  0  0   0  0 10 26  0     0
VecCopy                1 1.0 9.5844e-05 3.2 0.00e+00 0.0 0.0e+00 0.0e+00 0.0e+00  0  0  0  0  0   0  0  0  0  0     0
VecSet                 6 1.0 3.2663e-0343.5 0.00e+00 0.0 0.0e+00 0.0e+00 0.0e+00  0  0  0  0  0   0  0  0  0  0     0

--- Event Stage 2: Solve

BuildTwoSided        399 1.0 7.7647e-02 1.2 0.00e+00 0.0 1.7e+04 4.0e+00 0.0e+00  0  0  0  0  0   0  0  0  0  0     0
BuildTwoSidedF     12118 1.0 3.3866e+02 7.2 0.00e+00 0.0 1.3e+04 2.4e+06 0.0e+00 17  0  0 35  0  20  0  0 35  0     0
MatMult            26361 1.0 4.6350e+02 1.4 5.75e+11 1.8 3.4e+06 9.3e+03 4.0e+00 27 49 60 35  0  32 49 60 35  0 30922
MatMultAdd         12400 1.0 2.3622e+0111.9 5.66e+09 2.1 2.5e+05 1.8e+02 0.0e+00  0  0  5  0  0   0  0  5  0  0  5729
MatMultTranspose    6166 1.0 3.2463e+0141.1 1.79e+09 1.8 2.5e+05 2.7e+02 6.6e+01  1  0  5  0  0   1  0  5  0  0  1428
MatMultTrAdd          22 1.0 2.3824e-01 1.1 3.13e+08 1.0 1.2e+03 1.8e+04 0.0e+00  0  0  0  0  0   0  0  0  0  0 46606
MatSolve            1231 0.0 6.6307e-03 0.0 4.35e+06 0.0 0.0e+00 0.0e+00 0.0e+00  0  0  0  0  0   0  0  0  0  0   656
MatLUFactorSym        10 1.0 4.4680e-04 4.5 0.00e+00 0.0 0.0e+00 0.0e+00 0.0e+00  0  0  0  0  0   0  0  0  0  0     0
MatLUFactorNum        10 1.0 2.8229e-0431.2 4.01e+05 0.0 0.0e+00 0.0e+00 0.0e+00  0  0  0  0  0   0  0  0  0  0  1420
MatCopy               10 1.0 1.5989e+00 2.4 0.00e+00 0.0 0.0e+00 0.0e+00 0.0e+00  0  0  0  0  0   0  0  0  0  0     0
MatConvert             1 1.0 5.4829e-01 2.3 0.00e+00 0.0 3.4e+02 8.8e+03 0.0e+00  0  0  0  0  0   0  0  0  0  0     0
MatScale              82 1.0 3.0572e+00 1.4 2.72e+09 1.6 1.0e+04 8.4e+03 1.3e+02  0  0  0  0  0   0  0  0  0  0 24216
MatResidual         6155 1.0 1.1041e+02 1.7 1.13e+11 1.8 7.6e+05 8.2e+03 0.0e+00  6 10 14  7  0   7 10 14  7  0 25560
MatAssemblyBegin    1109 1.0 3.3947e+02 6.6 0.00e+00 0.0 1.3e+04 2.4e+06 0.0e+00 17  0  0 35  0  20  0  0 35  0     0
MatAssemblyEnd      1131 1.0 2.5210e+01 2.3 1.67e+0817.0 3.8e+04 6.5e+02 1.2e+03  1  0  1  0  1   1  0  1  0  1    65
MatGetRowIJ           10 0.0 3.2902e-05 0.0 0.00e+00 0.0 0.0e+00 0.0e+00 0.0e+00  0  0  0  0  0   0  0  0  0  0     0
MatCreateSubMat      120 1.0 1.0833e-01 1.0 0.00e+00 0.0 4.5e+03 1.6e+03 1.0e+03  0  0  0  0  1   0  0  0  0  1     0
MatGetOrdering        10 0.0 3.6097e-04 0.0 0.00e+00 0.0 0.0e+00 0.0e+00 0.0e+00  0  0  0  0  0   0  0  0  0  0     0
MatCoarsen            50 1.0 2.0910e-01 1.3 0.00e+00 0.0 6.8e+04 1.2e+03 2.4e+02  0  0  1  0  0   0  0  1  0  0     0
MatZeroEntries       104 1.0 7.2003e-01 1.7 0.00e+00 0.0 0.0e+00 0.0e+00 0.0e+00  0  0  0  0  0   0  0  0  0  0     0
MatAXPY               10 1.0 2.6400e+00 4.2 3.35e+06 2.1 0.0e+00 0.0e+00 0.0e+00  0  0  0  0  0   0  0  0  0  0    30
MatTranspose         100 1.0 1.1910e-01 2.6 0.00e+00 0.0 0.0e+00 0.0e+00 0.0e+00  0  0  0  0  0   0  0  0  0  0     0
MatMatMult            20 1.0 3.9101e+02 1.0 5.79e+11 2.5 2.0e+03 8.9e+06 1.8e+01 28 42  0 19  0  32 42  0 20  0 31279
MatMatMultSym          2 1.0 7.0897e+01 1.0 0.00e+00 0.0 8.5e+02 2.7e+06 1.6e+01  5  0  0  3  0   6  0  0  3  0     0
MatMatMultNum         20 1.0 3.2011e+02 1.0 5.79e+11 2.5 1.1e+03 1.4e+07 0.0e+00 23 42  0 17  0  26 42  0 17  0 38206
MatPtAP               50 1.0 8.8922e+01 1.0 5.57e+10 2.2 3.5e+04 4.6e+04 5.5e+02  6  5  1  2  0   7  5  1  2  0 15376
MatPtAPSymbolic       50 1.0 6.0161e+01 1.0 0.00e+00 0.0 2.5e+04 6.2e+04 3.5e+02  4  0  0  2  0   5  0  0  2  0     0
MatPtAPNumeric        50 1.0 2.8761e+01 1.0 5.57e+10 2.2 1.0e+04 5.9e+03 2.0e+02  2  5  0  0  0   2  5  0  0  0 47538
MatTrnMatMult         21 1.0 8.6826e+01 1.0 4.22e+10 3.4 2.0e+04 1.7e+06 1.6e+02  6  3  0 38  0   7  3  0 39  0  9694
MatTrnMatMultSym      14 1.0 2.0499e+01 1.0 0.00e+00 0.0 7.6e+03 5.0e+05 1.0e+02  1  0  0  4  0   2  0  0  4  0     0
MatTrnMatMultNum      54 1.0 6.6327e+01 1.0 4.22e+10 3.4 1.3e+04 2.4e+06 5.6e+01  5  3  0 34  0   5  3  0 34  0 12691
MatGetLocalMat       126 1.0 2.0645e+00 1.7 0.00e+00 0.0 0.0e+00 0.0e+00 0.0e+00  0  0  0  0  0   0  0  0  0  0     0
MatGetBrAoCol         72 1.0 7.7284e-01 3.2 0.00e+00 0.0 2.0e+04 9.4e+05 0.0e+00  0  0  0 21  0   0  0  0 21  0     0
SFSetGraph           399 1.0 2.4152e-04 1.7 0.00e+00 0.0 0.0e+00 0.0e+00 0.0e+00  0  0  0  0  0   0  0  0  0  0     0
SFSetUp              399 1.0 1.0103e-01 1.2 0.00e+00 0.0 5.0e+04 7.7e+02 0.0e+00  0  0  1  0  0   0  0  1  0  0     0
SFBcastOpBegin     57324 1.0 7.4884e-01 2.2 0.00e+00 0.0 5.3e+06 6.6e+03 0.0e+00  0  0 94 39  0   0  0 94 39  0     0
SFBcastOpEnd       57324 1.0 1.8339e+0254.1 0.00e+00 0.0 0.0e+00 0.0e+00 0.0e+00  6  0  0  0  0   7  0  0  0  0     0
SFReduceBegin       6197 1.0 4.2697e-02 4.0 0.00e+00 0.0 2.5e+05 2.7e+02 0.0e+00  0  0  5  0  0   0  0  5  0  0     0
SFReduceEnd         6197 1.0 3.1689e+012664.4 0.00e+00 0.0 0.0e+00 0.0e+00 0.0e+00  1  0  0  0  0   1  0  0  0  0     0
VecDot              3881 1.0 4.0926e-01 1.3 2.90e+08 2.1 0.0e+00 0.0e+00 3.9e+03  0  0  0  0  2   0  0  0  0  2 16925
VecTDot             3492 1.0 3.8864e+01144.7 1.98e+08 2.1 0.0e+00 0.0e+00 3.5e+03  2  0  0  0  2   2  0  0  0  2   122
VecNorm             4551 1.0 6.6293e+01119.1 3.32e+08 1.9 0.0e+00 0.0e+00 4.6e+03  3  0  0  0  3   4  0  0  0  3   125
VecScale            7371 1.0 2.0771e-01 3.0 2.75e+08 2.1 0.0e+00 0.0e+00 0.0e+00  0  0  0  0  0   0  0  0  0  0 31713
VecCopy            19846 1.0 2.0510e-01 2.3 0.00e+00 0.0 0.0e+00 0.0e+00 0.0e+00  0  0  0  0  0   0  0  0  0  0     0
VecSet             29090 1.0 4.1016e-01 5.0 0.00e+00 0.0 0.0e+00 0.0e+00 0.0e+00  0  0  0  0  0   0  0  0  0  0     0
VecAXPY             7353 1.0 1.8637e-01 1.9 3.51e+08 2.1 0.0e+00 0.0e+00 0.0e+00  0  0  0  0  0   0  0  0  0  0 45086
VecAYPX            38591 1.0 3.8081e-01 1.7 4.66e+08 2.1 0.0e+00 0.0e+00 0.0e+00  0  0  0  0  0   0  0  0  0  0 29224
VecAXPBYCZ         12310 1.0 1.3086e-01 2.2 4.62e+08 2.1 0.0e+00 0.0e+00 0.0e+00  0  0  0  0  0   0  0  0  0  0 84168
VecSwap               20 1.0 3.9110e-02 1.3 0.00e+00 0.0 0.0e+00 0.0e+00 0.0e+00  0  0  0  0  0   0  0  0  0  0     0
VecAssemblyBegin   11810 1.0 8.1743e-01 1.3 0.00e+00 0.0 0.0e+00 0.0e+00 0.0e+00  0  0  0  0  0   0  0  0  0  0     0
VecAssemblyEnd     11810 1.0 6.8769e-03 1.3 0.00e+00 0.0 0.0e+00 0.0e+00 0.0e+00  0  0  0  0  0   0  0  0  0  0     0
VecPointwiseMult     186 1.0 8.3182e-03 2.1 7.19e+06 2.1 0.0e+00 0.0e+00 0.0e+00  0  0  0  0  0   0  0  0  0  0 20895
VecScatterBegin    63159 1.0 8.3056e-01 2.2 0.00e+00 0.0 5.5e+06 6.4e+03 0.0e+00  0  0 97 39  0   0  0 97 39  0     0
VecScatterEnd      63159 1.0 1.9893e+0258.9 0.00e+00 0.0 0.0e+00 0.0e+00 0.0e+00  7  0  0  0  0   8  0  0  0  0     0
VecNormalize        2717 1.0 1.8896e-01 1.1 2.43e+08 2.1 0.0e+00 0.0e+00 2.7e+03  0  0  0  0  2   0  0  0  0  2 30720
TaoSolve               1 1.0 1.2109e+03 1.0 1.05e+12 1.5 5.6e+06 1.6e+04 1.7e+05 85100100 99100 100100100100100 24031
TaoObjectiveEval      11 1.0 6.8315e-01 1.3 0.00e+00 0.0 1.2e+03 1.8e+04 0.0e+00  0  0  0  0  0   0  0  0  0  0     0
TaoJacobianEval       11 1.0 7.8404e+00 1.0 4.98e+08 2.1 1.2e+03 1.8e+04 5.6e+03  1  0  0  0  3   1  0  0  0  3  1517
KSPSetUp             150 1.0 8.9736e-03 1.2 0.00e+00 0.0 0.0e+00 0.0e+00 1.0e+02  0  0  0  0  0   0  0  0  0  0     0
KSPSolve              10 1.0 1.1534e+03 1.0 1.04e+12 1.5 5.6e+06 1.3e+04 3.5e+04 81 99100 79 21  95 99100 80 21 25043
PCGAMGGraph_AGG       50 1.0 1.4738e+02 1.0 1.74e+09 2.2 2.5e+04 5.4e+02 8.0e+02 10  0  0  0  0  12  0  0  0  0   290
PCGAMGCoarse_AGG      50 1.0 4.6438e+01 1.0 3.79e+10 4.7 1.0e+05 1.7e+05 3.9e+02  3  2  2 19  0   4  2  2 19  0 14738
PCGAMGProl_AGG        50 1.0 4.5750e+00 1.0 0.00e+00 0.0 1.5e+06 2.3e+03 2.4e+04  0  0 27  4 14   0  0 27  4 14     0
PCGAMGPOpt_AGG        50 1.0 1.3828e-05 7.2 0.00e+00 0.0 0.0e+00 0.0e+00 0.0e+00  0  0  0  0  0   0  0  0  0  0     0
GAMG: createProl      50 1.0 1.9835e+02 1.0 3.94e+10 4.4 1.7e+06 1.2e+04 2.5e+04 14  2 29 23 15  16  2 30 23 15  3666
  Graph              100 1.0 1.4738e+02 1.0 1.74e+09 2.2 2.5e+04 5.4e+02 8.0e+02 10  0  0  0  0  12  0  0  0  0   290
  MIS/Agg             50 1.0 2.0940e-01 1.3 0.00e+00 0.0 6.8e+04 1.2e+03 2.4e+02  0  0  1  0  0   0  0  1  0  0     0
  SA: col data        50 1.0 3.6063e+00 1.0 0.00e+00 0.0 1.5e+06 1.9e+03 2.3e+04  0  0 27  3 14   0  0 27  3 14     0
  SA: frmProl0        50 1.0 9.1541e-01 1.0 0.00e+00 0.0 5.8e+03 1.0e+05 2.0e+02  0  0  0  1  0   0  0  0  1  0     0
GAMG: partLevel       50 1.0 8.9099e+01 1.0 5.57e+10 2.2 4.1e+04 3.9e+04 2.5e+03  6  5  1  2  1   7  5  1  2  1 15345
  repartition         40 1.0 1.7670e-01 1.0 0.00e+00 0.0 6.5e+03 1.6e+03 1.9e+03  0  0  0  0  1   0  0  0  0  1     0
  Invert-Sort         40 1.0 1.7200e-02 1.2 0.00e+00 0.0 0.0e+00 0.0e+00 2.4e+02  0  0  0  0  0   0  0  0  0  0     0
  Move A              40 1.0 6.6168e-02 1.0 0.00e+00 0.0 3.2e+03 2.2e+03 5.2e+02  0  0  0  0  0   0  0  0  0  0     0
  Move P              40 1.0 4.7891e-02 1.0 0.00e+00 0.0 1.3e+03 5.7e+01 5.6e+02  0  0  0  0  0   0  0  0  0  0     0
PCSetUp               40 1.0 6.8387e+02 1.0 6.64e+11 2.4 1.7e+06 2.3e+04 2.8e+04 48 49 30 44 17  56 49 30 45 17 21008
PCSetUpOnBlocks     1231 1.0 1.8697e-03 1.9 4.01e+05 0.0 0.0e+00 0.0e+00 0.0e+00  0  0  0  0  0   0  0  0  0  0   214
PCApply               10 1.0 7.5804e+02 1.0 6.25e+11 1.6 5.6e+06 9.6e+03 3.4e+04 53 57100 60 20  63 57100 61 20 21915
KSPSolve_FS_0         10 1.0 1.6384e-03 4.1 2.50e+06 5.9 0.0e+00 0.0e+00 0.0e+00  0  0  0  0  0   0  0  0  0  0 25042
KSPSolve_FS_Schu      10 1.0 7.5733e+02 1.0 6.24e+11 1.6 5.6e+06 9.6e+03 3.4e+04 53 57100 60 20  63 57100 60 20 21906
KSPSolve_FS_Low       10 1.0 2.1579e-03 4.2 2.50e+06 5.9 0.0e+00 0.0e+00 0.0e+00  0  0  0  0  0   0  0  0  0  0 19013
------------------------------------------------------------------------------------------------------------------------

Memory usage is given in bytes:

Object Type          Creations   Destructions     Memory  Descendants' Mem.
Reports information only for process 0.

--- Event Stage 0: Main Stage

    Distributed Mesh     0              1         5032     0.
              Matrix     0             51   2072146764     0.
           Index Set     1             19        28592     0.
   Star Forest Graph     1             15        14704     0.
     Discrete System     0              1          944     0.
              Vector     3             71     13457064     0.
         Vec Scatter     1             13        10400     0.
                 Tao     0              1         1880     0.
       Krylov Solver     0             16        41248     0.
      Preconditioner     0             11        13492     0.
              Viewer     1              1          840     0.

--- Event Stage 1: Setup

           Container     4              2         1152     0.
    Distributed Mesh     4              2        10424     0.
            DM Label     6              4         2528     0.
    GraphPartitioner     2              1          688     0.
              Matrix     9              1         2832     0.
           Index Set   142            131    174441004     0.
   IS L to G Mapping     2              1      1537896     0.
             Section    24             13         9360     0.
   Star Forest Graph    22             15        14368     0.
     Discrete System     7              6         5664     0.
              Vector    15              3     13692112     0.
         Vec Scatter     2              0            0     0.
                 Tao     1              0            0     0.
       Krylov Solver     3              0            0     0.
      Preconditioner     3              0            0     0.

--- Event Stage 2: Solve

    Distributed Mesh     1              0            0     0.
              Matrix  1419           1323   4576580540     0.
      Matrix Coarsen    50             50        31800     0.
   Matrix Null Space    11              0            0     0.
           Index Set  1204           1186      3638908     0.
   Star Forest Graph   401            379       375968     0.
     Discrete System     1              0            0     0.
              Vector 14751          14499    465738184     0.
         Vec Scatter   349            329       263200     0.
       Krylov Solver    14              1         1400     0.
      Preconditioner     9              1          824     0.
              Viewer     1              0            0     0.
         PetscRandom    50             50        32300     0.
========================================================================================================================
Average time to get PetscTime(): 0.
Average time for MPI_Barrier(): 2.29836e-05
Average time for zero size MPI_Send(): 6.75519e-06
#PETSc Option Table entries:
-bal ba-problems/100K_whole_city.problem/problem_noised.bbal
-csv ba-problems/100K_whole_city.problem/parallel_gamg_np9.csv
-fieldsplit_camera_ksp_converged_reason
-fieldsplit_camera_ksp_convergence_test nash
-fieldsplit_camera_ksp_rtol 0.01
-fieldsplit_camera_ksp_type cg
-fieldsplit_camera_mat_schur_complement_ainv_type blockdiag
-fieldsplit_camera_mg_levels_esteig_ksp_type cg
-fieldsplit_camera_mg_levels_pc_type pbjacobi
-fieldsplit_camera_pc_gamg_agg_nsmooths 0
-fieldsplit_camera_pc_type gamg
-fieldsplit_point_ksp_type preonly
-fieldsplit_point_pc_type pbjacobi
-ksp_type preonly
-log_view ascii:ba-problems/100K_whole_city.problem/parallel_gamg_np9.log
-pc_fieldsplit_schur_precondition selfp
-pc_fieldsplit_type schur
-pc_type fieldsplit
-petscpartitioner_type ptscotch
-robust
-tao_diagonal_scale
-tao_max_it 10
-tao_trust0 1e4
-tao_type lm
#End of PETSc Option Table entries
Compiled without FORTRAN kernels
Compiled with full precision matrices (default)
sizeof(short) 2 sizeof(int) 4 sizeof(long) 8 sizeof(void*) 8 sizeof(PetscScalar) 8 sizeof(PetscInt) 4
Configure options: -with-debugging=0 COPTFLAGS="-O3 -march=native -mtune=native" CXXOPTFLAGS="-O3 -march=native -mtune=native" FOPTFLAGS="-O3 -march=native -mtune=native" --download-superlu --download-metis --download-parmetis --download-suitesparse --with-cc=cc --with-mpicc=cc --with-mpi-dir=/opt/cray/pe/mpt/7.7.10/gni/mpich-gnu/8.2 --with-cuda=0 --with-cusp=0 --with-fc=0 --download-ptscotch --download-hypre --with-hdf5
-----------------------------------------
Libraries compiled on 2020-03-16 01:29:45 on cori07 
Machine characteristics: Linux-4.12.14-150.47-default-x86_64-with-glibc2.2.5
Using PETSc directory: /global/cscratch1/sd/tkonolig/bundle_adjustment/petsc
Using PETSc arch: arch-linux2-c-opt
-----------------------------------------

Using C compiler: cc  -fPIC -O3 -march=native -mtune=native  
-----------------------------------------

Using include paths: -I/global/cscratch1/sd/tkonolig/bundle_adjustment/petsc/include -I/global/cscratch1/sd/tkonolig/bundle_adjustment/petsc/arch-linux2-c-opt/include -I/opt/cray/pe/mpt/7.7.10/gni/mpich-gnu/8.2/include
-----------------------------------------

Using C linker: cc
Using libraries: -Wl,-rpath,/global/cscratch1/sd/tkonolig/bundle_adjustment/petsc/arch-linux2-c-opt/lib -L/global/cscratch1/sd/tkonolig/bundle_adjustment/petsc/arch-linux2-c-opt/lib -lpetsc -Wl,-rpath,/global/cscratch1/sd/tkonolig/bundle_adjustment/petsc/arch-linux2-c-opt/lib -L/global/cscratch1/sd/tkonolig/bundle_adjustment/petsc/arch-linux2-c-opt/lib -Wl,-rpath,/opt/cray/pe/mpt/7.7.10/gni/mpich-gnu/8.2/lib -L/opt/cray/pe/mpt/7.7.10/gni/mpich-gnu/8.2/lib -lHYPRE -lumfpack -lklu -lcholmod -lbtf -lccolamd -lcolamd -lcamd -lamd -lsuitesparseconfig -lsuperlu -lptesmumps -lptscotchparmetis -lptscotch -lptscotcherr -lesmumps -lscotch -lscotcherr -lparmetis -lmetis -lX11 -lmpich -lssl -luuid -lpthread -lrt -ldl -lrt -lquadmath -lstdc++ -ldl
-----------------------------------------

