************************************************************************************************************************
***             WIDEN YOUR WINDOW TO 120 CHARACTERS.  Use 'enscript -r -fCourier9' to print this document            ***
************************************************************************************************************************

---------------------------------------------- PETSc Performance Summary: ----------------------------------------------

/global/cscratch1/sd/tkonolig/bundle_adjustment/ba-tao/build/bin/TaoBundleAdjustment on a arch-linux2-c-opt named nid01744 with 16 processors, by tkonolig Sun Mar 15 20:02:10 2020
Using Petsc Development GIT revision: unknown  GIT Date: unknown

                         Max       Max/Min     Avg       Total 
Time (sec):           2.505e+03     1.000   2.505e+03
Objects:              2.121e+04     1.003   2.115e+04
Flop:                 2.143e+12     1.405   1.790e+12  2.865e+13
Flop/sec:             8.554e+08     1.405   7.146e+08  1.143e+10
MPI Messages:         3.253e+05     4.098   1.608e+05  2.573e+06
MPI Message Lengths:  5.335e+09     3.757   2.049e+04  5.271e+10
MPI Reductions:       1.732e+05     1.000

Flop counting convention: 1 flop = 1 real number operation of type (multiply/divide/add/subtract)
                            e.g., VecAXPY() for real vectors of length N --> 2N flop
                            and VecAXPY() for complex vectors of length N --> 8N flop

Summary of Stages:   ----- Time ------  ----- Flop ------  --- Messages ---  -- Message Lengths --  -- Reductions --
                        Avg     %Total     Avg     %Total    Count   %Total     Avg         %Total    Count   %Total 
 0:      Main Stage: 2.8275e+00   0.1%  0.0000e+00   0.0%  6.000e+02   0.0%  4.337e+04        0.0%  5.000e+00   0.0% 
 1:           Setup: 2.0594e+02   8.2%  0.0000e+00   0.0%  1.042e+03   0.0%  9.187e+05        1.8%  7.100e+01   0.0% 
 2:           Solve: 2.2965e+03  91.7%  2.8646e+13 100.0%  2.572e+06  99.9%  2.012e+04       98.1%  1.732e+05  99.9% 

------------------------------------------------------------------------------------------------------------------------
See the 'Profiling' chapter of the users' manual for details on interpreting output.
Phase summary info:
   Count: number of times phase was executed
   Time and Flop: Max - maximum over all processors
                  Ratio - ratio of maximum to minimum over all processors
   Mess: number of messages sent
   AvgLen: average message length (bytes)
   Reduct: number of global reductions
   Global: entire computation
   Stage: stages of a computation. Set stages with PetscLogStagePush() and PetscLogStagePop().
      %T - percent time in this phase         %F - percent flop in this phase
      %M - percent messages in this phase     %L - percent message lengths in this phase
      %R - percent reductions in this phase
   Total Mflop/s: 10e-6 * (sum of flop over all processors)/(max time over all processors)
------------------------------------------------------------------------------------------------------------------------
Event                Count      Time (sec)     Flop                              --- Global ---  --- Stage ----  Total
                   Max Ratio  Max     Ratio   Max  Ratio  Mess   AvgLen  Reduct  %T %F %M %L %R  %T %F %M %L %R Mflop/s
------------------------------------------------------------------------------------------------------------------------

--- Event Stage 0: Main Stage

PetscBarrier           2 1.0 1.4874e-02168.6 0.00e+00 0.0 0.0e+00 0.0e+00 0.0e+00  0  0  0  0  0   0  0  0  0  0     0
BuildTwoSided          1 1.0 1.6680e-03 8.6 0.00e+00 0.0 1.2e+02 4.0e+00 0.0e+00  0  0  0  0  0   0  0 20  0  0     0
DMPlexGToNBegin        1 1.0 3.5770e-03 1.1 0.00e+00 0.0 6.0e+02 3.2e+04 0.0e+00  0  0  0  0  0   0  0100 74  0     0
DMPlexGToNEnd          1 1.0 7.8893e-04 1.2 0.00e+00 0.0 0.0e+00 0.0e+00 0.0e+00  0  0  0  0  0   0  0  0  0  0     0
SFSetUp                2 1.0 3.3369e-03 1.1 0.00e+00 0.0 3.6e+02 1.8e+04 0.0e+00  0  0  0  0  0   0  0 60 25  0     0
SFBcastOpBegin         2 1.0 3.2091e-04 1.5 0.00e+00 0.0 2.4e+02 8.2e+04 1.0e+00  0  0  0  0  0   0  0 40 75 20     0
SFBcastOpEnd           2 1.0 3.1509e-03 2.8 0.00e+00 0.0 0.0e+00 0.0e+00 0.0e+00  0  0  0  0  0   0  0  0  0  0     0
VecSet                 2 1.0 4.2179e-03 0.0 0.00e+00 0.0 0.0e+00 0.0e+00 0.0e+00  0  0  0  0  0   0  0  0  0  0     0
VecScatterBegin        1 1.0 8.5831e-05 2.4 0.00e+00 0.0 0.0e+00 0.0e+00 1.0e+00  0  0  0  0  0   0  0  0 26 20     0
VecScatterEnd          1 1.0 2.3940e-03 6.3 0.00e+00 0.0 0.0e+00 0.0e+00 0.0e+00  0  0  0  0  0   0  0  0  0  0     0

--- Event Stage 1: Setup

BuildTwoSided         11 1.0 1.9977e-02 5.9 0.00e+00 0.0 1.2e+02 4.0e+00 0.0e+00  0  0  0  0  0   0  0 11  0  0     0
MatAssemblyBegin       2 1.0 1.2875e-05 2.6 0.00e+00 0.0 0.0e+00 0.0e+00 0.0e+00  0  0  0  0  0   0  0  0  0  0     0
MatAssemblyEnd         2 1.0 3.1581e-01 1.5 0.00e+00 0.0 6.3e+01 9.4e+03 8.0e+00  0  0  0  0  0   0  0  6  0 11     0
Mesh Partition         1 1.0 1.9754e+02 1.0 0.00e+00 0.0 6.0e+01 1.1e+05 9.0e+00  8  0  0  0  0  96  0  6  1 13     0
Mesh Migration         1 1.0 1.8477e-01 1.0 0.00e+00 0.0 2.0e+02 1.4e+06 6.0e+00  0  0  0  1  0   0  0 19 28  8     0
DMPlexPartSelf         1 1.0 2.3687e-0113798.4 0.00e+00 0.0 0.0e+00 0.0e+00 0.0e+00  0  0  0  0  0   0  0  0  0  0     0
DMPlexPartLblInv       1 1.0 2.4881e-0122.8 0.00e+00 0.0 0.0e+00 0.0e+00 3.0e+00  0  0  0  0  0   0  0  0  0  4     0
DMPlexPartLblSF        1 1.0 4.1571e-03 1.4 0.00e+00 0.0 2.2e+01 7.2e+04 0.0e+00  0  0  0  0  0   0  0  2  0  0     0
DMPlexPartStrtSF       1 1.0 6.6581e-03 5.2 0.00e+00 0.0 1.5e+01 1.1e+05 0.0e+00  0  0  0  0  0   0  0  1  0  0     0
DMPlexPointSF          1 1.0 1.6628e-02 1.0 0.00e+00 0.0 3.0e+01 2.7e+05 0.0e+00  0  0  0  0  0   0  0  3  1  0     0
DMPlexDistribute       1 1.0 1.9777e+02 1.0 0.00e+00 0.0 6.1e+02 5.2e+05 2.3e+01  8  0  0  1  0  96  0 59 33 32     0
DMPlexDistCones        1 1.0 1.3301e-01 1.1 0.00e+00 0.0 8.2e+01 2.9e+06 1.0e+00  0  0  0  0  0   0  0  8 25  1     0
DMPlexDistLabels       1 1.0 1.1706e-04 1.0 0.00e+00 0.0 0.0e+00 0.0e+00 3.0e+00  0  0  0  0  0   0  0  0  0  4     0
DMPlexDistField        1 1.0 1.4474e-02 1.0 0.00e+00 0.0 8.2e+01 3.2e+05 1.0e+00  0  0  0  0  0   0  0  8  3  1     0
DMPlexDistData         2 1.0 3.1699e-01 1.1 0.00e+00 0.0 1.4e+02 4.7e+06 2.0e+00  0  0  0  1  0   0  0 13 67  3     0
DMPlexStratify         2 1.0 3.5679e+00230.9 0.00e+00 0.0 0.0e+00 0.0e+00 2.0e+00  0  0  0  0  0   2  0  0  0  3     0
DMPlexSymmetrize       2 1.0 6.7309e-0121.6 0.00e+00 0.0 0.0e+00 0.0e+00 0.0e+00  0  0  0  0  0   0  0  0  0  0     0
SFSetGraph            15 1.0 3.2623e-03 4.0 0.00e+00 0.0 0.0e+00 0.0e+00 0.0e+00  0  0  0  0  0   0  0  0  0  0     0
SFSetUp               12 1.0 1.9687e-01 2.2 0.00e+00 0.0 3.5e+02 7.4e+05 0.0e+00  0  0  0  0  0   0  0 33 27  0     0
SFBcastOpBegin        29 1.0 1.8854e-01166.8 0.00e+00 0.0 6.5e+02 1.0e+06 0.0e+00  0  0  0  1  0   0  0 62 70  0     0
SFBcastOpEnd          29 1.0 3.5542e-01 4.0 0.00e+00 0.0 0.0e+00 0.0e+00 0.0e+00  0  0  0  0  0   0  0  0  0  0     0
SFReduceBegin          3 1.0 1.5738e-03 9.7 0.00e+00 0.0 3.0e+01 8.3e+05 1.0e+00  0  0  0  0  0   0  0  3  3  1     0
SFReduceEnd            3 1.0 1.9730e-02 1.2 0.00e+00 0.0 0.0e+00 0.0e+00 0.0e+00  0  0  0  0  0   0  0  0  0  0     0
SFDistSection          5 1.0 3.2525e-02 2.3 0.00e+00 0.0 1.8e+02 1.1e+05 5.0e+00  0  0  0  0  0   0  0 17  2  7     0
SFSectionSF            5 1.0 1.9864e-01 2.2 0.00e+00 0.0 1.1e+02 2.2e+06 0.0e+00  0  0  0  0  0   0  0 11 26  0     0
VecCopy                1 1.0 1.6594e-04 2.1 0.00e+00 0.0 0.0e+00 0.0e+00 0.0e+00  0  0  0  0  0   0  0  0  0  0     0
VecSet                 6 1.0 3.3410e-0314.1 0.00e+00 0.0 0.0e+00 0.0e+00 0.0e+00  0  0  0  0  0   0  0  0  0  0     0

--- Event Stage 2: Solve

BuildTwoSided        419 1.0 3.4493e-02 1.5 0.00e+00 0.0 7.4e+03 4.0e+00 0.0e+00  0  0  0  0  0   0  0  0  0  0     0
BuildTwoSidedF     14698 1.0 6.3260e+02 7.4 0.00e+00 0.0 5.6e+03 3.1e+06 0.0e+00 16  0  0 33  0  18  0  0 34  0     0
MatMult            30410 1.0 7.8870e+02 1.1 9.56e+11 1.2 1.5e+06 1.2e+04 4.0e+00 30 48 60 36  0  33 48 60 37  0 17606
MatMultAdd         13202 1.0 5.6729e+00 1.6 1.05e+10 1.7 1.3e+05 2.2e+02 0.0e+00  0  0  5  0  0   0  0  5  0  0 23109
MatMultTranspose    7163 1.0 2.0983e+0111.4 3.42e+09 1.5 1.3e+05 3.2e+02 6.6e+01  0  0  5  0  0   0  0  5  0  0  2156
MatMultTrAdd          22 1.0 5.5773e-01 1.0 7.02e+08 1.0 4.6e+02 2.8e+04 0.0e+00  0  0  0  0  0   0  0  0  0  0 19909
MatSolve            1192 0.0 5.0941e-03 0.0 2.40e+06 0.0 0.0e+00 0.0e+00 0.0e+00  0  0  0  0  0   0  0  0  0  0   472
MatLUFactorSym        10 1.0 2.5821e-04 2.6 0.00e+00 0.0 0.0e+00 0.0e+00 0.0e+00  0  0  0  0  0   0  0  0  0  0     0
MatLUFactorNum        10 1.0 1.7810e-0411.9 2.13e+05 0.0 0.0e+00 0.0e+00 0.0e+00  0  0  0  0  0   0  0  0  0  0  1199
MatCopy               10 1.0 3.1832e+00 2.0 0.00e+00 0.0 0.0e+00 0.0e+00 0.0e+00  0  0  0  0  0   0  0  0  0  0     0
MatConvert             1 1.0 1.2066e+00 2.2 0.00e+00 0.0 1.3e+02 1.5e+04 0.0e+00  0  0  0  0  0   0  0  0  0  0     0
MatScale              92 1.0 6.1523e+00 1.4 5.63e+09 1.5 4.3e+03 1.2e+04 1.3e+02  0  0  0  0  0   0  0  0  0  0 12033
MatResidual         7152 1.0 1.5467e+02 1.1 1.88e+11 1.2 3.5e+05 1.1e+04 0.0e+00  6 10 14  7  0   7 10 14  7  0 17667
MatAssemblyBegin    1199 1.0 6.3398e+02 7.0 0.00e+00 0.0 5.6e+03 3.1e+06 0.0e+00 16  0  0 33  0  18  0  0 34  0     0
MatAssemblyEnd      1221 1.0 1.9480e+01 1.8 1.05e+08 6.4 1.7e+04 9.1e+02 1.3e+03  1  0  1  0  1   1  0  1  0  1    46
MatGetRowIJ           10 0.0 3.0994e-05 0.0 0.00e+00 0.0 0.0e+00 0.0e+00 0.0e+00  0  0  0  0  0   0  0  0  0  0     0
MatCreateSubMat      100 1.0 2.8937e-02 1.0 0.00e+00 0.0 1.5e+03 1.9e+03 7.8e+02  0  0  0  0  0   0  0  0  0  0     0
MatGetOrdering        10 0.0 3.1400e-04 0.0 0.00e+00 0.0 0.0e+00 0.0e+00 0.0e+00  0  0  0  0  0   0  0  0  0  0     0
MatCoarsen            60 1.0 1.4624e-01 1.3 0.00e+00 0.0 2.3e+04 1.7e+03 1.6e+02  0  0  1  0  0   0  0  1  0  0     0
MatZeroEntries       114 1.0 1.2696e+00 1.2 0.00e+00 0.0 0.0e+00 0.0e+00 0.0e+00  0  0  0  0  0   0  0  0  0  0     0
MatAXPY               10 1.0 5.2175e+00 3.6 6.39e+06 1.7 0.0e+00 0.0e+00 0.0e+00  0  0  0  0  0   0  0  0  0  0    15
MatTranspose         120 1.0 2.3115e-01 1.6 0.00e+00 0.0 0.0e+00 0.0e+00 0.0e+00  0  0  0  0  0   0  0  0  0  0     0
MatMatMult            20 1.0 8.0067e+02 1.0 1.16e+12 2.2 7.4e+02 1.3e+07 1.8e+01 32 43  0 19  0  35 43  0 19  0 15275
MatMatMultSym          2 1.0 1.4068e+02 1.0 0.00e+00 0.0 3.2e+02 4.1e+06 1.6e+01  6  0  0  2  0   6  0  0  2  0     0
MatMatMultNum         20 1.0 6.5999e+02 1.0 1.16e+12 2.2 4.2e+02 2.0e+07 0.0e+00 26 43  0 16  0  29 43  0 17  0 18531
MatPtAP               60 1.0 1.9244e+02 1.0 1.19e+11 2.2 1.7e+04 5.8e+04 6.6e+02  8  5  1  2  0   8  5  1  2  0  7105
MatPtAPSymbolic       60 1.0 1.2931e+02 1.0 0.00e+00 0.0 1.2e+04 8.0e+04 4.2e+02  5  0  0  2  0   6  0  0  2  0     0
MatPtAPNumeric        60 1.0 6.3128e+01 1.0 1.19e+11 2.2 5.2e+03 6.9e+03 2.4e+02  3  5  0  0  0   3  5  0  0  0 21659
MatTrnMatMult         21 1.0 1.5959e+02 1.0 7.85e+10 2.8 7.2e+03 2.7e+06 1.6e+02  6  3  0 37  0   7  3  0 37  0  5271
MatTrnMatMultSym      14 1.0 3.9544e+01 1.0 0.00e+00 0.0 2.8e+03 7.6e+05 1.0e+02  2  0  0  4  0   2  0  0  4  0     0
MatTrnMatMultNum      54 1.0 1.2004e+02 1.0 7.85e+10 2.8 4.5e+03 3.9e+06 5.6e+01  5  3  0 33  0   5  3  0 33  0  7007
MatGetLocalMat       136 1.0 3.5516e+00 1.2 0.00e+00 0.0 0.0e+00 0.0e+00 0.0e+00  0  0  0  0  0   0  0  0  0  0     0
MatGetBrAoCol         82 1.0 7.1058e-01 3.7 0.00e+00 0.0 9.4e+03 1.1e+06 0.0e+00  0  0  0 20  0   0  0  0 21  0     0
SFSetGraph           419 1.0 3.0541e-04 1.7 0.00e+00 0.0 0.0e+00 0.0e+00 0.0e+00  0  0  0  0  0   0  0  0  0  0     0
SFSetUp              419 1.0 5.4194e-02 1.2 0.00e+00 0.0 2.2e+04 1.1e+03 0.0e+00  0  0  1  0  0   0  0  1  0  0     0
SFBcastOpBegin     64490 1.0 9.4905e-01 2.6 0.00e+00 0.0 2.4e+06 8.8e+03 0.0e+00  0  0 93 40  0   0  0 93 41  0     0
SFBcastOpEnd       64490 1.0 1.4676e+0272.4 0.00e+00 0.0 0.0e+00 0.0e+00 0.0e+00  2  0  0  0  0   3  0  0  0  0     0
SFReduceBegin       7194 1.0 4.3462e-02 2.3 0.00e+00 0.0 1.3e+05 3.2e+02 0.0e+00  0  0  5  0  0   0  0  5  0  0     0
SFReduceEnd         7194 1.0 1.9399e+01250.5 0.00e+00 0.0 0.0e+00 0.0e+00 0.0e+00  0  0  0  0  0   0  0  0  0  0     0
VecDot              3842 1.0 3.6164e-01 1.6 5.47e+08 1.7 0.0e+00 0.0e+00 3.8e+03  0  0  0  0  2   0  0  0  0  2 18962
VecTDot             3624 1.0 2.2505e+01118.7 3.65e+08 1.7 0.0e+00 0.0e+00 3.6e+03  0  0  0  0  2   0  0  0  0  2   204
VecNorm             4622 1.0 3.1263e+0131.1 6.37e+08 1.6 0.0e+00 0.0e+00 4.6e+03  0  0  0  0  3   1  0  0  0  3   262
VecScale            8007 1.0 3.7643e-01 1.9 5.70e+08 1.7 0.0e+00 0.0e+00 0.0e+00  0  0  0  0  0   0  0  0  0  0 19003
VecCopy            22818 1.0 3.6226e-01 1.5 0.00e+00 0.0 0.0e+00 0.0e+00 0.0e+00  0  0  0  0  0   0  0  0  0  0     0
VecSet             31789 1.0 5.8708e-01 2.8 0.00e+00 0.0 0.0e+00 0.0e+00 0.0e+00  0  0  0  0  0   0  0  0  0  0     0
VecAXPY             7436 1.0 3.5134e-01 1.5 6.54e+08 1.7 0.0e+00 0.0e+00 0.0e+00  0  0  0  0  0   0  0  0  0  0 23348
VecAYPX            44624 1.0 6.5681e-01 1.6 8.61e+08 1.7 0.0e+00 0.0e+00 0.0e+00  0  0  0  0  0   0  0  0  0  0 16418
VecAXPBYCZ         14304 1.0 2.3251e-01 1.7 8.52e+08 1.7 0.0e+00 0.0e+00 0.0e+00  0  0  0  0  0   0  0  0  0  0 45887
VecSwap               20 1.0 5.8804e-02 1.1 0.00e+00 0.0 0.0e+00 0.0e+00 0.0e+00  0  0  0  0  0   0  0  0  0  0     0
VecAssemblyBegin   14370 1.0 2.9862e-01 1.3 0.00e+00 0.0 0.0e+00 0.0e+00 0.0e+00  0  0  0  0  0   0  0  0  0  0     0
VecAssemblyEnd     14370 1.0 7.7229e-03 1.2 0.00e+00 0.0 0.0e+00 0.0e+00 0.0e+00  0  0  0  0  0   0  0  0  0  0     0
VecPointwiseMult     186 1.0 1.6170e-02 1.7 1.39e+07 1.7 0.0e+00 0.0e+00 0.0e+00  0  0  0  0  0   0  0  0  0  0 10749
VecScatterBegin    71382 1.0 9.9135e-01 2.5 0.00e+00 0.0 2.5e+06 8.5e+03 0.0e+00  0  0 98 40  0   0  0 98 41  0     0
VecScatterEnd      71382 1.0 1.4689e+0241.1 0.00e+00 0.0 0.0e+00 0.0e+00 0.0e+00  3  0  0  0  0   3  0  0  0  0     0
VecNormalize        2717 1.0 1.4895e-01 1.0 5.22e+08 1.7 0.0e+00 0.0e+00 2.7e+03  0  0  0  0  2   0  0  0  0  2 43939
TaoSolve               1 1.0 2.2965e+03 1.0 2.14e+12 1.4 2.6e+06 2.0e+04 1.7e+05 92100100 98100 100100100100100 12474
TaoObjectiveEval      11 1.0 1.6187e+00 1.2 0.00e+00 0.0 4.6e+02 2.8e+04 0.0e+00  0  0  0  0  0   0  0  0  0  0     0
TaoJacobianEval       11 1.0 1.7524e+01 1.0 1.01e+09 1.7 4.6e+02 2.8e+04 5.6e+03  1  0  0  0  3   1  0  0  0  3   721
KSPSetUp             170 1.0 1.0467e-02 1.2 0.00e+00 0.0 0.0e+00 0.0e+00 1.2e+02  0  0  0  0  0   0  0  0  0  0     0
KSPSolve              10 1.0 2.2133e+03 1.0 2.13e+12 1.4 2.6e+06 1.6e+04 4.0e+04 88 99100 79 23  96 99100 81 23 12846
PCGAMGGraph_AGG       60 1.0 3.1137e+02 1.0 3.71e+09 2.2 1.2e+04 7.1e+02 9.6e+02 12  0  0  0  1  14  0  0  0  1   137
PCGAMGCoarse_AGG      60 1.0 1.0045e+02 1.0 6.87e+10 3.7 3.3e+04 2.9e+05 3.1e+02  4  2  1 18  0   4  2  1 18  0  6808
PCGAMGProl_AGG        60 1.0 2.1867e+00 1.0 0.00e+00 0.0 7.1e+05 3.0e+03 2.9e+04  0  0 28  4 17   0  0 28  4 17     0
PCGAMGPOpt_AGG        60 1.0 1.2398e-05 3.1 0.00e+00 0.0 0.0e+00 0.0e+00 0.0e+00  0  0  0  0  0   0  0  0  0  0     0
GAMG: createProl      60 1.0 4.1396e+02 1.0 7.18e+10 3.6 7.6e+05 1.5e+04 3.0e+04 17  3 29 22 18  18  3 29 23 18  1755
  Graph              120 1.0 3.1137e+02 1.0 3.71e+09 2.2 1.2e+04 7.1e+02 9.6e+02 12  0  0  0  1  14  0  0  0  1   137
  MIS/Agg             60 1.0 1.4664e-01 1.3 0.00e+00 0.0 2.3e+04 1.7e+03 1.6e+02  0  0  1  0  0   0  0  1  0  0     0
  SA: col data        60 1.0 1.1828e+00 1.0 0.00e+00 0.0 7.1e+05 2.6e+03 2.9e+04  0  0 27  3 17   0  0 28  4 17     0
  SA: frmProl0        60 1.0 9.4457e-01 1.0 0.00e+00 0.0 2.9e+03 1.1e+05 2.4e+02  0  0  0  1  0   0  0  0  1  0     0
GAMG: partLevel       60 1.0 1.9248e+02 1.0 1.19e+11 2.2 1.9e+04 5.1e+04 2.1e+03  8  5  1  2  1   8  5  1  2  1  7104
  repartition         30 1.0 4.0887e-02 1.0 0.00e+00 0.0 2.4e+03 1.8e+03 1.4e+03  0  0  0  0  1   0  0  0  0  1     0
  Invert-Sort         30 1.0 3.2988e-03 1.2 0.00e+00 0.0 0.0e+00 0.0e+00 1.8e+02  0  0  0  0  0   0  0  0  0  0     0
  Move A              30 1.0 1.7577e-02 1.0 0.00e+00 0.0 1.1e+03 2.7e+03 3.9e+02  0  0  0  0  0   0  0  0  0  0     0
  Move P              30 1.0 1.1977e-02 1.0 0.00e+00 0.0 4.2e+02 5.8e+01 4.2e+02  0  0  0  0  0   0  0  0  0  0     0
PCSetUp               40 1.0 1.4183e+03 1.0 1.34e+12 2.1 7.8e+05 2.9e+04 3.3e+04 57 50 30 43 19  62 50 30 44 19 10130
PCSetUpOnBlocks     1192 1.0 1.5814e-03 1.4 2.13e+05 0.0 0.0e+00 0.0e+00 0.0e+00  0  0  0  0  0   0  0  0  0  0   135
PCApply               10 1.0 1.4036e+03 1.0 1.08e+12 1.2 2.6e+06 1.2e+04 3.9e+04 56 56100 61 23  61 56100 62 23 11513
KSPSolve_FS_0         10 1.0 2.3100e-03 2.5 3.67e+06 3.1 0.0e+00 0.0e+00 0.0e+00  0  0  0  0  0   0  0  0  0  0 17761
KSPSolve_FS_Schu      10 1.0 1.4023e+03 1.0 1.07e+12 1.2 2.6e+06 1.2e+04 3.9e+04 56 56100 61 23  61 56100 62 23 11507
KSPSolve_FS_Low       10 1.0 3.0150e-03 2.6 3.67e+06 3.1 0.0e+00 0.0e+00 0.0e+00  0  0  0  0  0   0  0  0  0  0 13608
------------------------------------------------------------------------------------------------------------------------

Memory usage is given in bytes:

Object Type          Creations   Destructions     Memory  Descendants' Mem.
Reports information only for process 0.

--- Event Stage 0: Main Stage

    Distributed Mesh     0              1         5032     0.
              Matrix     0             69   3662126684     0.
           Index Set     1             15        18416     0.
   Star Forest Graph     1             17        16688     0.
     Discrete System     0              1          944     0.
              Vector     3             82     27537552     0.
         Vec Scatter     1             15        12000     0.
                 Tao     0              1         1880     0.
       Krylov Solver     0             18        47752     0.
      Preconditioner     0             12        14924     0.
              Viewer     1              1          840     0.

--- Event Stage 1: Setup

           Container     4              2         1152     0.
    Distributed Mesh     4              2        10424     0.
            DM Label     6              4         2528     0.
    GraphPartitioner     2              1          688     0.
              Matrix     9              1         2832     0.
           Index Set    82             71    174298136     0.
   IS L to G Mapping     2              1      1563932     0.
             Section    24             13         9360     0.
   Star Forest Graph    22             15        14368     0.
     Discrete System     7              6         5664     0.
              Vector    15              3     13692112     0.
         Vec Scatter     2              0            0     0.
                 Tao     1              0            0     0.
       Krylov Solver     3              0            0     0.
      Preconditioner     3              0            0     0.

--- Event Stage 2: Solve

    Distributed Mesh     1              0            0     0.
              Matrix  1529           1415   4255054416     0.
      Matrix Coarsen    60             60        38160     0.
   Matrix Null Space    11              0            0     0.
           Index Set  1134           1120      4321224     0.
   Star Forest Graph   421            397       393824     0.
     Discrete System     1              0            0     0.
              Vector 17412          17149    812252496     0.
         Vec Scatter   359            337       269600     0.
       Krylov Solver    16              1         1400     0.
      Preconditioner    10              1          824     0.
              Viewer     1              0            0     0.
         PetscRandom    60             60        38760     0.
========================================================================================================================
Average time to get PetscTime(): 9.53674e-08
Average time for MPI_Barrier(): 5.19753e-06
Average time for zero size MPI_Send(): 6.49691e-06
#PETSc Option Table entries:
-bal ba-problems/100K_whole_city.problem/problem_noised.bbal
-csv ba-problems/100K_whole_city.problem/parallel_gamg_np4.csv
-fieldsplit_camera_ksp_converged_reason
-fieldsplit_camera_ksp_convergence_test nash
-fieldsplit_camera_ksp_rtol 0.01
-fieldsplit_camera_ksp_type cg
-fieldsplit_camera_mat_schur_complement_ainv_type blockdiag
-fieldsplit_camera_mg_levels_esteig_ksp_type cg
-fieldsplit_camera_mg_levels_pc_type pbjacobi
-fieldsplit_camera_pc_gamg_agg_nsmooths 0
-fieldsplit_camera_pc_type gamg
-fieldsplit_point_ksp_type preonly
-fieldsplit_point_pc_type pbjacobi
-ksp_type preonly
-log_view ascii:ba-problems/100K_whole_city.problem/parallel_gamg_np4.log
-pc_fieldsplit_schur_precondition selfp
-pc_fieldsplit_type schur
-pc_type fieldsplit
-petscpartitioner_type ptscotch
-robust
-tao_diagonal_scale
-tao_max_it 10
-tao_trust0 1e4
-tao_type lm
#End of PETSc Option Table entries
Compiled without FORTRAN kernels
Compiled with full precision matrices (default)
sizeof(short) 2 sizeof(int) 4 sizeof(long) 8 sizeof(void*) 8 sizeof(PetscScalar) 8 sizeof(PetscInt) 4
Configure options: -with-debugging=0 COPTFLAGS="-O3 -march=native -mtune=native" CXXOPTFLAGS="-O3 -march=native -mtune=native" FOPTFLAGS="-O3 -march=native -mtune=native" --download-superlu --download-metis --download-parmetis --download-suitesparse --with-cc=cc --with-mpicc=cc --with-mpi-dir=/opt/cray/pe/mpt/7.7.10/gni/mpich-gnu/8.2 --with-cuda=0 --with-cusp=0 --with-fc=0 --download-ptscotch --download-hypre --with-hdf5
-----------------------------------------
Libraries compiled on 2020-03-16 01:29:45 on cori07 
Machine characteristics: Linux-4.12.14-150.47-default-x86_64-with-glibc2.2.5
Using PETSc directory: /global/cscratch1/sd/tkonolig/bundle_adjustment/petsc
Using PETSc arch: arch-linux2-c-opt
-----------------------------------------

Using C compiler: cc  -fPIC -O3 -march=native -mtune=native  
-----------------------------------------

Using include paths: -I/global/cscratch1/sd/tkonolig/bundle_adjustment/petsc/include -I/global/cscratch1/sd/tkonolig/bundle_adjustment/petsc/arch-linux2-c-opt/include -I/opt/cray/pe/mpt/7.7.10/gni/mpich-gnu/8.2/include
-----------------------------------------

Using C linker: cc
Using libraries: -Wl,-rpath,/global/cscratch1/sd/tkonolig/bundle_adjustment/petsc/arch-linux2-c-opt/lib -L/global/cscratch1/sd/tkonolig/bundle_adjustment/petsc/arch-linux2-c-opt/lib -lpetsc -Wl,-rpath,/global/cscratch1/sd/tkonolig/bundle_adjustment/petsc/arch-linux2-c-opt/lib -L/global/cscratch1/sd/tkonolig/bundle_adjustment/petsc/arch-linux2-c-opt/lib -Wl,-rpath,/opt/cray/pe/mpt/7.7.10/gni/mpich-gnu/8.2/lib -L/opt/cray/pe/mpt/7.7.10/gni/mpich-gnu/8.2/lib -lHYPRE -lumfpack -lklu -lcholmod -lbtf -lccolamd -lcolamd -lcamd -lamd -lsuitesparseconfig -lsuperlu -lptesmumps -lptscotchparmetis -lptscotch -lptscotcherr -lesmumps -lscotch -lscotcherr -lparmetis -lmetis -lX11 -lmpich -lssl -luuid -lpthread -lrt -ldl -lrt -lquadmath -lstdc++ -ldl
-----------------------------------------

