************************************************************************************************************************
***             WIDEN YOUR WINDOW TO 120 CHARACTERS.  Use 'enscript -r -fCourier9' to print this document            ***
************************************************************************************************************************

---------------------------------------------- PETSc Performance Summary: ----------------------------------------------

/global/cscratch1/sd/tkonolig/bundle_adjustment/ba-tao/build/bin/TaoBundleAdjustment on a arch-linux2-c-opt named nid00824 with 32 processors, by tkonolig Wed Feb 19 10:54:35 2020
Using Petsc Development GIT revision: unknown  GIT Date: unknown

                         Max       Max/Min     Avg       Total 
Time (sec):           2.666e+03     1.000   2.666e+03
Objects:              2.721e+04     1.004   2.712e+04
Flop:                 2.826e+12     1.460   2.311e+12  7.396e+13
Flop/sec:             1.060e+09     1.460   8.670e+08  2.774e+10
MPI Messages:         2.929e+05     5.501   1.513e+05  4.840e+06
MPI Message Lengths:  8.919e+09     3.968   3.693e+04  1.787e+11
MPI Reductions:       2.345e+05     1.000

Flop counting convention: 1 flop = 1 real number operation of type (multiply/divide/add/subtract)
                            e.g., VecAXPY() for real vectors of length N --> 2N flop
                            and VecAXPY() for complex vectors of length N --> 8N flop

Summary of Stages:   ----- Time ------  ----- Flop ------  --- Messages ---  -- Message Lengths --  -- Reductions --
                        Avg     %Total     Avg     %Total    Count   %Total     Avg         %Total    Count   %Total 
 0:      Main Stage: 3.5309e+00   0.1%  0.0000e+00   0.0%  2.480e+03   0.1%  1.074e+04        0.0%  5.000e+00   0.0% 
 1:           Setup: 2.0534e+02   7.7%  0.0000e+00   0.0%  2.207e+03   0.0%  4.510e+05        0.6%  7.100e+01   0.0% 
 2:           Solve: 2.4572e+03  92.2%  7.3964e+13 100.0%  4.835e+06  99.9%  3.675e+04       99.4%  2.344e+05 100.0% 

------------------------------------------------------------------------------------------------------------------------
See the 'Profiling' chapter of the users' manual for details on interpreting output.
Phase summary info:
   Count: number of times phase was executed
   Time and Flop: Max - maximum over all processors
                  Ratio - ratio of maximum to minimum over all processors
   Mess: number of messages sent
   AvgLen: average message length (bytes)
   Reduct: number of global reductions
   Global: entire computation
   Stage: stages of a computation. Set stages with PetscLogStagePush() and PetscLogStagePop().
      %T - percent time in this phase         %F - percent flop in this phase
      %M - percent messages in this phase     %L - percent message lengths in this phase
      %R - percent reductions in this phase
   Total Mflop/s: 10e-6 * (sum of flop over all processors)/(max time over all processors)
------------------------------------------------------------------------------------------------------------------------
Event                Count      Time (sec)     Flop                              --- Global ---  --- Stage ----  Total
                   Max Ratio  Max     Ratio   Max  Ratio  Mess   AvgLen  Reduct  %T %F %M %L %R  %T %F %M %L %R Mflop/s
------------------------------------------------------------------------------------------------------------------------

--- Event Stage 0: Main Stage

PetscBarrier           2 1.0 2.9786e-02350.9 0.00e+00 0.0 0.0e+00 0.0e+00 0.0e+00  0  0  0  0  0   0  0  0  0  0     0
BuildTwoSided          1 1.0 2.5759e-03 2.0 0.00e+00 0.0 5.0e+02 4.0e+00 0.0e+00  0  0  0  0  0   0  0 20  0  0     0
DMPlexGToNBegin        1 1.0 5.1610e-03 1.4 0.00e+00 0.0 2.5e+03 8.0e+03 0.0e+00  0  0  0  0  0   0  0100 74  0     0
DMPlexGToNEnd          1 1.0 1.6229e-03 5.0 0.00e+00 0.0 0.0e+00 0.0e+00 0.0e+00  0  0  0  0  0   0  0  0  0  0     0
SFSetUp                2 1.0 4.9899e-03 1.4 0.00e+00 0.0 1.5e+03 4.4e+03 0.0e+00  0  0  0  0  0   0  0 60 25  0     0
SFBcastOpBegin         2 1.0 2.5487e-04 1.4 0.00e+00 0.0 9.9e+02 2.0e+04 1.0e+00  0  0  0  0  0   0  0 40 75 20     0
SFBcastOpEnd           2 1.0 3.7091e-03 5.6 0.00e+00 0.0 0.0e+00 0.0e+00 0.0e+00  0  0  0  0  0   0  0  0  0  0     0
VecSet                 2 1.0 4.1661e-03 0.0 0.00e+00 0.0 0.0e+00 0.0e+00 0.0e+00  0  0  0  0  0   0  0  0  0  0     0
VecScatterBegin        1 1.0 5.6982e-05 2.0 0.00e+00 0.0 0.0e+00 0.0e+00 1.0e+00  0  0  0  0  0   0  0  0 26 20     0
VecScatterEnd          1 1.0 2.0871e-0311.1 0.00e+00 0.0 0.0e+00 0.0e+00 0.0e+00  0  0  0  0  0   0  0  0  0  0     0

--- Event Stage 1: Setup

BuildTwoSided         11 1.0 1.0416e-02 2.1 0.00e+00 0.0 2.4e+02 4.0e+00 0.0e+00  0  0  0  0  0   0  0 11  0  0     0
MatAssemblyBegin       2 1.0 1.4067e-05 4.9 0.00e+00 0.0 0.0e+00 0.0e+00 0.0e+00  0  0  0  0  0   0  0  0  0  0     0
MatAssemblyEnd         2 1.0 1.7323e-01 1.3 0.00e+00 0.0 1.4e+02 7.6e+03 8.0e+00  0  0  0  0  0   0  0  6  0 11     0
Mesh Partition         1 1.0 1.9781e+02 1.0 0.00e+00 0.0 1.2e+02 5.8e+04 9.0e+00  7  0  0  0  0  96  0  6  1 13     0
Mesh Migration         1 1.0 1.4928e-01 1.0 0.00e+00 0.0 4.0e+02 6.9e+05 6.0e+00  0  0  0  0  0   0  0 18 28  8     0
DMPlexPartSelf         1 1.0 2.1155e-0114311.1 0.00e+00 0.0 0.0e+00 0.0e+00 0.0e+00  0  0  0  0  0   0  0  0  0  0     0
DMPlexPartLblInv       1 1.0 2.2270e-0120.9 0.00e+00 0.0 0.0e+00 0.0e+00 3.0e+00  0  0  0  0  0   0  0  0  0  4     0
DMPlexPartLblSF        1 1.0 2.8660e-03 1.2 0.00e+00 0.0 4.6e+01 3.8e+04 0.0e+00  0  0  0  0  0   0  0  2  0  0     0
DMPlexPartStrtSF       1 1.0 2.1870e-03 1.6 0.00e+00 0.0 3.1e+01 5.7e+04 0.0e+00  0  0  0  0  0   0  0  1  0  0     0
DMPlexPointSF          1 1.0 1.8412e-02 1.0 0.00e+00 0.0 6.2e+01 1.4e+05 0.0e+00  0  0  0  0  0   0  0  3  1  0     0
DMPlexDistribute       1 1.0 1.9800e+02 1.0 0.00e+00 0.0 1.3e+03 2.6e+05 2.3e+01  7  0  0  0  0  96  0 58 33 32     0
DMPlexDistCones        1 1.0 1.1707e-01 1.1 0.00e+00 0.0 1.7e+02 1.5e+06 1.0e+00  0  0  0  0  0   0  0  8 25  1     0
DMPlexDistLabels       1 1.0 8.0109e-05 3.3 0.00e+00 0.0 0.0e+00 0.0e+00 3.0e+00  0  0  0  0  0   0  0  0  0  4     0
DMPlexDistField        1 1.0 1.4514e-02 1.1 0.00e+00 0.0 1.7e+02 1.7e+05 1.0e+00  0  0  0  0  0   0  0  8  3  1     0
DMPlexDistData         2 1.0 2.8697e-01 1.1 0.00e+00 0.0 2.8e+02 2.4e+06 2.0e+00  0  0  0  0  0   0  0 13 66  3     0
DMPlexStratify         2 1.0 3.5156e+00564.6 0.00e+00 0.0 0.0e+00 0.0e+00 2.0e+00  0  0  0  0  0   2  0  0  0  3     0
DMPlexSymmetrize       2 1.0 6.4673e-0144.0 0.00e+00 0.0 0.0e+00 0.0e+00 0.0e+00  0  0  0  0  0   0  0  0  0  0     0
SFSetGraph            15 1.0 2.8389e-03 6.9 0.00e+00 0.0 0.0e+00 0.0e+00 0.0e+00  0  0  0  0  0   0  0  0  0  0     0
SFSetUp               12 1.0 1.5346e-01 3.3 0.00e+00 0.0 7.4e+02 3.6e+05 0.0e+00  0  0  0  0  0   0  0 33 27  0     0
SFBcastOpBegin        29 1.0 1.9244e-01185.9 0.00e+00 0.0 1.4e+03 5.1e+05 0.0e+00  0  0  0  0  0   0  0 62 70  0     0
SFBcastOpEnd          29 1.0 3.7318e-01 4.4 0.00e+00 0.0 0.0e+00 0.0e+00 0.0e+00  0  0  0  0  0   0  0  0  0  0     0
SFReduceBegin          3 1.0 7.7295e-04 9.7 0.00e+00 0.0 6.2e+01 4.1e+05 1.0e+00  0  0  0  0  0   0  0  3  3  1     0
SFReduceEnd            3 1.0 2.2273e-02 1.4 0.00e+00 0.0 0.0e+00 0.0e+00 0.0e+00  0  0  0  0  0   0  0  0  0  0     0
SFDistSection          5 1.0 4.9031e-02 3.1 0.00e+00 0.0 3.7e+02 5.7e+04 5.0e+00  0  0  0  0  0   0  0 17  2  7     0
SFSectionSF            5 1.0 1.5304e-01 3.2 0.00e+00 0.0 2.3e+02 1.1e+06 0.0e+00  0  0  0  0  0   0  0 11 26  0     0
VecCopy                1 1.0 1.0014e-04 2.9 0.00e+00 0.0 0.0e+00 0.0e+00 0.0e+00  0  0  0  0  0   0  0  0  0  0     0
VecSet                 6 1.0 3.2036e-0348.5 0.00e+00 0.0 0.0e+00 0.0e+00 0.0e+00  0  0  0  0  0   0  0  0  0  0     0

--- Event Stage 2: Solve

BuildTwoSided         19 1.0 6.8014e-03 2.0 0.00e+00 0.0 3.3e+02 4.0e+00 0.0e+00  0  0  0  0  0   0  0  0  0  0     0
BuildTwoSidedF       108 1.0 2.7174e+0224.3 0.00e+00 0.0 3.0e+03 6.2e+06 0.0e+00  8  0  0 10  0   8  0  0 10  0     0
MatMult            26509 1.0 1.9221e+03 1.3 2.38e+12 1.6 4.8e+06 2.9e+04 4.0e+00 62 82100 78  0  67 82100 78  0 31579
MatMultAdd         26489 1.0 1.1251e+01 2.1 1.97e+10 2.1 0.0e+00 0.0e+00 0.0e+00  0  1  0  0  0   0  1  0  0  0 37730
MatMultTranspose      11 1.0 2.9704e-01 1.1 3.52e+08 1.0 1.0e+03 2.3e+04 6.6e+01  0  0  0  0  0   0  0  0  0  0 37381
MatMultTrAdd          22 1.0 2.7287e-01 1.1 3.52e+08 1.0 1.0e+03 2.3e+04 0.0e+00  0  0  0  0  0   0  0  0  0  0 40692
MatCopy               10 1.0 1.6216e+00 2.0 0.00e+00 0.0 0.0e+00 0.0e+00 0.0e+00  0  0  0  0  0   0  0  0  0  0     0
MatConvert             1 1.0 5.7108e-01 2.0 0.00e+00 0.0 2.8e+02 1.1e+04 0.0e+00  0  0  0  0  0   0  0  0  0  0     0
MatScale              30 1.0 3.7068e+00 1.3 3.35e+09 1.5 3.6e+03 2.9e+04 1.6e+02  0  0  0  0  0   0  0  0  0  0 23759
MatAssemblyBegin     219 1.0 2.7174e+0216.7 0.00e+00 0.0 3.0e+03 6.2e+06 0.0e+00  8  0  0 10  0   8  0  0 10  0     0
MatAssemblyEnd       241 1.0 1.0918e+01 3.9 8.82e+07 0.0 6.9e+02 1.1e+04 6.4e+01  0  0  0  0  0   0  0  0  0  0    97
MatCreateSubMat       40 1.0 1.5829e-03 1.2 0.00e+00 0.0 0.0e+00 0.0e+00 6.0e+01  0  0  0  0  0   0  0  0  0  0     0
MatZeroEntries        44 1.0 6.4148e-01 1.7 0.00e+00 0.0 0.0e+00 0.0e+00 0.0e+00  0  0  0  0  0   0  0  0  0  0     0
MatAXPY               10 1.0 2.5726e+00 3.3 3.71e+06 2.1 0.0e+00 0.0e+00 0.0e+00  0  0  0  0  0   0  0  0  0  0    31
MatMatMult            20 1.0 4.5518e+02 1.0 6.79e+11 2.7 1.6e+03 1.2e+07 1.8e+01 17 17  0 11  0  19 17  0 11  0 26869
MatMatMultSym          2 1.0 7.9941e+01 1.0 0.00e+00 0.0 6.9e+02 3.7e+06 1.6e+01  3  0  0  1  0   3  0  0  1  0     0
MatMatMultNum         20 1.0 3.7524e+02 1.0 6.79e+11 2.7 9.1e+02 1.9e+07 0.0e+00 14 17  0  9  0  15 17  0 10  0 32594
MatTrnMatMult         11 1.0 3.8854e+01 1.0 5.06e+09 1.1 3.8e+03 5.0e+06 5.0e+01  1  0  0 11  0   2  0  0 11  0  4049
MatTrnMatMultSym       4 1.0 3.2131e+00 1.0 0.00e+00 0.0 5.5e+02 7.8e+05 3.2e+01  0  0  0  0  0   0  0  0  0  0     0
MatTrnMatMultNum      44 1.0 3.5641e+01 1.0 5.06e+09 1.1 3.3e+03 5.7e+06 1.6e+01  1  0  0 10  0   1  0  0 10  0  4414
MatGetLocalMat        66 1.0 1.9591e+00 1.7 0.00e+00 0.0 0.0e+00 0.0e+00 0.0e+00  0  0  0  0  0   0  0  0  0  0     0
MatGetBrAoCol         22 1.0 1.0360e+00 3.6 0.00e+00 0.0 1.2e+03 1.6e+07 0.0e+00  0  0  0 11  0   0  0  0 11  0     0
SFSetGraph            19 1.0 4.8399e-0410.7 0.00e+00 0.0 0.0e+00 0.0e+00 0.0e+00  0  0  0  0  0   0  0  0  0  0     0
SFSetUp               19 1.0 1.4566e-02 1.9 0.00e+00 0.0 9.8e+02 1.1e+04 0.0e+00  0  0  0  0  0   0  0  0  0  0     0
SFBcastOpBegin     79609 1.0 2.6248e+00 3.0 0.00e+00 0.0 4.8e+06 2.9e+04 0.0e+00  0  0100 78  0   0  0100 78  0     0
SFBcastOpEnd       79609 1.0 6.9530e+02303.1 0.00e+00 0.0 0.0e+00 0.0e+00 0.0e+00  7  0  0  0  0   8  0  0  0  0     0
SFReduceBegin         42 1.0 1.4422e-03 1.7 0.00e+00 0.0 1.0e+03 2.3e+04 0.0e+00  0  0  0  0  0   0  0  0  0  0     0
SFReduceEnd           42 1.0 3.2601e-0227.3 0.00e+00 0.0 0.0e+00 0.0e+00 0.0e+00  0  0  0  0  0   0  0  0  0  0     0
VecDot             26542 1.0 3.3293e+00 2.6 2.19e+09 2.1 0.0e+00 0.0e+00 2.7e+04  0  0  0  0 11   0  0  0  0 11 14200
VecTDot            52978 1.0 4.9457e+02208.0 4.37e+09 2.1 0.0e+00 0.0e+00 5.3e+04 10  0  0  0 23  11  0  0  0 23   191
VecNorm            26651 1.0 7.6897e+00 6.3 2.23e+09 2.1 0.0e+00 0.0e+00 2.7e+04  0  0  0  0 11   0  0  0  0 11  6293
VecScale           26628 1.0 6.9929e-01 2.8 1.10e+09 2.1 0.0e+00 0.0e+00 0.0e+00  0  0  0  0  0   0  0  0  0  0 33937
VecCopy            26549 1.0 1.5750e+00 2.1 0.00e+00 0.0 0.0e+00 0.0e+00 0.0e+00  0  0  0  0  0   0  0  0  0  0     0
VecSet             26667 1.0 1.5181e+00 4.0 0.00e+00 0.0 0.0e+00 0.0e+00 0.0e+00  0  0  0  0  0   0  0  0  0  0     0
VecAXPY            79550 1.0 3.6093e+00 2.1 6.56e+09 2.1 0.0e+00 0.0e+00 0.0e+00  0  0  0  0  0   0  0  0  0  0 39259
VecAYPX            26479 1.0 9.9844e-01 1.6 2.18e+09 2.1 0.0e+00 0.0e+00 0.0e+00  0  0  0  0  0   0  0  0  0  0 47223
VecSwap               20 1.0 3.7551e-02 1.1 0.00e+00 0.0 0.0e+00 0.0e+00 0.0e+00  0  0  0  0  0   0  0  0  0  0     0
VecPointwiseMult      30 1.0 3.0565e-03 2.5 2.41e+06 2.6 0.0e+00 0.0e+00 0.0e+00  0  0  0  0  0   0  0  0  0  0 16793
VecScatterBegin    79629 1.0 2.6735e+00 2.9 0.00e+00 0.0 4.8e+06 2.9e+04 0.0e+00  0  0100 78  0   0  0100 78  0     0
VecScatterEnd      79629 1.0 6.9543e+02283.7 0.00e+00 0.0 0.0e+00 0.0e+00 0.0e+00  7  0  0  0  0   8  0  0  0  0     0
VecNormalize          99 1.0 3.3954e-02 1.5 1.22e+07 2.1 0.0e+00 0.0e+00 9.9e+01  0  0  0  0  0   0  0  0  0  0  7788
TaoSolve               1 1.0 2.4572e+03 1.0 2.83e+12 1.5 4.8e+06 3.7e+04 2.3e+05 92100100 99100 100100100100100 30101
TaoObjectiveEval      11 1.0 7.8890e-01 1.3 0.00e+00 0.0 1.0e+03 2.3e+04 0.0e+00  0  0  0  0  0   0  0  0  0  0     0
TaoJacobianEval       11 1.0 8.3977e+00 1.0 1.77e+07 2.1 1.0e+03 2.3e+04 2.3e+02  0  0  0  0  0   0  0  0  0  0    45
KSPSetUp              30 1.0 1.1573e+00 1.2 8.99e+08 1.6 1.8e+03 2.9e+04 1.2e+02  0  0  0  0  0   0  0  0  0  0 19806
KSPSolve              10 1.0 2.4070e+03 1.0 2.82e+12 1.5 4.8e+06 3.3e+04 1.1e+05 90100100 89 45  98100100 89 45 30658
PCSetUp               30 1.0 4.6085e+02 1.0 6.80e+11 2.7 2.1e+03 9.4e+06 2.0e+02 17 17  0 11  0  19 17  0 11  0 26630
PCApply               10 1.0 1.9449e+03 1.0 2.40e+12 1.6 4.8e+06 2.9e+04 1.1e+05 73 83100 78 45  79 83100 78 45 31608
KSPSolve_FS_0         10 1.0 1.5721e-03 3.1 2.25e+06 4.0 0.0e+00 0.0e+00 0.0e+00  0  0  0  0  0   0  0  0  0  0 26097
KSPSolve_FS_Schu      10 1.0 1.9442e+03 1.0 2.40e+12 1.6 4.8e+06 2.9e+04 1.1e+05 73 83100 78 45  79 83100 78 45 31607
KSPSolve_FS_Low       10 1.0 1.8692e-03 3.4 2.25e+06 4.0 0.0e+00 0.0e+00 0.0e+00  0  0  0  0  0   0  0  0  0  0 21950
------------------------------------------------------------------------------------------------------------------------

Memory usage is given in bytes:

Object Type          Creations   Destructions     Memory  Descendants' Mem.
Reports information only for process 0.

--- Event Stage 0: Main Stage

    Distributed Mesh     0              1         5032     0.
              Matrix     0              5   1386859900     0.
           Index Set     1              1          888     0.
   Star Forest Graph     1              5         4784     0.
     Discrete System     0              1          944     0.
              Vector     3             15     13303056     0.
         Vec Scatter     1              3         2400     0.
                 Tao     0              1         1864     0.
       Krylov Solver     0              4         5928     0.
      Preconditioner     0              4         3608     0.
              Viewer     1              1          840     0.

--- Event Stage 1: Setup

           Container     4              2         1152     0.
    Distributed Mesh     4              2        10424     0.
            DM Label     6              4         2528     0.
    GraphPartitioner     2              1          688     0.
              Matrix     9              1         2832     0.
           Index Set   130            119    174497100     0.
   IS L to G Mapping     2              1      1547612     0.
             Section    24             13         9360     0.
   Star Forest Graph    22             15        14368     0.
     Discrete System     7              6         5664     0.
              Vector    14              3     13692112     0.
         Vec Scatter     2              0            0     0.
                 Tao     1              0            0     0.
       Krylov Solver     3              0            0     0.
      Preconditioner     3              0            0     0.

--- Event Stage 2: Solve

    Distributed Mesh     1              0            0     0.
              Matrix    59              9      2142216     0.
   Matrix Null Space    11              0            0     0.
           Index Set    54             54      1691628     0.
   Star Forest Graph    21              9         8928     0.
     Discrete System     1              0            0     0.
              Vector 26801          26704   5100193184     0.
         Vec Scatter    19              9         7200     0.
       Krylov Solver     2              1         1400     0.
      Preconditioner     2              1          824     0.
              Viewer     1              0            0     0.
========================================================================================================================
Average time to get PetscTime(): 0.
Average time for MPI_Barrier(): 1.20163e-05
Average time for zero size MPI_Send(): 6.65337e-06
#PETSc Option Table entries:
-bal ba-problems/100K_whole_city.problem/problem_noised.bbal
-csv ba-problems/100K_whole_city.problem/parallel_pbjacobi_np8.csv
-fieldsplit_camera_ksp_converged_reason
-fieldsplit_camera_ksp_convergence_test nash
-fieldsplit_camera_ksp_rtol 0.01
-fieldsplit_camera_ksp_type cg
-fieldsplit_camera_mat_schur_complement_ainv_type blockdiag
-fieldsplit_camera_pc_type pbjacobi
-fieldsplit_point_ksp_type preonly
-fieldsplit_point_pc_type pbjacobi
-ksp_diagonal_scale
-ksp_diagonal_scale_fix
-ksp_type preonly
-log_view ascii:ba-problems/100K_whole_city.problem/parallel_pbjacobi_np8.log
-pc_fieldsplit_schur_precondition selfp
-pc_fieldsplit_type schur
-pc_type fieldsplit
-petscpartitioner_type ptscotch
-robust
-tao_max_it 10
-tao_trust0 1e4
-tao_type lm
#End of PETSc Option Table entries
Compiled without FORTRAN kernels
Compiled with full precision matrices (default)
sizeof(short) 2 sizeof(int) 4 sizeof(long) 8 sizeof(void*) 8 sizeof(PetscScalar) 8 sizeof(PetscInt) 4
Configure options: -with-debugging=0 COPTFLAGS="-O3 -march=native -mtune=native" CXXOPTFLAGS="-O3 -march=native -mtune=native" FOPTFLAGS="-O3 -march=native -mtune=native" --download-superlu --download-metis --download-parmetis --download-suitesparse --with-cc=cc --with-mpicc=cc --with-mpi-dir=/opt/cray/pe/mpt/7.7.6/gni/mpich-gnu/8.2 --with-cuda=0 --with-cusp=0 --with-fc=0 --download-ptscotch --download-hypre
-----------------------------------------
Libraries compiled on 2020-02-01 21:16:21 on cori03 
Machine characteristics: Linux-4.12.14-150.38-default-x86_64-with-glibc2.2.5
Using PETSc directory: /global/cscratch1/sd/tkonolig/bundle_adjustment/petsc
Using PETSc arch: arch-linux2-c-opt
-----------------------------------------

Using C compiler: cc  -fPIC -O3 -march=native -mtune=native  
-----------------------------------------

Using include paths: -I/global/cscratch1/sd/tkonolig/bundle_adjustment/petsc/include -I/global/cscratch1/sd/tkonolig/bundle_adjustment/petsc/arch-linux2-c-opt/include -I/opt/cray/pe/mpt/7.7.6/gni/mpich-gnu/8.2/include
-----------------------------------------

Using C linker: cc
Using libraries: -Wl,-rpath,/global/cscratch1/sd/tkonolig/bundle_adjustment/petsc/arch-linux2-c-opt/lib -L/global/cscratch1/sd/tkonolig/bundle_adjustment/petsc/arch-linux2-c-opt/lib -lpetsc -Wl,-rpath,/global/cscratch1/sd/tkonolig/bundle_adjustment/petsc/arch-linux2-c-opt/lib -L/global/cscratch1/sd/tkonolig/bundle_adjustment/petsc/arch-linux2-c-opt/lib -Wl,-rpath,/opt/cray/pe/mpt/7.7.6/gni/mpich-gnu/8.2/lib -L/opt/cray/pe/mpt/7.7.6/gni/mpich-gnu/8.2/lib -lHYPRE -lumfpack -lklu -lcholmod -lbtf -lccolamd -lcolamd -lcamd -lamd -lsuitesparseconfig -lsuperlu -lptesmumps -lptscotchparmetis -lptscotch -lptscotcherr -lesmumps -lscotch -lscotcherr -lparmetis -lmetis -lX11 -lmpich -lssl -luuid -lpthread -lrt -ldl -lrt -lquadmath -lstdc++ -ldl
-----------------------------------------

