************************************************************************************************************************
***             WIDEN YOUR WINDOW TO 120 CHARACTERS.  Use 'enscript -r -fCourier9' to print this document            ***
************************************************************************************************************************

---------------------------------------------- PETSc Performance Summary: ----------------------------------------------

/global/cscratch1/sd/tkonolig/bundle_adjustment/ba-tao/build/bin/TaoBundleAdjustment on a arch-linux2-c-opt named nid01056 with 64 processors, by tkonolig Sun Mar 15 20:00:41 2020
Using Petsc Development GIT revision: unknown  GIT Date: unknown

                         Max       Max/Min     Avg       Total 
Time (sec):           9.683e+02     1.000   9.683e+02
Objects:              2.167e+04     1.010   2.147e+04
Flop:                 5.827e+11     1.751   4.386e+11  2.807e+13
Flop/sec:             6.018e+08     1.751   4.529e+08  2.899e+10
MPI Messages:         2.628e+05     5.660   1.275e+05  8.163e+06
MPI Message Lengths:  4.321e+09     5.869   1.705e+04  1.392e+11
MPI Reductions:       1.736e+05     1.000

Flop counting convention: 1 flop = 1 real number operation of type (multiply/divide/add/subtract)
                            e.g., VecAXPY() for real vectors of length N --> 2N flop
                            and VecAXPY() for complex vectors of length N --> 8N flop

Summary of Stages:   ----- Time ------  ----- Flop ------  --- Messages ---  -- Message Lengths --  -- Reductions --
                        Avg     %Total     Avg     %Total    Count   %Total     Avg         %Total    Count   %Total 
 0:      Main Stage: 3.0942e+00   0.3%  0.0000e+00   0.0%  1.008e+04   0.1%  2.679e+03        0.0%  5.000e+00   0.0% 
 1:           Setup: 2.0653e+02  21.3%  0.0000e+00   0.0%  4.574e+03   0.1%  2.229e+05        0.7%  7.100e+01   0.0% 
 2:           Solve: 7.5864e+02  78.4%  2.8068e+13 100.0%  8.148e+06  99.8%  1.696e+04       99.2%  1.735e+05  99.9% 

------------------------------------------------------------------------------------------------------------------------
See the 'Profiling' chapter of the users' manual for details on interpreting output.
Phase summary info:
   Count: number of times phase was executed
   Time and Flop: Max - maximum over all processors
                  Ratio - ratio of maximum to minimum over all processors
   Mess: number of messages sent
   AvgLen: average message length (bytes)
   Reduct: number of global reductions
   Global: entire computation
   Stage: stages of a computation. Set stages with PetscLogStagePush() and PetscLogStagePop().
      %T - percent time in this phase         %F - percent flop in this phase
      %M - percent messages in this phase     %L - percent message lengths in this phase
      %R - percent reductions in this phase
   Total Mflop/s: 10e-6 * (sum of flop over all processors)/(max time over all processors)
------------------------------------------------------------------------------------------------------------------------
Event                Count      Time (sec)     Flop                              --- Global ---  --- Stage ----  Total
                   Max Ratio  Max     Ratio   Max  Ratio  Mess   AvgLen  Reduct  %T %F %M %L %R  %T %F %M %L %R Mflop/s
------------------------------------------------------------------------------------------------------------------------

--- Event Stage 0: Main Stage

PetscBarrier           2 1.0 8.1736e-02793.6 0.00e+00 0.0 0.0e+00 0.0e+00 0.0e+00  0  0  0  0  0   1  0  0  0  0     0
BuildTwoSided          1 1.0 3.7160e-03 1.5 0.00e+00 0.0 2.0e+03 4.0e+00 0.0e+00  0  0  0  0  0   0  0 20  0  0     0
DMPlexGToNBegin        1 1.0 6.2392e-03 1.5 0.00e+00 0.0 1.0e+04 2.0e+03 0.0e+00  0  0  0  0  0   0  0100 75  0     0
DMPlexGToNEnd          1 1.0 2.4931e-03 6.2 0.00e+00 0.0 0.0e+00 0.0e+00 0.0e+00  0  0  0  0  0   0  0  0  0  0     0
SFSetUp                2 1.0 5.9519e-03 1.4 0.00e+00 0.0 6.0e+03 1.1e+03 0.0e+00  0  0  0  0  0   0  0 60 25  0     0
SFBcastOpBegin         2 1.0 4.0126e-04 2.8 0.00e+00 0.0 4.0e+03 5.0e+03 1.0e+00  0  0  0  0  0   0  0 40 75 20     0
SFBcastOpEnd           2 1.0 5.4591e-03 5.5 0.00e+00 0.0 0.0e+00 0.0e+00 0.0e+00  0  0  0  0  0   0  0  0  0  0     0
VecSet                 2 1.0 4.1361e-03 0.0 0.00e+00 0.0 0.0e+00 0.0e+00 0.0e+00  0  0  0  0  0   0  0  0  0  0     0
VecScatterBegin        1 1.0 7.9870e-05 2.2 0.00e+00 0.0 0.0e+00 0.0e+00 1.0e+00  0  0  0  0  0   0  0  0 25 20     0
VecScatterEnd          1 1.0 2.9681e-0324.9 0.00e+00 0.0 0.0e+00 0.0e+00 0.0e+00  0  0  0  0  0   0  0  0  0  0     0

--- Event Stage 1: Setup

BuildTwoSided         11 1.0 3.8054e-02 2.8 0.00e+00 0.0 5.1e+02 4.0e+00 0.0e+00  0  0  0  0  0   0  0 11  0  0     0
MatAssemblyBegin       2 1.0 1.5974e-05 5.6 0.00e+00 0.0 0.0e+00 0.0e+00 0.0e+00  0  0  0  0  0   0  0  0  0  0     0
MatAssemblyEnd         2 1.0 1.0078e-01 1.2 0.00e+00 0.0 2.9e+02 5.3e+03 8.0e+00  0  0  0  0  0   0  0  6  0 11     0
Mesh Partition         1 1.0 1.9912e+02 1.0 0.00e+00 0.0 2.5e+02 3.1e+04 9.0e+00 21  0  0  0  0  96  0  6  1 13     0
Mesh Migration         1 1.0 1.4615e-01 1.0 0.00e+00 0.0 8.2e+02 3.5e+05 6.0e+00  0  0  0  0  0   0  0 18 28  8     0
DMPlexPartSelf         1 1.0 1.9610e-0119583.2 0.00e+00 0.0 0.0e+00 0.0e+00 0.0e+00  0  0  0  0  0   0  0  0  0  0     0
DMPlexPartLblInv       1 1.0 2.4341e-01 5.3 0.00e+00 0.0 0.0e+00 0.0e+00 3.0e+00  0  0  0  0  0   0  0  0  0  4     0
DMPlexPartLblSF        1 1.0 1.1186e-02 1.6 0.00e+00 0.0 9.4e+01 2.1e+04 0.0e+00  0  0  0  0  0   0  0  2  0  0     0
DMPlexPartStrtSF       1 1.0 2.2937e-0217.1 0.00e+00 0.0 6.3e+01 3.1e+04 0.0e+00  0  0  0  0  0   0  0  1  0  0     0
DMPlexPointSF          1 1.0 2.0473e-02 1.0 0.00e+00 0.0 1.3e+02 7.8e+04 0.0e+00  0  0  0  0  0   0  0  3  1  0     0
DMPlexDistribute       1 1.0 1.9931e+02 1.0 0.00e+00 0.0 2.7e+03 1.3e+05 2.3e+01 21  0  0  0  0  97  0 58 34 32     0
DMPlexDistCones        1 1.0 1.1842e-01 1.1 0.00e+00 0.0 3.5e+02 7.3e+05 1.0e+00  0  0  0  0  0   0  0  8 25  1     0
DMPlexDistLabels       1 1.0 6.5088e-05 2.2 0.00e+00 0.0 0.0e+00 0.0e+00 3.0e+00  0  0  0  0  0   0  0  0  0  4     0
DMPlexDistField        1 1.0 1.7425e-02 1.1 0.00e+00 0.0 3.5e+02 8.8e+04 1.0e+00  0  0  0  0  0   0  0  8  3  1     0
DMPlexDistData         2 1.0 2.7594e-01 1.1 0.00e+00 0.0 5.7e+02 1.2e+06 2.0e+00  0  0  0  0  0   0  0 12 66  3     0
DMPlexStratify         2 1.0 3.5450e+00605.9 0.00e+00 0.0 0.0e+00 0.0e+00 2.0e+00  0  0  0  0  0   2  0  0  0  3     0
DMPlexSymmetrize       2 1.0 6.4119e-0178.5 0.00e+00 0.0 0.0e+00 0.0e+00 0.0e+00  0  0  0  0  0   0  0  0  0  0     0
SFSetGraph            15 1.0 2.5966e-0312.7 0.00e+00 0.0 0.0e+00 0.0e+00 0.0e+00  0  0  0  0  0   0  0  0  0  0     0
SFSetUp               12 1.0 1.4449e-01 2.7 0.00e+00 0.0 1.5e+03 1.8e+05 0.0e+00  0  0  0  0  0   0  0 33 27  0     0
SFBcastOpBegin        29 1.0 1.9730e-01204.5 0.00e+00 0.0 2.9e+03 2.5e+05 0.0e+00  0  0  0  1  0   0  0 63 70  0     0
SFBcastOpEnd          29 1.0 3.9298e-01 3.4 0.00e+00 0.0 0.0e+00 0.0e+00 0.0e+00  0  0  0  0  0   0  0  0  0  0     0
SFReduceBegin          3 1.0 1.1759e-0324.1 0.00e+00 0.0 1.3e+02 2.1e+05 1.0e+00  0  0  0  0  0   0  0  3  3  1     0
SFReduceEnd            3 1.0 2.6519e-02 1.7 0.00e+00 0.0 0.0e+00 0.0e+00 0.0e+00  0  0  0  0  0   0  0  0  0  0     0
SFDistSection          5 1.0 6.7967e-02 2.6 0.00e+00 0.0 7.6e+02 3.1e+04 5.0e+00  0  0  0  0  0   0  0 17  2  7     0
SFSectionSF            5 1.0 1.2971e-01 4.5 0.00e+00 0.0 4.7e+02 5.6e+05 0.0e+00  0  0  0  0  0   0  0 10 26  0     0
VecCopy                1 1.0 7.2002e-05 6.6 0.00e+00 0.0 0.0e+00 0.0e+00 0.0e+00  0  0  0  0  0   0  0  0  0  0     0
VecSet                 6 1.0 3.1111e-0386.4 0.00e+00 0.0 0.0e+00 0.0e+00 0.0e+00  0  0  0  0  0   0  0  0  0  0     0

--- Event Stage 2: Solve

BuildTwoSided        449 1.0 8.8879e-02 1.1 0.00e+00 0.0 2.6e+04 4.0e+00 0.0e+00  0  0  0  0  0   0  0  0  0  0     0
BuildTwoSidedF     14718 1.0 2.6548e+02 6.9 0.00e+00 0.0 2.0e+04 2.4e+06 0.0e+00 19  0  0 36  0  25  0  0 36  0     0
MatMult            29160 1.0 2.6574e+02 1.6 3.26e+11 3.0 4.8e+06 9.6e+03 4.0e+00 22 47 59 33  0  28 47 59 33  0 50098
MatMultAdd         12652 1.0 2.5892e+0120.5 3.38e+09 2.7 3.3e+05 1.7e+02 0.0e+00  1  0  4  0  0   1  0  4  0  0  4853
MatMultTranspose    6863 1.0 2.6145e+0161.1 1.05e+09 2.1 3.3e+05 2.7e+02 6.6e+01  1  0  4  0  0   1  0  4  0  0  1676
MatMultTrAdd          22 1.0 1.3493e-01 1.2 1.76e+08 1.0 2.1e+03 1.6e+04 0.0e+00  0  0  0  0  0   0  0  0  0  0 82290
MatSolve            1142 0.0 3.3908e-03 0.0 5.66e+05 0.0 0.0e+00 0.0e+00 0.0e+00  0  0  0  0  0   0  0  0  0  0   167
MatLUFactorSym        10 1.0 1.4400e-04 1.6 0.00e+00 0.0 0.0e+00 0.0e+00 0.0e+00  0  0  0  0  0   0  0  0  0  0     0
MatLUFactorNum        10 1.0 7.4863e-05 5.1 2.61e+04 0.0 0.0e+00 0.0e+00 0.0e+00  0  0  0  0  0   0  0  0  0  0   349
MatCopy               10 1.0 9.5241e-01 3.1 0.00e+00 0.0 0.0e+00 0.0e+00 0.0e+00  0  0  0  0  0   0  0  0  0  0     0
MatConvert             1 1.0 3.3688e-01 3.0 0.00e+00 0.0 6.1e+02 7.8e+03 0.0e+00  0  0  0  0  0   0  0  0  0  0     0
MatScale              92 1.0 1.8328e+00 1.5 1.51e+09 1.8 1.6e+04 8.2e+03 1.3e+02  0  0  0  0  0   0  0  0  0  0 40394
MatResidual         6852 1.0 6.2072e+01 1.7 6.42e+10 3.0 1.1e+06 8.5e+03 0.0e+00  5  9 13  7  0   6  9 13  7  0 42179
MatAssemblyBegin    1239 1.0 2.6554e+02 5.9 0.00e+00 0.0 2.0e+04 2.4e+06 0.0e+00 20  0  0 36  0  25  0  0 36  0     0
MatAssemblyEnd      1261 1.0 1.9462e+01 2.0 1.23e+0811.9 5.8e+04 6.5e+02 1.4e+03  1  0  1  0  1   2  0  1  0  1   137
MatGetRowIJ           10 0.0 1.9073e-05 0.0 0.00e+00 0.0 0.0e+00 0.0e+00 0.0e+00  0  0  0  0  0   0  0  0  0  0     0
MatCreateSubMat      120 1.0 1.6418e-01 1.0 0.00e+00 0.0 5.3e+03 2.2e+03 1.0e+03  0  0  0  0  1   0  0  0  0  1     0
MatGetOrdering        10 0.0 2.9874e-04 0.0 0.00e+00 0.0 0.0e+00 0.0e+00 0.0e+00  0  0  0  0  0   0  0  0  0  0     0
MatCoarsen            60 1.0 1.8397e-01 1.4 0.00e+00 0.0 1.1e+05 1.1e+03 2.5e+02  0  0  1  0  0   0  0  1  0  0     0
MatZeroEntries       114 1.0 4.4575e-01 2.6 0.00e+00 0.0 0.0e+00 0.0e+00 0.0e+00  0  0  0  0  0   0  0  0  0  0     0
MatAXPY               10 1.0 1.8766e+00 4.3 2.15e+06 2.7 0.0e+00 0.0e+00 0.0e+00  0  0  0  0  0   0  0  0  0  0    43
MatTranspose         120 1.0 6.8570e-02 4.7 0.00e+00 0.0 0.0e+00 0.0e+00 0.0e+00  0  0  0  0  0   0  0  0  0  0     0
MatMatMult            20 1.0 2.6217e+02 1.0 3.80e+11 3.6 3.4e+03 8.5e+06 1.8e+01 27 44  0 21  0  35 44  0 21  0 46651
MatMatMultSym          2 1.0 4.5959e+01 1.0 0.00e+00 0.0 1.5e+03 2.6e+06 1.6e+01  5  0  0  3  0   6  0  0  3  0     0
MatMatMultNum         20 1.0 2.1621e+02 1.0 3.80e+11 3.6 1.9e+03 1.3e+07 0.0e+00 22 44  0 18  0  28 44  0 18  0 56568
MatPtAP               60 1.0 5.4684e+01 1.0 3.51e+10 3.3 5.1e+04 4.8e+04 6.6e+02  6  5  1  2  0   7  5  1  2  0 25019
MatPtAPSymbolic       60 1.0 3.7305e+01 1.0 0.00e+00 0.0 3.7e+04 6.5e+04 4.2e+02  4  0  0  2  0   5  0  0  2  0     0
MatPtAPNumeric        60 1.0 1.7380e+01 1.0 3.51e+10 3.3 1.5e+04 5.5e+03 2.4e+02  2  5  0  0  0   2  5  0  0  0 78719
MatTrnMatMult         21 1.0 5.7751e+01 1.0 2.58e+10 5.0 3.7e+04 1.5e+06 1.6e+02  6  3  0 40  0   8  3  0 40  0 14593
MatTrnMatMultSym      14 1.0 1.3817e+01 1.0 0.00e+00 0.0 1.3e+04 4.7e+05 1.0e+02  1  0  0  5  0   2  0  0  5  0     0
MatTrnMatMultNum      54 1.0 4.3934e+01 1.0 2.58e+10 5.0 2.3e+04 2.1e+06 5.6e+01  5  3  0 35  0   6  3  0 35  0 19183
MatGetLocalMat       136 1.0 1.2473e+00 2.6 0.00e+00 0.0 0.0e+00 0.0e+00 0.0e+00  0  0  0  0  0   0  0  0  0  0     0
MatGetBrAoCol         82 1.0 8.0289e-01 3.6 0.00e+00 0.0 3.1e+04 1.0e+06 0.0e+00  0  0  0 22  0   0  0  0 23  0     0
SFSetGraph           449 1.0 2.2578e-04 1.9 0.00e+00 0.0 0.0e+00 0.0e+00 0.0e+00  0  0  0  0  0   0  0  0  0  0     0
SFSetUp              449 1.0 1.1267e-01 1.1 0.00e+00 0.0 7.8e+04 7.4e+02 0.0e+00  0  0  1  0  0   0  0  1  0  0     0
SFBcastOpBegin     62540 1.0 6.6749e-01 2.7 0.00e+00 0.0 7.7e+06 6.6e+03 0.0e+00  0  0 94 36  0   0  0 94 37  0     0
SFBcastOpEnd       62540 1.0 1.8123e+0226.0 0.00e+00 0.0 0.0e+00 0.0e+00 0.0e+00  7  0  0  0  0   9  0  0  0  0     0
SFReduceBegin       6894 1.0 4.0498e-02 4.7 0.00e+00 0.0 3.3e+05 2.7e+02 0.0e+00  0  0  4  0  0   0  0  4  0  0     0
SFReduceEnd         6894 1.0 2.5576e+011236.4 0.00e+00 0.0 0.0e+00 0.0e+00 0.0e+00  1  0  0  0  0   1  0  0  0  0     0
VecDot              3792 1.0 4.8470e-01 1.3 1.82e+08 2.7 0.0e+00 0.0e+00 3.8e+03  0  0  0  0  2   0  0  0  0  2 13964
VecTDot             3524 1.0 2.7736e+0166.5 1.18e+08 2.7 0.0e+00 0.0e+00 3.5e+03  2  0  0  0  2   2  0  0  0  2   159
VecNorm             4572 1.0 4.4717e+0148.2 2.07e+08 2.4 0.0e+00 0.0e+00 4.6e+03  3  0  0  0  3   4  0  0  0  3   181
VecScale            7702 1.0 1.2319e-01 2.8 1.85e+08 2.7 0.0e+00 0.0e+00 0.0e+00  0  0  0  0  0   0  0  0  0  0 55866
VecCopy            21868 1.0 1.1823e-01 2.8 0.00e+00 0.0 0.0e+00 0.0e+00 0.0e+00  0  0  0  0  0   0  0  0  0  0     0
VecSet             30519 1.0 2.4471e-0116.6 0.00e+00 0.0 0.0e+00 0.0e+00 0.0e+00  0  0  0  0  0   0  0  0  0  0     0
VecAXPY             7286 1.0 1.2081e-01 2.1 2.13e+08 2.7 0.0e+00 0.0e+00 0.0e+00  0  0  0  0  0   0  0  0  0  0 65518
VecAYPX            42774 1.0 2.5210e-01 1.9 2.78e+08 2.7 0.0e+00 0.0e+00 0.0e+00  0  0  0  0  0   0  0  0  0  0 41000
VecAXPBYCZ         13704 1.0 7.2568e-02 2.7 2.76e+08 2.8 0.0e+00 0.0e+00 0.0e+00  0  0  0  0  0   0  0  0  0  0 140853
VecSwap               20 1.0 2.6485e-02 1.2 0.00e+00 0.0 0.0e+00 0.0e+00 0.0e+00  0  0  0  0  0   0  0  0  0  0     0
VecAssemblyBegin   14380 1.0 1.1335e+00 1.4 0.00e+00 0.0 0.0e+00 0.0e+00 0.0e+00  0  0  0  0  0   0  0  0  0  0     0
VecAssemblyEnd     14380 1.0 9.0661e-03 1.4 0.00e+00 0.0 0.0e+00 0.0e+00 0.0e+00  0  0  0  0  0   0  0  0  0  0     0
VecPointwiseMult     186 1.0 5.5413e-03 3.0 4.76e+06 2.8 0.0e+00 0.0e+00 0.0e+00  0  0  0  0  0   0  0  0  0  0 31365
VecScatterBegin    69042 1.0 7.1772e-01 2.5 0.00e+00 0.0 7.9e+06 6.4e+03 0.0e+00  0  0 97 36  0   0  0 97 37  0     0
VecScatterEnd      69042 1.0 1.8164e+0222.1 0.00e+00 0.0 0.0e+00 0.0e+00 0.0e+00  7  0  0  0  0  10  0  0  0  0     0
VecNormalize        2717 1.0 2.7358e-01 1.0 1.74e+08 2.7 0.0e+00 0.0e+00 2.7e+03  0  0  0  0  2   0  0  0  0  2 23744
TaoSolve               1 1.0 7.5864e+02 1.0 5.83e+11 1.8 8.1e+06 1.7e+04 1.7e+05 78100100 99100 100100100100100 36998
TaoObjectiveEval      11 1.0 3.5650e-01 1.2 0.00e+00 0.0 2.1e+03 1.6e+04 0.0e+00  0  0  0  0  0   0  0  0  0  0     0
TaoJacobianEval       11 1.0 4.7165e+00 1.0 3.37e+08 2.7 2.1e+03 1.6e+04 5.6e+03  0  0  0  0  3   1  0  0  0  3  2665
KSPSetUp             170 1.0 1.2832e-02 1.1 0.00e+00 0.0 0.0e+00 0.0e+00 1.2e+02  0  0  0  0  0   0  0  0  0  0     0
KSPSolve              10 1.0 7.1762e+02 1.0 5.79e+11 1.8 8.1e+06 1.4e+04 4.0e+04 74 99100 80 23  95 99100 80 23 38815
PCGAMGGraph_AGG       60 1.0 9.1456e+01 1.0 1.09e+09 3.3 3.8e+04 5.6e+02 9.6e+02  9  0  0  0  1  12  0  0  0  1   467
PCGAMGCoarse_AGG      60 1.0 3.0279e+01 1.0 2.34e+10 8.7 1.7e+05 1.7e+05 4.0e+02  3  2  2 21  0   4  2  2 21  0 22637
PCGAMGProl_AGG        60 1.0 5.5010e+00 1.0 0.00e+00 0.0 2.4e+06 2.1e+03 2.9e+04  1  0 29  4 17   1  0 29  4 17     0
PCGAMGPOpt_AGG        60 1.0 1.4067e-05 7.4 0.00e+00 0.0 0.0e+00 0.0e+00 0.0e+00  0  0  0  0  0   0  0  0  0  0     0
GAMG: createProl      60 1.0 1.2719e+02 1.0 2.43e+10 8.1 2.6e+06 1.3e+04 3.0e+04 13  3 32 24 18  17  3 32 24 18  5725
  Graph              120 1.0 9.1455e+01 1.0 1.09e+09 3.3 3.8e+04 5.6e+02 9.6e+02  9  0  0  0  1  12  0  0  0  1   467
  MIS/Agg             60 1.0 1.8430e-01 1.3 0.00e+00 0.0 1.1e+05 1.1e+03 2.5e+02  0  0  1  0  0   0  0  1  0  0     0
  SA: col data        60 1.0 4.6449e+00 1.0 0.00e+00 0.0 2.4e+06 1.8e+03 2.9e+04  0  0 29  3 16   1  0 29  3 16     0
  SA: frmProl0        60 1.0 7.9229e-01 1.0 0.00e+00 0.0 8.0e+03 1.1e+05 2.4e+02  0  0  0  1  0   0  0  0  1  0     0
GAMG: partLevel       60 1.0 5.4972e+01 1.0 3.51e+10 3.3 5.9e+04 4.2e+04 2.6e+03  6  5  1  2  1   7  5  1  2  1 24888
  repartition         40 1.0 2.8814e-01 1.0 0.00e+00 0.0 8.0e+03 1.9e+03 1.9e+03  0  0  0  0  1   0  0  0  0  1     0
  Invert-Sort         40 1.0 4.0905e-02 1.2 0.00e+00 0.0 0.0e+00 0.0e+00 2.4e+02  0  0  0  0  0   0  0  0  0  0     0
  Move A              40 1.0 1.0405e-01 1.1 0.00e+00 0.0 3.8e+03 3.1e+03 5.2e+02  0  0  0  0  0   0  0  0  0  0     0
  Move P              40 1.0 7.1623e-02 1.0 0.00e+00 0.0 1.4e+03 5.6e+01 5.6e+02  0  0  0  0  0   0  0  0  0  0     0
PCSetUp               40 1.0 4.4767e+02 1.0 4.31e+11 3.5 2.7e+06 2.4e+04 3.4e+04 46 51 33 47 19  59 51 33 47 19 32098
PCSetUpOnBlocks     1142 1.0 1.5266e-03 1.4 2.61e+04 0.0 0.0e+00 0.0e+00 0.0e+00  0  0  0  0  0   0  0  0  0  0    17
PCApply               10 1.0 4.5277e+02 1.0 3.61e+11 2.3 8.1e+06 1.0e+04 4.0e+04 47 56100 59 23  60 56100 60 23 34415
KSPSolve_FS_0         10 1.0 1.0898e-0315.3 1.58e+06136.5 0.0e+00 0.0e+00 0.0e+00  0  0  0  0  0   0  0  0  0  0 37647
KSPSolve_FS_Schu      10 1.0 4.5233e+02 1.0 3.60e+11 2.3 8.1e+06 1.0e+04 4.0e+04 47 55 99 59 23  60 55100 60 23 34398
KSPSolve_FS_Low       10 1.0 1.4100e-0316.2 1.58e+06136.5 0.0e+00 0.0e+00 0.0e+00  0  0  0  0  0   0  0  0  0  0 29098
------------------------------------------------------------------------------------------------------------------------

Memory usage is given in bytes:

Object Type          Creations   Destructions     Memory  Descendants' Mem.
Reports information only for process 0.

--- Event Stage 0: Main Stage

    Distributed Mesh     0              1         5032     0.
              Matrix     0             64    955608984     0.
           Index Set     1             19        28848     0.
   Star Forest Graph     1             17        16688     0.
     Discrete System     0              1          944     0.
              Vector     3             82      7222656     0.
         Vec Scatter     1             15        12000     0.
                 Tao     0              1         1880     0.
       Krylov Solver     0             18        47752     0.
      Preconditioner     0             12        14924     0.
              Viewer     1              1          840     0.

--- Event Stage 1: Setup

           Container     4              2         1152     0.
    Distributed Mesh     4              2        10424     0.
            DM Label     6              4         2528     0.
    GraphPartitioner     2              1          688     0.
              Matrix     9              1         2832     0.
           Index Set   226            215    174661548     0.
   IS L to G Mapping     2              1      1515976     0.
             Section    24             13         9360     0.
   Star Forest Graph    22             15        14368     0.
     Discrete System     7              6         5664     0.
              Vector    15              3     13692112     0.
         Vec Scatter     2              0            0     0.
                 Tao     1              0            0     0.
       Krylov Solver     3              0            0     0.
      Preconditioner     3              0            0     0.

--- Event Stage 2: Solve

    Distributed Mesh     1              0            0     0.
              Matrix  1609           1500   1942972232     0.
      Matrix Coarsen    60             60        38160     0.
   Matrix Null Space    11              0            0     0.
           Index Set  1294           1276      2401080     0.
   Star Forest Graph   451            427       423584     0.
     Discrete System     1              0            0     0.
              Vector 17432          17169    241521016     0.
         Vec Scatter   389            367       293600     0.
       Krylov Solver    16              1         1400     0.
      Preconditioner    10              1          824     0.
              Viewer     1              0            0     0.
         PetscRandom    60             60        38760     0.
========================================================================================================================
Average time to get PetscTime(): 0.
Average time for MPI_Barrier(): 1.42097e-05
Average time for zero size MPI_Send(): 7.07805e-06
#PETSc Option Table entries:
-bal ba-problems/100K_whole_city.problem/problem_noised.bbal
-csv ba-problems/100K_whole_city.problem/parallel_gamg_np16.csv
-fieldsplit_camera_ksp_converged_reason
-fieldsplit_camera_ksp_convergence_test nash
-fieldsplit_camera_ksp_rtol 0.01
-fieldsplit_camera_ksp_type cg
-fieldsplit_camera_mat_schur_complement_ainv_type blockdiag
-fieldsplit_camera_mg_levels_esteig_ksp_type cg
-fieldsplit_camera_mg_levels_pc_type pbjacobi
-fieldsplit_camera_pc_gamg_agg_nsmooths 0
-fieldsplit_camera_pc_type gamg
-fieldsplit_point_ksp_type preonly
-fieldsplit_point_pc_type pbjacobi
-ksp_type preonly
-log_view ascii:ba-problems/100K_whole_city.problem/parallel_gamg_np16.log
-pc_fieldsplit_schur_precondition selfp
-pc_fieldsplit_type schur
-pc_type fieldsplit
-petscpartitioner_type ptscotch
-robust
-tao_diagonal_scale
-tao_max_it 10
-tao_trust0 1e4
-tao_type lm
#End of PETSc Option Table entries
Compiled without FORTRAN kernels
Compiled with full precision matrices (default)
sizeof(short) 2 sizeof(int) 4 sizeof(long) 8 sizeof(void*) 8 sizeof(PetscScalar) 8 sizeof(PetscInt) 4
Configure options: -with-debugging=0 COPTFLAGS="-O3 -march=native -mtune=native" CXXOPTFLAGS="-O3 -march=native -mtune=native" FOPTFLAGS="-O3 -march=native -mtune=native" --download-superlu --download-metis --download-parmetis --download-suitesparse --with-cc=cc --with-mpicc=cc --with-mpi-dir=/opt/cray/pe/mpt/7.7.10/gni/mpich-gnu/8.2 --with-cuda=0 --with-cusp=0 --with-fc=0 --download-ptscotch --download-hypre --with-hdf5
-----------------------------------------
Libraries compiled on 2020-03-16 01:29:45 on cori07 
Machine characteristics: Linux-4.12.14-150.47-default-x86_64-with-glibc2.2.5
Using PETSc directory: /global/cscratch1/sd/tkonolig/bundle_adjustment/petsc
Using PETSc arch: arch-linux2-c-opt
-----------------------------------------

Using C compiler: cc  -fPIC -O3 -march=native -mtune=native  
-----------------------------------------

Using include paths: -I/global/cscratch1/sd/tkonolig/bundle_adjustment/petsc/include -I/global/cscratch1/sd/tkonolig/bundle_adjustment/petsc/arch-linux2-c-opt/include -I/opt/cray/pe/mpt/7.7.10/gni/mpich-gnu/8.2/include
-----------------------------------------

Using C linker: cc
Using libraries: -Wl,-rpath,/global/cscratch1/sd/tkonolig/bundle_adjustment/petsc/arch-linux2-c-opt/lib -L/global/cscratch1/sd/tkonolig/bundle_adjustment/petsc/arch-linux2-c-opt/lib -lpetsc -Wl,-rpath,/global/cscratch1/sd/tkonolig/bundle_adjustment/petsc/arch-linux2-c-opt/lib -L/global/cscratch1/sd/tkonolig/bundle_adjustment/petsc/arch-linux2-c-opt/lib -Wl,-rpath,/opt/cray/pe/mpt/7.7.10/gni/mpich-gnu/8.2/lib -L/opt/cray/pe/mpt/7.7.10/gni/mpich-gnu/8.2/lib -lHYPRE -lumfpack -lklu -lcholmod -lbtf -lccolamd -lcolamd -lcamd -lamd -lsuitesparseconfig -lsuperlu -lptesmumps -lptscotchparmetis -lptscotch -lptscotcherr -lesmumps -lscotch -lscotcherr -lparmetis -lmetis -lX11 -lmpich -lssl -luuid -lpthread -lrt -ldl -lrt -lquadmath -lstdc++ -ldl
-----------------------------------------

