************************************************************************************************************************
***             WIDEN YOUR WINDOW TO 120 CHARACTERS.  Use 'enscript -r -fCourier9' to print this document            ***
************************************************************************************************************************

---------------------------------------------- PETSc Performance Summary: ----------------------------------------------

/global/cscratch1/sd/tkonolig/bundle_adjustment/ba-tao/build/bin/TaoBundleAdjustment on a arch-linux2-c-opt named nid12923 with 36 processors, by tkonolig Mon Mar 16 09:39:04 2020
Using Petsc Development GIT revision: unknown  GIT Date: unknown

                         Max       Max/Min     Avg       Total 
Time (sec):           1.326e+01     1.000   1.326e+01
Objects:              3.110e+04     1.004   3.099e+04
Flop:                 1.441e+10     1.080   1.387e+10  4.995e+11
Flop/sec:             1.087e+09     1.080   1.046e+09  3.767e+10
MPI Messages:         3.926e+05     4.132   2.198e+05  7.912e+06
MPI Message Lengths:  1.542e+08     2.439   5.087e+02  4.025e+09
MPI Reductions:       1.913e+05     1.000

Flop counting convention: 1 flop = 1 real number operation of type (multiply/divide/add/subtract)
                            e.g., VecAXPY() for real vectors of length N --> 2N flop
                            and VecAXPY() for complex vectors of length N --> 8N flop

Summary of Stages:   ----- Time ------  ----- Flop ------  --- Messages ---  -- Message Lengths --  -- Reductions --
                        Avg     %Total     Avg     %Total    Count   %Total     Avg         %Total    Count   %Total 
 0:      Main Stage: 2.1838e-01   1.6%  0.0000e+00   0.0%  8.100e+02   0.0%  1.162e+04        0.2%  5.000e+00   0.0% 
 1:           Setup: 4.6325e-01   3.5%  0.0000e+00   0.0%  2.295e+03   0.0%  2.046e+04        1.2%  7.100e+01   0.0% 
 2:           Solve: 1.2578e+01  94.9%  4.9948e+11 100.0%  7.909e+06 100.0%  5.018e+02       98.6%  1.912e+05 100.0% 

------------------------------------------------------------------------------------------------------------------------
See the 'Profiling' chapter of the users' manual for details on interpreting output.
Phase summary info:
   Count: number of times phase was executed
   Time and Flop: Max - maximum over all processors
                  Ratio - ratio of maximum to minimum over all processors
   Mess: number of messages sent
   AvgLen: average message length (bytes)
   Reduct: number of global reductions
   Global: entire computation
   Stage: stages of a computation. Set stages with PetscLogStagePush() and PetscLogStagePop().
      %T - percent time in this phase         %F - percent flop in this phase
      %M - percent messages in this phase     %L - percent message lengths in this phase
      %R - percent reductions in this phase
   Total Mflop/s: 10e-6 * (sum of flop over all processors)/(max time over all processors)
------------------------------------------------------------------------------------------------------------------------
Event                Count      Time (sec)     Flop                              --- Global ---  --- Stage ----  Total
                   Max Ratio  Max     Ratio   Max  Ratio  Mess   AvgLen  Reduct  %T %F %M %L %R  %T %F %M %L %R Mflop/s
------------------------------------------------------------------------------------------------------------------------

--- Event Stage 0: Main Stage

PetscBarrier           2 1.0 3.3141e-02678.1 0.00e+00 0.0 0.0e+00 0.0e+00 0.0e+00  0  0  0  0  0   8  0  0  0  0     0
BuildTwoSided          1 1.0 7.9679e-04 1.2 0.00e+00 0.0 1.6e+02 4.0e+00 0.0e+00  0  0  0  0  0   0  0 20  0  0     0
DMPlexGToNBegin        1 1.0 2.4941e-03 2.1 0.00e+00 0.0 8.1e+02 8.6e+03 0.0e+00  0  0  0  0  0   1  0100 74  0     0
DMPlexGToNEnd          1 1.0 1.3299e-0330.2 0.00e+00 0.0 0.0e+00 0.0e+00 0.0e+00  0  0  0  0  0   0  0  0  0  0     0
SFSetUp                2 1.0 2.4149e-03 2.2 0.00e+00 0.0 4.9e+02 4.8e+03 0.0e+00  0  0  0  0  0   1  0 60 25  0     0
SFBcastOpBegin         2 1.0 1.2708e-04 1.4 0.00e+00 0.0 3.2e+02 2.2e+04 1.0e+00  0  0  0  0  0   0  0 40 75 20     0
SFBcastOpEnd           2 1.0 2.3298e-0310.0 0.00e+00 0.0 0.0e+00 0.0e+00 0.0e+00  0  0  0  0  0   1  0  0  0  0     0
VecSet                 2 1.0 1.4381e-03 0.0 0.00e+00 0.0 0.0e+00 0.0e+00 0.0e+00  0  0  0  0  0   0  0  0  0  0     0
VecScatterBegin        1 1.0 7.3910e-05 2.3 0.00e+00 0.0 0.0e+00 0.0e+00 1.0e+00  0  0  0  0  0   0  0  0 26 20     0
VecScatterEnd          1 1.0 1.0071e-0310.7 0.00e+00 0.0 0.0e+00 0.0e+00 0.0e+00  0  0  0  0  0   0  0  0  0  0     0

--- Event Stage 1: Setup

BuildTwoSided         11 1.0 6.6071e-03 3.9 0.00e+00 0.0 2.5e+02 4.0e+00 0.0e+00  0  0  0  0  0   1  0 11  0  0     0
MatAssemblyBegin       2 1.0 5.0068e-06 2.6 0.00e+00 0.0 0.0e+00 0.0e+00 0.0e+00  0  0  0  0  0   0  0  0  0  0     0
MatAssemblyEnd         2 1.0 3.3419e-03 1.8 0.00e+00 0.0 1.3e+02 3.9e+02 8.0e+00  0  0  0  0  0   1  0  6  0 11     0
Mesh Partition         1 1.0 2.2413e-01 1.0 0.00e+00 0.0 1.4e+02 1.4e+04 9.0e+00  2  0  0  0  0  48  0  6  4 13     0
Mesh Migration         1 1.0 6.0010e-03 1.0 0.00e+00 0.0 4.6e+02 3.4e+04 6.0e+00  0  0  0  0  0   1  0 20 33  8     0
DMPlexPartSelf         1 1.0 1.3421e-021705.8 0.00e+00 0.0 0.0e+00 0.0e+00 0.0e+00  0  0  0  0  0   0  0  0  0  0     0
DMPlexPartLblInv       1 1.0 1.9185e-02 3.4 0.00e+00 0.0 0.0e+00 0.0e+00 3.0e+00  0  0  0  0  0   4  0  0  1  4     0
DMPlexPartLblSF        1 1.0 1.5738e-03 1.1 0.00e+00 0.0 5.2e+01 9.3e+03 0.0e+00  0  0  0  0  0   0  0  2  1  0     0
DMPlexPartStrtSF       1 1.0 4.7519e-0316.2 0.00e+00 0.0 3.5e+01 1.4e+04 0.0e+00  0  0  0  0  0   1  0  2  1  0     0
DMPlexPointSF          1 1.0 4.8380e-03 1.0 0.00e+00 0.0 7.0e+01 3.5e+04 0.0e+00  0  0  0  0  0   1  0  3  5  0     0
DMPlexDistribute       1 1.0 2.4396e-01 1.0 0.00e+00 0.0 1.4e+03 2.3e+04 2.3e+01  2  0  0  1  0  53  0 60 67 32     0
DMPlexDistCones        1 1.0 2.1839e-03 1.1 0.00e+00 0.0 1.9e+02 3.1e+04 1.0e+00  0  0  0  0  0   0  0  8 13  1     0
DMPlexDistLabels       1 1.0 2.9087e-05 1.3 0.00e+00 0.0 0.0e+00 0.0e+00 3.0e+00  0  0  0  0  0   0  0  0  0  4     0
DMPlexDistField        1 1.0 3.1250e-03 1.1 0.00e+00 0.0 1.9e+02 4.5e+04 1.0e+00  0  0  0  0  0   1  0  8 18  1     0
DMPlexDistData         2 1.0 5.2040e-03 1.1 0.00e+00 0.0 3.2e+02 4.8e+04 2.0e+00  0  0  0  0  0   1  0 14 32  3     0
DMPlexStratify         2 1.0 6.4087e-0229.9 0.00e+00 0.0 0.0e+00 0.0e+00 2.0e+00  0  0  0  0  0  13  0  0  0  3     0
DMPlexSymmetrize       2 1.0 4.9284e-03 2.8 0.00e+00 0.0 0.0e+00 0.0e+00 0.0e+00  0  0  0  0  0   0  0  0  0  0     0
SFSetGraph            15 1.0 1.6551e-0370.8 0.00e+00 0.0 0.0e+00 0.0e+00 0.0e+00  0  0  0  0  0   0  0  0  0  0     0
SFSetUp               12 1.0 8.5464e-03 1.6 0.00e+00 0.0 7.6e+02 1.4e+04 0.0e+00  0  0  0  0  0   2  0 33 23  0     0
SFBcastOpBegin        29 1.0 5.0333e-0350.7 0.00e+00 0.0 1.4e+03 1.9e+04 0.0e+00  0  0  0  1  0   0  0 62 57  0     0
SFBcastOpEnd          29 1.0 1.7172e-02 2.6 0.00e+00 0.0 0.0e+00 0.0e+00 0.0e+00  0  0  0  0  0   3  0  0  0  0     0
SFReduceBegin          3 1.0 1.0991e-0326.2 0.00e+00 0.0 7.0e+01 1.2e+05 1.0e+00  0  0  0  0  0   0  0  3 18  1     0
SFReduceEnd            3 1.0 6.4797e-03 1.2 0.00e+00 0.0 0.0e+00 0.0e+00 0.0e+00  0  0  0  0  0   1  0  0  0  0     0
SFDistSection          5 1.0 2.8520e-03 1.4 0.00e+00 0.0 4.2e+02 1.4e+04 5.0e+00  0  0  0  0  0   0  0 18 12  7     0
SFSectionSF            5 1.0 6.1460e-03 3.0 0.00e+00 0.0 2.6e+02 3.7e+04 0.0e+00  0  0  0  0  0   1  0 11 21  0     0
VecCopy                1 1.0 2.3842e-05 2.4 0.00e+00 0.0 0.0e+00 0.0e+00 0.0e+00  0  0  0  0  0   0  0  0  0  0     0
VecSet                 6 1.0 6.3181e-0430.5 0.00e+00 0.0 0.0e+00 0.0e+00 0.0e+00  0  0  0  0  0   0  0  0  0  0     0

--- Event Stage 2: Solve

BuildTwoSided        599 1.0 3.2972e-02 1.2 0.00e+00 0.0 2.2e+04 4.0e+00 0.0e+00  0  0  0  0  0   0  0  0  0  0     0
BuildTwoSidedF     22518 1.0 7.2383e-01 1.3 0.00e+00 0.0 1.5e+04 1.2e+04 0.0e+00  5  0  0  5  0   5  0  0  5  0     0
MatMult            44089 1.0 4.3275e+00 1.1 1.07e+10 1.1 4.7e+06 6.7e+02 4.0e+00 31 74 59 78  0  33 74 59 79  0 85588
MatMultAdd         16428 1.0 9.1025e-01 1.7 1.56e+09 1.0 4.0e+05 2.5e+02 0.0e+00  6 11  5  3  0   6 11  5  3  0 60011
MatMultTranspose   10514 1.0 4.5456e-01 1.6 4.63e+08 1.1 4.0e+05 2.6e+02 6.6e+01  3  3  5  3  0   3  3  5  3  0 35354
MatMultTrAdd          22 1.0 3.8128e-03 1.1 6.32e+06 1.0 9.6e+02 1.2e+03 0.0e+00  0  0  0  0  0   0  0  0  0  0 59042
MatSolve            1167 0.0 1.9588e-03 0.0 2.35e+06 0.0 0.0e+00 0.0e+00 0.0e+00  0  0  0  0  0   0  0  0  0  0  1201
MatLUFactorSym        10 1.0 2.5511e-04 3.0 0.00e+00 0.0 0.0e+00 0.0e+00 0.0e+00  0  0  0  0  0   0  0  0  0  0     0
MatLUFactorNum        10 1.0 1.7381e-0413.8 2.13e+05 0.0 0.0e+00 0.0e+00 0.0e+00  0  0  0  0  0   0  0  0  0  0  1228
MatCopy               10 1.0 1.6680e-02 1.1 0.00e+00 0.0 0.0e+00 0.0e+00 0.0e+00  0  0  0  0  0   0  0  0  0  0     0
MatConvert             1 1.0 4.3061e-03 1.1 0.00e+00 0.0 2.6e+02 5.7e+02 0.0e+00  0  0  0  0  0   0  0  0  0  0     0
MatScale             122 1.0 3.1243e-02 1.1 3.15e+07 1.0 1.2e+04 3.6e+02 1.3e+02  0  0  0  0  0   0  0  0  0  0 35682
MatResidual        10503 1.0 9.4971e-01 1.1 2.20e+09 1.1 1.1e+06 6.3e+02 0.0e+00  7 15 14 17  0   7 15 14 18  0 79888
MatAssemblyBegin    1629 1.0 2.8589e-01 1.6 0.00e+00 0.0 1.5e+04 1.2e+04 0.0e+00  2  0  0  5  0   2  0  0  5  0     0
MatAssemblyEnd      1651 1.0 1.9092e-01 1.1 3.93e+0519.0 5.1e+04 7.3e+01 1.9e+03  1  0  1  0  1   1  0  1  0  1    34
MatGetRowIJ           10 0.0 2.4319e-05 0.0 0.00e+00 0.0 0.0e+00 0.0e+00 0.0e+00  0  0  0  0  0   0  0  0  0  0     0
MatCreateSubMat      120 1.0 4.7794e-02 1.0 0.00e+00 0.0 3.2e+03 1.7e+03 1.0e+03  0  0  0  0  1   0  0  0  0  1     0
MatGetOrdering        10 0.0 2.7323e-04 0.0 0.00e+00 0.0 0.0e+00 0.0e+00 0.0e+00  0  0  0  0  0   0  0  0  0  0     0
MatCoarsen            90 1.0 1.6376e-02 1.0 0.00e+00 0.0 6.4e+04 4.8e+01 2.5e+02  0  0  1  0  0   0  0  1  0  0     0
MatZeroEntries       144 1.0 1.1463e-02 1.2 0.00e+00 0.0 0.0e+00 0.0e+00 0.0e+00  0  0  0  0  0   0  0  0  0  0     0
MatAXPY               10 1.0 3.5588e-02 1.1 9.29e+05 1.0 0.0e+00 0.0e+00 0.0e+00  0  0  0  0  0   0  0  0  0  0   920
MatTranspose         180 1.0 1.5906e-02 1.5 0.00e+00 0.0 0.0e+00 0.0e+00 0.0e+00  0  0  0  0  0   0  0  0  0  0     0
MatMatMult            20 1.0 2.5680e-01 1.0 3.67e+08 1.0 1.5e+03 3.0e+04 1.8e+01  2  3  0  1  0   2  3  0  1  0 50469
MatMatMultSym          2 1.0 7.2927e-02 1.0 0.00e+00 0.0 6.5e+02 9.4e+03 1.6e+01  1  0  0  0  0   1  0  0  0  0     0
MatMatMultNum         20 1.0 1.8383e-01 1.0 3.67e+08 1.0 8.7e+02 4.5e+04 0.0e+00  1  3  0  1  0   1  3  0  1  0 70504
MatPtAP               90 1.0 1.0667e+00 1.0 5.66e+08 1.1 5.6e+04 5.0e+03 9.9e+02  8  4  1  7  1   8  4  1  7  1 18274
MatPtAPSymbolic       90 1.0 7.0319e-01 1.0 0.00e+00 0.0 3.8e+04 4.8e+03 6.3e+02  5  0  0  5  0   6  0  0  5  0     0
MatPtAPNumeric        90 1.0 3.6367e-01 1.0 5.66e+08 1.1 1.8e+04 5.3e+03 3.6e+02  3  4  0  2  0   3  4  0  2  0 53598
MatTrnMatMult         21 1.0 3.8878e-01 1.0 9.58e+07 1.0 1.4e+04 4.3e+03 1.6e+02  3  1  0  2  0   3  1  0  2  0  8767
MatTrnMatMultSym      14 1.0 6.6760e-02 1.0 0.00e+00 0.0 5.7e+03 6.5e+02 1.0e+02  0  0  0  0  0   1  0  0  0  0     0
MatTrnMatMultNum      54 1.0 3.2229e-01 1.0 9.58e+07 1.0 8.4e+03 6.9e+03 5.6e+01  2  1  0  1  0   3  1  0  1  0 10576
MatGetLocalMat       166 1.0 3.6418e-02 1.1 0.00e+00 0.0 0.0e+00 0.0e+00 0.0e+00  0  0  0  0  0   0  0  0  0  0     0
MatGetBrAoCol        112 1.0 1.7960e-02 1.5 0.00e+00 0.0 2.9e+04 6.9e+03 0.0e+00  0  0  0  5  0   0  0  0  5  0     0
SFSetGraph           599 1.0 1.7762e-04 1.6 0.00e+00 0.0 0.0e+00 0.0e+00 0.0e+00  0  0  0  0  0   0  0  0  0  0     0
SFSetUp              599 1.0 3.9936e-02 1.1 0.00e+00 0.0 6.6e+04 7.4e+01 0.0e+00  0  0  1  0  0   0  0  1  0  0     0
SFBcastOpBegin     89170 1.0 3.9544e-01 3.9 0.00e+00 0.0 7.4e+06 4.7e+02 0.0e+00  2  0 93 85  0   2  0 93 86  0     0
SFBcastOpEnd       89170 1.0 1.0436e+00 1.5 0.00e+00 0.0 0.0e+00 0.0e+00 0.0e+00  7  0  0  0  0   7  0  0  0  0     0
SFReduceBegin      10545 1.0 2.4276e-02 3.6 0.00e+00 0.0 4.0e+05 2.6e+02 0.0e+00  0  0  5  3  0   0  0  5  3  0     0
SFReduceEnd        10545 1.0 2.5054e-01 3.9 0.00e+00 0.0 0.0e+00 0.0e+00 0.0e+00  1  0  0  0  0   1  0  0  0  0     0
VecDot              3817 1.0 8.2351e-02 1.1 7.89e+07 1.0 0.0e+00 0.0e+00 3.8e+03  1  1  0  0  2   1  1  0  0  2 33765
VecTDot             4202 1.0 1.9789e-01 1.5 5.29e+07 1.0 0.0e+00 0.0e+00 4.2e+03  1  0  0  0  2   1  0  0  0  2  9404
VecNorm             4927 1.0 4.7837e-01 2.4 8.45e+07 1.0 0.0e+00 0.0e+00 4.9e+03  2  1  0  0  3   2  1  0  0  3  6217
VecScale            6872 1.0 3.7379e-02 1.2 7.12e+07 1.0 0.0e+00 0.0e+00 0.0e+00  0  1  0  0  0   0  1  0  0  0 67044
VecCopy            32906 1.0 2.9419e-02 1.1 0.00e+00 0.0 0.0e+00 0.0e+00 0.0e+00  0  0  0  0  0   0  0  0  0  0     0
VecSet             41822 1.0 2.3882e-02 1.1 0.00e+00 0.0 0.0e+00 0.0e+00 0.0e+00  0  0  0  0  0   0  0  0  0  0     0
VecAXPY             7961 1.0 4.1388e-02 1.1 9.42e+07 1.0 0.0e+00 0.0e+00 0.0e+00  0  1  0  0  0   0  1  0  0  0 80089
VecAYPX            64975 1.0 5.5522e-02 1.1 1.40e+08 1.1 0.0e+00 0.0e+00 0.0e+00  0  1  0  0  0   0  1  0  0  0 87746
VecAXPBYCZ         21006 1.0 2.4907e-02 1.1 1.43e+08 1.1 0.0e+00 0.0e+00 0.0e+00  0  1  0  0  0   0  1  0  0  0 198805
VecSwap               20 1.0 1.9470e-02 1.2 0.00e+00 0.0 0.0e+00 0.0e+00 0.0e+00  0  0  0  0  0   0  0  0  0  0     0
VecAssemblyBegin   22090 1.0 5.2752e-01 1.4 0.00e+00 0.0 0.0e+00 0.0e+00 0.0e+00  3  0  0  0  0   4  0  0  0  0     0
VecAssemblyEnd     22090 1.0 1.3388e-02 1.4 0.00e+00 0.0 0.0e+00 0.0e+00 0.0e+00  0  0  0  0  0   0  0  0  0  0     0
VecPointwiseMult     186 1.0 1.9686e-03 1.1 1.99e+06 1.0 0.0e+00 0.0e+00 0.0e+00  0  0  0  0  0   0  0  0  0  0 35583
VecScatterBegin    99263 1.0 4.3204e-01 3.4 0.00e+00 0.0 7.7e+06 4.6e+02 0.0e+00  2  0 98 88  0   2  0 98 89  0     0
VecScatterEnd      99263 1.0 1.1451e+00 1.3 0.00e+00 0.0 0.0e+00 0.0e+00 0.0e+00  8  0  0  0  0   8  0  0  0  0     0
VecNormalize        2717 1.0 6.8215e-02 1.1 6.55e+07 1.0 0.0e+00 0.0e+00 2.7e+03  1  0  0  0  1   1  0  0  0  1 33800
TaoSolve               1 1.0 1.2578e+01 1.0 1.44e+10 1.1 7.9e+06 5.0e+02 1.9e+05 95100100 99100 100100100100100 39710
TaoObjectiveEval      11 1.0 1.3140e-02 1.1 0.00e+00 0.0 9.6e+02 1.2e+03 0.0e+00  0  0  0  0  0   0  0  0  0  0     0
TaoJacobianEval       11 1.0 2.8591e-01 1.0 1.36e+08 1.0 9.6e+02 1.2e+03 5.6e+03  2  1  0  0  3   2  1  0  0  3 16781
KSPSetUp             230 1.0 1.2553e-02 1.3 0.00e+00 0.0 0.0e+00 0.0e+00 1.8e+02  0  0  0  0  0   0  0  0  0  0     0
KSPSolve              10 1.0 1.0170e+01 1.0 1.42e+10 1.1 7.9e+06 5.0e+02 5.8e+04 77 98100 97 30  81 98100 99 30 48208
PCGAMGGraph_AGG       90 1.0 9.0214e-01 1.0 1.31e+07 1.1 3.8e+04 3.0e+01 1.4e+03  7  0  0  0  1   7  0  0  0  1   508
PCGAMGCoarse_AGG      90 1.0 6.4290e-02 1.0 3.97e+06 1.1 8.3e+04 2.2e+02 4.0e+02  0  0  1  0  0   1  0  1  0  0  2160
PCGAMGProl_AGG        90 1.0 1.7706e+00 1.0 0.00e+00 0.0 2.2e+06 1.0e+02 4.5e+04 13  0 28  6 23  14  0 28  6 23     0
PCGAMGPOpt_AGG        90 1.0 1.3590e-05 7.1 0.00e+00 0.0 0.0e+00 0.0e+00 0.0e+00  0  0  0  0  0   0  0  0  0  0     0
GAMG: createProl      90 1.0 2.7384e+00 1.0 1.70e+07 1.1 2.4e+06 1.1e+02 4.7e+04 21  0 30  6 24  22  0 30  6 24   218
  Graph              180 1.0 9.0044e-01 1.0 1.31e+07 1.1 3.8e+04 3.0e+01 1.4e+03  7  0  0  0  1   7  0  0  0  1   509
  MIS/Agg             90 1.0 1.6880e-02 1.0 0.00e+00 0.0 6.4e+04 4.8e+01 2.5e+02  0  0  1  0  0   0  0  1  0  0     0
  SA: col data        90 1.0 1.5186e+00 1.0 0.00e+00 0.0 2.2e+06 8.6e+01 4.4e+04 11  0 28  5 23  12  0 28  5 23     0
  SA: frmProl0        90 1.0 2.4235e-01 1.0 0.00e+00 0.0 9.7e+03 4.0e+03 3.6e+02  2  0  0  1  0   2  0  0  1  0     0
GAMG: partLevel       90 1.0 1.1384e+00 1.0 5.66e+08 1.1 6.1e+04 4.7e+03 2.9e+03  9  4  1  7  2   9  4  1  7  2 17122
  repartition         40 1.0 7.1819e-02 1.0 0.00e+00 0.0 5.3e+03 1.5e+03 1.9e+03  1  0  0  0  1   1  0  0  0  1     0
  Invert-Sort         40 1.0 5.3976e-03 1.1 0.00e+00 0.0 0.0e+00 0.0e+00 2.4e+02  0  0  0  0  0   0  0  0  0  0     0
  Move A              40 1.0 3.1678e-02 1.0 0.00e+00 0.0 2.5e+03 2.1e+03 5.2e+02  0  0  0  0  0   0  0  0  0  0     0
  Move P              40 1.0 1.9742e-02 1.0 0.00e+00 0.0 7.4e+02 5.2e+01 5.6e+02  0  0  0  0  0   0  0  0  0  0     0
PCSetUp               40 1.0 4.2999e+00 1.0 9.58e+08 1.1 2.4e+06 2.4e+02 5.0e+04 32  7 31 15 26  34  7 31 15 26  7786
PCSetUpOnBlocks     1167 1.0 1.1449e-03 1.8 2.13e+05 0.0 0.0e+00 0.0e+00 0.0e+00  0  0  0  0  0   0  0  0  0  0   186
PCApply               10 1.0 9.8304e+00 1.0 1.38e+10 1.1 7.9e+06 4.9e+02 5.8e+04 74 95100 96 30  78 95100 97 30 48512
KSPSolve_FS_0         10 1.0 1.3113e-04 1.3 3.53e+05 1.1 0.0e+00 0.0e+00 0.0e+00  0  0  0  0  0   0  0  0  0  0 92158
KSPSolve_FS_Schu      10 1.0 9.8223e+00 1.0 1.38e+10 1.1 7.9e+06 4.9e+02 5.8e+04 74 95100 96 30  78 95100 97 30 48503
KSPSolve_FS_Low       10 1.0 5.4359e-04 1.2 3.53e+05 1.1 0.0e+00 0.0e+00 0.0e+00  0  0  0  0  0   0  0  0  0  0 22231
------------------------------------------------------------------------------------------------------------------------

Memory usage is given in bytes:

Object Type          Creations   Destructions     Memory  Descendants' Mem.
Reports information only for process 0.

--- Event Stage 0: Main Stage

    Distributed Mesh     0              1         5032     0.
              Matrix     0            103     21901948     0.
           Index Set     1             19        27248     0.
   Star Forest Graph     1             23        22640     0.
     Discrete System     0              1          944     0.
              Vector     3            115      2043584     0.
         Vec Scatter     1             21        16800     0.
                 Tao     0              1         1880     0.
       Krylov Solver     0             24        67264     0.
      Preconditioner     0             15        19220     0.
              Viewer     1              1          840     0.

--- Event Stage 1: Setup

           Container     4              2         1152     0.
    Distributed Mesh     4              2        10424     0.
            DM Label     6              4         2528     0.
    GraphPartitioner     2              1          688     0.
              Matrix     9              1         2832     0.
           Index Set   142            131      5497444     0.
   IS L to G Mapping     2              1       375404     0.
             Section    24             13         9360     0.
   Star Forest Graph    22             15        14368     0.
     Discrete System     7              6         5664     0.
              Vector    15              3      4847440     0.
         Vec Scatter     2              0            0     0.
                 Tao     1              0            0     0.
       Krylov Solver     3              0            0     0.
      Preconditioner     3              0            0     0.

--- Event Stage 2: Solve

    Distributed Mesh     1              0            0     0.
              Matrix  2179           2031     91872988     0.
      Matrix Coarsen    90             90        57240     0.
   Matrix Null Space    11              0            0     0.
           Index Set  1564           1546      2409312     0.
   Star Forest Graph   601            571       566432     0.
     Discrete System     1              0            0     0.
              Vector 25767          25471    175437800     0.
         Vec Scatter   509            481       384800     0.
       Krylov Solver    22              1         1400     0.
      Preconditioner    13              1          824     0.
              Viewer     1              0            0     0.
         PetscRandom    90             90        58140     0.
========================================================================================================================
Average time to get PetscTime(): 0.
Average time for MPI_Barrier(): 9.20296e-06
Average time for zero size MPI_Send(): 5.11275e-06
#PETSc Option Table entries:
-bal ba-problems/45_block_drift.problem/problem_noised.bbal
-csv ba-problems/45_block_drift.problem/parallel_gamg_np9.csv
-fieldsplit_camera_ksp_converged_reason
-fieldsplit_camera_ksp_convergence_test nash
-fieldsplit_camera_ksp_rtol 0.01
-fieldsplit_camera_ksp_type cg
-fieldsplit_camera_mat_schur_complement_ainv_type blockdiag
-fieldsplit_camera_mg_levels_esteig_ksp_type cg
-fieldsplit_camera_mg_levels_pc_type pbjacobi
-fieldsplit_camera_pc_gamg_agg_nsmooths 0
-fieldsplit_camera_pc_type gamg
-fieldsplit_point_ksp_type preonly
-fieldsplit_point_pc_type pbjacobi
-ksp_type preonly
-log_view ascii:ba-problems/45_block_drift.problem/parallel_gamg_np9.log
-pc_fieldsplit_schur_precondition selfp
-pc_fieldsplit_type schur
-pc_type fieldsplit
-petscpartitioner_type ptscotch
-robust
-tao_diagonal_scale
-tao_max_it 10
-tao_trust0 1e4
-tao_type lm
#End of PETSc Option Table entries
Compiled without FORTRAN kernels
Compiled with full precision matrices (default)
sizeof(short) 2 sizeof(int) 4 sizeof(long) 8 sizeof(void*) 8 sizeof(PetscScalar) 8 sizeof(PetscInt) 4
Configure options: -with-debugging=0 COPTFLAGS="-O3 -march=native -mtune=native" CXXOPTFLAGS="-O3 -march=native -mtune=native" FOPTFLAGS="-O3 -march=native -mtune=native" --download-superlu --download-metis --download-parmetis --download-suitesparse --with-cc=cc --with-mpicc=cc --with-mpi-dir=/opt/cray/pe/mpt/7.7.10/gni/mpich-gnu/8.2 --with-cuda=0 --with-cusp=0 --with-fc=0 --download-ptscotch --download-hypre --with-hdf5
-----------------------------------------
Libraries compiled on 2020-03-16 01:29:45 on cori07 
Machine characteristics: Linux-4.12.14-150.47-default-x86_64-with-glibc2.2.5
Using PETSc directory: /global/cscratch1/sd/tkonolig/bundle_adjustment/petsc
Using PETSc arch: arch-linux2-c-opt
-----------------------------------------

Using C compiler: cc  -fPIC -O3 -march=native -mtune=native  
-----------------------------------------

Using include paths: -I/global/cscratch1/sd/tkonolig/bundle_adjustment/petsc/include -I/global/cscratch1/sd/tkonolig/bundle_adjustment/petsc/arch-linux2-c-opt/include -I/opt/cray/pe/mpt/7.7.10/gni/mpich-gnu/8.2/include
-----------------------------------------

Using C linker: cc
Using libraries: -Wl,-rpath,/global/cscratch1/sd/tkonolig/bundle_adjustment/petsc/arch-linux2-c-opt/lib -L/global/cscratch1/sd/tkonolig/bundle_adjustment/petsc/arch-linux2-c-opt/lib -lpetsc -Wl,-rpath,/global/cscratch1/sd/tkonolig/bundle_adjustment/petsc/arch-linux2-c-opt/lib -L/global/cscratch1/sd/tkonolig/bundle_adjustment/petsc/arch-linux2-c-opt/lib -Wl,-rpath,/opt/cray/pe/mpt/7.7.10/gni/mpich-gnu/8.2/lib -L/opt/cray/pe/mpt/7.7.10/gni/mpich-gnu/8.2/lib -lHYPRE -lumfpack -lklu -lcholmod -lbtf -lccolamd -lcolamd -lcamd -lamd -lsuitesparseconfig -lsuperlu -lptesmumps -lptscotchparmetis -lptscotch -lptscotcherr -lesmumps -lscotch -lscotcherr -lparmetis -lmetis -lX11 -lmpich -lssl -luuid -lpthread -lrt -ldl -lrt -lquadmath -lstdc++ -ldl
-----------------------------------------

