************************************************************************************************************************
***             WIDEN YOUR WINDOW TO 120 CHARACTERS.  Use 'enscript -r -fCourier9' to print this document            ***
************************************************************************************************************************

---------------------------------------------- PETSc Performance Summary: ----------------------------------------------

/global/cscratch1/sd/tkonolig/bundle_adjustment/ba-tao/build/bin/TaoBundleAdjustment on a arch-linux2-c-opt named nid01836 with 36 processors, by tkonolig Mon Mar 16 10:38:24 2020
Using Petsc Development GIT revision: unknown  GIT Date: unknown

                         Max       Max/Min     Avg       Total 
Time (sec):           3.997e+00     1.002   3.988e+00
Objects:              1.714e+03     1.069   1.607e+03
Flop:                 2.269e+09     1.042   2.227e+09  8.017e+10
Flop/sec:             5.691e+08     1.045   5.585e+08  2.010e+10
MPI Messages:         7.677e+03     3.945   4.656e+03  1.676e+05
MPI Message Lengths:  3.147e+07     5.193   2.270e+03  3.805e+08
MPI Reductions:       1.373e+05     1.000

Flop counting convention: 1 flop = 1 real number operation of type (multiply/divide/add/subtract)
                            e.g., VecAXPY() for real vectors of length N --> 2N flop
                            and VecAXPY() for complex vectors of length N --> 8N flop

Summary of Stages:   ----- Time ------  ----- Flop ------  --- Messages ---  -- Message Lengths --  -- Reductions --
                        Avg     %Total     Avg     %Total    Count   %Total     Avg         %Total    Count   %Total 
 0:      Main Stage: 2.3068e-01   5.8%  0.0000e+00   0.0%  8.100e+02   0.5%  1.162e+04        2.5%  5.000e+00   0.0% 
 1:           Setup: 5.0495e-01  12.7%  0.0000e+00   0.0%  2.295e+03   1.4%  2.046e+04       12.3%  7.100e+01   0.1% 
 2:           Solve: 3.2521e+00  81.6%  8.0173e+10 100.0%  1.645e+05  98.1%  1.970e+03       85.2%  1.372e+05  99.9% 

------------------------------------------------------------------------------------------------------------------------
See the 'Profiling' chapter of the users' manual for details on interpreting output.
Phase summary info:
   Count: number of times phase was executed
   Time and Flop: Max - maximum over all processors
                  Ratio - ratio of maximum to minimum over all processors
   Mess: number of messages sent
   AvgLen: average message length (bytes)
   Reduct: number of global reductions
   Global: entire computation
   Stage: stages of a computation. Set stages with PetscLogStagePush() and PetscLogStagePop().
      %T - percent time in this phase         %F - percent flop in this phase
      %M - percent messages in this phase     %L - percent message lengths in this phase
      %R - percent reductions in this phase
   Total Mflop/s: 10e-6 * (sum of flop over all processors)/(max time over all processors)
------------------------------------------------------------------------------------------------------------------------
Event                Count      Time (sec)     Flop                              --- Global ---  --- Stage ----  Total
                   Max Ratio  Max     Ratio   Max  Ratio  Mess   AvgLen  Reduct  %T %F %M %L %R  %T %F %M %L %R Mflop/s
------------------------------------------------------------------------------------------------------------------------

--- Event Stage 0: Main Stage

PetscBarrier           2 1.0 3.7431e-02575.1 0.00e+00 0.0 0.0e+00 0.0e+00 0.0e+00  0  0  0  0  0   8  0  0  0  0     0
BuildTwoSided          1 1.0 8.2111e-04 1.1 0.00e+00 0.0 1.6e+02 4.0e+00 0.0e+00  0  0  0  0  0   0  0 20  0  0     0
DMPlexGToNBegin        1 1.0 2.4240e-03 2.0 0.00e+00 0.0 8.1e+02 8.6e+03 0.0e+00  0  0  0  2  0   1  0100 74  0     0
DMPlexGToNEnd          1 1.0 1.2259e-0323.6 0.00e+00 0.0 0.0e+00 0.0e+00 0.0e+00  0  0  0  0  0   0  0  0  0  0     0
SFSetUp                2 1.0 2.3391e-03 2.0 0.00e+00 0.0 4.9e+02 4.8e+03 0.0e+00  0  0  0  1  0   1  0 60 25  0     0
SFBcastOpBegin         2 1.0 1.5211e-04 1.8 0.00e+00 0.0 3.2e+02 2.2e+04 1.0e+00  0  0  0  2  0   0  0 40 75 20     0
SFBcastOpEnd           2 1.0 3.1860e-0311.4 0.00e+00 0.0 0.0e+00 0.0e+00 0.0e+00  0  0  0  0  0   1  0  0  0  0     0
VecSet                 2 1.0 1.4632e-03 0.0 0.00e+00 0.0 0.0e+00 0.0e+00 0.0e+00  0  0  0  0  0   0  0  0  0  0     0
VecScatterBegin        1 1.0 7.2956e-05 2.4 0.00e+00 0.0 0.0e+00 0.0e+00 1.0e+00  0  0  0  1  0   0  0  0 26 20     0
VecScatterEnd          1 1.0 1.9629e-0319.8 0.00e+00 0.0 0.0e+00 0.0e+00 0.0e+00  0  0  0  0  0   1  0  0  0  0     0

--- Event Stage 1: Setup

BuildTwoSided         11 1.0 5.6939e-03 3.5 0.00e+00 0.0 2.5e+02 4.0e+00 0.0e+00  0  0  0  0  0   1  0 11  0  0     0
MatAssemblyBegin       2 1.0 4.0531e-06 2.1 0.00e+00 0.0 0.0e+00 0.0e+00 0.0e+00  0  0  0  0  0   0  0  0  0  0     0
MatAssemblyEnd         2 1.0 2.3060e-03 1.4 0.00e+00 0.0 1.3e+02 3.9e+02 8.0e+00  0  0  0  0  0   0  0  6  0 11     0
Mesh Partition         1 1.0 2.2075e-01 1.0 0.00e+00 0.0 1.4e+02 1.4e+04 9.0e+00  6  0  0  1  0  44  0  6  4 13     0
Mesh Migration         1 1.0 7.1871e-03 1.1 0.00e+00 0.0 4.6e+02 3.4e+04 6.0e+00  0  0  0  4  0   1  0 20 33  8     0
DMPlexPartSelf         1 1.0 1.3383e-021701.0 0.00e+00 0.0 0.0e+00 0.0e+00 0.0e+00  0  0  0  0  0   0  0  0  0  0     0
DMPlexPartLblInv       1 1.0 1.9295e-02 3.3 0.00e+00 0.0 0.0e+00 0.0e+00 3.0e+00  0  0  0  0  0   4  0  0  1  4     0
DMPlexPartLblSF        1 1.0 1.4470e-03 1.1 0.00e+00 0.0 5.2e+01 9.3e+03 0.0e+00  0  0  0  0  0   0  0  2  1  0     0
DMPlexPartStrtSF       1 1.0 3.7301e-0313.3 0.00e+00 0.0 3.5e+01 1.4e+04 0.0e+00  0  0  0  0  0   1  0  2  1  0     0
DMPlexPointSF          1 1.0 5.7900e-03 1.1 0.00e+00 0.0 7.0e+01 3.5e+04 0.0e+00  0  0  0  1  0   1  0  3  5  0     0
DMPlexDistribute       1 1.0 2.4415e-01 1.0 0.00e+00 0.0 1.4e+03 2.3e+04 2.3e+01  6  0  1  8  0  48  0 60 67 32     0
DMPlexDistCones        1 1.0 2.0351e-03 1.1 0.00e+00 0.0 1.9e+02 3.1e+04 1.0e+00  0  0  0  2  0   0  0  8 13  1     0
DMPlexDistLabels       1 1.0 2.6941e-05 1.2 0.00e+00 0.0 0.0e+00 0.0e+00 3.0e+00  0  0  0  0  0   0  0  0  0  4     0
DMPlexDistField        1 1.0 3.9239e-03 1.4 0.00e+00 0.0 1.9e+02 4.5e+04 1.0e+00  0  0  0  2  0   1  0  8 18  1     0
DMPlexDistData         2 1.0 5.0230e-03 1.0 0.00e+00 0.0 3.2e+02 4.8e+04 2.0e+00  0  0  0  4  0   1  0 14 32  3     0
DMPlexStratify         2 1.0 6.4169e-0230.4 0.00e+00 0.0 0.0e+00 0.0e+00 2.0e+00  2  0  0  0  0  12  0  0  0  3     0
DMPlexSymmetrize       2 1.0 4.9438e-03 2.8 0.00e+00 0.0 0.0e+00 0.0e+00 0.0e+00  0  0  0  0  0   0  0  0  0  0     0
SFSetGraph            15 1.0 1.6294e-0377.7 0.00e+00 0.0 0.0e+00 0.0e+00 0.0e+00  0  0  0  0  0   0  0  0  0  0     0
SFSetUp               12 1.0 7.8902e-03 1.5 0.00e+00 0.0 7.6e+02 1.4e+04 0.0e+00  0  0  0  3  0   1  0 33 23  0     0
SFBcastOpBegin        29 1.0 4.8840e-0342.5 0.00e+00 0.0 1.4e+03 1.9e+04 0.0e+00  0  0  1  7  0   0  0 62 57  0     0
SFBcastOpEnd          29 1.0 1.8429e-02 2.2 0.00e+00 0.0 0.0e+00 0.0e+00 0.0e+00  0  0  0  0  0   3  0  0  0  0     0
SFReduceBegin          3 1.0 4.8208e-0411.2 0.00e+00 0.0 7.0e+01 1.2e+05 1.0e+00  0  0  0  2  0   0  0  3 18  1     0
SFReduceEnd            3 1.0 6.9544e-03 1.3 0.00e+00 0.0 0.0e+00 0.0e+00 0.0e+00  0  0  0  0  0   1  0  0  0  0     0
SFDistSection          5 1.0 2.7971e-03 1.4 0.00e+00 0.0 4.2e+02 1.4e+04 5.0e+00  0  0  0  2  0   0  0 18 12  7     0
SFSectionSF            5 1.0 6.0542e-03 3.0 0.00e+00 0.0 2.6e+02 3.7e+04 0.0e+00  0  0  0  3  0   1  0 11 21  0     0
VecCopy                1 1.0 2.0981e-05 2.1 0.00e+00 0.0 0.0e+00 0.0e+00 0.0e+00  0  0  0  0  0   0  0  0  0  0     0
VecSet                 6 1.0 6.3944e-0429.2 0.00e+00 0.0 0.0e+00 0.0e+00 0.0e+00  0  0  0  0  0   0  0  0  0  0     0

--- Event Stage 2: Solve

BuildTwoSided         19 1.0 1.6003e-03 1.5 0.00e+00 0.0 3.0e+02 4.0e+00 0.0e+00  0  0  0  0  0   0  0  0  0  0     0
BuildTwoSidedF       108 1.0 8.9829e-02 1.9 0.00e+00 0.0 2.9e+03 1.7e+04 0.0e+00  2  0  2 13  0   2  0  2 15  0     0
MatMult              890 1.0 4.7333e-01 1.1 1.34e+09 1.1 1.5e+05 1.4e+03 4.0e+00 11 59 91 57  0  14 59 93 67  0 99401
MatMultAdd           870 1.0 5.0380e-02 1.1 1.62e+08 1.0 0.0e+00 0.0e+00 0.0e+00  1  7  0  0  0   1  7  0  0  0 113027
MatMultTranspose      11 1.0 6.8717e-03 1.2 6.32e+06 1.0 9.6e+02 1.2e+03 6.6e+01  0  0  1  0  0   0  0  1  0  0 32760
MatMultTrAdd          22 1.0 4.2295e-03 1.3 6.32e+06 1.0 9.6e+02 1.2e+03 0.0e+00  0  0  1  0  0   0  0  1  0  0 53224
MatCopy               10 1.0 1.6637e-02 1.1 0.00e+00 0.0 0.0e+00 0.0e+00 0.0e+00  0  0  0  0  0   0  0  0  0  0     0
MatConvert             1 1.0 4.2911e-03 1.1 0.00e+00 0.0 2.6e+02 5.7e+02 0.0e+00  0  0  0  0  0   0  0  0  0  0     0
MatScale              32 1.0 2.7059e-02 1.0 3.12e+07 1.0 2.9e+03 1.3e+03 1.3e+02  1  1  2  1  0   1  1  2  1  0 40821
MatAssemblyBegin     219 1.0 9.3115e-02 1.7 0.00e+00 0.0 2.9e+03 1.7e+04 0.0e+00  2  0  2 13  0   2  0  2 15  0     0
MatAssemblyEnd       241 1.0 2.4738e-02 1.7 1.67e+05 0.0 6.5e+02 5.3e+02 6.4e+01  0  0  0  0  0   1  0  0  0  0   113
MatCreateSubMat       40 1.0 7.2789e-04 1.2 0.00e+00 0.0 0.0e+00 0.0e+00 6.0e+01  0  0  0  0  0   0  0  0  0  0     0
MatZeroEntries        44 1.0 8.5211e-03 1.1 0.00e+00 0.0 0.0e+00 0.0e+00 0.0e+00  0  0  0  0  0   0  0  0  0  0     0
MatAXPY               10 1.0 3.4596e-02 1.1 9.29e+05 1.0 0.0e+00 0.0e+00 0.0e+00  1  0  0  0  0   1  0  0  0  0   946
MatMatMult            20 1.0 2.5699e-01 1.0 3.67e+08 1.0 1.5e+03 3.0e+04 1.8e+01  6 16  1 12  0   8 16  1 14  0 50432
MatMatMultSym          2 1.0 7.3849e-02 1.0 0.00e+00 0.0 6.5e+02 9.4e+03 1.6e+01  2  0  0  2  0   2  0  0  2  0     0
MatMatMultNum         20 1.0 1.8302e-01 1.0 3.67e+08 1.0 8.7e+02 4.5e+04 0.0e+00  5 16  1 10  0   6 16  1 12  0 70814
MatTrnMatMult         11 1.0 3.4615e-01 1.0 9.19e+07 1.0 3.7e+03 1.4e+04 5.0e+01  9  4  2 13  0  11  4  2 15  0  9446
MatTrnMatMultSym       4 1.0 4.7450e-02 1.0 0.00e+00 0.0 5.2e+02 2.5e+03 3.2e+01  1  0  0  0  0   1  0  0  0  0     0
MatTrnMatMultNum      44 1.0 2.9897e-01 1.0 9.19e+07 1.0 3.1e+03 1.6e+04 1.6e+01  7  4  2 13  0   9  4  2 15  0 10936
MatGetLocalMat        66 1.0 2.8053e-02 1.1 0.00e+00 0.0 0.0e+00 0.0e+00 0.0e+00  1  0  0  0  0   1  0  0  0  0     0
MatGetBrAoCol         22 1.0 3.5920e-03 1.4 0.00e+00 0.0 1.1e+03 4.0e+04 0.0e+00  0  0  1 12  0   0  0  1 14  0     0
SFSetGraph            19 1.0 1.6212e-05 2.3 0.00e+00 0.0 0.0e+00 0.0e+00 0.0e+00  0  0  0  0  0   0  0  0  0  0     0
SFSetUp               19 1.0 2.1009e-03 1.4 0.00e+00 0.0 9.1e+02 5.4e+02 0.0e+00  0  0  1  0  0   0  0  1  0  0     0
SFBcastOpBegin      2738 1.0 1.2602e-02 3.5 0.00e+00 0.0 1.6e+05 1.4e+03 0.0e+00  0  0 94 59  0   0  0 96 69  0     0
SFBcastOpEnd        2738 1.0 1.6909e-02 6.4 0.00e+00 0.0 0.0e+00 0.0e+00 0.0e+00  0  0  0  0  0   0  0  0  0  0     0
SFReduceBegin         42 1.0 2.2888e-04 1.9 0.00e+00 0.0 9.6e+02 1.2e+03 0.0e+00  0  0  1  0  0   0  0  1  0  0     0
SFReduceEnd           42 1.0 1.2112e-03 5.2 0.00e+00 0.0 0.0e+00 0.0e+00 0.0e+00  0  0  0  0  0   0  0  0  0  0     0
VecDot              3530 1.0 7.0907e-02 1.1 7.30e+07 1.0 0.0e+00 0.0e+00 3.5e+03  2  3  0  0  3   2  3  0  0  3 36271
VecTDot             1740 1.0 1.1358e-01 1.6 3.59e+07 1.0 0.0e+00 0.0e+00 1.7e+03  2  2  0  0  1   3  2  0  0  1 11141
VecNorm             3650 1.0 1.2766e-01 1.1 7.59e+07 1.0 0.0e+00 0.0e+00 3.6e+03  3  3  0  0  3   4  3  0  0  3 20931
VecScale            1796 1.0 1.8279e-02 1.2 1.88e+07 1.0 0.0e+00 0.0e+00 0.0e+00  0  1  0  0  0   1  1  0  0  0 36123
VecCopy              930 1.0 6.7022e-03 1.1 0.00e+00 0.0 0.0e+00 0.0e+00 0.0e+00  0  0  0  0  0   0  0  0  0  0     0
VecSet              1147 1.0 3.4432e-03 1.1 0.00e+00 0.0 0.0e+00 0.0e+00 0.0e+00  0  0  0  0  0   0  0  0  0  0     0
VecAXPY             5300 1.0 3.4329e-02 1.1 7.15e+07 1.0 0.0e+00 0.0e+00 0.0e+00  1  3  0  0  0   1  3  0  0  0 73330
VecAYPX              860 1.0 4.0450e-03 1.2 1.78e+07 1.0 0.0e+00 0.0e+00 0.0e+00  0  1  0  0  0   0  1  0  0  0 154616
VecSwap               20 1.0 1.7409e-02 1.1 0.00e+00 0.0 0.0e+00 0.0e+00 0.0e+00  0  0  0  0  0   1  0  0  0  0     0
VecPointwiseMult     186 1.0 1.9205e-03 1.1 1.99e+06 1.0 0.0e+00 0.0e+00 0.0e+00  0  0  0  0  0   0  0  0  0  0 36476
VecScatterBegin     2758 1.0 1.3255e-02 3.3 0.00e+00 0.0 1.6e+05 1.4e+03 0.0e+00  0  0 94 58  0   0  0 95 68  0     0
VecScatterEnd       2758 1.0 1.6499e-02 5.0 0.00e+00 0.0 0.0e+00 0.0e+00 0.0e+00  0  0  0  0  0   0  0  0  0  0     0
VecNormalize        2717 1.0 6.5497e-02 1.1 6.52e+07 1.0 0.0e+00 0.0e+00 2.7e+03  2  3  0  0  2   2  3  0  0  2 35086
TaoSolve               1 1.0 3.2521e+00 1.0 2.27e+09 1.0 1.6e+05 2.0e+03 1.4e+05 82100 98 85100 100100100100100 24652
TaoObjectiveEval      11 1.0 1.3371e-02 1.1 0.00e+00 0.0 9.6e+02 1.2e+03 0.0e+00  0  0  1  0  0   0  0  1  0  0     0
TaoJacobianEval       11 1.0 2.9739e-01 1.0 1.36e+08 1.0 9.6e+02 1.2e+03 5.6e+03  7  6  1  0  4   9  6  1  0  4 16103
KSPSetUp              30 1.0 7.9870e-05 1.4 0.00e+00 0.0 0.0e+00 0.0e+00 0.0e+00  0  0  0  0  0   0  0  0  0  0     0
KSPSolve              10 1.0 1.0501e+00 1.0 2.01e+09 1.0 1.6e+05 1.7e+03 3.7e+03 26 89 93 70  3  32 89 94 82  3 67603
PCSetUp               30 1.0 3.7189e-01 1.0 3.79e+08 1.0 2.0e+03 2.5e+04 2.0e+02  9 17  1 13  0  11 17  1 15  0 36008
PCApply               10 1.0 7.1124e-01 1.0 1.64e+09 1.0 1.5e+05 1.4e+03 3.5e+03 18 72 91 57  3  22 72 93 67  3 80983
KSPSolve_FS_0         10 1.0 1.3041e-04 1.3 3.53e+05 1.1 0.0e+00 0.0e+00 0.0e+00  0  0  0  0  0   0  0  0  0  0 92664
KSPSolve_FS_Schu      10 1.0 7.0304e-01 1.0 1.62e+09 1.0 1.5e+05 1.4e+03 3.5e+03 18 71 90 56  3  22 71 92 66  3 81235
KSPSolve_FS_Low       10 1.0 5.5957e-04 1.2 3.53e+05 1.1 0.0e+00 0.0e+00 0.0e+00  0  0  0  0  0   0  0  0  0  0 21597
------------------------------------------------------------------------------------------------------------------------

Memory usage is given in bytes:

Object Type          Creations   Destructions     Memory  Descendants' Mem.
Reports information only for process 0.

--- Event Stage 0: Main Stage

    Distributed Mesh     0              1         5032     0.
              Matrix     0              5     14083060     0.
           Index Set     1              1          888     0.
   Star Forest Graph     1              5         4784     0.
     Discrete System     0              1          944     0.
              Vector     3             14      1166352     0.
         Vec Scatter     1              3         2400     0.
                 Tao     0              1         1880     0.
       Krylov Solver     0              4         5928     0.
      Preconditioner     0              4         3608     0.
              Viewer     1              1          840     0.

--- Event Stage 1: Setup

           Container     4              2         1152     0.
    Distributed Mesh     4              2        10424     0.
            DM Label     6              4         2528     0.
    GraphPartitioner     2              1          688     0.
              Matrix     9              1         2832     0.
           Index Set   142            131      5497444     0.
   IS L to G Mapping     2              1       375404     0.
             Section    24             13         9360     0.
   Star Forest Graph    22             15        14368     0.
     Discrete System     7              6         5664     0.
              Vector    15              3      4847440     0.
         Vec Scatter     2              0            0     0.
                 Tao     1              0            0     0.
       Krylov Solver     3              0            0     0.
      Preconditioner     3              0            0     0.

--- Event Stage 2: Solve

    Distributed Mesh     1              0            0     0.
              Matrix    59              9      1177236     0.
   Matrix Null Space    11              0            0     0.
           Index Set    54             54       710832     0.
   Star Forest Graph    21              9         8928     0.
     Discrete System     1              0            0     0.
              Vector  1290           1095     86873304     0.
         Vec Scatter    19              9         7200     0.
       Krylov Solver     2              1         1400     0.
      Preconditioner     2              1          824     0.
              Viewer     1              0            0     0.
========================================================================================================================
Average time to get PetscTime(): 0.
Average time for MPI_Barrier(): 9.77516e-06
Average time for zero size MPI_Send(): 4.75513e-06
#PETSc Option Table entries:
-bal ba-problems/45_block_drift.problem/problem_noised.bbal
-csv ba-problems/45_block_drift.problem/parallel_pbjacobi_np9.csv
-fieldsplit_camera_ksp_converged_reason
-fieldsplit_camera_ksp_convergence_test nash
-fieldsplit_camera_ksp_rtol 0.01
-fieldsplit_camera_ksp_type cg
-fieldsplit_camera_mat_schur_complement_ainv_type blockdiag
-fieldsplit_camera_pc_type pbjacobi
-fieldsplit_point_ksp_type preonly
-fieldsplit_point_pc_type pbjacobi
-ksp_type preonly
-log_view ascii:ba-problems/45_block_drift.problem/parallel_pbjacobi_np9.log
-pc_fieldsplit_schur_precondition selfp
-pc_fieldsplit_type schur
-pc_type fieldsplit
-petscpartitioner_type ptscotch
-robust
-tao_diagonal_scale
-tao_max_it 10
-tao_trust0 1e4
-tao_type lm
#End of PETSc Option Table entries
Compiled without FORTRAN kernels
Compiled with full precision matrices (default)
sizeof(short) 2 sizeof(int) 4 sizeof(long) 8 sizeof(void*) 8 sizeof(PetscScalar) 8 sizeof(PetscInt) 4
Configure options: -with-debugging=0 COPTFLAGS="-O3 -march=native -mtune=native" CXXOPTFLAGS="-O3 -march=native -mtune=native" FOPTFLAGS="-O3 -march=native -mtune=native" --download-superlu --download-metis --download-parmetis --download-suitesparse --with-cc=cc --with-mpicc=cc --with-mpi-dir=/opt/cray/pe/mpt/7.7.10/gni/mpich-gnu/8.2 --with-cuda=0 --with-cusp=0 --with-fc=0 --download-ptscotch --download-hypre --with-hdf5
-----------------------------------------
Libraries compiled on 2020-03-16 01:29:45 on cori07 
Machine characteristics: Linux-4.12.14-150.47-default-x86_64-with-glibc2.2.5
Using PETSc directory: /global/cscratch1/sd/tkonolig/bundle_adjustment/petsc
Using PETSc arch: arch-linux2-c-opt
-----------------------------------------

Using C compiler: cc  -fPIC -O3 -march=native -mtune=native  
-----------------------------------------

Using include paths: -I/global/cscratch1/sd/tkonolig/bundle_adjustment/petsc/include -I/global/cscratch1/sd/tkonolig/bundle_adjustment/petsc/arch-linux2-c-opt/include -I/opt/cray/pe/mpt/7.7.10/gni/mpich-gnu/8.2/include
-----------------------------------------

Using C linker: cc
Using libraries: -Wl,-rpath,/global/cscratch1/sd/tkonolig/bundle_adjustment/petsc/arch-linux2-c-opt/lib -L/global/cscratch1/sd/tkonolig/bundle_adjustment/petsc/arch-linux2-c-opt/lib -lpetsc -Wl,-rpath,/global/cscratch1/sd/tkonolig/bundle_adjustment/petsc/arch-linux2-c-opt/lib -L/global/cscratch1/sd/tkonolig/bundle_adjustment/petsc/arch-linux2-c-opt/lib -Wl,-rpath,/opt/cray/pe/mpt/7.7.10/gni/mpich-gnu/8.2/lib -L/opt/cray/pe/mpt/7.7.10/gni/mpich-gnu/8.2/lib -lHYPRE -lumfpack -lklu -lcholmod -lbtf -lccolamd -lcolamd -lcamd -lamd -lsuitesparseconfig -lsuperlu -lptesmumps -lptscotchparmetis -lptscotch -lptscotcherr -lesmumps -lscotch -lscotcherr -lparmetis -lmetis -lX11 -lmpich -lssl -luuid -lpthread -lrt -ldl -lrt -lquadmath -lstdc++ -ldl
-----------------------------------------

