************************************************************************************************************************
***             WIDEN YOUR WINDOW TO 120 CHARACTERS.  Use 'enscript -r -fCourier9' to print this document            ***
************************************************************************************************************************

---------------------------------------------- PETSc Performance Summary: ----------------------------------------------

/global/cscratch1/sd/tkonolig/bundle_adjustment/ba-tao/build/bin/TaoBundleAdjustment on a arch-linux2-c-opt named nid01058 with 4 processors, by tkonolig Mon Mar 16 10:26:48 2020
Using Petsc Development GIT revision: unknown  GIT Date: unknown

                         Max       Max/Min     Avg       Total 
Time (sec):           8.384e+00     1.000   8.382e+00
Objects:              1.236e+04     1.001   1.235e+04
Flop:                 2.166e+10     1.015   2.154e+10  8.616e+10
Flop/sec:             2.584e+09     1.016   2.570e+09  1.028e+10
MPI Messages:         3.512e+04     1.499   2.927e+04  1.171e+05
MPI Message Lengths:  5.290e+07     1.486   1.413e+03  1.654e+08
MPI Reductions:       1.803e+05     1.000

Flop counting convention: 1 flop = 1 real number operation of type (multiply/divide/add/subtract)
                            e.g., VecAXPY() for real vectors of length N --> 2N flop
                            and VecAXPY() for complex vectors of length N --> 8N flop

Summary of Stages:   ----- Time ------  ----- Flop ------  --- Messages ---  -- Message Lengths --  -- Reductions --
                        Avg     %Total     Avg     %Total    Count   %Total     Avg         %Total    Count   %Total 
 0:      Main Stage: 6.1812e-02   0.7%  0.0000e+00   0.0%  2.750e+01   0.0%  3.269e+04        0.5%  5.000e+00   0.0% 
 1:           Setup: 1.1303e-01   1.3%  0.0000e+00   0.0%  1.660e+02   0.1%  2.427e+04        2.4%  7.100e+01   0.0% 
 2:           Solve: 8.2072e+00  97.9%  8.6160e+10 100.0%  1.169e+05  99.8%  1.373e+03       97.0%  1.802e+05  99.9% 

------------------------------------------------------------------------------------------------------------------------
See the 'Profiling' chapter of the users' manual for details on interpreting output.
Phase summary info:
   Count: number of times phase was executed
   Time and Flop: Max - maximum over all processors
                  Ratio - ratio of maximum to minimum over all processors
   Mess: number of messages sent
   AvgLen: average message length (bytes)
   Reduct: number of global reductions
   Global: entire computation
   Stage: stages of a computation. Set stages with PetscLogStagePush() and PetscLogStagePop().
      %T - percent time in this phase         %F - percent flop in this phase
      %M - percent messages in this phase     %L - percent message lengths in this phase
      %R - percent reductions in this phase
   Total Mflop/s: 10e-6 * (sum of flop over all processors)/(max time over all processors)
------------------------------------------------------------------------------------------------------------------------
Event                Count      Time (sec)     Flop                              --- Global ---  --- Stage ----  Total
                   Max Ratio  Max     Ratio   Max  Ratio  Mess   AvgLen  Reduct  %T %F %M %L %R  %T %F %M %L %R Mflop/s
------------------------------------------------------------------------------------------------------------------------

--- Event Stage 0: Main Stage

PetscBarrier           2 1.0 7.7779e-03276.5 0.00e+00 0.0 0.0e+00 0.0e+00 0.0e+00  0  0  0  0  0   4  0  0  0  0     0
BuildTwoSided          1 1.0 3.4094e-05 1.5 0.00e+00 0.0 5.5e+00 4.0e+00 0.0e+00  0  0  0  0  0   0  0 20  0  0     0
DMPlexGToNBegin        1 1.0 4.2796e-04 1.0 0.00e+00 0.0 2.8e+01 2.3e+04 0.0e+00  0  0  0  0  0   1  0100 70  0     0
DMPlexGToNEnd          1 1.0 1.3399e-04 1.5 0.00e+00 0.0 0.0e+00 0.0e+00 0.0e+00  0  0  0  0  0   0  0  0  0  0     0
SFSetUp                2 1.0 3.8815e-04 1.0 0.00e+00 0.0 1.6e+01 1.3e+04 0.0e+00  0  0  0  0  0   1  0 60 23  0     0
SFBcastOpBegin         2 1.0 7.5817e-05 1.2 0.00e+00 0.0 1.1e+01 6.3e+04 1.0e+00  0  0  0  0  0   0  0 40 77 20     0
SFBcastOpEnd           2 1.0 3.4380e-04 2.0 0.00e+00 0.0 0.0e+00 0.0e+00 0.0e+00  0  0  0  0  0   0  0  0  0  0     0
VecSet                 2 1.0 1.1826e-04 0.0 0.00e+00 0.0 0.0e+00 0.0e+00 0.0e+00  0  0  0  0  0   0  0  0  0  0     0
VecScatterBegin        1 1.0 3.8862e-05 1.6 0.00e+00 0.0 0.0e+00 0.0e+00 1.0e+00  0  0  0  0  0   0  0  0 30 20     0
VecScatterEnd          1 1.0 2.1291e-04 2.5 0.00e+00 0.0 0.0e+00 0.0e+00 0.0e+00  0  0  0  0  0   0  0  0  0  0     0

--- Event Stage 1: Setup

BuildTwoSided         11 1.0 8.1325e-04 3.4 0.00e+00 0.0 1.8e+01 4.0e+00 0.0e+00  0  0  0  0  0   0  0 11  0  0     0
MatAssemblyBegin       2 1.0 4.0531e-06 2.1 0.00e+00 0.0 0.0e+00 0.0e+00 0.0e+00  0  0  0  0  0   0  0  0  0  0     0
MatAssemblyEnd         2 1.0 2.0413e-03 1.4 0.00e+00 0.0 7.5e+00 3.6e+02 8.0e+00  0  0  0  0  0   2  0  5  0 11     0
Mesh Partition         1 1.0 3.7727e-02 1.0 0.00e+00 0.0 1.2e+01 1.5e+04 9.0e+00  0  0  0  0  0  33  0  7  4 13     0
Mesh Migration         1 1.0 1.7290e-03 1.0 0.00e+00 0.0 3.9e+01 3.4e+04 6.0e+00  0  0  0  1  0   2  0 23 33  8     0
DMPlexPartSelf         1 1.0 1.5619e-03156.0 0.00e+00 0.0 0.0e+00 0.0e+00 0.0e+00  0  0  0  0  0   0  0  0  0  0     0
DMPlexPartLblInv       1 1.0 1.8730e-03 5.9 0.00e+00 0.0 0.0e+00 0.0e+00 3.0e+00  0  0  0  0  0   1  0  0  1  4     0
DMPlexPartLblSF        1 1.0 4.7898e-04 1.1 0.00e+00 0.0 4.5e+00 9.1e+03 0.0e+00  0  0  0  0  0   0  0  3  1  0     0
DMPlexPartStrtSF       1 1.0 5.1713e-04 1.0 0.00e+00 0.0 3.0e+00 1.4e+04 0.0e+00  0  0  0  0  0   0  0  2  1  0     0
DMPlexPointSF          1 1.0 6.4492e-04 1.0 0.00e+00 0.0 6.0e+00 3.4e+04 0.0e+00  0  0  0  0  0   1  0  4  5  0     0
DMPlexDistribute       1 1.0 4.3105e-02 1.0 0.00e+00 0.0 1.0e+02 2.6e+04 2.3e+01  1  0  0  2  0  38  0 63 68 32     0
DMPlexDistCones        1 1.0 6.0701e-04 1.0 0.00e+00 0.0 1.6e+01 3.0e+04 1.0e+00  0  0  0  0  0   1  0 10 12  1     0
DMPlexDistLabels       1 1.0 6.1989e-06 1.2 0.00e+00 0.0 0.0e+00 0.0e+00 3.0e+00  0  0  0  0  0   0  0  0  0  4     0
DMPlexDistField        1 1.0 7.6890e-04 1.0 0.00e+00 0.0 1.6e+01 4.4e+04 1.0e+00  0  0  0  0  0   1  0 10 18  1     0
DMPlexDistData         2 1.0 1.2012e-03 1.0 0.00e+00 0.0 2.7e+01 4.8e+04 2.0e+00  0  0  0  1  0   1  0 16 32  3     0
DMPlexStratify         2 1.0 6.9869e-0314.4 0.00e+00 0.0 0.0e+00 0.0e+00 2.0e+00  0  0  0  0  0   5  0  0  0  3     0
DMPlexSymmetrize       2 1.0 6.5303e-04 2.0 0.00e+00 0.0 0.0e+00 0.0e+00 0.0e+00  0  0  0  0  0   0  0  0  0  0     0
SFSetGraph            15 1.0 7.0810e-05 2.7 0.00e+00 0.0 0.0e+00 0.0e+00 0.0e+00  0  0  0  0  0   0  0  0  0  0     0
SFSetUp               12 1.0 2.8713e-03 1.4 0.00e+00 0.0 5.4e+01 1.7e+04 0.0e+00  0  0  0  1  0   2  0 33 23  0     0
SFBcastOpBegin        29 1.0 5.6672e-04 7.1 0.00e+00 0.0 1.0e+02 2.2e+04 0.0e+00  0  0  0  1  0   0  0 62 55  0     0
SFBcastOpEnd          29 1.0 1.8394e-03 1.3 0.00e+00 0.0 0.0e+00 0.0e+00 0.0e+00  0  0  0  0  0   1  0  0  0  0     0
SFReduceBegin          3 1.0 1.2112e-04 3.3 0.00e+00 0.0 6.0e+00 1.3e+05 1.0e+00  0  0  0  0  0   0  0  4 20  1     0
SFReduceEnd            3 1.0 1.5872e-03 1.9 0.00e+00 0.0 0.0e+00 0.0e+00 0.0e+00  0  0  0  0  0   1  0  0  0  0     0
SFDistSection          5 1.0 2.8872e-04 1.1 0.00e+00 0.0 3.6e+01 1.4e+04 5.0e+00  0  0  0  0  0   0  0 22 12  7     0
SFSectionSF            5 1.0 2.4123e-03 1.5 0.00e+00 0.0 2.2e+01 3.7e+04 0.0e+00  0  0  0  0  0   2  0 14 20  0     0
VecCopy                1 1.0 1.0967e-05 1.1 0.00e+00 0.0 0.0e+00 0.0e+00 0.0e+00  0  0  0  0  0   0  0  0  0  0     0
VecSet                 6 1.0 4.7922e-05 2.2 0.00e+00 0.0 0.0e+00 0.0e+00 0.0e+00  0  0  0  0  0   0  0  0  0  0     0

--- Event Stage 2: Solve

BuildTwoSided         19 1.0 2.3818e-04 1.1 0.00e+00 0.0 1.8e+01 4.0e+00 0.0e+00  0  0  0  0  0   0  0  0  0  0     0
BuildTwoSidedF       108 1.0 3.1700e-02 2.6 0.00e+00 0.0 1.6e+02 1.5e+04 0.0e+00  0  0  0  1  0   0  0  0  2  0     0
MatMult            11633 1.0 5.6629e+00 1.0 1.72e+10 1.0 1.2e+05 1.3e+03 4.0e+00 67 79 99 94  0  68 79 99 96  0 12054
MatMultAdd         11613 1.0 6.1226e-01 1.0 2.11e+09 1.0 0.0e+00 0.0e+00 0.0e+00  7 10  0  0  0   7 10  0  0  0 13729
MatMultTranspose      11 1.0 5.7232e-03 1.1 6.22e+06 1.0 5.5e+01 1.1e+03 6.6e+01  0  0  0  0  0   0  0  0  0  0  4308
MatMultTrAdd          22 1.0 3.4690e-03 1.1 6.22e+06 1.0 5.5e+01 1.1e+03 0.0e+00  0  0  0  0  0   0  0  0  0  0  7108
MatCopy               10 1.0 1.5775e-02 1.0 0.00e+00 0.0 0.0e+00 0.0e+00 0.0e+00  0  0  0  0  0   0  0  0  0  0     0
MatConvert             1 1.0 4.0419e-03 1.1 0.00e+00 0.0 1.5e+01 5.3e+02 0.0e+00  0  0  0  0  0   0  0  0  0  0     0
MatScale              32 1.0 2.3374e-02 1.0 3.05e+07 1.0 1.6e+02 1.2e+03 1.3e+02  0  0  0  0  0   0  0  0  0  0  5181
MatAssemblyBegin     219 1.0 3.5335e-02 2.4 0.00e+00 0.0 1.6e+02 1.5e+04 0.0e+00  0  0  0  1  0   0  0  0  2  0     0
MatAssemblyEnd       241 1.0 1.5005e-02 1.5 6.90e+04 0.0 3.8e+01 5.0e+02 6.4e+01  0  0  0  0  0   0  0  0  0  0     9
MatCreateSubMat       40 1.0 1.6046e-04 1.0 0.00e+00 0.0 0.0e+00 0.0e+00 6.0e+01  0  0  0  0  0   0  0  0  0  0     0
MatZeroEntries        44 1.0 8.1909e-03 1.2 0.00e+00 0.0 0.0e+00 0.0e+00 0.0e+00  0  0  0  0  0   0  0  0  0  0     0
MatAXPY               10 1.0 3.5022e-02 1.0 9.10e+05 1.0 0.0e+00 0.0e+00 0.0e+00  0  0  0  0  0   0  0  0  0  0   103
MatMatMult            20 1.0 2.4593e-01 1.0 3.58e+08 1.0 8.8e+01 2.5e+04 1.6e+01  3  2  0  1  0   3  2  0  1  0  5768
MatMatMultSym          2 1.0 6.5741e-02 1.0 0.00e+00 0.0 3.8e+01 8.1e+03 1.6e+01  1  0  0  0  0   1  0  0  0  0     0
MatMatMultNum         20 1.0 1.8017e-01 1.0 3.58e+08 1.0 5.0e+01 3.8e+04 0.0e+00  2  2  0  1  0   2  2  0  1  0  7873
MatTrnMatMult         11 1.0 2.8477e-01 1.0 9.03e+07 1.0 2.1e+02 1.2e+04 4.6e+01  3  0  0  2  0   3  0  0  2  0  1258
MatTrnMatMultSym       4 1.0 4.0062e-02 1.0 0.00e+00 0.0 3.0e+01 2.2e+03 2.8e+01  0  0  0  0  0   0  0  0  0  0     0
MatTrnMatMultNum      44 1.0 2.4463e-01 1.0 9.03e+07 1.0 1.8e+02 1.4e+04 1.6e+01  3  0  0  1  0   3  0  0  2  0  1464
MatGetLocalMat        66 1.0 2.6403e-02 1.1 0.00e+00 0.0 0.0e+00 0.0e+00 0.0e+00  0  0  0  0  0   0  0  0  0  0     0
MatGetBrAoCol         22 1.0 6.8021e-04 1.2 0.00e+00 0.0 6.5e+01 3.4e+04 0.0e+00  0  0  0  1  0   0  0  0  1  0     0
SFSetGraph            19 1.0 1.3590e-05 1.7 0.00e+00 0.0 0.0e+00 0.0e+00 0.0e+00  0  0  0  0  0   0  0  0  0  0     0
SFSetUp               19 1.0 6.7854e-04 1.0 0.00e+00 0.0 5.2e+01 5.1e+02 0.0e+00  0  0  0  0  0   0  0  0  0  0     0
SFBcastOpBegin     34967 1.0 5.7512e-02 1.8 0.00e+00 0.0 1.2e+05 1.3e+03 0.0e+00  1  0100 94  0   1  0100 97  0     0
SFBcastOpEnd       34967 1.0 3.6089e-02 1.7 0.00e+00 0.0 0.0e+00 0.0e+00 0.0e+00  0  0  0  0  0   0  0  0  0  0     0
SFReduceBegin         42 1.0 1.6785e-04 1.4 0.00e+00 0.0 5.5e+01 1.1e+03 0.0e+00  0  0  0  0  0   0  0  0  0  0     0
SFReduceEnd           42 1.0 5.1665e-04 2.3 0.00e+00 0.0 0.0e+00 0.0e+00 0.0e+00  0  0  0  0  0   0  0  0  0  0     0
VecDot             14273 1.0 9.7757e-02 1.3 2.89e+08 1.0 0.0e+00 0.0e+00 1.4e+04  1  1  0  0  8   1  1  0  0  8 11747
VecTDot            23226 1.0 3.9993e-01 1.9 4.70e+08 1.0 0.0e+00 0.0e+00 2.3e+04  3  2  0  0 13   3  2  0  0 13  4670
VecNorm            14393 1.0 1.3942e-01 1.3 2.92e+08 1.0 0.0e+00 0.0e+00 1.4e+04  1  1  0  0  8   1  1  0  0  8  8316
VecScale           12594 1.0 5.2076e-02 1.1 1.28e+08 1.0 0.0e+00 0.0e+00 0.0e+00  1  1  0  0  0   1  1  0  0  0  9740
VecCopy            11673 1.0 7.1029e-02 1.0 0.00e+00 0.0 0.0e+00 0.0e+00 0.0e+00  1  0  0  0  0   1  0  0  0  0     0
VecSet             11890 1.0 2.7134e-02 1.1 0.00e+00 0.0 0.0e+00 0.0e+00 0.0e+00  0  0  0  0  0   0  0  0  0  0     0
VecAXPY            37529 1.0 1.9833e-01 1.1 7.22e+08 1.0 0.0e+00 0.0e+00 0.0e+00  2  3  0  0  0   2  3  0  0  0 14469
VecAYPX            11603 1.0 4.8975e-02 1.0 2.35e+08 1.0 0.0e+00 0.0e+00 0.0e+00  1  1  0  0  0   1  1  0  0  0 19054
VecSwap               20 1.0 1.6296e-02 1.0 0.00e+00 0.0 0.0e+00 0.0e+00 0.0e+00  0  0  0  0  0   0  0  0  0  0     0
VecPointwiseMult     186 1.0 1.8582e-03 1.0 1.95e+06 1.0 0.0e+00 0.0e+00 0.0e+00  0  0  0  0  0   0  0  0  0  0  4168
VecScatterBegin    34987 1.0 6.6957e-02 1.7 0.00e+00 0.0 1.2e+05 1.3e+03 0.0e+00  1  0 99 94  0   1  0100 97  0     0
VecScatterEnd      34987 1.0 4.5779e-02 1.6 0.00e+00 0.0 0.0e+00 0.0e+00 0.0e+00  0  0  0  0  0   0  0  0  0  0     0
VecNormalize        2717 1.0 2.7041e-02 1.0 6.45e+07 1.0 0.0e+00 0.0e+00 2.7e+03  0  0  0  0  2   0  0  0  0  2  9480
TaoSolve               1 1.0 8.2072e+00 1.0 2.17e+10 1.0 1.2e+05 1.4e+03 1.8e+05 98100100 97100 100100100100100 10498
TaoObjectiveEval      11 1.0 1.2830e-02 1.0 0.00e+00 0.0 5.5e+01 1.1e+03 0.0e+00  0  0  0  0  0   0  0  0  0  0     0
TaoJacobianEval       11 1.0 1.9802e-01 1.0 1.34e+08 1.0 5.5e+01 1.1e+03 5.6e+03  2  1  0  0  3   2  1  0  0  3  2682
KSPSetUp              30 1.0 6.2704e-05 1.1 0.00e+00 0.0 0.0e+00 0.0e+00 0.0e+00  0  0  0  0  0   0  0  0  0  0     0
KSPSolve              10 1.0 7.4415e+00 1.0 2.14e+10 1.0 1.2e+05 1.4e+03 4.7e+04 89 99 99 95 26  91 99100 98 26 11442
PCSetUp               30 1.0 3.5536e-01 1.0 3.70e+08 1.0 1.3e+02 2.2e+04 2.0e+02  4  2  0  2  0   4  2  0  2  0  4124
PCApply               10 1.0 7.1198e+00 1.0 2.10e+10 1.0 1.2e+05 1.3e+03 4.6e+04 85 97 99 94 26  87 97 99 96 26 11753
KSPSolve_FS_0         10 1.0 1.1110e-04 1.0 3.40e+05 1.1 0.0e+00 0.0e+00 0.0e+00  0  0  0  0  0   0  0  0  0  0 11950
KSPSolve_FS_Schu      10 1.0 7.1119e+00 1.0 2.10e+10 1.0 1.2e+05 1.3e+03 4.6e+04 85 97 99 94 26  87 97 99 96 26 11759
KSPSolve_FS_Low       10 1.0 5.2500e-04 1.0 3.40e+05 1.1 0.0e+00 0.0e+00 0.0e+00  0  0  0  0  0   0  0  0  0  0  2529
------------------------------------------------------------------------------------------------------------------------

Memory usage is given in bytes:

Object Type          Creations   Destructions     Memory  Descendants' Mem.
Reports information only for process 0.

--- Event Stage 0: Main Stage

    Distributed Mesh     0              1         5032     0.
              Matrix     0              5     14061388     0.
           Index Set     1              1          888     0.
   Star Forest Graph     1              5         4784     0.
     Discrete System     0              1          944     0.
              Vector     3             14      1163312     0.
         Vec Scatter     1              3         2400     0.
                 Tao     0              1         1880     0.
       Krylov Solver     0              4         5928     0.
      Preconditioner     0              4         3608     0.
              Viewer     1              1          840     0.

--- Event Stage 1: Setup

           Container     4              2         1152     0.
    Distributed Mesh     4              2        10424     0.
            DM Label     6              4         2528     0.
    GraphPartitioner     2              1          688     0.
              Matrix     9              1         2832     0.
           Index Set    46             35       633716     0.
   IS L to G Mapping     2              1        59148     0.
             Section    24             13         9360     0.
   Star Forest Graph    22             15        14368     0.
     Discrete System     7              6         5664     0.
              Vector    15              3       539056     0.
         Vec Scatter     2              0            0     0.
                 Tao     1              0            0     0.
       Krylov Solver     3              0            0     0.
      Preconditioner     3              0            0     0.

--- Event Stage 2: Solve

    Distributed Mesh     1              0            0     0.
              Matrix    59              9      1192356     0.
   Matrix Null Space    11              0            0     0.
           Index Set    54             54       709560     0.
   Star Forest Graph    21              9         8928     0.
     Discrete System     1              0            0     0.
              Vector 12033          11838    964258152     0.
         Vec Scatter    19              9         7200     0.
       Krylov Solver     2              1         1400     0.
      Preconditioner     2              1          824     0.
              Viewer     1              0            0     0.
========================================================================================================================
Average time to get PetscTime(): 0.
Average time for MPI_Barrier(): 1.62125e-06
Average time for zero size MPI_Send(): 4.76837e-06
#PETSc Option Table entries:
-bal ba-problems/15_block_drift.problem/problem_noised.bbal
-csv ba-problems/15_block_drift.problem/parallel_pbjacobi_np1.csv
-fieldsplit_camera_ksp_converged_reason
-fieldsplit_camera_ksp_convergence_test nash
-fieldsplit_camera_ksp_rtol 0.01
-fieldsplit_camera_ksp_type cg
-fieldsplit_camera_mat_schur_complement_ainv_type blockdiag
-fieldsplit_camera_pc_type pbjacobi
-fieldsplit_point_ksp_type preonly
-fieldsplit_point_pc_type pbjacobi
-ksp_type preonly
-log_view ascii:ba-problems/15_block_drift.problem/parallel_pbjacobi_np1.log
-pc_fieldsplit_schur_precondition selfp
-pc_fieldsplit_type schur
-pc_type fieldsplit
-petscpartitioner_type ptscotch
-robust
-tao_diagonal_scale
-tao_max_it 10
-tao_trust0 1e4
-tao_type lm
#End of PETSc Option Table entries
Compiled without FORTRAN kernels
Compiled with full precision matrices (default)
sizeof(short) 2 sizeof(int) 4 sizeof(long) 8 sizeof(void*) 8 sizeof(PetscScalar) 8 sizeof(PetscInt) 4
Configure options: -with-debugging=0 COPTFLAGS="-O3 -march=native -mtune=native" CXXOPTFLAGS="-O3 -march=native -mtune=native" FOPTFLAGS="-O3 -march=native -mtune=native" --download-superlu --download-metis --download-parmetis --download-suitesparse --with-cc=cc --with-mpicc=cc --with-mpi-dir=/opt/cray/pe/mpt/7.7.10/gni/mpich-gnu/8.2 --with-cuda=0 --with-cusp=0 --with-fc=0 --download-ptscotch --download-hypre --with-hdf5
-----------------------------------------
Libraries compiled on 2020-03-16 01:29:45 on cori07 
Machine characteristics: Linux-4.12.14-150.47-default-x86_64-with-glibc2.2.5
Using PETSc directory: /global/cscratch1/sd/tkonolig/bundle_adjustment/petsc
Using PETSc arch: arch-linux2-c-opt
-----------------------------------------

Using C compiler: cc  -fPIC -O3 -march=native -mtune=native  
-----------------------------------------

Using include paths: -I/global/cscratch1/sd/tkonolig/bundle_adjustment/petsc/include -I/global/cscratch1/sd/tkonolig/bundle_adjustment/petsc/arch-linux2-c-opt/include -I/opt/cray/pe/mpt/7.7.10/gni/mpich-gnu/8.2/include
-----------------------------------------

Using C linker: cc
Using libraries: -Wl,-rpath,/global/cscratch1/sd/tkonolig/bundle_adjustment/petsc/arch-linux2-c-opt/lib -L/global/cscratch1/sd/tkonolig/bundle_adjustment/petsc/arch-linux2-c-opt/lib -lpetsc -Wl,-rpath,/global/cscratch1/sd/tkonolig/bundle_adjustment/petsc/arch-linux2-c-opt/lib -L/global/cscratch1/sd/tkonolig/bundle_adjustment/petsc/arch-linux2-c-opt/lib -Wl,-rpath,/opt/cray/pe/mpt/7.7.10/gni/mpich-gnu/8.2/lib -L/opt/cray/pe/mpt/7.7.10/gni/mpich-gnu/8.2/lib -lHYPRE -lumfpack -lklu -lcholmod -lbtf -lccolamd -lcolamd -lcamd -lamd -lsuitesparseconfig -lsuperlu -lptesmumps -lptscotchparmetis -lptscotch -lptscotcherr -lesmumps -lscotch -lscotcherr -lparmetis -lmetis -lX11 -lmpich -lssl -luuid -lpthread -lrt -ldl -lrt -lquadmath -lstdc++ -ldl
-----------------------------------------

