************************************************************************************************************************
***             WIDEN YOUR WINDOW TO 120 CHARACTERS.  Use 'enscript -r -fCourier9' to print this document            ***
************************************************************************************************************************

---------------------------------------------- PETSc Performance Summary: ----------------------------------------------

/global/cscratch1/sd/tkonolig/bundle_adjustment/ba-tao/build/bin/TaoBundleAdjustment on a arch-linux2-c-opt named nid00868 with 4 processors, by tkonolig Mon Mar 16 09:35:42 2020
Using Petsc Development GIT revision: unknown  GIT Date: unknown

                         Max       Max/Min     Avg       Total 
Time (sec):           9.461e+00     1.000   9.461e+00
Objects:              2.122e+04     1.001   2.120e+04
Flop:                 1.835e+10     1.045   1.801e+10  7.203e+10
Flop/sec:             1.940e+09     1.045   1.903e+09  7.613e+09
MPI Messages:         1.717e+05     1.602   1.387e+05  5.546e+05
MPI Message Lengths:  9.271e+07     1.510   5.117e+02  2.838e+08
MPI Reductions:       1.744e+05     1.000

Flop counting convention: 1 flop = 1 real number operation of type (multiply/divide/add/subtract)
                            e.g., VecAXPY() for real vectors of length N --> 2N flop
                            and VecAXPY() for complex vectors of length N --> 8N flop

Summary of Stages:   ----- Time ------  ----- Flop ------  --- Messages ---  -- Message Lengths --  -- Reductions --
                        Avg     %Total     Avg     %Total    Count   %Total     Avg         %Total    Count   %Total 
 0:      Main Stage: 5.2832e-02   0.6%  0.0000e+00   0.0%  2.750e+01   0.0%  3.269e+04        0.3%  5.000e+00   0.0% 
 1:           Setup: 9.3473e-02   1.0%  0.0000e+00   0.0%  1.660e+02   0.0%  2.427e+04        1.4%  7.100e+01   0.0% 
 2:           Solve: 9.3144e+00  98.5%  7.2026e+10 100.0%  5.544e+05 100.0%  5.030e+02       98.3%  1.743e+05  99.9% 

------------------------------------------------------------------------------------------------------------------------
See the 'Profiling' chapter of the users' manual for details on interpreting output.
Phase summary info:
   Count: number of times phase was executed
   Time and Flop: Max - maximum over all processors
                  Ratio - ratio of maximum to minimum over all processors
   Mess: number of messages sent
   AvgLen: average message length (bytes)
   Reduct: number of global reductions
   Global: entire computation
   Stage: stages of a computation. Set stages with PetscLogStagePush() and PetscLogStagePop().
      %T - percent time in this phase         %F - percent flop in this phase
      %M - percent messages in this phase     %L - percent message lengths in this phase
      %R - percent reductions in this phase
   Total Mflop/s: 10e-6 * (sum of flop over all processors)/(max time over all processors)
------------------------------------------------------------------------------------------------------------------------
Event                Count      Time (sec)     Flop                              --- Global ---  --- Stage ----  Total
                   Max Ratio  Max     Ratio   Max  Ratio  Mess   AvgLen  Reduct  %T %F %M %L %R  %T %F %M %L %R Mflop/s
------------------------------------------------------------------------------------------------------------------------

--- Event Stage 0: Main Stage

PetscBarrier           2 1.0 3.5262e-03208.3 0.00e+00 0.0 0.0e+00 0.0e+00 0.0e+00  0  0  0  0  0   3  0  0  0  0     0
BuildTwoSided          1 1.0 2.7895e-05 2.2 0.00e+00 0.0 5.5e+00 4.0e+00 0.0e+00  0  0  0  0  0   0  0 20  0  0     0
DMPlexGToNBegin        1 1.0 4.2200e-04 1.0 0.00e+00 0.0 2.8e+01 2.3e+04 0.0e+00  0  0  0  0  0   1  0100 70  0     0
DMPlexGToNEnd          1 1.0 1.1611e-04 1.0 0.00e+00 0.0 0.0e+00 0.0e+00 0.0e+00  0  0  0  0  0   0  0  0  0  0     0
SFSetUp                2 1.0 3.8099e-04 1.0 0.00e+00 0.0 1.6e+01 1.3e+04 0.0e+00  0  0  0  0  0   1  0 60 23  0     0
SFBcastOpBegin         2 1.0 8.7023e-05 1.3 0.00e+00 0.0 1.1e+01 6.3e+04 1.0e+00  0  0  0  0  0   0  0 40 77 20     0
SFBcastOpEnd           2 1.0 3.2902e-04 1.7 0.00e+00 0.0 0.0e+00 0.0e+00 0.0e+00  0  0  0  0  0   1  0  0  0  0     0
VecSet                 2 1.0 1.3709e-04 0.0 0.00e+00 0.0 0.0e+00 0.0e+00 0.0e+00  0  0  0  0  0   0  0  0  0  0     0
VecScatterBegin        1 1.0 4.7922e-05 1.6 0.00e+00 0.0 0.0e+00 0.0e+00 1.0e+00  0  0  0  0  0   0  0  0 30 20     0
VecScatterEnd          1 1.0 2.1386e-04 2.4 0.00e+00 0.0 0.0e+00 0.0e+00 0.0e+00  0  0  0  0  0   0  0  0  0  0     0

--- Event Stage 1: Setup

BuildTwoSided         11 1.0 7.0024e-04 1.1 0.00e+00 0.0 1.8e+01 4.0e+00 0.0e+00  0  0  0  0  0   1  0 11  0  0     0
MatAssemblyBegin       2 1.0 3.8147e-06 2.0 0.00e+00 0.0 0.0e+00 0.0e+00 0.0e+00  0  0  0  0  0   0  0  0  0  0     0
MatAssemblyEnd         2 1.0 1.8630e-03 1.4 0.00e+00 0.0 7.5e+00 3.6e+02 8.0e+00  0  0  0  0  0   2  0  5  0 11     0
Mesh Partition         1 1.0 2.0960e-02 1.0 0.00e+00 0.0 1.2e+01 1.5e+04 9.0e+00  0  0  0  0  0  22  0  7  4 13     0
Mesh Migration         1 1.0 1.6370e-03 1.0 0.00e+00 0.0 3.9e+01 3.4e+04 6.0e+00  0  0  0  0  0   2  0 23 33  8     0
DMPlexPartSelf         1 1.0 1.5271e-03188.4 0.00e+00 0.0 0.0e+00 0.0e+00 0.0e+00  0  0  0  0  0   0  0  0  0  0     0
DMPlexPartLblInv       1 1.0 1.8361e-03 5.8 0.00e+00 0.0 0.0e+00 0.0e+00 3.0e+00  0  0  0  0  0   2  0  0  1  4     0
DMPlexPartLblSF        1 1.0 4.3201e-04 1.1 0.00e+00 0.0 4.5e+00 9.1e+03 0.0e+00  0  0  0  0  0   0  0  3  1  0     0
DMPlexPartStrtSF       1 1.0 5.0497e-04 1.0 0.00e+00 0.0 3.0e+00 1.4e+04 0.0e+00  0  0  0  0  0   1  0  2  1  0     0
DMPlexPointSF          1 1.0 6.3205e-04 1.0 0.00e+00 0.0 6.0e+00 3.4e+04 0.0e+00  0  0  0  0  0   1  0  4  5  0     0
DMPlexDistribute       1 1.0 2.6185e-02 1.0 0.00e+00 0.0 1.0e+02 2.6e+04 2.3e+01  0  0  0  1  0  28  0 63 68 32     0
DMPlexDistCones        1 1.0 5.7507e-04 1.0 0.00e+00 0.0 1.6e+01 3.0e+04 1.0e+00  0  0  0  0  0   1  0 10 12  1     0
DMPlexDistLabels       1 1.0 5.9605e-06 1.2 0.00e+00 0.0 0.0e+00 0.0e+00 3.0e+00  0  0  0  0  0   0  0  0  0  4     0
DMPlexDistField        1 1.0 7.3504e-04 1.0 0.00e+00 0.0 1.6e+01 4.4e+04 1.0e+00  0  0  0  0  0   1  0 10 18  1     0
DMPlexDistData         2 1.0 1.1840e-03 1.0 0.00e+00 0.0 2.7e+01 4.8e+04 2.0e+00  0  0  0  0  0   1  0 16 32  3     0
DMPlexStratify         2 1.0 7.0841e-0314.6 0.00e+00 0.0 0.0e+00 0.0e+00 2.0e+00  0  0  0  0  0   6  0  0  0  3     0
DMPlexSymmetrize       2 1.0 6.3610e-04 2.0 0.00e+00 0.0 0.0e+00 0.0e+00 0.0e+00  0  0  0  0  0   0  0  0  0  0     0
SFSetGraph            15 1.0 6.8188e-05 3.0 0.00e+00 0.0 0.0e+00 0.0e+00 0.0e+00  0  0  0  0  0   0  0  0  0  0     0
SFSetUp               12 1.0 2.7747e-03 1.3 0.00e+00 0.0 5.4e+01 1.7e+04 0.0e+00  0  0  0  0  0   3  0 33 23  0     0
SFBcastOpBegin        29 1.0 5.8055e-04 6.4 0.00e+00 0.0 1.0e+02 2.2e+04 0.0e+00  0  0  0  1  0   0  0 62 55  0     0
SFBcastOpEnd          29 1.0 1.8158e-03 1.3 0.00e+00 0.0 0.0e+00 0.0e+00 0.0e+00  0  0  0  0  0   2  0  0  0  0     0
SFReduceBegin          3 1.0 5.8174e-05 1.5 0.00e+00 0.0 6.0e+00 1.3e+05 1.0e+00  0  0  0  0  0   0  0  4 20  1     0
SFReduceEnd            3 1.0 1.1449e-03 1.4 0.00e+00 0.0 0.0e+00 0.0e+00 0.0e+00  0  0  0  0  0   1  0  0  0  0     0
SFDistSection          5 1.0 2.8419e-04 1.1 0.00e+00 0.0 3.6e+01 1.4e+04 5.0e+00  0  0  0  0  0   0  0 22 12  7     0
SFSectionSF            5 1.0 2.3437e-03 1.3 0.00e+00 0.0 2.2e+01 3.7e+04 0.0e+00  0  0  0  0  0   2  0 14 20  0     0
VecCopy                1 1.0 1.0967e-05 1.1 0.00e+00 0.0 0.0e+00 0.0e+00 0.0e+00  0  0  0  0  0   0  0  0  0  0     0
VecSet                 6 1.0 5.9128e-05 2.8 0.00e+00 0.0 0.0e+00 0.0e+00 0.0e+00  0  0  0  0  0   0  0  0  0  0     0

--- Event Stage 2: Solve

BuildTwoSided        389 1.0 4.7779e-03 1.1 0.00e+00 0.0 1.2e+03 4.0e+00 0.0e+00  0  0  0  0  0   0  0  0  0  0     0
BuildTwoSidedF     14678 1.0 1.1838e-01 1.3 0.00e+00 0.0 8.8e+02 8.0e+03 0.0e+00  1  0  0  2  0   1  0  0  3  0     0
MatMult            40885 1.0 4.7470e+00 1.0 1.39e+10 1.0 3.6e+05 6.6e+02 4.0e+00 50 76 64 83  0  51 76 64 84  0 11481
MatMultAdd         17811 1.0 6.7001e-01 1.0 2.08e+09 1.0 3.2e+04 1.7e+02 0.0e+00  7 11  6  2  0   7 11  6  2  0 12362
MatMultTranspose    9677 1.0 3.2209e-01 1.1 6.09e+08 1.0 3.2e+04 1.7e+02 6.6e+01  3  3  6  2  0   3  3  6  2  0  7488
MatMultTrAdd          22 1.0 3.5264e-03 1.1 6.22e+06 1.0 5.5e+01 1.1e+03 0.0e+00  0  0  0  0  0   0  0  0  0  0  6992
MatSolve            1611 0.0 2.8787e-03 0.0 5.70e+06 0.0 0.0e+00 0.0e+00 0.0e+00  0  0  0  0  0   0  0  0  0  0  1979
MatLUFactorSym        10 1.0 4.3774e-04 5.0 0.00e+00 0.0 0.0e+00 0.0e+00 0.0e+00  0  0  0  0  0   0  0  0  0  0     0
MatLUFactorNum        10 1.0 2.9302e-0418.6 4.01e+05 0.0 0.0e+00 0.0e+00 0.0e+00  0  0  0  0  0   0  0  0  0  0  1368
MatCopy               10 1.0 1.6062e-02 1.0 0.00e+00 0.0 0.0e+00 0.0e+00 0.0e+00  0  0  0  0  0   0  0  0  0  0     0
MatConvert             1 1.0 4.1270e-03 1.1 0.00e+00 0.0 1.5e+01 5.3e+02 0.0e+00  0  0  0  0  0   0  0  0  0  0     0
MatScale              92 1.0 2.3848e-02 1.0 3.08e+07 1.0 6.8e+02 3.4e+02 1.3e+02  0  0  0  0  0   0  0  0  0  0  5125
MatResidual         9666 1.0 9.8191e-01 1.0 2.86e+09 1.1 8.4e+04 6.3e+02 0.0e+00 10 16 15 19  0  10 16 15 19  0 11370
MatAssemblyBegin    1159 1.0 8.8357e-02 1.6 0.00e+00 0.0 8.8e+02 8.0e+03 0.0e+00  1  0  0  2  0   1  0  0  3  0     0
MatAssemblyEnd      1181 1.0 6.3824e-02 1.1 1.11e+05 7.1 2.9e+03 7.1e+01 1.2e+03  1  0  1  0  1   1  0  1  0  1     4
MatGetRowIJ           10 0.0 3.5286e-05 0.0 0.00e+00 0.0 0.0e+00 0.0e+00 0.0e+00  0  0  0  0  0   0  0  0  0  0     0
MatCreateSubMat       80 1.0 9.7413e-03 1.0 0.00e+00 0.0 2.2e+02 2.7e+03 5.4e+02  0  0  0  0  0   0  0  0  0  0     0
MatGetOrdering        10 0.0 2.7728e-04 0.0 0.00e+00 0.0 0.0e+00 0.0e+00 0.0e+00  0  0  0  0  0   0  0  0  0  0     0
MatCoarsen            60 1.0 3.3867e-03 1.0 0.00e+00 0.0 3.1e+03 5.7e+01 1.4e+02  0  0  1  0  0   0  0  1  0  0     0
MatZeroEntries       114 1.0 1.0944e-02 1.2 0.00e+00 0.0 0.0e+00 0.0e+00 0.0e+00  0  0  0  0  0   0  0  0  0  0     0
MatAXPY               10 1.0 3.2218e-02 1.0 9.10e+05 1.0 0.0e+00 0.0e+00 0.0e+00  0  0  0  0  0   0  0  0  0  0   112
MatTranspose         120 1.0 1.2928e-02 1.2 0.00e+00 0.0 0.0e+00 0.0e+00 0.0e+00  0  0  0  0  0   0  0  0  0  0     0
MatMatMult            20 1.0 2.3796e-01 1.0 3.58e+08 1.0 8.8e+01 2.5e+04 1.6e+01  3  2  0  1  0   3  2  0  1  0  5961
MatMatMultSym          2 1.0 6.3171e-02 1.0 0.00e+00 0.0 3.8e+01 8.1e+03 1.6e+01  1  0  0  0  0   1  0  0  0  0     0
MatMatMultNum         20 1.0 1.7477e-01 1.0 3.58e+08 1.0 5.0e+01 3.8e+04 0.0e+00  2  2  0  1  0   2  2  0  1  0  8116
MatPtAP               60 1.0 8.4950e-01 1.0 5.23e+08 1.1 3.2e+03 3.9e+03 6.6e+02  9  3  1  4  0   9  3  1  4  0  2410
MatPtAPSymbolic       60 1.0 5.8452e-01 1.0 0.00e+00 0.0 2.1e+03 4.4e+03 4.2e+02  6  0  0  3  0   6  0  0  3  0     0
MatPtAPNumeric        60 1.0 2.6488e-01 1.0 5.23e+08 1.1 1.1e+03 2.9e+03 2.4e+02  3  3  0  1  0   3  3  0  1  0  7730
MatTrnMatMult         21 1.0 3.1341e-01 1.0 9.41e+07 1.0 8.1e+02 3.9e+03 1.6e+02  3  1  0  1  0   3  1  0  1  0  1191
MatTrnMatMultSym      14 1.0 5.3112e-02 1.0 0.00e+00 0.0 3.3e+02 5.9e+02 9.8e+01  1  0  0  0  0   1  0  0  0  0     0
MatTrnMatMultNum      54 1.0 2.6011e-01 1.0 9.41e+07 1.0 4.8e+02 6.1e+03 5.6e+01  3  1  0  1  0   3  1  0  1  0  1435
MatGetLocalMat       136 1.0 3.4191e-02 1.1 0.00e+00 0.0 0.0e+00 0.0e+00 0.0e+00  0  0  0  0  0   0  0  0  0  0     0
MatGetBrAoCol         82 1.0 6.2709e-03 1.2 0.00e+00 0.0 1.6e+03 6.7e+03 0.0e+00  0  0  0  4  0   0  0  0  4  0     0
SFSetGraph           389 1.0 1.1206e-04 1.4 0.00e+00 0.0 0.0e+00 0.0e+00 0.0e+00  0  0  0  0  0   0  0  0  0  0     0
SFSetUp              389 1.0 7.3826e-03 1.0 0.00e+00 0.0 3.7e+03 8.0e+01 0.0e+00  0  0  1  0  0   0  0  1  0  0     0
SFBcastOpBegin     81639 1.0 1.3256e-01 1.5 0.00e+00 0.0 5.1e+05 4.9e+02 0.0e+00  1  0 93 89  0   1  0 93 91  0     0
SFBcastOpEnd       81639 1.0 1.8943e-01 2.0 0.00e+00 0.0 0.0e+00 0.0e+00 0.0e+00  1  0  0  0  0   1  0  0  0  0     0
SFReduceBegin       9708 1.0 1.0750e-02 1.6 0.00e+00 0.0 3.2e+04 1.7e+02 0.0e+00  0  0  6  2  0   0  0  6  2  0     0
SFReduceEnd         9708 1.0 5.5669e-02 4.9 0.00e+00 0.0 0.0e+00 0.0e+00 0.0e+00  0  0  0  0  0   0  0  0  0  0     0
VecDot              4261 1.0 2.5637e-02 1.1 8.63e+07 1.0 0.0e+00 0.0e+00 4.3e+03  0  0  0  0  2   0  0  0  0  2 13387
VecTDot             4462 1.0 5.3894e-02 1.6 6.97e+07 1.0 0.0e+00 0.0e+00 4.5e+03  0  0  0  0  3   0  0  0  0  3  5139
VecNorm             5041 1.0 1.6241e-01 2.6 9.17e+07 1.0 0.0e+00 0.0e+00 5.0e+03  1  1  0  0  3   1  1  0  0  3  2244
VecScale            9149 1.0 4.1084e-02 1.1 9.27e+07 1.0 0.0e+00 0.0e+00 0.0e+00  0  1  0  0  0   0  1  0  0  0  8974
VecCopy            30779 1.0 3.6264e-02 1.0 0.00e+00 0.0 0.0e+00 0.0e+00 0.0e+00  0  0  0  0  0   0  0  0  0  0     0
VecSet             42653 1.0 2.8302e-02 1.0 0.00e+00 0.0 0.0e+00 0.0e+00 0.0e+00  0  0  0  0  0   0  0  0  0  0     0
VecAXPY             8693 1.0 4.5588e-02 1.0 1.19e+08 1.0 0.0e+00 0.0e+00 0.0e+00  0  1  0  0  0   0  1  0  0  0 10367
VecAYPX            60127 1.0 6.8430e-02 1.0 1.85e+08 1.0 0.0e+00 0.0e+00 0.0e+00  1  1  0  0  0   1  1  0  0  0 10713
VecAXPBYCZ         19332 1.0 3.0719e-02 1.0 1.88e+08 1.0 0.0e+00 0.0e+00 0.0e+00  0  1  0  0  0   0  1  0  0  0 24286
VecSwap               20 1.0 1.4048e-02 1.0 0.00e+00 0.0 0.0e+00 0.0e+00 0.0e+00  0  0  0  0  0   0  0  0  0  0     0
VecAssemblyBegin   14360 1.0 5.3797e-02 1.1 0.00e+00 0.0 0.0e+00 0.0e+00 0.0e+00  1  0  0  0  0   1  0  0  0  0     0
VecAssemblyEnd     14360 1.0 6.3748e-03 1.2 0.00e+00 0.0 0.0e+00 0.0e+00 0.0e+00  0  0  0  0  0   0  0  0  0  0     0
VecPointwiseMult     186 1.0 1.8961e-03 1.0 1.95e+06 1.0 0.0e+00 0.0e+00 0.0e+00  0  0  0  0  0   0  0  0  0  0  4085
VecScatterBegin    91065 1.0 1.6207e-01 1.5 0.00e+00 0.0 5.4e+05 4.7e+02 0.0e+00  1  0 98 91  0   1  0 98 93  0     0
VecScatterEnd      91065 1.0 2.6093e-01 1.9 0.00e+00 0.0 0.0e+00 0.0e+00 0.0e+00  2  0  0  0  0   2  0  0  0  0     0
VecNormalize        2717 1.0 2.5598e-02 1.0 6.47e+07 1.0 0.0e+00 0.0e+00 2.7e+03  0  0  0  0  2   0  0  0  0  2 10051
TaoSolve               1 1.0 9.3144e+00 1.0 1.83e+10 1.0 5.5e+05 5.0e+02 1.7e+05 98100100 98100 100100100100100  7733
TaoObjectiveEval      11 1.0 1.3063e-02 1.0 0.00e+00 0.0 5.5e+01 1.1e+03 0.0e+00  0  0  0  0  0   0  0  0  0  0     0
TaoJacobianEval       11 1.0 1.8899e-01 1.0 1.34e+08 1.0 5.5e+01 1.1e+03 5.6e+03  2  1  0  0  3   2  1  0  0  3  2815
KSPSetUp             170 1.0 4.5931e-03 1.7 0.00e+00 0.0 0.0e+00 0.0e+00 1.2e+02  0  0  0  0  0   0  0  0  0  0     0
KSPSolve              10 1.0 8.5558e+00 1.0 1.81e+10 1.0 5.5e+05 5.0e+02 4.1e+04 90 99100 97 23  92 99100 99 23  8300
PCGAMGGraph_AGG       60 1.0 7.9380e-01 1.0 1.25e+07 1.0 2.1e+03 3.0e+01 9.6e+02  8  0  0  0  1   9  0  0  0  1    62
PCGAMGCoarse_AGG      60 1.0 3.3101e-02 1.0 3.83e+06 1.0 4.2e+03 2.4e+02 2.9e+02  0  0  1  0  0   0  0  1  0  0   456
PCGAMGProl_AGG        60 1.0 4.4569e-01 1.0 0.00e+00 0.0 1.2e+05 1.0e+02 2.9e+04  5  0 22  4 17   5  0 22  4 17     0
PCGAMGPOpt_AGG        60 1.0 7.1526e-06 1.4 0.00e+00 0.0 0.0e+00 0.0e+00 0.0e+00  0  0  0  0  0   0  0  0  0  0     0
GAMG: createProl      60 1.0 1.2739e+00 1.0 1.62e+07 1.0 1.3e+05 1.0e+02 3.0e+04 13  0 23  5 17  14  0 23  5 17    50
  Graph              120 1.0 7.9273e-01 1.0 1.25e+07 1.0 2.1e+03 3.0e+01 9.6e+02  8  0  0  0  1   9  0  0  0  1    62
  MIS/Agg             60 1.0 3.7184e-03 1.0 0.00e+00 0.0 3.1e+03 5.7e+01 1.4e+02  0  0  1  0  0   0  0  1  0  0     0
  SA: col data        60 1.0 2.3180e-01 1.0 0.00e+00 0.0 1.2e+05 9.2e+01 2.9e+04  2  0 22  4 16   2  0 22  4 16     0
  SA: frmProl0        60 1.0 2.1030e-01 1.0 0.00e+00 0.0 5.7e+02 2.1e+03 2.4e+02  2  0  0  0  0   2  0  0  0  0     0
GAMG: partLevel       60 1.0 8.6388e-01 1.0 5.23e+08 1.1 3.7e+03 3.7e+03 1.6e+03  9  3  1  5  1   9  3  1  5  1  2370
  repartition         20 1.0 1.4270e-02 1.0 0.00e+00 0.0 4.8e+02 2.0e+03 9.6e+02  0  0  0  0  1   0  0  0  0  1     0
  Invert-Sort         20 1.0 7.6938e-04 1.2 0.00e+00 0.0 0.0e+00 0.0e+00 1.2e+02  0  0  0  0  0   0  0  0  0  0     0
  Move A              20 1.0 6.3720e-03 1.0 0.00e+00 0.0 1.8e+02 3.3e+03 2.6e+02  0  0  0  0  0   0  0  0  0  0     0
  Move P              20 1.0 4.3383e-03 1.0 0.00e+00 0.0 4.5e+01 7.2e+01 2.8e+02  0  0  0  0  0   0  0  0  0  0     0
PCSetUp               40 1.0 2.5117e+00 1.0 9.06e+08 1.0 1.3e+05 2.2e+02 3.2e+04 27  5 24 10 19  27  5 24 11 19  1424
PCSetUpOnBlocks     1611 1.0 1.4908e-03 2.0 4.01e+05 0.0 0.0e+00 0.0e+00 0.0e+00  0  0  0  0  0   0  0  0  0  0   269
PCApply               10 1.0 8.2446e+00 1.0 1.77e+10 1.0 5.5e+05 4.9e+02 4.1e+04 87 97100 96 23  89 97100 98 23  8435
KSPSolve_FS_0         10 1.0 1.1635e-04 1.0 3.40e+05 1.1 0.0e+00 0.0e+00 0.0e+00  0  0  0  0  0   0  0  0  0  0 11411
KSPSolve_FS_Schu      10 1.0 8.2362e+00 1.0 1.77e+10 1.0 5.5e+05 4.9e+02 4.1e+04 87 96100 96 23  88 96100 98 23  8438
KSPSolve_FS_Low       10 1.0 5.1188e-04 1.1 3.40e+05 1.1 0.0e+00 0.0e+00 0.0e+00  0  0  0  0  0   0  0  0  0  0  2594
------------------------------------------------------------------------------------------------------------------------

Memory usage is given in bytes:

Object Type          Creations   Destructions     Memory  Descendants' Mem.
Reports information only for process 0.

--- Event Stage 0: Main Stage

    Distributed Mesh     0              1         5032     0.
              Matrix     0             74     20850596     0.
           Index Set     1             11        11824     0.
   Star Forest Graph     1             17        16688     0.
     Discrete System     0              1          944     0.
              Vector     3             82      1940312     0.
         Vec Scatter     1             15        12000     0.
                 Tao     0              1         1880     0.
       Krylov Solver     0             18        47752     0.
      Preconditioner     0             12        14924     0.
              Viewer     1              1          840     0.

--- Event Stage 1: Setup

           Container     4              2         1152     0.
    Distributed Mesh     4              2        10424     0.
            DM Label     6              4         2528     0.
    GraphPartitioner     2              1          688     0.
              Matrix     9              1         2832     0.
           Index Set    46             35       633716     0.
   IS L to G Mapping     2              1        59148     0.
             Section    24             13         9360     0.
   Star Forest Graph    22             15        14368     0.
     Discrete System     7              6         5664     0.
              Vector    15              3       539056     0.
         Vec Scatter     2              0            0     0.
                 Tao     1              0            0     0.
       Krylov Solver     3              0            0     0.
      Preconditioner     3              0            0     0.

--- Event Stage 2: Solve

    Distributed Mesh     1              0            0     0.
              Matrix  1449           1330     76512108     0.
      Matrix Coarsen    60             60        38160     0.
   Matrix Null Space    11              0            0     0.
           Index Set   974            964      1632024     0.
   Star Forest Graph   391            367       364064     0.
     Discrete System     1              0            0     0.
              Vector 17761          17498    195850032     0.
         Vec Scatter   329            307       245600     0.
       Krylov Solver    16              1         1400     0.
      Preconditioner    10              1          824     0.
              Viewer     1              0            0     0.
         PetscRandom    60             60        38760     0.
========================================================================================================================
Average time to get PetscTime(): 0.
Average time for MPI_Barrier(): 1.38283e-06
Average time for zero size MPI_Send(): 4.76837e-06
#PETSc Option Table entries:
-bal ba-problems/15_block_drift.problem/problem_noised.bbal
-csv ba-problems/15_block_drift.problem/parallel_gamg_np1.csv
-fieldsplit_camera_ksp_converged_reason
-fieldsplit_camera_ksp_convergence_test nash
-fieldsplit_camera_ksp_rtol 0.01
-fieldsplit_camera_ksp_type cg
-fieldsplit_camera_mat_schur_complement_ainv_type blockdiag
-fieldsplit_camera_mg_levels_esteig_ksp_type cg
-fieldsplit_camera_mg_levels_pc_type pbjacobi
-fieldsplit_camera_pc_gamg_agg_nsmooths 0
-fieldsplit_camera_pc_type gamg
-fieldsplit_point_ksp_type preonly
-fieldsplit_point_pc_type pbjacobi
-ksp_type preonly
-log_view ascii:ba-problems/15_block_drift.problem/parallel_gamg_np1.log
-pc_fieldsplit_schur_precondition selfp
-pc_fieldsplit_type schur
-pc_type fieldsplit
-petscpartitioner_type ptscotch
-robust
-tao_diagonal_scale
-tao_max_it 10
-tao_trust0 1e4
-tao_type lm
#End of PETSc Option Table entries
Compiled without FORTRAN kernels
Compiled with full precision matrices (default)
sizeof(short) 2 sizeof(int) 4 sizeof(long) 8 sizeof(void*) 8 sizeof(PetscScalar) 8 sizeof(PetscInt) 4
Configure options: -with-debugging=0 COPTFLAGS="-O3 -march=native -mtune=native" CXXOPTFLAGS="-O3 -march=native -mtune=native" FOPTFLAGS="-O3 -march=native -mtune=native" --download-superlu --download-metis --download-parmetis --download-suitesparse --with-cc=cc --with-mpicc=cc --with-mpi-dir=/opt/cray/pe/mpt/7.7.10/gni/mpich-gnu/8.2 --with-cuda=0 --with-cusp=0 --with-fc=0 --download-ptscotch --download-hypre --with-hdf5
-----------------------------------------
Libraries compiled on 2020-03-16 01:29:45 on cori07 
Machine characteristics: Linux-4.12.14-150.47-default-x86_64-with-glibc2.2.5
Using PETSc directory: /global/cscratch1/sd/tkonolig/bundle_adjustment/petsc
Using PETSc arch: arch-linux2-c-opt
-----------------------------------------

Using C compiler: cc  -fPIC -O3 -march=native -mtune=native  
-----------------------------------------

Using include paths: -I/global/cscratch1/sd/tkonolig/bundle_adjustment/petsc/include -I/global/cscratch1/sd/tkonolig/bundle_adjustment/petsc/arch-linux2-c-opt/include -I/opt/cray/pe/mpt/7.7.10/gni/mpich-gnu/8.2/include
-----------------------------------------

Using C linker: cc
Using libraries: -Wl,-rpath,/global/cscratch1/sd/tkonolig/bundle_adjustment/petsc/arch-linux2-c-opt/lib -L/global/cscratch1/sd/tkonolig/bundle_adjustment/petsc/arch-linux2-c-opt/lib -lpetsc -Wl,-rpath,/global/cscratch1/sd/tkonolig/bundle_adjustment/petsc/arch-linux2-c-opt/lib -L/global/cscratch1/sd/tkonolig/bundle_adjustment/petsc/arch-linux2-c-opt/lib -Wl,-rpath,/opt/cray/pe/mpt/7.7.10/gni/mpich-gnu/8.2/lib -L/opt/cray/pe/mpt/7.7.10/gni/mpich-gnu/8.2/lib -lHYPRE -lumfpack -lklu -lcholmod -lbtf -lccolamd -lcolamd -lcamd -lamd -lsuitesparseconfig -lsuperlu -lptesmumps -lptscotchparmetis -lptscotch -lptscotcherr -lesmumps -lscotch -lscotcherr -lparmetis -lmetis -lX11 -lmpich -lssl -luuid -lpthread -lrt -ldl -lrt -lquadmath -lstdc++ -ldl
-----------------------------------------

