************************************************************************************************************************
***             WIDEN YOUR WINDOW TO 120 CHARACTERS.  Use 'enscript -r -fCourier9' to print this document            ***
************************************************************************************************************************

---------------------------------------------- PETSc Performance Summary: ----------------------------------------------

/global/cscratch1/sd/tkonolig/bundle_adjustment/ba-tao/build/bin/TaoBundleAdjustment on a arch-linux2-c-opt named nid02114 with 16 processors, by tkonolig Mon Mar 16 10:29:49 2020
Using Petsc Development GIT revision: unknown  GIT Date: unknown

                         Max       Max/Min     Avg       Total 
Time (sec):           7.528e+00     1.000   7.526e+00
Objects:              7.006e+03     1.007   6.959e+03
Flop:                 1.213e+10     1.031   1.196e+10  1.913e+11
Flop/sec:             1.612e+09     1.031   1.589e+09  2.542e+10
MPI Messages:         3.788e+04     2.998   2.605e+04  4.168e+05
MPI Message Lengths:  6.256e+07     2.733   1.649e+03  6.871e+08
MPI Reductions:       1.587e+05     1.000

Flop counting convention: 1 flop = 1 real number operation of type (multiply/divide/add/subtract)
                            e.g., VecAXPY() for real vectors of length N --> 2N flop
                            and VecAXPY() for complex vectors of length N --> 8N flop

Summary of Stages:   ----- Time ------  ----- Flop ------  --- Messages ---  -- Message Lengths --  -- Reductions --
                        Avg     %Total     Avg     %Total    Count   %Total     Avg         %Total    Count   %Total 
 0:      Main Stage: 9.5564e-02   1.3%  0.0000e+00   0.0%  2.400e+02   0.1%  1.649e+04        0.6%  5.000e+00   0.0% 
 1:           Setup: 2.1097e-01   2.8%  0.0000e+00   0.0%  9.300e+02   0.2%  2.160e+04        2.9%  7.100e+01   0.0% 
 2:           Solve: 7.2193e+00  95.9%  1.9130e+11 100.0%  4.156e+05  99.7%  1.595e+03       96.5%  1.586e+05  99.9% 

------------------------------------------------------------------------------------------------------------------------
See the 'Profiling' chapter of the users' manual for details on interpreting output.
Phase summary info:
   Count: number of times phase was executed
   Time and Flop: Max - maximum over all processors
                  Ratio - ratio of maximum to minimum over all processors
   Mess: number of messages sent
   AvgLen: average message length (bytes)
   Reduct: number of global reductions
   Global: entire computation
   Stage: stages of a computation. Set stages with PetscLogStagePush() and PetscLogStagePop().
      %T - percent time in this phase         %F - percent flop in this phase
      %M - percent messages in this phase     %L - percent message lengths in this phase
      %R - percent reductions in this phase
   Total Mflop/s: 10e-6 * (sum of flop over all processors)/(max time over all processors)
------------------------------------------------------------------------------------------------------------------------
Event                Count      Time (sec)     Flop                              --- Global ---  --- Stage ----  Total
                   Max Ratio  Max     Ratio   Max  Ratio  Mess   AvgLen  Reduct  %T %F %M %L %R  %T %F %M %L %R Mflop/s
------------------------------------------------------------------------------------------------------------------------

--- Event Stage 0: Main Stage

PetscBarrier           2 1.0 1.8984e-02396.1 0.00e+00 0.0 0.0e+00 0.0e+00 0.0e+00  0  0  0  0  0   9  0  0  0  0     0
BuildTwoSided          1 1.0 3.4213e-04 1.1 0.00e+00 0.0 4.8e+01 4.0e+00 0.0e+00  0  0  0  0  0   0  0 20  0  0     0
DMPlexGToNBegin        1 1.0 1.8990e-03 2.6 0.00e+00 0.0 2.4e+02 1.2e+04 0.0e+00  0  0  0  0  0   1  0100 73  0     0
DMPlexGToNEnd          1 1.0 1.1661e-0318.8 0.00e+00 0.0 0.0e+00 0.0e+00 0.0e+00  0  0  0  0  0   1  0  0  0  0     0
SFSetUp                2 1.0 1.7979e-03 2.7 0.00e+00 0.0 1.4e+02 6.7e+03 0.0e+00  0  0  0  0  0   1  0 60 24  0     0
SFBcastOpBegin         2 1.0 1.3590e-04 2.1 0.00e+00 0.0 9.6e+01 3.1e+04 1.0e+00  0  0  0  0  0   0  0 40 76 20     0
SFBcastOpEnd           2 1.0 2.8660e-03 2.4 0.00e+00 0.0 0.0e+00 0.0e+00 0.0e+00  0  0  0  0  0   2  0  0  0  0     0
VecSet                 2 1.0 2.4796e-04 0.0 0.00e+00 0.0 0.0e+00 0.0e+00 0.0e+00  0  0  0  0  0   0  0  0  0  0     0
VecScatterBegin        1 1.0 5.1022e-05 2.2 0.00e+00 0.0 0.0e+00 0.0e+00 1.0e+00  0  0  0  0  0   0  0  0 27 20     0
VecScatterEnd          1 1.0 1.7540e-0320.4 0.00e+00 0.0 0.0e+00 0.0e+00 0.0e+00  0  0  0  0  0   1  0  0  0  0     0

--- Event Stage 1: Setup

BuildTwoSided         11 1.0 6.5999e-03 5.5 0.00e+00 0.0 1.0e+02 4.0e+00 0.0e+00  0  0  0  0  0   2  0 11  0  0     0
MatAssemblyBegin       2 1.0 4.0531e-06 2.1 0.00e+00 0.0 0.0e+00 0.0e+00 0.0e+00  0  0  0  0  0   0  0  0  0  0     0
MatAssemblyEnd         2 1.0 2.6562e-03 1.6 0.00e+00 0.0 5.0e+01 4.1e+02 8.0e+00  0  0  0  0  0   1  0  5  0 11     0
Mesh Partition         1 1.0 9.8427e-02 1.0 0.00e+00 0.0 6.0e+01 1.4e+04 9.0e+00  1  0  0  0  0  47  0  6  4 13     0
Mesh Migration         1 1.0 6.9070e-03 1.0 0.00e+00 0.0 2.0e+02 3.4e+04 6.0e+00  0  0  0  1  0   3  0 21 33  8     0
DMPlexPartSelf         1 1.0 6.2399e-03793.1 0.00e+00 0.0 0.0e+00 0.0e+00 0.0e+00  0  0  0  0  0   0  0  0  0  0     0
DMPlexPartLblInv       1 1.0 1.2128e-02 2.1 0.00e+00 0.0 0.0e+00 0.0e+00 3.0e+00  0  0  0  0  0   6  0  0  1  4     0
DMPlexPartLblSF        1 1.0 9.4509e-04 1.2 0.00e+00 0.0 2.2e+01 9.2e+03 0.0e+00  0  0  0  0  0   0  0  2  1  0     0
DMPlexPartStrtSF       1 1.0 4.2760e-0322.5 0.00e+00 0.0 1.5e+01 1.4e+04 0.0e+00  0  0  0  0  0   1  0  2  1  0     0
DMPlexPointSF          1 1.0 2.3060e-03 1.1 0.00e+00 0.0 3.0e+01 3.5e+04 0.0e+00  0  0  0  0  0   1  0  3  5  0     0
DMPlexDistribute       1 1.0 1.1427e-01 1.0 0.00e+00 0.0 5.6e+02 2.4e+04 2.3e+01  2  0  0  2  0  54  0 61 67 32     0
DMPlexDistCones        1 1.0 2.7850e-03 1.1 0.00e+00 0.0 8.2e+01 3.1e+04 1.0e+00  0  0  0  0  0   1  0  9 13  1     0
DMPlexDistLabels       1 1.0 2.4080e-05 1.4 0.00e+00 0.0 0.0e+00 0.0e+00 3.0e+00  0  0  0  0  0   0  0  0  0  4     0
DMPlexDistField        1 1.0 3.3100e-03 1.1 0.00e+00 0.0 8.2e+01 4.5e+04 1.0e+00  0  0  0  1  0   1  0  9 18  1     0
DMPlexDistData         2 1.0 4.2379e-03 1.1 0.00e+00 0.0 1.4e+02 4.8e+04 2.0e+00  0  0  0  1  0   2  0 15 32  3     0
DMPlexStratify         2 1.0 2.7292e-0223.6 0.00e+00 0.0 0.0e+00 0.0e+00 2.0e+00  0  0  0  0  0  12  0  0  0  3     0
DMPlexSymmetrize       2 1.0 2.4741e-03 2.9 0.00e+00 0.0 0.0e+00 0.0e+00 0.0e+00  0  0  0  0  0   0  0  0  0  0     0
SFSetGraph            15 1.0 5.9366e-0428.6 0.00e+00 0.0 0.0e+00 0.0e+00 0.0e+00  0  0  0  0  0   0  0  0  0  0     0
SFSetUp               12 1.0 1.0098e-02 1.6 0.00e+00 0.0 3.1e+02 1.5e+04 0.0e+00  0  0  0  1  0   4  0 33 23  0     0
SFBcastOpBegin        29 1.0 1.9400e-0318.7 0.00e+00 0.0 5.8e+02 2.0e+04 0.0e+00  0  0  0  2  0   0  0 62 56  0     0
SFBcastOpEnd          29 1.0 1.2807e-02 1.7 0.00e+00 0.0 0.0e+00 0.0e+00 0.0e+00  0  0  0  0  0   5  0  0  0  0     0
SFReduceBegin          3 1.0 8.7190e-0421.1 0.00e+00 0.0 3.0e+01 1.2e+05 1.0e+00  0  0  0  1  0   0  0  3 18  1     0
SFReduceEnd            3 1.0 4.1029e-03 1.3 0.00e+00 0.0 0.0e+00 0.0e+00 0.0e+00  0  0  0  0  0   2  0  0  0  0     0
SFDistSection          5 1.0 3.4730e-03 1.4 0.00e+00 0.0 1.8e+02 1.4e+04 5.0e+00  0  0  0  0  0   1  0 19 12  7     0
SFSectionSF            5 1.0 5.6677e-03 1.7 0.00e+00 0.0 1.1e+02 3.7e+04 0.0e+00  0  0  0  1  0   2  0 12 21  0     0
VecCopy                1 1.0 2.0981e-05 2.1 0.00e+00 0.0 0.0e+00 0.0e+00 0.0e+00  0  0  0  0  0   0  0  0  0  0     0
VecSet                 6 1.0 1.0800e-04 5.1 0.00e+00 0.0 0.0e+00 0.0e+00 0.0e+00  0  0  0  0  0   0  0  0  0  0     0

--- Event Stage 2: Solve

BuildTwoSided         19 1.0 1.8091e-03 1.8 0.00e+00 0.0 1.2e+02 4.0e+00 0.0e+00  0  0  0  0  0   0  0  0  0  0     0
BuildTwoSidedF       108 1.0 9.0910e-02 1.6 0.00e+00 0.0 1.1e+03 1.8e+04 0.0e+00  1  0  0  3  0   1  0  0  3  0     0
MatMult             6242 1.0 3.2885e+00 1.1 9.41e+09 1.0 4.1e+05 1.5e+03 4.0e+00 42 77 99 90  0  44 77 99 93  0 44993
MatMultAdd          6222 1.0 3.4661e-01 1.1 1.16e+09 1.0 0.0e+00 0.0e+00 0.0e+00  4  9  0  0  0   4  9  0  0  0 52157
MatMultTranspose      11 1.0 8.3289e-03 1.2 6.31e+06 1.0 3.6e+02 1.2e+03 6.6e+01  0  0  0  0  0   0  0  0  0  0 11982
MatMultTrAdd          22 1.0 4.4115e-03 1.3 6.31e+06 1.0 3.6e+02 1.2e+03 0.0e+00  0  0  0  0  0   0  0  0  0  0 22622
MatCopy               10 1.0 1.6278e-02 1.1 0.00e+00 0.0 0.0e+00 0.0e+00 0.0e+00  0  0  0  0  0   0  0  0  0  0     0
MatConvert             1 1.0 4.2059e-03 1.1 0.00e+00 0.0 9.9e+01 5.9e+02 0.0e+00  0  0  0  0  0   0  0  0  0  0     0
MatScale              32 1.0 2.8062e-02 1.0 3.10e+07 1.0 1.1e+03 1.4e+03 1.3e+02  0  0  0  0  0   0  0  0  0  0 17448
MatAssemblyBegin     219 1.0 9.2936e-02 1.5 0.00e+00 0.0 1.1e+03 1.8e+04 0.0e+00  1  0  0  3  0   1  0  0  3  0     0
MatAssemblyEnd       241 1.0 2.5197e-02 1.5 1.28e+05 0.0 2.5e+02 5.6e+02 6.4e+01  0  0  0  0  0   0  0  0  0  0    46
MatCreateSubMat       40 1.0 8.4567e-04 1.3 0.00e+00 0.0 0.0e+00 0.0e+00 6.0e+01  0  0  0  0  0   0  0  0  0  0     0
MatZeroEntries        44 1.0 8.3437e-03 1.2 0.00e+00 0.0 0.0e+00 0.0e+00 0.0e+00  0  0  0  0  0   0  0  0  0  0     0
MatAXPY               10 1.0 3.4765e-02 1.0 9.31e+05 1.0 0.0e+00 0.0e+00 0.0e+00  0  0  0  0  0   0  0  0  0  0   418
MatMatMult            20 1.0 2.6120e-01 1.0 3.64e+08 1.0 5.8e+02 3.1e+04 1.8e+01  3  3  0  3  0   4  3  0  3  0 21990
MatMatMultSym          2 1.0 7.5217e-02 1.0 0.00e+00 0.0 2.5e+02 9.9e+03 1.6e+01  1  0  0  0  0   1  0  0  0  0     0
MatMatMultNum         20 1.0 1.8597e-01 1.0 3.64e+08 1.0 3.3e+02 4.7e+04 0.0e+00  2  3  0  2  0   3  3  0  2  0 30885
MatTrnMatMult         11 1.0 3.4641e-01 1.0 9.16e+07 1.0 1.4e+03 1.5e+04 5.0e+01  5  1  0  3  0   5  1  0  3  0  4184
MatTrnMatMultSym       4 1.0 4.5051e-02 1.0 0.00e+00 0.0 2.0e+02 2.7e+03 3.2e+01  1  0  0  0  0   1  0  0  0  0     0
MatTrnMatMultNum      44 1.0 3.0177e-01 1.0 9.16e+07 1.0 1.2e+03 1.7e+04 1.6e+01  4  1  0  3  0   4  1  0  3  0  4803
MatGetLocalMat        66 1.0 2.7545e-02 1.1 0.00e+00 0.0 0.0e+00 0.0e+00 0.0e+00  0  0  0  0  0   0  0  0  0  0     0
MatGetBrAoCol         22 1.0 8.0121e-03 2.5 0.00e+00 0.0 4.3e+02 4.2e+04 0.0e+00  0  0  0  3  0   0  0  0  3  0     0
SFSetGraph            19 1.0 1.3828e-05 2.2 0.00e+00 0.0 0.0e+00 0.0e+00 0.0e+00  0  0  0  0  0   0  0  0  0  0     0
SFSetUp               19 1.0 2.3570e-03 1.6 0.00e+00 0.0 3.5e+02 5.7e+02 0.0e+00  0  0  0  0  0   0  0  0  0  0     0
SFBcastOpBegin     18794 1.0 6.7687e-02 2.7 0.00e+00 0.0 4.1e+05 1.5e+03 0.0e+00  1  0 99 90  0   1  0 99 94  0     0
SFBcastOpEnd       18794 1.0 1.6013e-01 8.6 0.00e+00 0.0 0.0e+00 0.0e+00 0.0e+00  1  0  0  0  0   1  0  0  0  0     0
SFReduceBegin         42 1.0 2.1863e-04 1.8 0.00e+00 0.0 3.6e+02 1.2e+03 0.0e+00  0  0  0  0  0   0  0  0  0  0     0
SFReduceEnd           42 1.0 1.3783e-03 6.2 0.00e+00 0.0 0.0e+00 0.0e+00 0.0e+00  0  0  0  0  0   0  0  0  0  0     0
VecDot              8882 1.0 2.1290e-01 1.2 1.84e+08 1.0 0.0e+00 0.0e+00 8.9e+03  3  1  0  0  6   3  1  0  0  6 13477
VecTDot            12444 1.0 6.8921e-01 1.6 2.57e+08 1.0 0.0e+00 0.0e+00 1.2e+04  8  2  0  0  8   8  2  0  0  8  5829
VecNorm             9002 1.0 2.9405e-01 1.3 1.87e+08 1.0 0.0e+00 0.0e+00 9.0e+03  4  2  0  0  6   4  2  0  0  6  9910
VecScale            8031 1.0 4.0533e-02 1.1 8.33e+07 1.0 0.0e+00 0.0e+00 0.0e+00  1  1  0  0  0   1  1  0  0  0 32061
VecCopy             6282 1.0 4.0720e-02 1.1 0.00e+00 0.0 0.0e+00 0.0e+00 0.0e+00  1  0  0  0  0   1  0  0  0  0     0
VecSet              6499 1.0 1.6168e-02 1.2 0.00e+00 0.0 0.0e+00 0.0e+00 0.0e+00  0  0  0  0  0   0  0  0  0  0     0
VecAXPY            21356 1.0 1.1877e-01 1.1 4.04e+08 1.0 0.0e+00 0.0e+00 0.0e+00  2  3  0  0  0   2  3  0  0  0 53055
VecAYPX             6212 1.0 2.8387e-02 1.1 1.28e+08 1.0 0.0e+00 0.0e+00 0.0e+00  0  1  0  0  0   0  1  0  0  0 70645
VecSwap               20 1.0 1.7764e-02 1.0 0.00e+00 0.0 0.0e+00 0.0e+00 0.0e+00  0  0  0  0  0   0  0  0  0  0     0
VecPointwiseMult     186 1.0 1.9453e-03 1.1 1.99e+06 1.0 0.0e+00 0.0e+00 0.0e+00  0  0  0  0  0   0  0  0  0  0 15985
VecScatterBegin    18814 1.0 7.3678e-02 2.5 0.00e+00 0.0 4.1e+05 1.5e+03 0.0e+00  1  0 99 90  0   1  0 99 94  0     0
VecScatterEnd      18814 1.0 1.6649e-01 7.1 0.00e+00 0.0 0.0e+00 0.0e+00 0.0e+00  1  0  0  0  0   1  0  0  0  0     0
VecNormalize        2717 1.0 8.2171e-02 1.1 7.45e+07 1.0 0.0e+00 0.0e+00 2.7e+03  1  1  0  0  2   1  1  0  0  2 14149
TaoSolve               1 1.0 7.2193e+00 1.0 1.21e+10 1.0 4.2e+05 1.6e+03 1.6e+05 96100100 97100 100100100100100 26498
TaoObjectiveEval      11 1.0 1.3244e-02 1.1 0.00e+00 0.0 3.6e+02 1.2e+03 0.0e+00  0  0  0  0  0   0  0  0  0  0     0
TaoJacobianEval       11 1.0 3.1073e-01 1.0 1.45e+08 1.0 3.6e+02 1.2e+03 5.6e+03  4  1  0  0  4   4  1  0  0  4  7302
KSPSetUp              30 1.0 6.6280e-05 1.2 0.00e+00 0.0 0.0e+00 0.0e+00 0.0e+00  0  0  0  0  0   0  0  0  0  0     0
KSPSolve              10 1.0 4.9732e+00 1.0 1.19e+10 1.0 4.1e+05 1.6e+03 2.5e+04 66 98 99 93 16  69 98 99 96 16 37618
PCSetUp               30 1.0 3.7434e-01 1.0 3.76e+08 1.0 7.7e+02 2.6e+04 2.0e+02  5  3  0  3  0   5  3  0  3  0 15853
PCApply               10 1.0 4.6320e+00 1.0 1.15e+10 1.0 4.1e+05 1.5e+03 2.5e+04 62 95 99 90 16  64 95 99 93 16 39108
KSPSolve_FS_0         10 1.0 1.2088e-04 1.2 3.49e+05 1.1 0.0e+00 0.0e+00 0.0e+00  0  0  0  0  0   0  0  0  0  0 44354
KSPSolve_FS_Schu      10 1.0 4.6240e+00 1.0 1.15e+10 1.0 4.1e+05 1.5e+03 2.5e+04 61 95 99 90 16  64 95 99 93 16 39129
KSPSolve_FS_Low       10 1.0 5.4121e-04 1.2 3.49e+05 1.1 0.0e+00 0.0e+00 0.0e+00  0  0  0  0  0   0  0  0  0  0  9906
------------------------------------------------------------------------------------------------------------------------

Memory usage is given in bytes:

Object Type          Creations   Destructions     Memory  Descendants' Mem.
Reports information only for process 0.

--- Event Stage 0: Main Stage

    Distributed Mesh     0              1         5032     0.
              Matrix     0              5     14511280     0.
           Index Set     1              1          888     0.
   Star Forest Graph     1              5         4784     0.
     Discrete System     0              1          944     0.
              Vector     3             14      1176968     0.
         Vec Scatter     1              3         2400     0.
                 Tao     0              1         1880     0.
       Krylov Solver     0              4         5928     0.
      Preconditioner     0              4         3608     0.
              Viewer     1              1          840     0.

--- Event Stage 1: Setup

           Container     4              2         1152     0.
    Distributed Mesh     4              2        10424     0.
            DM Label     6              4         2528     0.
    GraphPartitioner     2              1          688     0.
              Matrix     9              1         2832     0.
           Index Set    82             71      2458324     0.
   IS L to G Mapping     2              1       129908     0.
             Section    24             13         9360     0.
   Star Forest Graph    22             15        14368     0.
     Discrete System     7              6         5664     0.
              Vector    15              3      2154088     0.
         Vec Scatter     2              0            0     0.
                 Tao     1              0            0     0.
       Krylov Solver     3              0            0     0.
      Preconditioner     3              0            0     0.

--- Event Stage 2: Solve

    Distributed Mesh     1              0            0     0.
              Matrix    59              9      1175616     0.
   Matrix Null Space    11              0            0     0.
           Index Set    54             54       715368     0.
   Star Forest Graph    21              9         8928     0.
     Discrete System     1              0            0     0.
              Vector  6642           6447    530760072     0.
         Vec Scatter    19              9         7200     0.
       Krylov Solver     2              1         1400     0.
      Preconditioner     2              1          824     0.
              Viewer     1              0            0     0.
========================================================================================================================
Average time to get PetscTime(): 9.53674e-08
Average time for MPI_Barrier(): 6.81877e-06
Average time for zero size MPI_Send(): 4.87268e-06
#PETSc Option Table entries:
-bal ba-problems/30_block_drift.problem/problem_noised.bbal
-csv ba-problems/30_block_drift.problem/parallel_pbjacobi_np4.csv
-fieldsplit_camera_ksp_converged_reason
-fieldsplit_camera_ksp_convergence_test nash
-fieldsplit_camera_ksp_rtol 0.01
-fieldsplit_camera_ksp_type cg
-fieldsplit_camera_mat_schur_complement_ainv_type blockdiag
-fieldsplit_camera_pc_type pbjacobi
-fieldsplit_point_ksp_type preonly
-fieldsplit_point_pc_type pbjacobi
-ksp_type preonly
-log_view ascii:ba-problems/30_block_drift.problem/parallel_pbjacobi_np4.log
-pc_fieldsplit_schur_precondition selfp
-pc_fieldsplit_type schur
-pc_type fieldsplit
-petscpartitioner_type ptscotch
-robust
-tao_diagonal_scale
-tao_max_it 10
-tao_trust0 1e4
-tao_type lm
#End of PETSc Option Table entries
Compiled without FORTRAN kernels
Compiled with full precision matrices (default)
sizeof(short) 2 sizeof(int) 4 sizeof(long) 8 sizeof(void*) 8 sizeof(PetscScalar) 8 sizeof(PetscInt) 4
Configure options: -with-debugging=0 COPTFLAGS="-O3 -march=native -mtune=native" CXXOPTFLAGS="-O3 -march=native -mtune=native" FOPTFLAGS="-O3 -march=native -mtune=native" --download-superlu --download-metis --download-parmetis --download-suitesparse --with-cc=cc --with-mpicc=cc --with-mpi-dir=/opt/cray/pe/mpt/7.7.10/gni/mpich-gnu/8.2 --with-cuda=0 --with-cusp=0 --with-fc=0 --download-ptscotch --download-hypre --with-hdf5
-----------------------------------------
Libraries compiled on 2020-03-16 01:29:45 on cori07 
Machine characteristics: Linux-4.12.14-150.47-default-x86_64-with-glibc2.2.5
Using PETSc directory: /global/cscratch1/sd/tkonolig/bundle_adjustment/petsc
Using PETSc arch: arch-linux2-c-opt
-----------------------------------------

Using C compiler: cc  -fPIC -O3 -march=native -mtune=native  
-----------------------------------------

Using include paths: -I/global/cscratch1/sd/tkonolig/bundle_adjustment/petsc/include -I/global/cscratch1/sd/tkonolig/bundle_adjustment/petsc/arch-linux2-c-opt/include -I/opt/cray/pe/mpt/7.7.10/gni/mpich-gnu/8.2/include
-----------------------------------------

Using C linker: cc
Using libraries: -Wl,-rpath,/global/cscratch1/sd/tkonolig/bundle_adjustment/petsc/arch-linux2-c-opt/lib -L/global/cscratch1/sd/tkonolig/bundle_adjustment/petsc/arch-linux2-c-opt/lib -lpetsc -Wl,-rpath,/global/cscratch1/sd/tkonolig/bundle_adjustment/petsc/arch-linux2-c-opt/lib -L/global/cscratch1/sd/tkonolig/bundle_adjustment/petsc/arch-linux2-c-opt/lib -Wl,-rpath,/opt/cray/pe/mpt/7.7.10/gni/mpich-gnu/8.2/lib -L/opt/cray/pe/mpt/7.7.10/gni/mpich-gnu/8.2/lib -lHYPRE -lumfpack -lklu -lcholmod -lbtf -lccolamd -lcolamd -lcamd -lamd -lsuitesparseconfig -lsuperlu -lptesmumps -lptscotchparmetis -lptscotch -lptscotcherr -lesmumps -lscotch -lscotcherr -lparmetis -lmetis -lX11 -lmpich -lssl -luuid -lpthread -lrt -ldl -lrt -lquadmath -lstdc++ -ldl
-----------------------------------------

