************************************************************************************************************************
***             WIDEN YOUR WINDOW TO 120 CHARACTERS.  Use 'enscript -r -fCourier9' to print this document            ***
************************************************************************************************************************

---------------------------------------------- PETSc Performance Summary: ----------------------------------------------

/global/cscratch1/sd/tkonolig/bundle_adjustment/ba-tao/build/bin/TaoBundleAdjustment on a arch-linux2-c-opt named nid01241 with 16 processors, by tkonolig Mon Mar 16 09:38:48 2020
Using Petsc Development GIT revision: unknown  GIT Date: unknown

                         Max       Max/Min     Avg       Total 
Time (sec):           1.120e+01     1.000   1.120e+01
Objects:              2.448e+04     1.002   2.442e+04
Flop:                 1.558e+10     1.043   1.522e+10  2.435e+11
Flop/sec:             1.391e+09     1.043   1.358e+09  2.173e+10
MPI Messages:         2.841e+05     3.144   2.003e+05  3.205e+06
MPI Message Lengths:  1.627e+08     2.757   5.486e+02  1.758e+09
MPI Reductions:       1.796e+05     1.000

Flop counting convention: 1 flop = 1 real number operation of type (multiply/divide/add/subtract)
                            e.g., VecAXPY() for real vectors of length N --> 2N flop
                            and VecAXPY() for complex vectors of length N --> 8N flop

Summary of Stages:   ----- Time ------  ----- Flop ------  --- Messages ---  -- Message Lengths --  -- Reductions --
                        Avg     %Total     Avg     %Total    Count   %Total     Avg         %Total    Count   %Total 
 0:      Main Stage: 8.4681e-02   0.8%  0.0000e+00   0.0%  2.400e+02   0.0%  1.649e+04        0.2%  5.000e+00   0.0% 
 1:           Setup: 2.3268e-01   2.1%  0.0000e+00   0.0%  9.300e+02   0.0%  2.160e+04        1.1%  7.100e+01   0.0% 
 2:           Solve: 1.0887e+01  97.2%  2.4351e+11 100.0%  3.204e+06 100.0%  5.413e+02       98.6%  1.795e+05  99.9% 

------------------------------------------------------------------------------------------------------------------------
See the 'Profiling' chapter of the users' manual for details on interpreting output.
Phase summary info:
   Count: number of times phase was executed
   Time and Flop: Max - maximum over all processors
                  Ratio - ratio of maximum to minimum over all processors
   Mess: number of messages sent
   AvgLen: average message length (bytes)
   Reduct: number of global reductions
   Global: entire computation
   Stage: stages of a computation. Set stages with PetscLogStagePush() and PetscLogStagePop().
      %T - percent time in this phase         %F - percent flop in this phase
      %M - percent messages in this phase     %L - percent message lengths in this phase
      %R - percent reductions in this phase
   Total Mflop/s: 10e-6 * (sum of flop over all processors)/(max time over all processors)
------------------------------------------------------------------------------------------------------------------------
Event                Count      Time (sec)     Flop                              --- Global ---  --- Stage ----  Total
                   Max Ratio  Max     Ratio   Max  Ratio  Mess   AvgLen  Reduct  %T %F %M %L %R  %T %F %M %L %R Mflop/s
------------------------------------------------------------------------------------------------------------------------

--- Event Stage 0: Main Stage

PetscBarrier           2 1.0 2.6864e-02298.9 0.00e+00 0.0 0.0e+00 0.0e+00 0.0e+00  0  0  0  0  0  11  0  0  0  0     0
BuildTwoSided          1 1.0 3.5405e-04 1.2 0.00e+00 0.0 4.8e+01 4.0e+00 0.0e+00  0  0  0  0  0   0  0 20  0  0     0
DMPlexGToNBegin        1 1.0 1.9829e-03 2.7 0.00e+00 0.0 2.4e+02 1.2e+04 0.0e+00  0  0  0  0  0   1  0100 73  0     0
DMPlexGToNEnd          1 1.0 1.2672e-0330.2 0.00e+00 0.0 0.0e+00 0.0e+00 0.0e+00  0  0  0  0  0   1  0  0  0  0     0
SFSetUp                2 1.0 1.8959e-03 2.8 0.00e+00 0.0 1.4e+02 6.7e+03 0.0e+00  0  0  0  0  0   1  0 60 24  0     0
SFBcastOpBegin         2 1.0 1.3804e-04 2.1 0.00e+00 0.0 9.6e+01 3.1e+04 1.0e+00  0  0  0  0  0   0  0 40 76 20     0
SFBcastOpEnd           2 1.0 2.8293e-0315.8 0.00e+00 0.0 0.0e+00 0.0e+00 0.0e+00  0  0  0  0  0   2  0  0  0  0     0
VecSet                 2 1.0 6.0916e-04 0.0 0.00e+00 0.0 0.0e+00 0.0e+00 0.0e+00  0  0  0  0  0   0  0  0  0  0     0
VecScatterBegin        1 1.0 6.1035e-05 2.2 0.00e+00 0.0 0.0e+00 0.0e+00 1.0e+00  0  0  0  0  0   0  0  0 27 20     0
VecScatterEnd          1 1.0 1.5919e-0317.5 0.00e+00 0.0 0.0e+00 0.0e+00 0.0e+00  0  0  0  0  0   1  0  0  0  0     0

--- Event Stage 1: Setup

BuildTwoSided         11 1.0 5.0480e-03 4.1 0.00e+00 0.0 1.0e+02 4.0e+00 0.0e+00  0  0  0  0  0   1  0 11  0  0     0
MatAssemblyBegin       2 1.0 4.0531e-06 2.1 0.00e+00 0.0 0.0e+00 0.0e+00 0.0e+00  0  0  0  0  0   0  0  0  0  0     0
MatAssemblyEnd         2 1.0 3.4299e-03 1.7 0.00e+00 0.0 5.0e+01 4.1e+02 8.0e+00  0  0  0  0  0   1  0  5  0 11     0
Mesh Partition         1 1.0 9.5487e-02 1.0 0.00e+00 0.0 6.0e+01 1.4e+04 9.0e+00  1  0  0  0  0  41  0  6  4 13     0
Mesh Migration         1 1.0 6.4960e-03 1.0 0.00e+00 0.0 2.0e+02 3.4e+04 6.0e+00  0  0  0  0  0   3  0 21 33  8     0
DMPlexPartSelf         1 1.0 5.8692e-03724.0 0.00e+00 0.0 0.0e+00 0.0e+00 0.0e+00  0  0  0  0  0   0  0  0  0  0     0
DMPlexPartLblInv       1 1.0 1.1299e-02 2.1 0.00e+00 0.0 0.0e+00 0.0e+00 3.0e+00  0  0  0  0  0   5  0  0  1  4     0
DMPlexPartLblSF        1 1.0 9.4295e-04 1.2 0.00e+00 0.0 2.2e+01 9.2e+03 0.0e+00  0  0  0  0  0   0  0  2  1  0     0
DMPlexPartStrtSF       1 1.0 3.7959e-0321.1 0.00e+00 0.0 1.5e+01 1.4e+04 0.0e+00  0  0  0  0  0   1  0  2  1  0     0
DMPlexPointSF          1 1.0 2.9161e-03 1.3 0.00e+00 0.0 3.0e+01 3.5e+04 0.0e+00  0  0  0  0  0   1  0  3  5  0     0
DMPlexDistribute       1 1.0 1.1185e-01 1.0 0.00e+00 0.0 5.6e+02 2.4e+04 2.3e+01  1  0  0  1  0  48  0 61 67 32     0
DMPlexDistCones        1 1.0 2.6710e-03 1.2 0.00e+00 0.0 8.2e+01 3.1e+04 1.0e+00  0  0  0  0  0   1  0  9 13  1     0
DMPlexDistLabels       1 1.0 1.7166e-05 1.3 0.00e+00 0.0 0.0e+00 0.0e+00 3.0e+00  0  0  0  0  0   0  0  0  0  4     0
DMPlexDistField        1 1.0 3.2849e-03 1.1 0.00e+00 0.0 8.2e+01 4.5e+04 1.0e+00  0  0  0  0  0   1  0  9 18  1     0
DMPlexDistData         2 1.0 2.4450e-03 1.0 0.00e+00 0.0 1.4e+02 4.8e+04 2.0e+00  0  0  0  0  0   1  0 15 32  3     0
DMPlexStratify         2 1.0 2.8773e-0225.8 0.00e+00 0.0 0.0e+00 0.0e+00 2.0e+00  0  0  0  0  0  12  0  0  0  3     0
DMPlexSymmetrize       2 1.0 2.5828e-03 3.0 0.00e+00 0.0 0.0e+00 0.0e+00 0.0e+00  0  0  0  0  0   0  0  0  0  0     0
SFSetGraph            15 1.0 6.3992e-0428.9 0.00e+00 0.0 0.0e+00 0.0e+00 0.0e+00  0  0  0  0  0   0  0  0  0  0     0
SFSetUp               12 1.0 7.5493e-03 1.6 0.00e+00 0.0 3.1e+02 1.5e+04 0.0e+00  0  0  0  0  0   2  0 33 23  0     0
SFBcastOpBegin        29 1.0 1.9240e-0317.0 0.00e+00 0.0 5.8e+02 2.0e+04 0.0e+00  0  0  0  1  0   0  0 62 56  0     0
SFBcastOpEnd          29 1.0 1.3320e-02 1.4 0.00e+00 0.0 0.0e+00 0.0e+00 0.0e+00  0  0  0  0  0   5  0  0  0  0     0
SFReduceBegin          3 1.0 7.9799e-0419.1 0.00e+00 0.0 3.0e+01 1.2e+05 1.0e+00  0  0  0  0  0   0  0  3 18  1     0
SFReduceEnd            3 1.0 3.6788e-03 1.5 0.00e+00 0.0 0.0e+00 0.0e+00 0.0e+00  0  0  0  0  0   1  0  0  0  0     0
SFDistSection          5 1.0 4.2193e-03 1.2 0.00e+00 0.0 1.8e+02 1.4e+04 5.0e+00  0  0  0  0  0   2  0 19 12  7     0
SFSectionSF            5 1.0 5.2531e-03 2.4 0.00e+00 0.0 1.1e+02 3.7e+04 0.0e+00  0  0  0  0  0   1  0 12 21  0     0
VecCopy                1 1.0 2.0027e-05 2.0 0.00e+00 0.0 0.0e+00 0.0e+00 0.0e+00  0  0  0  0  0   0  0  0  0  0     0
VecSet                 6 1.0 1.1110e-04 4.8 0.00e+00 0.0 0.0e+00 0.0e+00 0.0e+00  0  0  0  0  0   0  0  0  0  0     0

--- Event Stage 2: Solve

BuildTwoSided        469 1.0 1.7652e-02 1.2 0.00e+00 0.0 8.2e+03 4.0e+00 0.0e+00  0  0  0  0  0   0  0  0  0  0     0
BuildTwoSidedF     17298 1.0 4.5883e-01 1.3 0.00e+00 0.0 5.7e+03 1.3e+04 0.0e+00  4  0  0  4  0   4  0  0  4  0     0
MatMult            38381 1.0 4.4608e+00 1.1 1.17e+10 1.0 2.0e+06 7.1e+02 4.0e+00 38 75 61 79  0  39 75 61 80  0 40798
MatMultAdd         15678 1.0 7.0137e-01 1.2 1.73e+09 1.0 1.7e+05 2.7e+02 0.0e+00  6 11  5  3  0   6 11  5  3  0 38418
MatMultTranspose    9104 1.0 4.1925e-01 1.5 5.09e+08 1.0 1.7e+05 2.7e+02 6.6e+01  3  3  5  3  0   3  3  5  3  0 18872
MatMultTrAdd          22 1.0 3.8650e-03 1.2 6.31e+06 1.0 3.6e+02 1.2e+03 0.0e+00  0  0  0  0  0   0  0  0  0  0 25820
MatSolve            1299 0.0 1.1168e-03 0.0 6.44e+05 0.0 0.0e+00 0.0e+00 0.0e+00  0  0  0  0  0   0  0  0  0  0   577
MatLUFactorSym        10 1.0 1.3328e-04 1.6 0.00e+00 0.0 0.0e+00 0.0e+00 0.0e+00  0  0  0  0  0   0  0  0  0  0     0
MatLUFactorNum        10 1.0 7.2718e-05 4.4 2.61e+04 0.0 0.0e+00 0.0e+00 0.0e+00  0  0  0  0  0   0  0  0  0  0   359
MatCopy               10 1.0 1.6328e-02 1.1 0.00e+00 0.0 0.0e+00 0.0e+00 0.0e+00  0  0  0  0  0   0  0  0  0  0     0
MatConvert             1 1.0 4.2090e-03 1.1 0.00e+00 0.0 9.9e+01 5.9e+02 0.0e+00  0  0  0  0  0   0  0  0  0  0     0
MatScale             102 1.0 2.7504e-02 1.1 3.13e+07 1.0 4.6e+03 3.8e+02 1.3e+02  0  0  0  0  0   0  0  0  0  0 17967
MatResidual         9093 1.0 9.4255e-01 1.1 2.40e+09 1.1 4.6e+05 6.7e+02 0.0e+00  8 15 14 18  0   8 15 14 18  0 39600
MatAssemblyBegin    1329 1.0 2.2986e-01 1.6 0.00e+00 0.0 5.7e+03 1.3e+04 0.0e+00  2  0  0  4  0   2  0  0  4  0     0
MatAssemblyEnd      1351 1.0 1.4848e-01 1.1 2.74e+0512.8 1.9e+04 7.8e+01 1.5e+03  1  0  1  0  1   1  0  1  0  1    17
MatGetRowIJ           10 0.0 1.9312e-05 0.0 0.00e+00 0.0 0.0e+00 0.0e+00 0.0e+00  0  0  0  0  0   0  0  0  0  0     0
MatCreateSubMat      100 1.0 2.2310e-02 1.0 0.00e+00 0.0 1.1e+03 1.7e+03 7.8e+02  0  0  0  0  0   0  0  0  0  0     0
MatGetOrdering        10 0.0 2.5344e-04 0.0 0.00e+00 0.0 0.0e+00 0.0e+00 0.0e+00  0  0  0  0  0   0  0  0  0  0     0
MatCoarsen            70 1.0 1.2872e-02 1.0 0.00e+00 0.0 2.3e+04 5.2e+01 1.9e+02  0  0  1  0  0   0  0  1  0  0     0
MatZeroEntries       124 1.0 1.1640e-02 1.3 0.00e+00 0.0 0.0e+00 0.0e+00 0.0e+00  0  0  0  0  0   0  0  0  0  0     0
MatAXPY               10 1.0 3.4866e-02 1.1 9.31e+05 1.0 0.0e+00 0.0e+00 0.0e+00  0  0  0  0  0   0  0  0  0  0   417
MatTranspose         140 1.0 1.4760e-02 1.3 0.00e+00 0.0 0.0e+00 0.0e+00 0.0e+00  0  0  0  0  0   0  0  0  0  0     0
MatMatMult            20 1.0 2.5980e-01 1.0 3.64e+08 1.0 5.8e+02 3.1e+04 1.8e+01  2  2  0  1  0   2  2  0  1  0 22108
MatMatMultSym          2 1.0 7.4719e-02 1.0 0.00e+00 0.0 2.5e+02 9.9e+03 1.6e+01  1  0  0  0  0   1  0  0  0  0     0
MatMatMultNum         20 1.0 1.8502e-01 1.0 3.64e+08 1.0 3.3e+02 4.7e+04 0.0e+00  2  2  0  1  0   2  2  0  1  0 31043
MatPtAP               70 1.0 1.0354e+00 1.0 5.62e+08 1.1 2.1e+04 5.3e+03 7.7e+02  9  4  1  6  0  10  4  1  6  0  8295
MatPtAPSymbolic       70 1.0 6.9728e-01 1.0 0.00e+00 0.0 1.4e+04 5.1e+03 4.9e+02  6  0  0  4  0   6  0  0  4  0     0
MatPtAPNumeric        70 1.0 3.3806e-01 1.0 5.62e+08 1.1 6.5e+03 5.7e+03 2.8e+02  3  4  0  2  0   3  4  0  2  0 25407
MatTrnMatMult         21 1.0 3.6102e-01 1.0 9.55e+07 1.0 5.3e+03 4.7e+03 1.6e+02  3  1  0  1  0   3  1  0  1  0  4185
MatTrnMatMultSym      14 1.0 6.4713e-02 1.0 0.00e+00 0.0 2.2e+03 6.8e+02 1.0e+02  1  0  0  0  0   1  0  0  0  0     0
MatTrnMatMultNum      54 1.0 2.9664e-01 1.0 9.55e+07 1.0 3.2e+03 7.4e+03 5.6e+01  3  1  0  1  0   3  1  0  1  0  5093
MatGetLocalMat       146 1.0 3.5134e-02 1.1 0.00e+00 0.0 0.0e+00 0.0e+00 0.0e+00  0  0  0  0  0   0  0  0  0  0     0
MatGetBrAoCol         92 1.0 1.7902e-02 1.5 0.00e+00 0.0 1.1e+04 7.3e+03 0.0e+00  0  0  0  5  0   0  0  0  5  0     0
SFSetGraph           469 1.0 1.4210e-04 1.5 0.00e+00 0.0 0.0e+00 0.0e+00 0.0e+00  0  0  0  0  0   0  0  0  0  0     0
SFSetUp              469 1.0 2.3331e-02 1.1 0.00e+00 0.0 2.4e+04 7.8e+01 0.0e+00  0  0  1  0  0   0  0  1  0  0     0
SFBcastOpBegin     78102 1.0 3.0978e-01 2.8 0.00e+00 0.0 3.0e+06 5.1e+02 0.0e+00  2  0 93 86  0   2  0 93 87  0     0
SFBcastOpEnd       78102 1.0 7.0193e-01 1.6 0.00e+00 0.0 0.0e+00 0.0e+00 0.0e+00  5  0  0  0  0   5  0  0  0  0     0
SFReduceBegin       9135 1.0 2.0464e-02 3.4 0.00e+00 0.0 1.7e+05 2.7e+02 0.0e+00  0  0  5  3  0   0  0  5  3  0     0
SFReduceEnd         9135 1.0 1.9282e-01 4.6 0.00e+00 0.0 0.0e+00 0.0e+00 0.0e+00  1  0  0  0  0   1  0  0  0  0     0
VecDot              3949 1.0 5.6685e-02 1.1 8.18e+07 1.0 0.0e+00 0.0e+00 3.9e+03  0  1  0  0  2   0  1  0  0  2 22527
VecTDot             4048 1.0 1.3733e-01 1.7 5.84e+07 1.0 0.0e+00 0.0e+00 4.0e+03  1  0  0  0  2   1  0  0  0  2  6634
VecNorm             4839 1.0 3.6016e-01 3.3 8.73e+07 1.0 0.0e+00 0.0e+00 4.8e+03  2  1  0  0  3   2  1  0  0  3  3784
VecScale            8382 1.0 3.9935e-02 1.1 8.69e+07 1.0 0.0e+00 0.0e+00 0.0e+00  0  1  0  0  0   0  1  0  0  0 33960
VecCopy            28768 1.0 3.2028e-02 1.1 0.00e+00 0.0 0.0e+00 0.0e+00 0.0e+00  0  0  0  0  0   0  0  0  0  0     0
VecSet             38518 1.0 2.5325e-02 1.1 0.00e+00 0.0 0.0e+00 0.0e+00 0.0e+00  0  0  0  0  0   0  0  0  0  0     0
VecAXPY             7957 1.0 4.5044e-02 1.1 1.02e+08 1.0 0.0e+00 0.0e+00 0.0e+00  0  1  0  0  0   0  1  0  0  0 35494
VecAYPX            56467 1.0 5.7796e-02 1.1 1.54e+08 1.0 0.0e+00 0.0e+00 0.0e+00  0  1  0  0  0   1  1  0  0  0 41523
VecAXPBYCZ         18186 1.0 2.5558e-02 1.1 1.57e+08 1.0 0.0e+00 0.0e+00 0.0e+00  0  1  0  0  0   0  1  0  0  0 95524
VecSwap               20 1.0 1.7052e-02 1.1 0.00e+00 0.0 0.0e+00 0.0e+00 0.0e+00  0  0  0  0  0   0  0  0  0  0     0
VecAssemblyBegin   16940 1.0 2.5945e-01 1.1 0.00e+00 0.0 0.0e+00 0.0e+00 0.0e+00  2  0  0  0  0   2  0  0  0  0     0
VecAssemblyEnd     16940 1.0 9.6779e-03 1.4 0.00e+00 0.0 0.0e+00 0.0e+00 0.0e+00  0  0  0  0  0   0  0  0  0  0     0
VecPointwiseMult     186 1.0 1.8978e-03 1.0 1.99e+06 1.0 0.0e+00 0.0e+00 0.0e+00  0  0  0  0  0   0  0  0  0  0 16385
VecScatterBegin    86885 1.0 3.4506e-01 2.6 0.00e+00 0.0 3.1e+06 5.0e+02 0.0e+00  2  0 98 89  0   2  0 98 90  0     0
VecScatterEnd      86885 1.0 7.8863e-01 1.3 0.00e+00 0.0 0.0e+00 0.0e+00 0.0e+00  6  0  0  0  0   6  0  0  0  0     0
VecNormalize        2717 1.0 4.6703e-02 1.1 7.44e+07 1.0 0.0e+00 0.0e+00 2.7e+03  0  0  0  0  2   0  0  0  0  2 24853
TaoSolve               1 1.0 1.0887e+01 1.0 1.56e+10 1.0 3.2e+06 5.4e+02 1.8e+05 97100100 99100 100100100100100 22368
TaoObjectiveEval      11 1.0 1.3172e-02 1.1 0.00e+00 0.0 3.6e+02 1.2e+03 0.0e+00  0  0  0  0  0   0  0  0  0  0     0
TaoJacobianEval       11 1.0 2.4055e-01 1.0 1.45e+08 1.0 3.6e+02 1.2e+03 5.6e+03  2  1  0  0  3   2  1  0  0  3  9423
KSPSetUp             190 1.0 6.6469e-03 1.4 0.00e+00 0.0 0.0e+00 0.0e+00 1.4e+02  0  0  0  0  0   0  0  0  0  0     0
KSPSolve              10 1.0 9.3443e+00 1.0 1.53e+10 1.0 3.2e+06 5.3e+02 4.6e+04 83 98100 97 26  86 98100 99 26 25609
PCGAMGGraph_AGG       70 1.0 8.7715e-01 1.0 1.29e+07 1.0 1.4e+04 3.2e+01 1.1e+03  8  0  0  0  1   8  0  0  0  1   231
PCGAMGCoarse_AGG      70 1.0 5.6464e-02 1.0 3.96e+06 1.1 3.0e+04 2.4e+02 3.4e+02  1  0  1  0  0   1  0  1  0  0  1088
PCGAMGProl_AGG        70 1.0 1.0651e+00 1.0 0.00e+00 0.0 8.4e+05 1.1e+02 3.4e+04 10  0 26  5 19  10  0 26  5 19     0
PCGAMGPOpt_AGG        70 1.0 1.0014e-05 2.0 0.00e+00 0.0 0.0e+00 0.0e+00 0.0e+00  0  0  0  0  0   0  0  0  0  0     0
GAMG: createProl      70 1.0 1.9997e+00 1.0 1.69e+07 1.1 8.8e+05 1.1e+02 3.6e+04 18  0 28  6 20  18  0 28  6 20   132
  Graph              140 1.0 8.7577e-01 1.0 1.29e+07 1.0 1.4e+04 3.2e+01 1.1e+03  8  0  0  0  1   8  0  0  0  1   231
  MIS/Agg             70 1.0 1.3320e-02 1.0 0.00e+00 0.0 2.3e+04 5.2e+01 1.9e+02  0  0  1  0  0   0  0  1  0  0     0
  SA: col data        70 1.0 8.2520e-01 1.0 0.00e+00 0.0 8.4e+05 9.2e+01 3.4e+04  7  0 26  4 19   8  0 26  4 19     0
  SA: frmProl0        70 1.0 2.3266e-01 1.0 0.00e+00 0.0 3.6e+03 4.4e+03 2.8e+02  2  0  0  1  0   2  0  0  1  0     0
GAMG: partLevel       70 1.0 1.0693e+00 1.0 5.62e+08 1.1 2.3e+04 5.0e+03 2.2e+03 10  4  1  6  1  10  4  1  6  1  8032
  repartition         30 1.0 3.3887e-02 1.0 0.00e+00 0.0 1.8e+03 1.5e+03 1.4e+03  0  0  0  0  1   0  0  0  0  1     0
  Invert-Sort         30 1.0 2.6085e-03 1.1 0.00e+00 0.0 0.0e+00 0.0e+00 1.8e+02  0  0  0  0  0   0  0  0  0  0     0
  Move A              30 1.0 1.3440e-02 1.0 0.00e+00 0.0 7.3e+02 2.4e+03 3.9e+02  0  0  0  0  0   0  0  0  0  0     0
  Move P              30 1.0 1.0766e-02 1.0 0.00e+00 0.0 3.3e+02 5.6e+01 4.2e+02  0  0  0  0  0   0  0  0  0  0     0
PCSetUp               40 1.0 3.4792e+00 1.0 9.55e+08 1.1 9.1e+05 2.6e+02 3.9e+04 31  6 28 13 21  32  6 28 13 21  4250
PCSetUpOnBlocks     1299 1.0 9.6178e-04 1.4 2.61e+04 0.0 0.0e+00 0.0e+00 0.0e+00  0  0  0  0  0   0  0  0  0  0    27
PCApply               10 1.0 9.0054e+00 1.0 1.49e+10 1.0 3.2e+06 5.3e+02 4.6e+04 80 96100 96 25  83 96100 97 26 25914
KSPSolve_FS_0         10 1.0 1.2231e-04 1.3 3.49e+05 1.1 0.0e+00 0.0e+00 0.0e+00  0  0  0  0  0   0  0  0  0  0 43835
KSPSolve_FS_Schu      10 1.0 8.9973e+00 1.0 1.49e+10 1.0 3.2e+06 5.3e+02 4.6e+04 80 96100 96 25  83 96100 97 26 25913
KSPSolve_FS_Low       10 1.0 5.3287e-04 1.1 3.49e+05 1.1 0.0e+00 0.0e+00 0.0e+00  0  0  0  0  0   0  0  0  0  0 10062
------------------------------------------------------------------------------------------------------------------------

Memory usage is given in bytes:

Object Type          Creations   Destructions     Memory  Descendants' Mem.
Reports information only for process 0.

--- Event Stage 0: Main Stage

    Distributed Mesh     0              1         5032     0.
              Matrix     0             82     22151596     0.
           Index Set     1             15        16816     0.
   Star Forest Graph     1             19        18672     0.
     Discrete System     0              1          944     0.
              Vector     3             93      2010816     0.
         Vec Scatter     1             17        13600     0.
                 Tao     0              1         1880     0.
       Krylov Solver     0             20        54256     0.
      Preconditioner     0             13        16356     0.
              Viewer     1              1          840     0.

--- Event Stage 1: Setup

           Container     4              2         1152     0.
    Distributed Mesh     4              2        10424     0.
            DM Label     6              4         2528     0.
    GraphPartitioner     2              1          688     0.
              Matrix     9              1         2832     0.
           Index Set    82             71      2458324     0.
   IS L to G Mapping     2              1       129908     0.
             Section    24             13         9360     0.
   Star Forest Graph    22             15        14368     0.
     Discrete System     7              6         5664     0.
              Vector    15              3      2154088     0.
         Vec Scatter     2              0            0     0.
                 Tao     1              0            0     0.
       Krylov Solver     3              0            0     0.
      Preconditioner     3              0            0     0.

--- Event Stage 2: Solve

    Distributed Mesh     1              0            0     0.
              Matrix  1719           1592     89208900     0.
      Matrix Coarsen    70             70        44520     0.
   Matrix Null Space    11              0            0     0.
           Index Set  1224           1210      1934280     0.
   Star Forest Graph   471            445       441440     0.
     Discrete System     1              0            0     0.
              Vector 20289          20015    177747784     0.
         Vec Scatter   399            375       300000     0.
       Krylov Solver    18              1         1400     0.
      Preconditioner    11              1          824     0.
              Viewer     1              0            0     0.
         PetscRandom    70             70        45220     0.
========================================================================================================================
Average time to get PetscTime(): 9.53674e-08
Average time for MPI_Barrier(): 5.62668e-06
Average time for zero size MPI_Send(): 4.81308e-06
#PETSc Option Table entries:
-bal ba-problems/30_block_drift.problem/problem_noised.bbal
-csv ba-problems/30_block_drift.problem/parallel_gamg_np4.csv
-fieldsplit_camera_ksp_converged_reason
-fieldsplit_camera_ksp_convergence_test nash
-fieldsplit_camera_ksp_rtol 0.01
-fieldsplit_camera_ksp_type cg
-fieldsplit_camera_mat_schur_complement_ainv_type blockdiag
-fieldsplit_camera_mg_levels_esteig_ksp_type cg
-fieldsplit_camera_mg_levels_pc_type pbjacobi
-fieldsplit_camera_pc_gamg_agg_nsmooths 0
-fieldsplit_camera_pc_type gamg
-fieldsplit_point_ksp_type preonly
-fieldsplit_point_pc_type pbjacobi
-ksp_type preonly
-log_view ascii:ba-problems/30_block_drift.problem/parallel_gamg_np4.log
-pc_fieldsplit_schur_precondition selfp
-pc_fieldsplit_type schur
-pc_type fieldsplit
-petscpartitioner_type ptscotch
-robust
-tao_diagonal_scale
-tao_max_it 10
-tao_trust0 1e4
-tao_type lm
#End of PETSc Option Table entries
Compiled without FORTRAN kernels
Compiled with full precision matrices (default)
sizeof(short) 2 sizeof(int) 4 sizeof(long) 8 sizeof(void*) 8 sizeof(PetscScalar) 8 sizeof(PetscInt) 4
Configure options: -with-debugging=0 COPTFLAGS="-O3 -march=native -mtune=native" CXXOPTFLAGS="-O3 -march=native -mtune=native" FOPTFLAGS="-O3 -march=native -mtune=native" --download-superlu --download-metis --download-parmetis --download-suitesparse --with-cc=cc --with-mpicc=cc --with-mpi-dir=/opt/cray/pe/mpt/7.7.10/gni/mpich-gnu/8.2 --with-cuda=0 --with-cusp=0 --with-fc=0 --download-ptscotch --download-hypre --with-hdf5
-----------------------------------------
Libraries compiled on 2020-03-16 01:29:45 on cori07 
Machine characteristics: Linux-4.12.14-150.47-default-x86_64-with-glibc2.2.5
Using PETSc directory: /global/cscratch1/sd/tkonolig/bundle_adjustment/petsc
Using PETSc arch: arch-linux2-c-opt
-----------------------------------------

Using C compiler: cc  -fPIC -O3 -march=native -mtune=native  
-----------------------------------------

Using include paths: -I/global/cscratch1/sd/tkonolig/bundle_adjustment/petsc/include -I/global/cscratch1/sd/tkonolig/bundle_adjustment/petsc/arch-linux2-c-opt/include -I/opt/cray/pe/mpt/7.7.10/gni/mpich-gnu/8.2/include
-----------------------------------------

Using C linker: cc
Using libraries: -Wl,-rpath,/global/cscratch1/sd/tkonolig/bundle_adjustment/petsc/arch-linux2-c-opt/lib -L/global/cscratch1/sd/tkonolig/bundle_adjustment/petsc/arch-linux2-c-opt/lib -lpetsc -Wl,-rpath,/global/cscratch1/sd/tkonolig/bundle_adjustment/petsc/arch-linux2-c-opt/lib -L/global/cscratch1/sd/tkonolig/bundle_adjustment/petsc/arch-linux2-c-opt/lib -Wl,-rpath,/opt/cray/pe/mpt/7.7.10/gni/mpich-gnu/8.2/lib -L/opt/cray/pe/mpt/7.7.10/gni/mpich-gnu/8.2/lib -lHYPRE -lumfpack -lklu -lcholmod -lbtf -lccolamd -lcolamd -lcamd -lamd -lsuitesparseconfig -lsuperlu -lptesmumps -lptscotchparmetis -lptscotch -lptscotcherr -lesmumps -lscotch -lscotcherr -lparmetis -lmetis -lX11 -lmpich -lssl -luuid -lpthread -lrt -ldl -lrt -lquadmath -lstdc++ -ldl
-----------------------------------------

