************************************************************************************************************************
***             WIDEN YOUR WINDOW TO 120 CHARACTERS.  Use 'enscript -r -fCourier9' to print this document            ***
************************************************************************************************************************

---------------------------------------------- PETSc Performance Summary: ----------------------------------------------

/global/cscratch1/sd/tkonolig/bundle_adjustment/ba-tao/build/bin/TaoBundleAdjustment on a arch-linux2-c-opt named nid00746 with 64 processors, by tkonolig Mon Mar  9 15:22:34 2020
Using Petsc Development GIT revision: unknown  GIT Date: unknown

                         Max       Max/Min     Avg       Total 
Time (sec):           1.937e+00     1.000   1.936e+00
Objects:              4.790e+02     1.681   2.880e+02
Flop:                 5.233e+07     1.041   5.136e+07  3.287e+09
Flop/sec:             2.703e+07     1.041   2.653e+07  1.698e+09
MPI Messages:         1.320e+03    11.424   1.916e+02  1.227e+04
MPI Message Lengths:  4.110e+07    31.724   1.129e+04  1.385e+08
MPI Reductions:       2.343e+04     1.000

Flop counting convention: 1 flop = 1 real number operation of type (multiply/divide/add/subtract)
                            e.g., VecAXPY() for real vectors of length N --> 2N flop
                            and VecAXPY() for complex vectors of length N --> 8N flop

Summary of Stages:   ----- Time ------  ----- Flop ------  --- Messages ---  -- Message Lengths --  -- Reductions --
                        Avg     %Total     Avg     %Total    Count   %Total     Avg         %Total    Count   %Total 
 0:      Main Stage: 2.6776e-01  13.8%  0.0000e+00   0.0%  1.980e+03  16.1%  8.646e+03       12.4%  5.000e+00   0.0% 
 1:           Setup: 8.1706e-01  42.2%  0.0000e+00   0.0%  4.274e+03  34.8%  1.981e+04       61.1%  7.100e+01   0.3% 
 2:           Solve: 8.5099e-01  44.0%  3.2868e+09 100.0%  6.012e+03  49.0%  6.110e+03       26.5%  2.334e+04  99.6% 

------------------------------------------------------------------------------------------------------------------------
See the 'Profiling' chapter of the users' manual for details on interpreting output.
Phase summary info:
   Count: number of times phase was executed
   Time and Flop: Max - maximum over all processors
                  Ratio - ratio of maximum to minimum over all processors
   Mess: number of messages sent
   AvgLen: average message length (bytes)
   Reduct: number of global reductions
   Global: entire computation
   Stage: stages of a computation. Set stages with PetscLogStagePush() and PetscLogStagePop().
      %T - percent time in this phase         %F - percent flop in this phase
      %M - percent messages in this phase     %L - percent message lengths in this phase
      %R - percent reductions in this phase
   Total Mflop/s: 10e-6 * (sum of flop over all processors)/(max time over all processors)
------------------------------------------------------------------------------------------------------------------------
Event                Count      Time (sec)     Flop                              --- Global ---  --- Stage ----  Total
                   Max Ratio  Max     Ratio   Max  Ratio  Mess   AvgLen  Reduct  %T %F %M %L %R  %T %F %M %L %R Mflop/s
------------------------------------------------------------------------------------------------------------------------

--- Event Stage 0: Main Stage

PetscBarrier           2 1.0 6.0787e-021268.5 0.00e+00 0.0 0.0e+00 0.0e+00 0.0e+00  2  0  0  0  0  11  0  0  0  0     0
BuildTwoSided          1 1.0 1.3800e-03 1.0 0.00e+00 0.0 4.0e+02 4.0e+00 0.0e+00  0  0  3  0  0   1  0 20  0  0     0
DMPlexGToNBegin        1 1.0 4.0040e-03 2.1 0.00e+00 0.0 2.0e+03 6.5e+03 0.0e+00  0  0 16  9  0   1  0100 75  0     0
DMPlexGToNEnd          1 1.0 2.9750e-0339.7 0.00e+00 0.0 0.0e+00 0.0e+00 0.0e+00  0  0  0  0  0   0  0  0  0  0     0
SFSetUp                2 1.0 2.8360e-03 1.6 0.00e+00 0.0 1.2e+03 3.6e+03 0.0e+00  0  0 10  3  0   1  0 60 25  0     0
SFBcastOpBegin         2 1.0 1.2209e-0317.0 0.00e+00 0.0 7.9e+02 1.6e+04 1.0e+00  0  0  6  9  0   0  0 40 75 20     0
SFBcastOpEnd           2 1.0 5.3780e-03 4.3 0.00e+00 0.0 0.0e+00 0.0e+00 0.0e+00  0  0  0  0  0   1  0  0  0  0     0
VecSet                 2 1.0 3.4761e-03 0.0 0.00e+00 0.0 0.0e+00 0.0e+00 0.0e+00  0  0  0  0  0   0  0  0  0  0     0
VecScatterBegin        1 1.0 5.4121e-05 2.2 0.00e+00 0.0 0.0e+00 0.0e+00 1.0e+00  0  0  0  3  0   0  0  0 25 20     0
VecScatterEnd          1 1.0 2.6059e-0324.6 0.00e+00 0.0 0.0e+00 0.0e+00 0.0e+00  0  0  0  0  0   1  0  0  0  0     0

--- Event Stage 1: Setup

BuildTwoSided         11 1.0 8.3451e-03 2.1 0.00e+00 0.0 4.7e+02 4.0e+00 0.0e+00  0  0  4  0  0   1  0 11  0  0     0
MatAssemblyBegin       2 1.0 9.0599e-06 4.8 0.00e+00 0.0 0.0e+00 0.0e+00 0.0e+00  0  0  0  0  0   0  0  0  0  0     0
MatAssemblyEnd         2 1.0 2.4488e-03 1.2 0.00e+00 0.0 2.5e+02 3.7e+02 8.0e+00  0  0  2  0  0   0  0  6  0 11     0
Mesh Partition         1 1.0 4.0408e-01 1.0 0.00e+00 0.0 2.5e+02 1.4e+04 9.0e+00 21  0  2  3  0  49  0  6  4 13     0
Mesh Migration         1 1.0 1.1374e-02 1.0 0.00e+00 0.0 8.2e+02 3.4e+04 6.0e+00  1  0  7 20  0   1  0 19 33  8     0
DMPlexPartSelf         1 1.0 2.5391e-022802.6 0.00e+00 0.0 0.0e+00 0.0e+00 0.0e+00  0  0  0  0  0   0  0  0  0  0     0
DMPlexPartLblInv       1 1.0 3.2615e-02 4.7 0.00e+00 0.0 0.0e+00 0.0e+00 3.0e+00  2  0  0  1  0   4  0  0  1  4     0
DMPlexPartLblSF        1 1.0 3.3820e-03 1.2 0.00e+00 0.0 9.4e+01 9.3e+03 0.0e+00  0  0  1  1  0   0  0  2  1  0     0
DMPlexPartStrtSF       1 1.0 4.0531e-03 6.6 0.00e+00 0.0 6.3e+01 1.4e+04 0.0e+00  0  0  1  1  0   0  0  1  1  0     0
DMPlexPointSF          1 1.0 8.9869e-03 1.0 0.00e+00 0.0 1.3e+02 3.5e+04 0.0e+00  0  0  1  3  0   1  0  3  5  0     0
DMPlexDistribute       1 1.0 4.4004e-01 1.0 0.00e+00 0.0 2.5e+03 2.2e+04 2.3e+01 23  0 21 41  0  54  0 59 67 32     0
DMPlexDistCones        1 1.0 4.5810e-03 1.1 0.00e+00 0.0 3.5e+02 3.1e+04 1.0e+00  0  0  3  8  0   1  0  8 13  1     0
DMPlexDistLabels       1 1.0 1.7595e-04 5.7 0.00e+00 0.0 0.0e+00 0.0e+00 3.0e+00  0  0  0  0  0   0  0  0  0  4     0
DMPlexDistField        1 1.0 5.7151e-03 1.1 0.00e+00 0.0 3.5e+02 4.5e+04 1.0e+00  0  0  3 11  0   1  0  8 18  1     0
DMPlexDistData         2 1.0 1.0410e-02 1.3 0.00e+00 0.0 5.7e+02 4.8e+04 2.0e+00  0  0  5 20  0   1  0 13 32  3     0
DMPlexStratify         2 1.0 1.1892e-0128.9 0.00e+00 0.0 0.0e+00 0.0e+00 2.0e+00  6  0  0  0  0  14  0  0  0  3     0
DMPlexSymmetrize       2 1.0 8.7652e-03 2.7 0.00e+00 0.0 0.0e+00 0.0e+00 0.0e+00  0  0  0  0  0   0  0  0  0  0     0
SFSetGraph            15 1.0 2.3401e-03115.5 0.00e+00 0.0 0.0e+00 0.0e+00 0.0e+00  0  0  0  0  0   0  0  0  0  0     0
SFSetUp               12 1.0 1.3535e-02 1.8 0.00e+00 0.0 1.4e+03 1.4e+04 0.0e+00  0  0 12 14  0   1  0 33 23  0     0
SFBcastOpBegin        29 1.0 9.2666e-0395.0 0.00e+00 0.0 2.7e+03 1.8e+04 0.0e+00  0  0 22 35  0   0  0 62 57  0     0
SFBcastOpEnd          29 1.0 2.9443e-02 3.2 0.00e+00 0.0 0.0e+00 0.0e+00 0.0e+00  1  0  0  0  0   3  0  0  0  0     0
SFReduceBegin          3 1.0 6.0821e-0413.8 0.00e+00 0.0 1.3e+02 1.2e+05 1.0e+00  0  0  1 11  0   0  0  3 18  1     0
SFReduceEnd            3 1.0 1.1184e-02 1.1 0.00e+00 0.0 0.0e+00 0.0e+00 0.0e+00  1  0  0  0  0   1  0  0  0  0     0
SFDistSection          5 1.0 5.9164e-03 1.5 0.00e+00 0.0 7.6e+02 1.4e+04 5.0e+00  0  0  6  8  0   1  0 18 12  7     0
SFSectionSF            5 1.0 8.9130e-03 3.6 0.00e+00 0.0 4.7e+02 3.7e+04 0.0e+00  0  0  4 13  0   0  0 11 21  0     0
VecCopy                1 1.0 2.2888e-05 2.3 0.00e+00 0.0 0.0e+00 0.0e+00 0.0e+00  0  0  0  0  0   0  0  0  0  0     0
VecSet                 6 1.0 1.6062e-0333.5 0.00e+00 0.0 0.0e+00 0.0e+00 0.0e+00  0  0  0  0  0   0  0  0  0  0     0

--- Event Stage 2: Solve

BuildTwoSided         10 1.0 9.3675e-04 1.4 0.00e+00 0.0 5.9e+02 4.0e+00 0.0e+00  0  0  5  0  0   0  0 10  0  0     0
BuildTwoSidedF        14 1.0 1.5020e-02 2.2 0.00e+00 0.0 0.0e+00 0.0e+00 0.0e+00  1  0  0  0  0   1  0  0  0  0     0
MatMult                5 1.0 3.0329e-03 1.2 5.81e+06 1.1 1.3e+03 1.4e+03 4.0e+00  0 11 11  1  0   0 11 22  5  0 119356
MatMultAdd             3 1.0 2.7585e-04 1.4 5.60e+05 1.0 0.0e+00 0.0e+00 0.0e+00  0  1  0  0  0   0  1  0  0  0 126621
MatMultTranspose       1 1.0 1.7240e-03 1.2 5.78e+05 1.0 1.7e+02 1.1e+03 6.0e+00  0  1  1  0  0   0  1  3  1  0 21149
MatMultTrAdd           2 1.0 5.8413e-04 1.8 5.78e+05 1.0 1.7e+02 1.1e+03 0.0e+00  0  1  1  0  0   0  1  3  1  0 62419
MatCopy                1 1.0 1.1499e-03 1.1 0.00e+00 0.0 0.0e+00 0.0e+00 0.0e+00  0  0  0  0  0   0  0  0  0  0     0
MatConvert             1 1.0 4.3259e-03 1.2 0.00e+00 0.0 5.0e+02 5.5e+02 0.0e+00  0  0  4  0  0   0  0  8  1  0     0
MatScale               1 1.0 4.9710e-04 1.2 1.13e+06 1.0 0.0e+00 0.0e+00 0.0e+00  0  2  0  0  0   0  2  0  0  0 142427
MatAssemblyBegin      38 1.0 1.5165e-02 2.2 0.00e+00 0.0 0.0e+00 0.0e+00 0.0e+00  1  0  0  0  0   1  0  0  0  0     0
MatAssemblyEnd        40 1.0 1.3115e-02 1.1 0.00e+00 0.0 1.3e+03 5.1e+02 2.8e+01  1  0 10  0  0   1  0 21  2  0     0
MatCreateSubMat        4 1.0 2.9850e-04 1.3 0.00e+00 0.0 0.0e+00 0.0e+00 6.0e+00  0  0  0  0  0   0  0  0  0  0     0
MatZeroEntries         2 1.0 6.3705e-04 4.4 0.00e+00 0.0 0.0e+00 0.0e+00 0.0e+00  0  0  0  0  0   0  0  0  0  0     0
MatAXPY                1 1.0 4.6430e-03 1.2 9.34e+04 1.0 0.0e+00 0.0e+00 0.0e+00  0  0  0  0  0   1  0  0  0  0  1254
MatMatMult             2 1.0 9.2464e-02 1.0 3.55e+07 1.0 1.4e+03 1.3e+04 1.8e+01  5 68 12 13  0  11 68 24 51  0 24087
MatMatMultSym          2 1.0 7.1826e-02 1.0 0.00e+00 0.0 1.3e+03 9.0e+03 1.6e+01  4  0 10  8  0   8  0 21 31  0     0
MatMatMultNum          2 1.0 2.0538e-02 1.0 3.55e+07 1.0 1.7e+02 4.3e+04 0.0e+00  1 68  1  5  0   2 68  3 20  0 108441
MatTrnMatMult          1 1.0 8.6809e-02 1.0 7.37e+06 1.0 1.8e+03 3.7e+03 5.0e+01  4 14 15  5  0  10 14 31 19  0  5355
MatTrnMatMultSym       4 1.0 5.3527e-02 1.0 0.00e+00 0.0 1.3e+03 2.1e+03 4.0e+01  3  0 10  2  0   6  0 21  7  0     0
MatTrnMatMultNum       4 1.0 3.3268e-02 1.0 7.37e+06 1.0 5.9e+02 7.2e+03 8.0e+00  2 14  5  3  0   4 14 10 12  0 13974
MatGetLocalMat        10 1.0 8.7411e-03 1.4 0.00e+00 0.0 0.0e+00 0.0e+00 0.0e+00  0  0  0  0  0   1  0  0  0  0     0
MatGetBrAoCol          4 1.0 2.9387e-03 1.2 0.00e+00 0.0 6.7e+02 2.7e+04 0.0e+00  0  0  5 13  0   0  0 11 49  0     0
SFSetGraph            10 1.0 2.0981e-05 3.7 0.00e+00 0.0 0.0e+00 0.0e+00 0.0e+00  0  0  0  0  0   0  0  0  0  0     0
SFSetUp               10 1.0 1.4212e-03 1.3 0.00e+00 0.0 1.8e+03 5.2e+02 0.0e+00  0  0 14  1  0   0  0 29  3  0     0
SFBcastOpBegin        15 1.0 1.6427e-04 1.5 0.00e+00 0.0 1.7e+03 1.3e+03 0.0e+00  0  0 14  2  0   0  0 28  6  0     0
SFBcastOpEnd          15 1.0 3.7694e-04 5.8 0.00e+00 0.0 0.0e+00 0.0e+00 0.0e+00  0  0  0  0  0   0  0  0  0  0     0
SFReduceBegin          4 1.0 3.0279e-05 1.7 0.00e+00 0.0 1.7e+02 1.1e+03 0.0e+00  0  0  1  0  0   0  0  3  1  0     0
SFReduceEnd            4 1.0 2.5177e-0412.7 0.00e+00 0.0 0.0e+00 0.0e+00 0.0e+00  0  0  0  0  0   0  0  0  0  0     0
VecDot                 7 1.0 4.2892e-04 1.4 1.45e+05 1.0 0.0e+00 0.0e+00 7.0e+00  0  0  0  0  0   0  0  0  0  0 21112
VecTDot                7 1.0 5.5170e-04 2.2 1.45e+05 1.0 0.0e+00 0.0e+00 7.0e+00  0  0  0  0  0   0  0  0  0  0 16413
VecNorm               18 1.0 5.1156e-02 1.2 4.19e+05 1.0 0.0e+00 0.0e+00 1.8e+01  2  1  0  0  0   6  1  0  0  0   514
VecScale              14 1.0 1.4977e-02 1.5 1.58e+05 1.0 0.0e+00 0.0e+00 0.0e+00  1  0  0  0  0   1  0  0  0  0   662
VecCopy                7 1.0 5.6744e-05 1.3 0.00e+00 0.0 0.0e+00 0.0e+00 0.0e+00  0  0  0  0  0   0  0  0  0  0     0
VecSet                26 1.0 1.2159e-04 1.3 0.00e+00 0.0 0.0e+00 0.0e+00 0.0e+00  0  0  0  0  0   0  0  0  0  0     0
VecAXPY               15 1.0 1.8266e-02 1.3 3.17e+05 1.0 0.0e+00 0.0e+00 0.0e+00  1  1  0  0  0   2  1  0  0  0  1086
VecAYPX                2 1.0 2.1935e-05 2.2 4.15e+04 1.0 0.0e+00 0.0e+00 0.0e+00  0  0  0  0  0   0  0  0  0  0 117955
VecScatterBegin       17 1.0 1.6475e-04 1.5 0.00e+00 0.0 1.5e+03 1.3e+03 0.0e+00  0  0 12  1  0   0  0 25  6  0     0
VecScatterEnd         17 1.0 3.1590e-04 4.3 0.00e+00 0.0 0.0e+00 0.0e+00 0.0e+00  0  0  0  0  0   0  0  0  0  0     0
VecNormalize           9 1.0 1.9642e-02 1.3 2.70e+05 1.0 0.0e+00 0.0e+00 9.0e+00  1  1  0  0  0   2  1  0  0  0   856
TaoSolve               1 1.0 8.5099e-01 1.0 5.23e+07 1.0 6.0e+03 6.1e+03 2.3e+04 44100 49 27100 100100100100100  3862
TaoObjectiveEval       1 1.0 1.2481e-03 1.1 0.00e+00 0.0 1.7e+02 1.1e+03 0.0e+00  0  0  1  0  0   0  0  3  1  0     0
TaoJacobianEval        1 1.0 4.8425e-02 1.0 3.94e+05 1.0 1.7e+02 1.1e+03 2.1e+01  2  1  1  0  0   6  1  3  1  0   508
KSPSetUp               3 1.0 5.9843e-05 1.2 0.00e+00 0.0 0.0e+00 0.0e+00 0.0e+00  0  0  0  0  0   0  0  0  0  0     0
KSPSolve               1 1.0 1.1512e-01 1.0 4.38e+07 1.0 3.7e+03 8.0e+03 7.3e+01  6 84 30 21  0  14 84 61 80  0 23862
PCSetUp                3 1.0 1.1071e-01 1.0 3.67e+07 1.0 2.3e+03 1.2e+04 5.4e+01  6 70 19 20  0  13 70 39 75  0 20809
PCApply                1 1.0 7.8321e-03 1.0 7.08e+06 1.1 1.3e+03 1.4e+03 1.9e+01  0 13 11  1  0   1 13 22  5  0 56598
KSPSolve_FS_0          1 1.0 1.0014e-05 1.7 7.28e+03 1.2 0.0e+00 0.0e+00 0.0e+00  0  0  0  0  0   0  0  0  0  0 42987
KSPSolve_FS_Schu       1 1.0 7.0062e-03 1.0 5.73e+06 1.1 1.0e+03 1.4e+03 1.9e+01  0 11  8  1  0   1 11 17  4  0 51376
KSPSolve_FS_Low        1 1.0 7.3910e-05 1.6 7.28e+03 1.2 0.0e+00 0.0e+00 0.0e+00  0  0  0  0  0   0  0  0  0  0  5824
------------------------------------------------------------------------------------------------------------------------

Memory usage is given in bytes:

Object Type          Creations   Destructions     Memory  Descendants' Mem.
Reports information only for process 0.

--- Event Stage 0: Main Stage

    Distributed Mesh     0              1         5032     0.
              Matrix     0              5     14143684     0.
           Index Set     1              1          888     0.
   Star Forest Graph     1              5         4784     0.
     Discrete System     0              1          944     0.
              Vector     3             14      1168952     0.
         Vec Scatter     1              3         2400     0.
                 Tao     0              1         1864     0.
       Krylov Solver     0              4         5928     0.
      Preconditioner     0              4         3608     0.
              Viewer     1              1          840     0.

--- Event Stage 1: Setup

           Container     4              2         1152     0.
    Distributed Mesh     4              2        10424     0.
            DM Label     6              4         2528     0.
    GraphPartitioner     2              1          688     0.
              Matrix     9              1         2832     0.
           Index Set   226            215      9761840     0.
   IS L to G Mapping     2              1       584496     0.
             Section    24             13         9360     0.
   Star Forest Graph    22             15        14368     0.
     Discrete System     7              6         5664     0.
              Vector    14              3      8623144     0.
         Vec Scatter     2              0            0     0.
                 Tao     1              0            0     0.
       Krylov Solver     3              0            0     0.
      Preconditioner     3              0            0     0.

--- Event Stage 2: Solve

    Distributed Mesh     1              0            0     0.
              Matrix    46              4        68688     0.
   Matrix Null Space     1              0            0     0.
           Index Set    18             18        87264     0.
   Star Forest Graph    12              0            0     0.
     Discrete System     1              0            0     0.
              Vector    49             23      1657408     0.
         Vec Scatter    10              0            0     0.
       Krylov Solver     2              1         1400     0.
      Preconditioner     2              1          824     0.
              Viewer     1              0            0     0.
========================================================================================================================
Average time to get PetscTime(): 0.
Average time for MPI_Barrier(): 2.64168e-05
Average time for zero size MPI_Send(): 4.78327e-06
#PETSc Option Table entries:
-bal ba-problems/60_block_drift.problem/problem_noised.bbal
-csv ba-problems/60_block_drift.problem/parallel_pbjacobi_np16.csv
-fieldsplit_camera_ksp_converged_reason
-fieldsplit_camera_ksp_convergence_test nash
-fieldsplit_camera_ksp_rtol 0.01
-fieldsplit_camera_ksp_type cg
-fieldsplit_camera_mat_schur_complement_ainv_type blockdiag
-fieldsplit_camera_pc_type pbjacobi
-fieldsplit_point_ksp_type preonly
-fieldsplit_point_pc_type pbjacobi
-ksp_type preonly
-log_view ascii:ba-problems/60_block_drift.problem/parallel_pbjacobi_np16.log
-pc_fieldsplit_schur_precondition selfp
-pc_fieldsplit_type schur
-pc_type fieldsplit
-petscpartitioner_type ptscotch
-robust
-tao_max_it 10
-tao_trust0 1e4
-tao_type lm
#End of PETSc Option Table entries
Compiled without FORTRAN kernels
Compiled with full precision matrices (default)
sizeof(short) 2 sizeof(int) 4 sizeof(long) 8 sizeof(void*) 8 sizeof(PetscScalar) 8 sizeof(PetscInt) 4
Configure options: -with-debugging=0 COPTFLAGS="-O3 -march=native -mtune=native" CXXOPTFLAGS="-O3 -march=native -mtune=native" FOPTFLAGS="-O3 -march=native -mtune=native" --download-superlu --download-metis --download-parmetis --download-suitesparse --with-cc=cc --with-mpicc=cc --with-mpi-dir=/opt/cray/pe/mpt/7.7.6/gni/mpich-gnu/8.2 --with-cuda=0 --with-cusp=0 --with-fc=0 --download-ptscotch --download-hypre
-----------------------------------------
Libraries compiled on 2020-02-01 21:16:21 on cori03 
Machine characteristics: Linux-4.12.14-150.38-default-x86_64-with-glibc2.2.5
Using PETSc directory: /global/cscratch1/sd/tkonolig/bundle_adjustment/petsc
Using PETSc arch: arch-linux2-c-opt
-----------------------------------------

Using C compiler: cc  -fPIC -O3 -march=native -mtune=native  
-----------------------------------------

Using include paths: -I/global/cscratch1/sd/tkonolig/bundle_adjustment/petsc/include -I/global/cscratch1/sd/tkonolig/bundle_adjustment/petsc/arch-linux2-c-opt/include -I/opt/cray/pe/mpt/7.7.6/gni/mpich-gnu/8.2/include
-----------------------------------------

Using C linker: cc
Using libraries: -Wl,-rpath,/global/cscratch1/sd/tkonolig/bundle_adjustment/petsc/arch-linux2-c-opt/lib -L/global/cscratch1/sd/tkonolig/bundle_adjustment/petsc/arch-linux2-c-opt/lib -lpetsc -Wl,-rpath,/global/cscratch1/sd/tkonolig/bundle_adjustment/petsc/arch-linux2-c-opt/lib -L/global/cscratch1/sd/tkonolig/bundle_adjustment/petsc/arch-linux2-c-opt/lib -Wl,-rpath,/opt/cray/pe/mpt/7.7.6/gni/mpich-gnu/8.2/lib -L/opt/cray/pe/mpt/7.7.6/gni/mpich-gnu/8.2/lib -lHYPRE -lumfpack -lklu -lcholmod -lbtf -lccolamd -lcolamd -lcamd -lamd -lsuitesparseconfig -lsuperlu -lptesmumps -lptscotchparmetis -lptscotch -lptscotcherr -lesmumps -lscotch -lscotcherr -lparmetis -lmetis -lX11 -lmpich -lssl -luuid -lpthread -lrt -ldl -lrt -lquadmath -lstdc++ -ldl
-----------------------------------------

