************************************************************************************************************************
***             WIDEN YOUR WINDOW TO 120 CHARACTERS.  Use 'enscript -r -fCourier9' to print this document            ***
************************************************************************************************************************

---------------------------------------------- PETSc Performance Summary: ----------------------------------------------

/global/cscratch1/sd/tkonolig/bundle_adjustment/ba-tao/build/bin/TaoBundleAdjustment on a arch-linux2-c-opt named nid00867 with 4 processors, by tkonolig Mon Mar 16 09:01:10 2020
Using Petsc Development GIT revision: unknown  GIT Date: unknown

                         Max       Max/Min     Avg       Total 
Time (sec):           7.452e+01     1.000   7.451e+01
Objects:              2.941e+04     1.001   2.939e+04
Flop:                 4.583e+10     1.110   4.400e+10  1.760e+11
Flop/sec:             6.150e+08     1.109   5.905e+08  2.362e+09
MPI Messages:         9.357e+04     1.379   7.645e+04  3.058e+05
MPI Message Lengths:  1.035e+08     1.816   1.091e+03  3.336e+08
MPI Reductions:       1.868e+05     1.000

Flop counting convention: 1 flop = 1 real number operation of type (multiply/divide/add/subtract)
                            e.g., VecAXPY() for real vectors of length N --> 2N flop
                            and VecAXPY() for complex vectors of length N --> 8N flop

Summary of Stages:   ----- Time ------  ----- Flop ------  --- Messages ---  -- Message Lengths --  -- Reductions --
                        Avg     %Total     Avg     %Total    Count   %Total     Avg         %Total    Count   %Total 
 0:      Main Stage: 1.1784e-01   0.2%  0.0000e+00   0.0%  3.000e+01   0.0%  1.398e+05        1.3%  5.000e+00   0.0% 
 1:           Setup: 6.8773e-01   0.9%  0.0000e+00   0.0%  1.785e+02   0.1%  1.321e+05        7.1%  7.100e+01   0.0% 
 2:           Solve: 7.3702e+01  98.9%  1.7600e+11 100.0%  3.056e+05  99.9%  1.001e+03       91.7%  1.867e+05 100.0% 

------------------------------------------------------------------------------------------------------------------------
See the 'Profiling' chapter of the users' manual for details on interpreting output.
Phase summary info:
   Count: number of times phase was executed
   Time and Flop: Max - maximum over all processors
                  Ratio - ratio of maximum to minimum over all processors
   Mess: number of messages sent
   AvgLen: average message length (bytes)
   Reduct: number of global reductions
   Global: entire computation
   Stage: stages of a computation. Set stages with PetscLogStagePush() and PetscLogStagePop().
      %T - percent time in this phase         %F - percent flop in this phase
      %M - percent messages in this phase     %L - percent message lengths in this phase
      %R - percent reductions in this phase
   Total Mflop/s: 10e-6 * (sum of flop over all processors)/(max time over all processors)
------------------------------------------------------------------------------------------------------------------------
Event                Count      Time (sec)     Flop                              --- Global ---  --- Stage ----  Total
                   Max Ratio  Max     Ratio   Max  Ratio  Mess   AvgLen  Reduct  %T %F %M %L %R  %T %F %M %L %R Mflop/s
------------------------------------------------------------------------------------------------------------------------

--- Event Stage 0: Main Stage

PetscBarrier           2 1.0 4.8730e-0374.9 0.00e+00 0.0 0.0e+00 0.0e+00 0.0e+00  0  0  0  0  0   2  0  0  0  0     0
BuildTwoSided          1 1.0 3.0208e-0417.8 0.00e+00 0.0 6.0e+00 4.0e+00 0.0e+00  0  0  0  0  0   0  0 20  0  0     0
DMPlexGToNBegin        1 1.0 1.9820e-03 1.0 0.00e+00 0.0 3.0e+01 9.7e+04 0.0e+00  0  0  0  1  0   2  0100 69  0     0
DMPlexGToNEnd          1 1.0 5.0712e-04 1.1 0.00e+00 0.0 0.0e+00 0.0e+00 0.0e+00  0  0  0  0  0   0  0  0  0  0     0
SFSetUp                2 1.0 1.8251e-03 1.0 0.00e+00 0.0 1.8e+01 5.4e+04 0.0e+00  0  0  0  0  0   2  0 60 23  0     0
SFBcastOpBegin         2 1.0 2.2221e-04 1.3 0.00e+00 0.0 1.2e+01 2.7e+05 1.0e+00  0  0  0  1  0   0  0 40 77 20     0
SFBcastOpEnd           2 1.0 1.3812e-03 1.7 0.00e+00 0.0 0.0e+00 0.0e+00 0.0e+00  0  0  0  0  0   1  0  0  0  0     0
VecSet                 2 1.0 7.9179e-04 0.0 0.00e+00 0.0 0.0e+00 0.0e+00 0.0e+00  0  0  0  0  0   0  0  0  0  0     0
VecScatterBegin        1 1.0 7.9155e-05 3.2 0.00e+00 0.0 0.0e+00 0.0e+00 1.0e+00  0  0  0  0  0   0  0  0 31 20     0
VecScatterEnd          1 1.0 8.7500e-04 2.5 0.00e+00 0.0 0.0e+00 0.0e+00 0.0e+00  0  0  0  0  0   1  0  0  0  0     0

--- Event Stage 1: Setup

BuildTwoSided         11 1.0 2.6760e-03 3.1 0.00e+00 0.0 2.0e+01 4.0e+00 0.0e+00  0  0  0  0  0   0  0 11  0  0     0
MatAssemblyBegin       2 1.0 8.1062e-06 2.6 0.00e+00 0.0 0.0e+00 0.0e+00 0.0e+00  0  0  0  0  0   0  0  0  0  0     0
MatAssemblyEnd         2 1.0 1.1718e-02 1.1 0.00e+00 0.0 9.0e+00 6.7e+02 8.0e+00  0  0  0  0  0   2  0  5  0 11     0
Mesh Partition         1 1.0 4.5384e-01 1.0 0.00e+00 0.0 1.2e+01 6.1e+04 9.0e+00  1  0  0  0  0  66  0  7  3 13     0
Mesh Migration         1 1.0 1.0229e-02 1.0 0.00e+00 0.0 3.9e+01 1.9e+05 6.0e+00  0  0  0  2  0   1  0 22 32  8     0
DMPlexPartSelf         1 1.0 8.3389e-03920.4 0.00e+00 0.0 0.0e+00 0.0e+00 0.0e+00  0  0  0  0  0   0  0  0  0  0     0
DMPlexPartLblInv       1 1.0 9.4709e-03 9.1 0.00e+00 0.0 0.0e+00 0.0e+00 3.0e+00  0  0  0  0  0   1  0  0  1  4     0
DMPlexPartLblSF        1 1.0 1.4219e-03 1.1 0.00e+00 0.0 4.5e+00 3.8e+04 0.0e+00  0  0  0  0  0   0  0  3  1  0     0
DMPlexPartStrtSF       1 1.0 3.0208e-04 1.1 0.00e+00 0.0 3.0e+00 5.7e+04 0.0e+00  0  0  0  0  0   0  0  2  1  0     0
DMPlexPointSF          1 1.0 2.1598e-03 1.0 0.00e+00 0.0 6.0e+00 1.4e+05 0.0e+00  0  0  0  0  0   0  0  3  4  0     0
DMPlexDistribute       1 1.0 4.7403e-01 1.0 0.00e+00 0.0 1.1e+02 1.3e+05 2.3e+01  1  0  0  4  0  69  0 61 60 32     0
DMPlexDistCones        1 1.0 4.2169e-03 1.0 0.00e+00 0.0 1.6e+01 2.2e+05 1.0e+00  0  0  0  1  0   1  0  9 16  1     0
DMPlexDistLabels       1 1.0 8.1062e-06 1.0 0.00e+00 0.0 0.0e+00 0.0e+00 3.0e+00  0  0  0  0  0   0  0  0  0  4     0
DMPlexDistField        1 1.0 3.9551e-03 1.0 0.00e+00 0.0 1.6e+01 2.1e+05 1.0e+00  0  0  0  1  0   1  0  9 15  1     0
DMPlexDistData         2 1.0 9.1939e-03 1.0 0.00e+00 0.0 2.7e+01 3.5e+05 2.0e+00  0  0  0  3  0   1  0 15 40  3     0
DMPlexStratify         2 1.0 5.0300e-0234.9 0.00e+00 0.0 0.0e+00 0.0e+00 2.0e+00  0  0  0  0  0   6  0  0  0  3     0
DMPlexSymmetrize       2 1.0 1.0461e-02 4.8 0.00e+00 0.0 0.0e+00 0.0e+00 0.0e+00  0  0  0  0  0   1  0  0  0  0     0
SFSetGraph            15 1.0 5.4908e-04 3.4 0.00e+00 0.0 0.0e+00 0.0e+00 0.0e+00  0  0  0  0  0   0  0  0  0  0     0
SFSetUp               12 1.0 1.3418e-02 1.2 0.00e+00 0.0 5.8e+01 9.7e+04 0.0e+00  0  0  0  2  0   2  0 33 24  0     0
SFBcastOpBegin        29 1.0 4.6253e-03 7.1 0.00e+00 0.0 1.1e+02 1.2e+05 0.0e+00  0  0  0  4  0   0  0 62 58  0     0
SFBcastOpEnd          29 1.0 1.0419e-02 2.6 0.00e+00 0.0 0.0e+00 0.0e+00 0.0e+00  0  0  0  0  0   1  0  0  0  0     0
SFReduceBegin          3 1.0 5.4908e-04 5.4 0.00e+00 0.0 6.0e+00 6.3e+05 1.0e+00  0  0  0  1  0   0  0  3 16  1     0
SFReduceEnd            3 1.0 3.6309e-03 1.2 0.00e+00 0.0 0.0e+00 0.0e+00 0.0e+00  0  0  0  0  0   0  0  0  0  0     0
SFDistSection          5 1.0 1.3542e-03 1.2 0.00e+00 0.0 3.6e+01 5.7e+04 5.0e+00  0  0  0  1  0   0  0 20  9  7     0
SFSectionSF            5 1.0 1.1998e-02 1.2 0.00e+00 0.0 2.2e+01 2.4e+05 0.0e+00  0  0  0  2  0   2  0 13 22  0     0
VecCopy                1 1.0 8.9169e-05 1.0 0.00e+00 0.0 0.0e+00 0.0e+00 0.0e+00  0  0  0  0  0   0  0  0  0  0     0
VecSet                 6 1.0 2.7394e-04 3.3 0.00e+00 0.0 0.0e+00 0.0e+00 0.0e+00  0  0  0  0  0   0  0  0  0  0     0

--- Event Stage 2: Solve

BuildTwoSided        539 1.0 7.5541e-03 1.2 0.00e+00 0.0 1.6e+03 4.0e+00 0.0e+00  0  0  1  0  0   0  0  1  0  0     0
BuildTwoSidedF     22478 1.0 7.8914e+0018.4 0.00e+00 0.0 1.2e+03 3.6e+04 0.0e+00  4  0  0 13  0   4  0  0 14  0     0
MatMult            12380 1.0 1.4424e+01 1.0 1.91e+10 1.0 1.0e+05 1.4e+03 4.0e+00 19 43 33 42  0  19 43 33 45  0  5253
MatMultAdd          4430 1.0 1.3646e+00 1.1 2.54e+09 1.1 9.6e+03 3.0e+02 0.0e+00  2  5  3  1  0   2  5  3  1  0  6941
MatMultTranspose    2801 1.0 5.6543e-01 1.2 7.11e+08 1.1 9.7e+03 3.1e+02 6.6e+01  1  2  3  1  0   1  2  3  1  0  4698
MatMultTrAdd          22 1.0 3.7987e-02 1.1 4.98e+07 1.0 6.6e+01 2.0e+03 0.0e+00  0  0  0  0  0   0  0  0  0  0  5149
MatSolve             310 0.0 8.0872e-04 0.0 1.54e+05 0.0 0.0e+00 0.0e+00 0.0e+00  0  0  0  0  0   0  0  0  0  0   190
MatLUFactorSym        10 1.0 1.3685e-04 1.4 0.00e+00 0.0 0.0e+00 0.0e+00 0.0e+00  0  0  0  0  0   0  0  0  0  0     0
MatLUFactorNum        10 1.0 7.2956e-05 4.3 2.61e+04 0.0 0.0e+00 0.0e+00 0.0e+00  0  0  0  0  0   0  0  0  0  0   358
MatCopy               10 1.0 2.9551e-01 1.3 0.00e+00 0.0 0.0e+00 0.0e+00 0.0e+00  0  0  0  0  0   0  0  0  0  0     0
MatConvert             1 1.0 1.0703e-01 1.3 0.00e+00 0.0 1.8e+01 2.6e+03 0.0e+00  0  0  0  0  0   0  0  0  0  0     0
MatScale             122 1.0 4.8668e-01 1.1 4.72e+08 1.2 9.2e+02 9.8e+02 1.3e+02  1  1  0  0  0   1  1  0  0  0  3689
MatResidual         2790 1.0 2.7479e+00 1.0 3.64e+09 1.0 2.2e+04 1.3e+03 0.0e+00  4  8  7  8  0   4  8  7  9  0  5246
MatAssemblyBegin    1549 1.0 7.8453e+0020.6 0.00e+00 0.0 1.2e+03 3.6e+04 0.0e+00  4  0  0 13  0   4  0  0 14  0     0
MatAssemblyEnd      1571 1.0 4.2444e-01 1.3 8.52e+0512.0 3.8e+03 1.6e+02 1.7e+03  0  0  1  0  1   0  0  1  0  1     4
MatGetRowIJ           10 0.0 2.1219e-05 0.0 0.00e+00 0.0 0.0e+00 0.0e+00 0.0e+00  0  0  0  0  0   0  0  0  0  0     0
MatCreateSubMat       80 1.0 1.1073e-02 1.0 0.00e+00 0.0 1.3e+02 4.4e+03 5.4e+02  0  0  0  0  0   0  0  0  0  0     0
MatGetOrdering        10 0.0 2.9087e-04 0.0 0.00e+00 0.0 0.0e+00 0.0e+00 0.0e+00  0  0  0  0  0   0  0  0  0  0     0
MatCoarsen            90 1.0 1.2673e-02 1.0 0.00e+00 0.0 4.0e+03 2.9e+02 1.8e+02  0  0  1  0  0   0  0  1  0  0     0
MatZeroEntries       144 1.0 9.8627e-02 1.0 0.00e+00 0.0 0.0e+00 0.0e+00 0.0e+00  0  0  0  0  0   0  0  0  0  0     0
MatAXPY               10 1.0 7.4002e-01 1.2 5.73e+06 1.1 0.0e+00 0.0e+00 0.0e+00  1  0  0  0  0   1  0  0  0  0    29
MatTranspose         180 1.0 2.3497e-01 1.4 0.00e+00 0.0 0.0e+00 0.0e+00 0.0e+00  0  0  0  0  0   0  0  0  0  0     0
MatMatMult            20 1.0 6.5481e+00 1.0 9.68e+09 1.3 1.0e+02 1.3e+05 1.8e+01  9 19  0  4  0   9 19  0  4  0  5222
MatMatMultSym          2 1.0 1.6206e+00 1.0 0.00e+00 0.0 4.5e+01 4.0e+04 1.6e+01  2  0  0  1  0   2  0  0  1  0     0
MatMatMultNum         20 1.0 4.9275e+00 1.0 9.68e+09 1.3 6.0e+01 1.9e+05 0.0e+00  7 19  0  3  0   7 19  0  4  0  6940
MatPtAP               90 1.0 1.7530e+01 1.0 1.09e+10 1.2 4.4e+03 9.6e+03 9.9e+02 24 23  1 13  1  24 23  1 14  1  2330
MatPtAPSymbolic       90 1.0 1.1614e+01 1.0 0.00e+00 0.0 3.0e+03 1.1e+04 6.3e+02 16  0  1 10  0  16  0  1 11  0     0
MatPtAPNumeric        90 1.0 5.9154e+00 1.0 1.09e+10 1.2 1.4e+03 6.6e+03 3.6e+02  8 23  0  3  0   8 23  0  3  0  6904
MatTrnMatMult         21 1.0 4.5708e+00 1.0 1.34e+09 1.2 9.7e+02 3.2e+04 1.6e+02  6  3  0  9  0   6  3  0 10  0  1068
MatTrnMatMultSym      14 1.0 1.3520e+00 1.0 0.00e+00 0.0 4.0e+02 9.7e+03 1.0e+02  2  0  0  1  0   2  0  0  1  0     0
MatTrnMatMultNum      54 1.0 3.2195e+00 1.0 1.34e+09 1.2 5.8e+02 4.7e+04 5.6e+01  4  3  0  8  0   4  3  0  9  0  1517
MatGetLocalMat       166 1.0 2.7569e-01 1.0 0.00e+00 0.0 0.0e+00 0.0e+00 0.0e+00  0  0  0  0  0   0  0  0  0  0     0
MatGetBrAoCol        112 1.0 1.8519e-02 1.4 0.00e+00 0.0 2.2e+03 2.0e+04 0.0e+00  0  0  1 13  0   0  0  1 14  0     0
SFSetGraph           539 1.0 1.6975e-04 1.3 0.00e+00 0.0 0.0e+00 0.0e+00 0.0e+00  0  0  0  0  0   0  0  0  0  0     0
SFSetUp              539 1.0 1.2194e-02 1.1 0.00e+00 0.0 4.9e+03 1.9e+02 0.0e+00  0  0  2  0  0   0  0  2  0  0     0
SFBcastOpBegin     41088 1.0 9.3385e-02 1.3 0.00e+00 0.0 2.9e+05 7.1e+02 0.0e+00  0  0 94 61  0   0  0 94 67  0     0
SFBcastOpEnd       41088 1.0 3.2022e-01 3.9 0.00e+00 0.0 0.0e+00 0.0e+00 0.0e+00  0  0  0  0  0   0  0  0  0  0     0
SFReduceBegin       2832 1.0 7.2267e-03 1.2 0.00e+00 0.0 9.7e+03 3.1e+02 0.0e+00  0  0  3  1  0   0  0  3  1  0     0
SFReduceEnd         2832 1.0 1.6248e-0130.7 0.00e+00 0.0 0.0e+00 0.0e+00 0.0e+00  0  0  0  0  0   0  0  0  0  0     0
VecDot              2960 1.0 1.2535e-01 1.1 3.77e+08 1.1 0.0e+00 0.0e+00 3.0e+03  0  1  0  0  2   0  1  0  0  2 11230
VecTDot             2490 1.0 9.0216e-02 2.5 1.04e+08 1.1 0.0e+00 0.0e+00 2.5e+03  0  0  0  0  1   0  0  0  0  1  4314
VecNorm             4070 1.0 2.6981e-01 2.6 4.09e+08 1.1 0.0e+00 0.0e+00 4.1e+03  0  1  0  0  2   0  1  0  0  2  5666
VecScale            3483 1.0 1.0268e-01 1.1 2.22e+08 1.1 0.0e+00 0.0e+00 0.0e+00  0  0  0  0  0   0  0  0  0  0  8082
VecCopy             8910 1.0 9.2538e-02 1.1 0.00e+00 0.0 0.0e+00 0.0e+00 0.0e+00  0  0  0  0  0   0  0  0  0  0     0
VecSet             11767 1.0 6.9592e-02 1.2 0.00e+00 0.0 0.0e+00 0.0e+00 0.0e+00  0  0  0  0  0   0  0  0  0  0     0
VecAXPY             5390 1.0 1.2621e-01 1.1 2.48e+08 1.1 0.0e+00 0.0e+00 0.0e+00  0  1  0  0  0   0  1  0  0  0  7330
VecAYPX            17840 1.0 1.5943e-01 1.1 2.14e+08 1.1 0.0e+00 0.0e+00 0.0e+00  0  0  0  0  0   0  0  0  0  0  5003
VecAXPBYCZ          5580 1.0 5.6735e-02 1.1 2.07e+08 1.1 0.0e+00 0.0e+00 0.0e+00  0  0  0  0  0   0  0  0  0  0 13553
VecSwap               20 1.0 1.9083e-02 1.1 0.00e+00 0.0 0.0e+00 0.0e+00 0.0e+00  0  0  0  0  0   0  0  0  0  0     0
VecAssemblyBegin   22070 1.0 9.1112e-02 1.2 0.00e+00 0.0 0.0e+00 0.0e+00 0.0e+00  0  0  0  0  0   0  0  0  0  0     0
VecAssemblyEnd     22070 1.0 9.3632e-03 1.2 0.00e+00 0.0 0.0e+00 0.0e+00 0.0e+00  0  0  0  0  0   0  0  0  0  0     0
VecPointwiseMult     186 1.0 1.4231e-02 1.1 1.21e+07 1.1 0.0e+00 0.0e+00 0.0e+00  0  0  0  0  0   0  0  0  0  0  3165
VecScatterBegin    43538 1.0 1.1259e-01 1.3 0.00e+00 0.0 2.9e+05 7.0e+02 0.0e+00  0  0 96 62  0   0  0 96 67  0     0
VecScatterEnd      43538 1.0 4.8946e-01 3.8 0.00e+00 0.0 0.0e+00 0.0e+00 0.0e+00  0  0  0  0  0   0  0  0  0  0     0
VecNormalize        2717 1.0 1.0676e-01 1.0 4.60e+08 1.1 0.0e+00 0.0e+00 2.7e+03  0  1  0  0  1   0  1  0  0  1 16100
TaoSolve               1 1.0 7.3702e+01 1.0 4.58e+10 1.1 3.1e+05 1.0e+03 1.9e+05 99100100 92100 100100100100100  2388
TaoObjectiveEval      11 1.0 1.0918e-01 1.1 0.00e+00 0.0 6.6e+01 2.0e+03 0.0e+00  0  0  0  0  0   0  0  0  0  0     0
TaoJacobianEval       11 1.0 1.5534e+00 1.0 8.96e+08 1.1 6.6e+01 2.0e+03 5.6e+03  2  2  0  0  3   2  2  0  0  3  2153
KSPSetUp             230 1.0 1.4843e-02 1.5 0.00e+00 0.0 0.0e+00 0.0e+00 1.8e+02  0  0  0  0  0   0  0  0  0  0     0
KSPSolve              10 1.0 6.8707e+01 1.0 4.41e+10 1.1 3.0e+05 9.6e+02 5.3e+04 92 96100 87 28  93 96100 95 29  2459
PCGAMGGraph_AGG       90 1.0 2.3094e+01 1.0 3.21e+08 1.3 2.9e+03 8.7e+01 1.4e+03 31  1  1  0  1  31  1  1  0  1    52
PCGAMGCoarse_AGG      90 1.0 1.8150e+00 1.0 6.19e+08 1.7 5.4e+03 3.7e+03 3.3e+02  2  1  2  6  0   2  1  2  7  0  1138
PCGAMGProl_AGG        90 1.0 1.1838e+00 1.0 0.00e+00 0.0 1.7e+05 3.9e+02 4.5e+04  2  0 56 20 24   2  0 56 22 24     0
PCGAMGPOpt_AGG        90 1.0 1.1921e-05 1.3 0.00e+00 0.0 0.0e+00 0.0e+00 0.0e+00  0  0  0  0  0   0  0  0  0  0     0
GAMG: createProl      90 1.0 2.6095e+01 1.0 9.40e+08 1.5 1.8e+05 4.8e+02 4.7e+04 35  2 59 26 25  35  2 59 29 25   125
  Graph              180 1.0 2.3092e+01 1.0 3.21e+08 1.3 2.9e+03 8.7e+01 1.4e+03 31  1  1  0  1  31  1  1  0  1    52
  MIS/Agg             90 1.0 1.3155e-02 1.0 0.00e+00 0.0 4.0e+03 2.9e+02 1.8e+02  0  0  1  0  0   0  0  1  0  0     0
  SA: col data        90 1.0 5.4112e-01 1.0 0.00e+00 0.0 1.7e+05 3.4e+02 4.4e+04  1  0 56 18 24   1  0 56 19 24     0
  SA: frmProl0        90 1.0 6.3524e-01 1.0 0.00e+00 0.0 8.7e+02 1.0e+04 3.6e+02  1  0  0  3  0   1  0  0  3  0     0
GAMG: partLevel       90 1.0 1.7546e+01 1.0 1.09e+10 1.2 4.7e+03 9.2e+03 2.0e+03 24 23  2 13  1  24 23  2 14  1  2328
  repartition         20 1.0 1.5949e-02 1.0 0.00e+00 0.0 2.7e+02 3.5e+03 9.6e+02  0  0  0  0  1   0  0  0  0  1     0
  Invert-Sort         20 1.0 9.6512e-04 1.5 0.00e+00 0.0 0.0e+00 0.0e+00 1.2e+02  0  0  0  0  0   0  0  0  0  0     0
  Move A              20 1.0 5.8711e-03 1.0 0.00e+00 0.0 1.0e+02 5.6e+03 2.6e+02  0  0  0  0  0   0  0  0  0  0     0
  Move P              20 1.0 5.9540e-03 1.0 0.00e+00 0.0 3.0e+01 1.5e+02 2.8e+02  0  0  0  0  0   0  0  0  0  0     0
PCSetUp               40 1.0 5.2212e+01 1.0 2.18e+10 1.3 1.9e+05 7.9e+02 4.9e+04 70 45 61 44 26  71 45 61 48 26  1523
PCSetUpOnBlocks      310 1.0 9.4247e-04 1.2 2.61e+04 0.0 0.0e+00 0.0e+00 0.0e+00  0  0  0  0  0   0  0  0  0  0    28
PCApply               10 1.0 6.0832e+01 1.0 3.41e+10 1.1 3.0e+05 9.0e+02 5.3e+04 82 76100 82 28  83 76100 90 28  2195
KSPSolve_FS_0         10 1.0 1.0393e-03 1.4 1.20e+06 1.2 0.0e+00 0.0e+00 0.0e+00  0  0  0  0  0   0  0  0  0  0  4191
KSPSolve_FS_Schu      10 1.0 6.0747e+01 1.0 3.40e+10 1.1 3.0e+05 9.0e+02 5.3e+04 82 76100 82 28  82 76100 90 28  2192
KSPSolve_FS_Low       10 1.0 1.2140e-03 1.2 1.20e+06 1.2 0.0e+00 0.0e+00 0.0e+00  0  0  0  0  0   0  0  0  0  0  3588
------------------------------------------------------------------------------------------------------------------------

Memory usage is given in bytes:

Object Type          Creations   Destructions     Memory  Descendants' Mem.
Reports information only for process 0.

--- Event Stage 0: Main Stage

    Distributed Mesh     0              1         5032     0.
              Matrix     0            113    412815624     0.
           Index Set     1             11        11056     0.
   Star Forest Graph     1             23        22640     0.
     Discrete System     0              1          944     0.
              Vector     3            115      9756424     0.
         Vec Scatter     1             21        16800     0.
                 Tao     0              1         1880     0.
       Krylov Solver     0             24        67264     0.
      Preconditioner     0             15        19220     0.
              Viewer     1              1          840     0.

--- Event Stage 1: Setup

           Container     4              2         1152     0.
    Distributed Mesh     4              2        10424     0.
            DM Label     6              4         2528     0.
    GraphPartitioner     2              1          688     0.
              Matrix     9              1         2832     0.
           Index Set    46             35      4033536     0.
   IS L to G Mapping     2              1       275364     0.
             Section    24             13         9360     0.
   Star Forest Graph    22             15        14368     0.
     Discrete System     7              6         5664     0.
              Vector    15              3      2601904     0.
         Vec Scatter     2              0            0     0.
                 Tao     1              0            0     0.
       Krylov Solver     3              0            0     0.
      Preconditioner     3              0            0     0.

--- Event Stage 2: Solve

    Distributed Mesh     1              0            0     0.
              Matrix  2019           1861    561839900     0.
      Matrix Coarsen    90             90        57240     0.
   Matrix Null Space    11              0            0     0.
           Index Set  1244           1234      4315428     0.
   Star Forest Graph   541            511       506912     0.
     Discrete System     1              0            0     0.
              Vector 24770          24474    381332320     0.
         Vec Scatter   449            421       336800     0.
       Krylov Solver    22              1         1400     0.
      Preconditioner    13              1          824     0.
              Viewer     1              0            0     0.
         PetscRandom    90             90        58140     0.
========================================================================================================================
Average time to get PetscTime(): 0.
Average time for MPI_Barrier(): 1.57356e-06
Average time for zero size MPI_Send(): 5.00679e-06
#PETSc Option Table entries:
-bal ba-problems/26K_29K_whole_city_hard.problem/problem_noised.bbal
-csv ba-problems/26K_29K_whole_city_hard.problem/parallel_gamg_np1.csv
-fieldsplit_camera_ksp_converged_reason
-fieldsplit_camera_ksp_convergence_test nash
-fieldsplit_camera_ksp_rtol 0.01
-fieldsplit_camera_ksp_type cg
-fieldsplit_camera_mat_schur_complement_ainv_type blockdiag
-fieldsplit_camera_mg_levels_esteig_ksp_type cg
-fieldsplit_camera_mg_levels_pc_type pbjacobi
-fieldsplit_camera_pc_gamg_agg_nsmooths 0
-fieldsplit_camera_pc_type gamg
-fieldsplit_point_ksp_type preonly
-fieldsplit_point_pc_type pbjacobi
-ksp_type preonly
-log_view ascii:ba-problems/26K_29K_whole_city_hard.problem/parallel_gamg_np1.log
-pc_fieldsplit_schur_precondition selfp
-pc_fieldsplit_type schur
-pc_type fieldsplit
-petscpartitioner_type ptscotch
-robust
-tao_diagonal_scale
-tao_max_it 10
-tao_trust0 1e4
-tao_type lm
#End of PETSc Option Table entries
Compiled without FORTRAN kernels
Compiled with full precision matrices (default)
sizeof(short) 2 sizeof(int) 4 sizeof(long) 8 sizeof(void*) 8 sizeof(PetscScalar) 8 sizeof(PetscInt) 4
Configure options: -with-debugging=0 COPTFLAGS="-O3 -march=native -mtune=native" CXXOPTFLAGS="-O3 -march=native -mtune=native" FOPTFLAGS="-O3 -march=native -mtune=native" --download-superlu --download-metis --download-parmetis --download-suitesparse --with-cc=cc --with-mpicc=cc --with-mpi-dir=/opt/cray/pe/mpt/7.7.10/gni/mpich-gnu/8.2 --with-cuda=0 --with-cusp=0 --with-fc=0 --download-ptscotch --download-hypre --with-hdf5
-----------------------------------------
Libraries compiled on 2020-03-16 01:29:45 on cori07 
Machine characteristics: Linux-4.12.14-150.47-default-x86_64-with-glibc2.2.5
Using PETSc directory: /global/cscratch1/sd/tkonolig/bundle_adjustment/petsc
Using PETSc arch: arch-linux2-c-opt
-----------------------------------------

Using C compiler: cc  -fPIC -O3 -march=native -mtune=native  
-----------------------------------------

Using include paths: -I/global/cscratch1/sd/tkonolig/bundle_adjustment/petsc/include -I/global/cscratch1/sd/tkonolig/bundle_adjustment/petsc/arch-linux2-c-opt/include -I/opt/cray/pe/mpt/7.7.10/gni/mpich-gnu/8.2/include
-----------------------------------------

Using C linker: cc
Using libraries: -Wl,-rpath,/global/cscratch1/sd/tkonolig/bundle_adjustment/petsc/arch-linux2-c-opt/lib -L/global/cscratch1/sd/tkonolig/bundle_adjustment/petsc/arch-linux2-c-opt/lib -lpetsc -Wl,-rpath,/global/cscratch1/sd/tkonolig/bundle_adjustment/petsc/arch-linux2-c-opt/lib -L/global/cscratch1/sd/tkonolig/bundle_adjustment/petsc/arch-linux2-c-opt/lib -Wl,-rpath,/opt/cray/pe/mpt/7.7.10/gni/mpich-gnu/8.2/lib -L/opt/cray/pe/mpt/7.7.10/gni/mpich-gnu/8.2/lib -lHYPRE -lumfpack -lklu -lcholmod -lbtf -lccolamd -lcolamd -lcamd -lamd -lsuitesparseconfig -lsuperlu -lptesmumps -lptscotchparmetis -lptscotch -lptscotcherr -lesmumps -lscotch -lscotcherr -lparmetis -lmetis -lX11 -lmpich -lssl -luuid -lpthread -lrt -ldl -lrt -lquadmath -lstdc++ -ldl
-----------------------------------------

