************************************************************************************************************************
***             WIDEN YOUR WINDOW TO 120 CHARACTERS.  Use 'enscript -r -fCourier9' to print this document            ***
************************************************************************************************************************

---------------------------------------------- PETSc Performance Summary: ----------------------------------------------

/global/cscratch1/sd/tkonolig/bundle_adjustment/ba-tao/build/bin/TaoBundleAdjustment on a arch-linux2-c-opt named nid02142 with 16 processors, by tkonolig Mon Mar 16 09:00:44 2020
Using Petsc Development GIT revision: unknown  GIT Date: unknown

                         Max       Max/Min     Avg       Total 
Time (sec):           2.119e+01     1.000   2.119e+01
Objects:              2.387e+04     1.003   2.382e+04
Flop:                 1.254e+10     1.245   1.123e+10  1.796e+11
Flop/sec:             5.916e+08     1.245   5.298e+08  8.477e+09
MPI Messages:         1.490e+05     3.288   9.220e+04  1.475e+06
MPI Message Lengths:  8.249e+07     3.362   6.018e+02  8.877e+08
MPI Reductions:       1.761e+05     1.000

Flop counting convention: 1 flop = 1 real number operation of type (multiply/divide/add/subtract)
                            e.g., VecAXPY() for real vectors of length N --> 2N flop
                            and VecAXPY() for complex vectors of length N --> 8N flop

Summary of Stages:   ----- Time ------  ----- Flop ------  --- Messages ---  -- Message Lengths --  -- Reductions --
                        Avg     %Total     Avg     %Total    Count   %Total     Avg         %Total    Count   %Total 
 0:      Main Stage: 5.8681e-02   0.3%  0.0000e+00   0.0%  6.000e+02   0.0%  8.233e+03        0.6%  5.000e+00   0.0% 
 1:           Setup: 7.2152e-01   3.4%  0.0000e+00   0.0%  1.018e+03   0.1%  2.877e+04        3.3%  7.100e+01   0.0% 
 2:           Solve: 2.0408e+01  96.3%  1.7962e+11 100.0%  1.474e+06  99.9%  5.792e+02       96.1%  1.761e+05  99.9% 

------------------------------------------------------------------------------------------------------------------------
See the 'Profiling' chapter of the users' manual for details on interpreting output.
Phase summary info:
   Count: number of times phase was executed
   Time and Flop: Max - maximum over all processors
                  Ratio - ratio of maximum to minimum over all processors
   Mess: number of messages sent
   AvgLen: average message length (bytes)
   Reduct: number of global reductions
   Global: entire computation
   Stage: stages of a computation. Set stages with PetscLogStagePush() and PetscLogStagePop().
      %T - percent time in this phase         %F - percent flop in this phase
      %M - percent messages in this phase     %L - percent message lengths in this phase
      %R - percent reductions in this phase
   Total Mflop/s: 10e-6 * (sum of flop over all processors)/(max time over all processors)
------------------------------------------------------------------------------------------------------------------------
Event                Count      Time (sec)     Flop                              --- Global ---  --- Stage ----  Total
                   Max Ratio  Max     Ratio   Max  Ratio  Mess   AvgLen  Reduct  %T %F %M %L %R  %T %F %M %L %R Mflop/s
------------------------------------------------------------------------------------------------------------------------

--- Event Stage 0: Main Stage

PetscBarrier           2 1.0 1.3049e-02246.5 0.00e+00 0.0 0.0e+00 0.0e+00 0.0e+00  0  0  0  0  0  11  0  0  0  0     0
BuildTwoSided          1 1.0 5.5408e-04 2.1 0.00e+00 0.0 1.2e+02 4.0e+00 0.0e+00  0  0  0  0  0   1  0 20  0  0     0
DMPlexGToNBegin        1 1.0 2.3069e-03 2.3 0.00e+00 0.0 6.0e+02 6.1e+03 0.0e+00  0  0  0  0  0   2  0100 74  0     0
DMPlexGToNEnd          1 1.0 1.3931e-0311.9 0.00e+00 0.0 0.0e+00 0.0e+00 0.0e+00  0  0  0  0  0   2  0  0  0  0     0
SFSetUp                2 1.0 9.7013e-04 1.1 0.00e+00 0.0 3.6e+02 3.4e+03 0.0e+00  0  0  0  0  0   2  0 60 25  0     0
SFBcastOpBegin         2 1.0 1.4179e-0312.8 0.00e+00 0.0 2.4e+02 1.6e+04 1.0e+00  0  0  0  0  0   0  0 40 75 20     0
SFBcastOpEnd           2 1.0 1.8492e-03 6.6 0.00e+00 0.0 0.0e+00 0.0e+00 0.0e+00  0  0  0  0  0   3  0  0  0  0     0
VecSet                 2 1.0 7.4005e-04 0.0 0.00e+00 0.0 0.0e+00 0.0e+00 0.0e+00  0  0  0  0  0   0  0  0  0  0     0
VecScatterBegin        1 1.0 6.0081e-05 2.0 0.00e+00 0.0 0.0e+00 0.0e+00 1.0e+00  0  0  0  0  0   0  0  0 26 20     0
VecScatterEnd          1 1.0 4.6992e-04 4.7 0.00e+00 0.0 0.0e+00 0.0e+00 0.0e+00  0  0  0  0  0   1  0  0  0  0     0

--- Event Stage 1: Setup

BuildTwoSided         11 1.0 5.1486e-03 4.8 0.00e+00 0.0 1.1e+02 4.0e+00 0.0e+00  0  0  0  0  0   0  0 11  0  0     0
MatAssemblyBegin       2 1.0 4.0531e-06 2.1 0.00e+00 0.0 0.0e+00 0.0e+00 0.0e+00  0  0  0  0  0   0  0  0  0  0     0
MatAssemblyEnd         2 1.0 4.8602e-03 1.4 0.00e+00 0.0 6.0e+01 3.1e+02 8.0e+00  0  0  0  0  0   1  0  6  0 11     0
Mesh Partition         1 1.0 5.4501e-01 1.0 0.00e+00 0.0 6.0e+01 1.5e+04 9.0e+00  3  0  0  0  0  76  0  6  3 13     0
Mesh Migration         1 1.0 6.7821e-03 1.0 0.00e+00 0.0 2.0e+02 4.8e+04 6.0e+00  0  0  0  1  0   1  0 19 32  8     0
DMPlexPartSelf         1 1.0 8.2970e-031023.5 0.00e+00 0.0 0.0e+00 0.0e+00 0.0e+00  0  0  0  0  0   0  0  0  0  0     0
DMPlexPartLblInv       1 1.0 1.4316e-02 2.4 0.00e+00 0.0 0.0e+00 0.0e+00 3.0e+00  0  0  0  0  0   2  0  0  1  4     0
DMPlexPartLblSF        1 1.0 8.5402e-04 1.2 0.00e+00 0.0 2.2e+01 9.6e+03 0.0e+00  0  0  0  0  0   0  0  2  1  0     0
DMPlexPartStrtSF       1 1.0 3.8280e-0314.7 0.00e+00 0.0 1.5e+01 1.4e+04 0.0e+00  0  0  0  0  0   0  0  1  1  0     0
DMPlexPointSF          1 1.0 2.2960e-03 1.0 0.00e+00 0.0 3.0e+01 3.6e+04 0.0e+00  0  0  0  0  0   0  0  3  4  0     0
DMPlexDistribute       1 1.0 5.5970e-01 1.0 0.00e+00 0.0 6.0e+02 2.9e+04 2.3e+01  3  0  0  2  0  78  0 59 59 32     0
DMPlexDistCones        1 1.0 2.3971e-03 1.0 0.00e+00 0.0 8.2e+01 5.6e+04 1.0e+00  0  0  0  1  0   0  0  8 16  1     0
DMPlexDistLabels       1 1.0 1.9073e-05 1.1 0.00e+00 0.0 0.0e+00 0.0e+00 3.0e+00  0  0  0  0  0   0  0  0  0  4     0
DMPlexDistField        1 1.0 3.6478e-03 1.4 0.00e+00 0.0 8.2e+01 5.3e+04 1.0e+00  0  0  0  0  0   0  0  8 15  1     0
DMPlexDistData         2 1.0 6.4061e-03 1.0 0.00e+00 0.0 1.4e+02 8.9e+04 2.0e+00  0  0  0  1  0   1  0 13 41  3     0
DMPlexStratify         2 1.0 5.0902e-0231.6 0.00e+00 0.0 0.0e+00 0.0e+00 2.0e+00  0  0  0  0  0   7  0  0  0  3     0
DMPlexSymmetrize       2 1.0 8.9951e-03 9.2 0.00e+00 0.0 0.0e+00 0.0e+00 0.0e+00  0  0  0  0  0   0  0  0  0  0     0
SFSetGraph            15 1.0 2.6727e-04 8.2 0.00e+00 0.0 0.0e+00 0.0e+00 0.0e+00  0  0  0  0  0   0  0  0  0  0     0
SFSetUp               12 1.0 7.9658e-03 1.5 0.00e+00 0.0 3.4e+02 2.1e+04 0.0e+00  0  0  0  1  0   1  0 33 24  0     0
SFBcastOpBegin        29 1.0 5.7037e-0345.3 0.00e+00 0.0 6.4e+02 2.7e+04 0.0e+00  0  0  0  2  0   0  0 62 59  0     0
SFBcastOpEnd          29 1.0 1.4291e-02 2.3 0.00e+00 0.0 0.0e+00 0.0e+00 0.0e+00  0  0  0  0  0   2  0  0  0  0     0
SFReduceBegin          3 1.0 1.4558e-0328.1 0.00e+00 0.0 3.0e+01 1.5e+05 1.0e+00  0  0  0  0  0   0  0  3 15  1     0
SFReduceEnd            3 1.0 3.6080e-03 1.8 0.00e+00 0.0 0.0e+00 0.0e+00 0.0e+00  0  0  0  0  0   0  0  0  0  0     0
SFDistSection          5 1.0 1.6408e-03 1.3 0.00e+00 0.0 1.8e+02 1.4e+04 5.0e+00  0  0  0  0  0   0  0 18  9  7     0
SFSectionSF            5 1.0 5.8508e-03 2.0 0.00e+00 0.0 1.1e+02 5.9e+04 0.0e+00  0  0  0  1  0   1  0 11 23  0     0
VecCopy                1 1.0 3.4094e-05 2.8 0.00e+00 0.0 0.0e+00 0.0e+00 0.0e+00  0  0  0  0  0   0  0  0  0  0     0
VecSet                 6 1.0 1.3375e-04 5.3 0.00e+00 0.0 0.0e+00 0.0e+00 0.0e+00  0  0  0  0  0   0  0  0  0  0     0

--- Event Stage 2: Solve

BuildTwoSided        499 1.0 1.8491e-02 1.2 0.00e+00 0.0 8.3e+03 4.0e+00 0.0e+00  0  0  1  0  0   0  0  1  0  0     0
BuildTwoSidedF     17318 1.0 4.6097e+0012.3 0.00e+00 0.0 5.7e+03 2.3e+04 0.0e+00 12  0  0 15  0  12  0  0 16  0     0
MatMult            10077 1.0 2.0876e+00 1.1 5.02e+09 1.0 5.1e+05 7.6e+02 4.0e+00 10 44 35 44  0  10 44 35 45  0 37738
MatMultAdd          3966 1.0 3.0771e-01 1.5 7.02e+08 1.3 3.8e+04 2.0e+02 0.0e+00  1  5  3  1  0   1  5  3  1  0 32018
MatMultTranspose    2272 1.0 1.7200e-01 1.6 1.95e+08 1.3 3.8e+04 2.1e+02 6.6e+01  1  2  3  1  0   1  2  3  1  0 16041
MatMultTrAdd          22 1.0 6.9606e-03 1.2 1.26e+07 1.1 4.4e+02 9.2e+02 0.0e+00  0  0  0  0  0   0  0  0  0  0 28098
MatSolve             323 0.0 1.3933e-03 0.0 1.14e+06 0.0 0.0e+00 0.0e+00 0.0e+00  0  0  0  0  0   0  0  0  0  0   820
MatLUFactorSym        10 1.0 4.5419e-04 4.1 0.00e+00 0.0 0.0e+00 0.0e+00 0.0e+00  0  0  0  0  0   0  0  0  0  0     0
MatLUFactorNum        10 1.0 2.7370e-0420.5 4.01e+05 0.0 0.0e+00 0.0e+00 0.0e+00  0  0  0  0  0   0  0  0  0  0  1465
MatCopy               10 1.0 8.0792e-02 1.6 0.00e+00 0.0 0.0e+00 0.0e+00 0.0e+00  0  0  0  0  0   0  0  0  0  0     0
MatConvert             1 1.0 3.0296e-02 1.7 0.00e+00 0.0 1.2e+02 1.1e+03 0.0e+00  0  0  0  0  0   0  0  0  0  0     0
MatScale             102 1.0 1.2285e-01 1.3 1.30e+08 1.4 4.8e+03 5.3e+02 1.3e+02  1  1  0  0  0   1  1  0  0  0 14615
MatResidual         2261 1.0 3.8589e-01 1.1 9.59e+08 1.0 1.1e+05 6.9e+02 0.0e+00  2  8  8  9  0   2  8  8  9  0 38942
MatAssemblyBegin    1369 1.0 4.4292e+0021.7 0.00e+00 0.0 5.7e+03 2.3e+04 0.0e+00 11  0  0 15  0  11  0  0 16  0     0
MatAssemblyEnd      1391 1.0 2.5216e-01 1.3 6.24e+0519.0 1.9e+04 8.8e+01 1.5e+03  1  0  1  0  1   1  0  1  0  1    19
MatGetRowIJ           10 0.0 3.3379e-05 0.0 0.00e+00 0.0 0.0e+00 0.0e+00 0.0e+00  0  0  0  0  0   0  0  0  0  0     0
MatCreateSubMat      120 1.0 3.5094e-02 1.0 0.00e+00 0.0 1.7e+03 2.0e+03 1.0e+03  0  0  0  0  1   0  0  0  0  1     0
MatGetOrdering        10 0.0 3.1352e-04 0.0 0.00e+00 0.0 0.0e+00 0.0e+00 0.0e+00  0  0  0  0  0   0  0  0  0  0     0
MatCoarsen            70 1.0 1.2197e-02 1.0 0.00e+00 0.0 2.3e+04 1.4e+02 2.0e+02  0  0  2  0  0   0  0  2  0  0     0
MatZeroEntries       124 1.0 2.3909e-02 1.1 0.00e+00 0.0 0.0e+00 0.0e+00 0.0e+00  0  0  0  0  0   0  0  0  0  0     0
MatAXPY               10 1.0 2.2029e-01 1.5 1.52e+06 1.3 0.0e+00 0.0e+00 0.0e+00  1  0  0  0  0   1  0  0  0  0    97
MatTranspose         140 1.0 4.2545e-02 1.7 0.00e+00 0.0 0.0e+00 0.0e+00 0.0e+00  0  0  0  0  0   0  0  0  0  0     0
MatMatMult            20 1.0 1.8506e+00 1.0 2.94e+09 1.7 7.0e+02 6.0e+04 1.8e+01  9 19  0  5  0   9 19  0  5  0 18477
MatMatMultSym          2 1.0 5.0486e-01 1.0 0.00e+00 0.0 3.0e+02 1.9e+04 1.6e+01  2  0  0  1  0   2  0  0  1  0     0
MatMatMultNum         20 1.0 1.3457e+00 1.0 2.94e+09 1.7 4.0e+02 9.1e+04 0.0e+00  6 19  0  4  0   7 19  0  4  0 25410
MatPtAP               70 1.0 4.9743e+00 1.0 3.12e+09 1.6 2.0e+04 5.6e+03 7.7e+02 23 23  1 12  0  24 23  1 13  0  8229
MatPtAPSymbolic       70 1.0 3.3161e+00 1.0 0.00e+00 0.0 1.4e+04 6.4e+03 4.9e+02 16  0  1 10  0  16  0  1 10  0     0
MatPtAPNumeric        70 1.0 1.6584e+00 1.0 3.12e+09 1.6 6.2e+03 3.8e+03 2.8e+02  8 23  0  3  0   8 23  0  3  0 24683
MatTrnMatMult         21 1.0 1.2534e+00 1.0 4.05e+08 1.7 6.5e+03 1.5e+04 1.6e+02  6  3  0 11  0   6  3  0 11  0  3898
MatTrnMatMultSym      14 1.0 3.7962e-01 1.0 0.00e+00 0.0 2.6e+03 4.4e+03 1.0e+02  2  0  0  1  0   2  0  0  1  0     0
MatTrnMatMultNum      54 1.0 8.7446e-01 1.0 4.05e+08 1.7 3.9e+03 2.2e+04 5.6e+01  4  3  0  9  0   4  3  0 10  0  5587
MatGetLocalMat       146 1.0 6.4381e-02 1.1 0.00e+00 0.0 0.0e+00 0.0e+00 0.0e+00  0  0  0  0  0   0  0  0  0  0     0
MatGetBrAoCol         92 1.0 1.8909e-02 1.5 0.00e+00 0.0 1.1e+04 1.1e+04 0.0e+00  0  0  1 14  0   0  0  1 14  0     0
SFSetGraph           499 1.0 1.5521e-04 1.5 0.00e+00 0.0 0.0e+00 0.0e+00 0.0e+00  0  0  0  0  0   0  0  0  0  0     0
SFSetUp              499 1.0 2.3361e-02 1.1 0.00e+00 0.0 2.5e+04 1.1e+02 0.0e+00  0  0  2  0  0   0  0  2  0  0     0
SFBcastOpBegin     33226 1.0 1.2304e-01 2.6 0.00e+00 0.0 1.4e+06 4.1e+02 0.0e+00  0  0 94 63  0   0  0 94 66  0     0
SFBcastOpEnd       33226 1.0 2.9433e-01 1.9 0.00e+00 0.0 0.0e+00 0.0e+00 0.0e+00  1  0  0  0  0   1  0  0  0  0     0
SFReduceBegin       2303 1.0 6.7725e-03 3.0 0.00e+00 0.0 3.8e+04 2.1e+02 0.0e+00  0  0  3  1  0   0  0  3  1  0     0
SFReduceEnd         2303 1.0 7.3173e-0223.3 0.00e+00 0.0 0.0e+00 0.0e+00 0.0e+00  0  0  0  0  0   0  0  0  0  0     0
VecDot              2973 1.0 4.9575e-02 1.1 1.01e+08 1.3 0.0e+00 0.0e+00 3.0e+03  0  1  0  0  2   0  1  0  0  2 28520
VecTDot             2096 1.0 8.0022e-02 1.8 2.86e+07 1.3 0.0e+00 0.0e+00 2.1e+03  0  0  0  0  1   0  0  0  0  1  5017
VecNorm             3863 1.0 2.1017e-01 1.9 1.09e+08 1.3 0.0e+00 0.0e+00 3.9e+03  1  1  0  0  2   1  1  0  0  2  7304
VecScale            3479 1.0 2.7628e-02 1.2 5.90e+07 1.3 0.0e+00 0.0e+00 0.0e+00  0  0  0  0  0   0  0  0  0  0 30001
VecCopy             7296 1.0 1.8044e-02 1.4 0.00e+00 0.0 0.0e+00 0.0e+00 0.0e+00  0  0  0  0  0   0  0  0  0  0     0
VecSet             10244 1.0 1.0947e-02 1.3 0.00e+00 0.0 0.0e+00 0.0e+00 0.0e+00  0  0  0  0  0   0  0  0  0  0     0
VecAXPY             5029 1.0 3.5726e-02 1.2 6.67e+07 1.3 0.0e+00 0.0e+00 0.0e+00  0  1  0  0  0   0  1  0  0  0 26213
VecAYPX            14499 1.0 2.6727e-02 1.3 5.93e+07 1.3 0.0e+00 0.0e+00 0.0e+00  0  0  0  0  0   0  0  0  0  0 31034
VecAXPBYCZ          4522 1.0 9.3434e-03 1.3 5.73e+07 1.3 0.0e+00 0.0e+00 0.0e+00  0  0  0  0  0   0  0  0  0  0 85738
VecSwap               20 1.0 1.4981e-02 1.1 0.00e+00 0.0 0.0e+00 0.0e+00 0.0e+00  0  0  0  0  0   0  0  0  0  0     0
VecAssemblyBegin   16950 1.0 2.2391e-01 1.1 0.00e+00 0.0 0.0e+00 0.0e+00 0.0e+00  1  0  0  0  0   1  0  0  0  0     0
VecAssemblyEnd     16950 1.0 9.5534e-03 1.4 0.00e+00 0.0 0.0e+00 0.0e+00 0.0e+00  0  0  0  0  0   0  0  0  0  0     0
VecPointwiseMult     186 1.0 3.4180e-03 1.3 3.20e+06 1.3 0.0e+00 0.0e+00 0.0e+00  0  0  0  0  0   0  0  0  0  0 13179
VecScatterBegin    35167 1.0 1.3550e-01 2.4 0.00e+00 0.0 1.4e+06 4.0e+02 0.0e+00  0  0 95 64  0   0  0 95 66  0     0
VecScatterEnd      35167 1.0 3.1409e-01 1.9 0.00e+00 0.0 0.0e+00 0.0e+00 0.0e+00  1  0  0  0  0   1  0  0  0  0     0
VecNormalize        2717 1.0 5.1523e-02 1.1 1.21e+08 1.3 0.0e+00 0.0e+00 2.7e+03  0  1  0  0  2   0  1  0  0  2 33042
TaoSolve               1 1.0 2.0408e+01 1.0 1.25e+10 1.2 1.5e+06 5.8e+02 1.8e+05 96100100 96100 100100100100100  8802
TaoObjectiveEval      11 1.0 2.3250e-02 1.1 0.00e+00 0.0 4.4e+02 9.2e+02 0.0e+00  0  0  0  0  0   0  0  0  0  0     0
TaoJacobianEval       11 1.0 3.7242e-01 1.0 2.36e+08 1.3 4.4e+02 9.2e+02 5.6e+03  2  2  0  0  3   2  2  0  0  3  8919
KSPSetUp             190 1.0 7.1979e-03 1.5 0.00e+00 0.0 0.0e+00 0.0e+00 1.4e+02  0  0  0  0  0   0  0  0  0  0     0
KSPSolve              10 1.0 1.8446e+01 1.0 1.21e+10 1.3 1.5e+06 5.5e+02 4.3e+04 87 96100 91 24  90 96100 95 24  9356
PCGAMGGraph_AGG       70 1.0 6.8019e+00 1.0 9.28e+07 1.7 1.4e+04 4.8e+01 1.1e+03 32  1  1  0  1  33  1  1  0  1   176
PCGAMGCoarse_AGG      70 1.0 5.5344e-01 1.0 2.24e+08 3.4 3.2e+04 1.9e+03 3.5e+02  3  1  2  7  0   3  1  2  7  0  3736
PCGAMGProl_AGG        70 1.0 1.0261e+00 1.0 0.00e+00 0.0 8.1e+05 2.3e+02 3.4e+04  5  0 55 21 19   5  0 55 21 19     0
PCGAMGPOpt_AGG        70 1.0 1.2875e-05 3.2 0.00e+00 0.0 0.0e+00 0.0e+00 0.0e+00  0  0  0  0  0   0  0  0  0  0     0
GAMG: createProl      70 1.0 8.3826e+00 1.0 3.17e+08 2.6 8.6e+05 2.8e+02 3.6e+04 40  2 58 27 20  41  2 58 29 20   390
  Graph              140 1.0 6.8005e+00 1.0 9.28e+07 1.7 1.4e+04 4.8e+01 1.1e+03 32  1  1  0  1  33  1  1  0  1   176
  MIS/Agg             70 1.0 1.2620e-02 1.0 0.00e+00 0.0 2.3e+04 1.4e+02 2.0e+02  0  0  2  0  0   0  0  2  0  0     0
  SA: col data        70 1.0 7.4191e-01 1.0 0.00e+00 0.0 8.1e+05 1.9e+02 3.4e+04  3  0 55 18 19   4  0 55 18 19     0
  SA: frmProl0        70 1.0 2.7851e-01 1.0 0.00e+00 0.0 3.2e+03 8.7e+03 2.8e+02  1  0  0  3  0   1  0  0  3  0     0
GAMG: partLevel       70 1.0 5.0244e+00 1.0 3.12e+09 1.6 2.3e+04 5.1e+03 2.7e+03 24 23  2 13  2  25 23  2 14  2  8147
  repartition         40 1.0 5.0185e-02 1.0 0.00e+00 0.0 2.9e+03 1.8e+03 1.9e+03  0  0  0  1  1   0  0  0  1  1     0
  Invert-Sort         40 1.0 3.6039e-03 1.1 0.00e+00 0.0 0.0e+00 0.0e+00 2.4e+02  0  0  0  0  0   0  0  0  0  0     0
  Move A              40 1.0 2.1846e-02 1.0 0.00e+00 0.0 1.3e+03 2.7e+03 5.2e+02  0  0  0  0  0   0  0  0  0  0     0
  Move P              40 1.0 1.5206e-02 1.0 0.00e+00 0.0 4.4e+02 6.5e+01 5.6e+02  0  0  0  0  0   0  0  0  0  0     0
PCSetUp               40 1.0 1.5789e+01 1.0 6.47e+09 1.7 8.8e+05 4.6e+02 3.9e+04 74 44 60 46 22  77 44 60 47 22  5041
PCSetUpOnBlocks      323 1.0 1.4524e-03 2.2 4.01e+05 0.0 0.0e+00 0.0e+00 0.0e+00  0  0  0  0  0   0  0  0  0  0   276
PCApply               10 1.0 1.6237e+01 1.0 9.08e+09 1.1 1.5e+06 5.2e+02 4.2e+04 77 76100 86 24  80 76100 89 24  8449
KSPSolve_FS_0         10 1.0 1.4424e-04 1.8 3.24e+05 1.6 0.0e+00 0.0e+00 0.0e+00  0  0  0  0  0   0  0  0  0  0 30199
KSPSolve_FS_Schu      10 1.0 1.6221e+01 1.0 9.06e+09 1.2 1.5e+06 5.2e+02 4.2e+04 77 76 99 86 24  79 76100 89 24  8432
KSPSolve_FS_Low       10 1.0 5.6005e-04 1.6 3.24e+05 1.6 0.0e+00 0.0e+00 0.0e+00  0  0  0  0  0   0  0  0  0  0  7778
------------------------------------------------------------------------------------------------------------------------

Memory usage is given in bytes:

Object Type          Creations   Destructions     Memory  Descendants' Mem.
Reports information only for process 0.

--- Event Stage 0: Main Stage

    Distributed Mesh     0              1         5032     0.
              Matrix     0             77    117877960     0.
           Index Set     1             19        24112     0.
   Star Forest Graph     1             19        18672     0.
     Discrete System     0              1          944     0.
              Vector     3             93      2397016     0.
         Vec Scatter     1             17        13600     0.
                 Tao     0              1         1880     0.
       Krylov Solver     0             20        54256     0.
      Preconditioner     0             13        16356     0.
              Viewer     1              1          840     0.

--- Event Stage 1: Setup

           Container     4              2         1152     0.
    Distributed Mesh     4              2        10424     0.
            DM Label     6              4         2528     0.
    GraphPartitioner     2              1          688     0.
              Matrix     9              1         2832     0.
           Index Set    82             71      4029100     0.
   IS L to G Mapping     2              1       234392     0.
             Section    24             13         9360     0.
   Star Forest Graph    22             15        14368     0.
     Discrete System     7              6         5664     0.
              Vector    15              3      2601904     0.
         Vec Scatter     2              0            0     0.
                 Tao     1              0            0     0.
       Krylov Solver     3              0            0     0.
      Preconditioner     3              0            0     0.

--- Event Stage 2: Solve

    Distributed Mesh     1              0            0     0.
              Matrix  1799           1677    169773832     0.
      Matrix Coarsen    70             70        44520     0.
   Matrix Null Space    11              0            0     0.
           Index Set  1384           1366      2205800     0.
   Star Forest Graph   501            475       471200     0.
     Discrete System     1              0            0     0.
              Vector 19383          19109    112889720     0.
         Vec Scatter   429            405       324000     0.
       Krylov Solver    18              1         1400     0.
      Preconditioner    11              1          824     0.
              Viewer     1              0            0     0.
         PetscRandom    70             70        45220     0.
========================================================================================================================
Average time to get PetscTime(): 9.53674e-08
Average time for MPI_Barrier(): 1.71661e-05
Average time for zero size MPI_Send(): 4.93228e-06
#PETSc Option Table entries:
-bal ba-problems/26K_29K_whole_city_hard.problem/problem_noised.bbal
-csv ba-problems/26K_29K_whole_city_hard.problem/parallel_gamg_np4.csv
-fieldsplit_camera_ksp_converged_reason
-fieldsplit_camera_ksp_convergence_test nash
-fieldsplit_camera_ksp_rtol 0.01
-fieldsplit_camera_ksp_type cg
-fieldsplit_camera_mat_schur_complement_ainv_type blockdiag
-fieldsplit_camera_mg_levels_esteig_ksp_type cg
-fieldsplit_camera_mg_levels_pc_type pbjacobi
-fieldsplit_camera_pc_gamg_agg_nsmooths 0
-fieldsplit_camera_pc_type gamg
-fieldsplit_point_ksp_type preonly
-fieldsplit_point_pc_type pbjacobi
-ksp_type preonly
-log_view ascii:ba-problems/26K_29K_whole_city_hard.problem/parallel_gamg_np4.log
-pc_fieldsplit_schur_precondition selfp
-pc_fieldsplit_type schur
-pc_type fieldsplit
-petscpartitioner_type ptscotch
-robust
-tao_diagonal_scale
-tao_max_it 10
-tao_trust0 1e4
-tao_type lm
#End of PETSc Option Table entries
Compiled without FORTRAN kernels
Compiled with full precision matrices (default)
sizeof(short) 2 sizeof(int) 4 sizeof(long) 8 sizeof(void*) 8 sizeof(PetscScalar) 8 sizeof(PetscInt) 4
Configure options: -with-debugging=0 COPTFLAGS="-O3 -march=native -mtune=native" CXXOPTFLAGS="-O3 -march=native -mtune=native" FOPTFLAGS="-O3 -march=native -mtune=native" --download-superlu --download-metis --download-parmetis --download-suitesparse --with-cc=cc --with-mpicc=cc --with-mpi-dir=/opt/cray/pe/mpt/7.7.10/gni/mpich-gnu/8.2 --with-cuda=0 --with-cusp=0 --with-fc=0 --download-ptscotch --download-hypre --with-hdf5
-----------------------------------------
Libraries compiled on 2020-03-16 01:29:45 on cori07 
Machine characteristics: Linux-4.12.14-150.47-default-x86_64-with-glibc2.2.5
Using PETSc directory: /global/cscratch1/sd/tkonolig/bundle_adjustment/petsc
Using PETSc arch: arch-linux2-c-opt
-----------------------------------------

Using C compiler: cc  -fPIC -O3 -march=native -mtune=native  
-----------------------------------------

Using include paths: -I/global/cscratch1/sd/tkonolig/bundle_adjustment/petsc/include -I/global/cscratch1/sd/tkonolig/bundle_adjustment/petsc/arch-linux2-c-opt/include -I/opt/cray/pe/mpt/7.7.10/gni/mpich-gnu/8.2/include
-----------------------------------------

Using C linker: cc
Using libraries: -Wl,-rpath,/global/cscratch1/sd/tkonolig/bundle_adjustment/petsc/arch-linux2-c-opt/lib -L/global/cscratch1/sd/tkonolig/bundle_adjustment/petsc/arch-linux2-c-opt/lib -lpetsc -Wl,-rpath,/global/cscratch1/sd/tkonolig/bundle_adjustment/petsc/arch-linux2-c-opt/lib -L/global/cscratch1/sd/tkonolig/bundle_adjustment/petsc/arch-linux2-c-opt/lib -Wl,-rpath,/opt/cray/pe/mpt/7.7.10/gni/mpich-gnu/8.2/lib -L/opt/cray/pe/mpt/7.7.10/gni/mpich-gnu/8.2/lib -lHYPRE -lumfpack -lklu -lcholmod -lbtf -lccolamd -lcolamd -lcamd -lamd -lsuitesparseconfig -lsuperlu -lptesmumps -lptscotchparmetis -lptscotch -lptscotcherr -lesmumps -lscotch -lscotcherr -lparmetis -lmetis -lX11 -lmpich -lssl -luuid -lpthread -lrt -ldl -lrt -lquadmath -lstdc++ -ldl
-----------------------------------------

