************************************************************************************************************************
***             WIDEN YOUR WINDOW TO 120 CHARACTERS.  Use 'enscript -r -fCourier9' to print this document            ***
************************************************************************************************************************

---------------------------------------------- PETSc Performance Summary: ----------------------------------------------

/global/cscratch1/sd/tkonolig/bundle_adjustment/ba-tao/build/bin/TaoBundleAdjustment on a arch-linux2-c-opt named nid01065 with 8 processors, by tkonolig Mon Mar 16 09:01:02 2020
Using Petsc Development GIT revision: unknown  GIT Date: unknown

                         Max       Max/Min     Avg       Total 
Time (sec):           3.958e+01     1.000   3.958e+01
Objects:              1.992e+04     1.002   1.989e+04
Flop:                 2.310e+10     1.141   2.147e+10  1.717e+11
Flop/sec:             5.837e+08     1.141   5.423e+08  4.339e+09
MPI Messages:         1.178e+05     1.799   9.476e+04  7.581e+05
MPI Message Lengths:  1.075e+08     2.180   7.921e+02  6.004e+08
MPI Reductions:       1.692e+05     1.000

Flop counting convention: 1 flop = 1 real number operation of type (multiply/divide/add/subtract)
                            e.g., VecAXPY() for real vectors of length N --> 2N flop
                            and VecAXPY() for complex vectors of length N --> 8N flop

Summary of Stages:   ----- Time ------  ----- Flop ------  --- Messages ---  -- Message Lengths --  -- Reductions --
                        Avg     %Total     Avg     %Total    Count   %Total     Avg         %Total    Count   %Total 
 0:      Main Stage: 1.1294e-01   0.3%  0.0000e+00   0.0%  1.400e+02   0.0%  3.352e+04        0.8%  5.000e+00   0.0% 
 1:           Setup: 9.2008e-01   2.3%  0.0000e+00   0.0%  4.790e+02   0.1%  5.707e+04        4.6%  7.100e+01   0.0% 
 2:           Solve: 3.8549e+01  97.4%  1.7173e+11 100.0%  7.575e+05  99.9%  7.504e+02       94.7%  1.691e+05  99.9% 

------------------------------------------------------------------------------------------------------------------------
See the 'Profiling' chapter of the users' manual for details on interpreting output.
Phase summary info:
   Count: number of times phase was executed
   Time and Flop: Max - maximum over all processors
                  Ratio - ratio of maximum to minimum over all processors
   Mess: number of messages sent
   AvgLen: average message length (bytes)
   Reduct: number of global reductions
   Global: entire computation
   Stage: stages of a computation. Set stages with PetscLogStagePush() and PetscLogStagePop().
      %T - percent time in this phase         %F - percent flop in this phase
      %M - percent messages in this phase     %L - percent message lengths in this phase
      %R - percent reductions in this phase
   Total Mflop/s: 10e-6 * (sum of flop over all processors)/(max time over all processors)
------------------------------------------------------------------------------------------------------------------------
Event                Count      Time (sec)     Flop                              --- Global ---  --- Stage ----  Total
                   Max Ratio  Max     Ratio   Max  Ratio  Mess   AvgLen  Reduct  %T %F %M %L %R  %T %F %M %L %R Mflop/s
------------------------------------------------------------------------------------------------------------------------

--- Event Stage 0: Main Stage

PetscBarrier           2 1.0 5.1170e-021022.0 0.00e+00 0.0 0.0e+00 0.0e+00 0.0e+00  0  0  0  0  0  13  0  0  0  0     0
BuildTwoSided          1 1.0 2.5678e-04 6.3 0.00e+00 0.0 2.8e+01 4.0e+00 0.0e+00  0  0  0  0  0   0  0 20  0  0     0
DMPlexGToNBegin        1 1.0 3.6850e-03 1.6 0.00e+00 0.0 1.4e+02 2.4e+04 0.0e+00  0  0  0  1  0   2  0100 72  0     0
DMPlexGToNEnd          1 1.0 1.5340e-0311.0 0.00e+00 0.0 0.0e+00 0.0e+00 0.0e+00  0  0  0  0  0   1  0  0  0  0     0
SFSetUp                2 1.0 2.2941e-03 1.0 0.00e+00 0.0 8.4e+01 1.3e+04 0.0e+00  0  0  0  0  0   2  0 60 24  0     0
SFBcastOpBegin         2 1.0 1.4629e-0313.8 0.00e+00 0.0 5.6e+01 6.4e+04 1.0e+00  0  0  0  1  0   0  0 40 76 20     0
SFBcastOpEnd           2 1.0 2.1250e-03 2.9 0.00e+00 0.0 0.0e+00 0.0e+00 0.0e+00  0  0  0  0  0   2  0  0  0  0     0
VecSet                 2 1.0 8.2397e-04 0.0 0.00e+00 0.0 0.0e+00 0.0e+00 0.0e+00  0  0  0  0  0   0  0  0  0  0     0
VecScatterBegin        1 1.0 6.6042e-05 2.9 0.00e+00 0.0 0.0e+00 0.0e+00 1.0e+00  0  0  0  0  0   0  0  0 28 20     0
VecScatterEnd          1 1.0 6.0415e-04 3.5 0.00e+00 0.0 0.0e+00 0.0e+00 0.0e+00  0  0  0  0  0   0  0  0  0  0     0

--- Event Stage 1: Setup

BuildTwoSided         11 1.0 1.2265e-0215.4 0.00e+00 0.0 5.3e+01 4.0e+00 0.0e+00  0  0  0  0  0   1  0 11  0  0     0
MatAssemblyBegin       2 1.0 5.0068e-06 2.6 0.00e+00 0.0 0.0e+00 0.0e+00 0.0e+00  0  0  0  0  0   0  0  0  0  0     0
MatAssemblyEnd         2 1.0 8.4932e-03 1.6 0.00e+00 0.0 2.8e+01 4.4e+02 8.0e+00  0  0  0  0  0   1  0  6  0 11     0
Mesh Partition         1 1.0 5.9859e-01 1.0 0.00e+00 0.0 2.8e+01 2.9e+04 9.0e+00  2  0  0  0  0  65  0  6  3 13     0
Mesh Migration         1 1.0 8.1320e-03 1.0 0.00e+00 0.0 9.1e+01 9.6e+04 6.0e+00  0  0  0  1  0   1  0 19 32  8     0
DMPlexPartSelf         1 1.0 8.0988e-03808.8 0.00e+00 0.0 0.0e+00 0.0e+00 0.0e+00  0  0  0  0  0   0  0  0  0  0     0
DMPlexPartLblInv       1 1.0 1.3732e-02 2.5 0.00e+00 0.0 0.0e+00 0.0e+00 3.0e+00  0  0  0  0  0   1  0  0  1  4     0
DMPlexPartLblSF        1 1.0 9.2793e-04 1.1 0.00e+00 0.0 1.0e+01 1.9e+04 0.0e+00  0  0  0  0  0   0  0  2  1  0     0
DMPlexPartStrtSF       1 1.0 1.1281e-0248.6 0.00e+00 0.0 7.0e+00 2.8e+04 0.0e+00  0  0  0  0  0   1  0  1  1  0     0
DMPlexPointSF          1 1.0 2.1751e-03 1.0 0.00e+00 0.0 1.4e+01 7.1e+04 0.0e+00  0  0  0  0  0   0  0  3  4  0     0
DMPlexDistribute       1 1.0 6.1534e-01 1.0 0.00e+00 0.0 2.8e+02 5.7e+04 2.3e+01  2  0  0  3  0  67  0 59 59 32     0
DMPlexDistCones        1 1.0 3.9408e-03 1.0 0.00e+00 0.0 3.8e+01 1.1e+05 1.0e+00  0  0  0  1  0   0  0  8 16  1     0
DMPlexDistLabels       1 1.0 1.3113e-05 1.1 0.00e+00 0.0 0.0e+00 0.0e+00 3.0e+00  0  0  0  0  0   0  0  0  0  4     0
DMPlexDistField        1 1.0 3.2530e-03 1.4 0.00e+00 0.0 3.8e+01 1.1e+05 1.0e+00  0  0  0  1  0   0  0  8 15  1     0
DMPlexDistData         2 1.0 7.3628e-03 1.0 0.00e+00 0.0 6.3e+01 1.8e+05 2.0e+00  0  0  0  2  0   1  0 13 41  3     0
DMPlexStratify         2 1.0 5.4438e-0231.7 0.00e+00 0.0 0.0e+00 0.0e+00 2.0e+00  0  0  0  0  0   5  0  0  0  3     0
DMPlexSymmetrize       2 1.0 9.8021e-03 7.7 0.00e+00 0.0 0.0e+00 0.0e+00 0.0e+00  0  0  0  0  0   0  0  0  0  0     0
SFSetGraph            15 1.0 3.8028e-04 4.8 0.00e+00 0.0 0.0e+00 0.0e+00 0.0e+00  0  0  0  0  0   0  0  0  0  0     0
SFSetUp               12 1.0 1.7310e-02 2.1 0.00e+00 0.0 1.6e+02 4.2e+04 0.0e+00  0  0  0  1  0   1  0 33 24  0     0
SFBcastOpBegin        29 1.0 5.1780e-03 9.1 0.00e+00 0.0 3.0e+02 5.4e+04 0.0e+00  0  0  0  3  0   0  0 62 59  0     0
SFBcastOpEnd          29 1.0 2.0262e-02 1.9 0.00e+00 0.0 0.0e+00 0.0e+00 0.0e+00  0  0  0  0  0   2  0  0  0  0     0
SFReduceBegin          3 1.0 7.2885e-04 9.9 0.00e+00 0.0 1.4e+01 3.0e+05 1.0e+00  0  0  0  1  0   0  0  3 15  1     0
SFReduceEnd            3 1.0 3.7973e-03 1.4 0.00e+00 0.0 0.0e+00 0.0e+00 0.0e+00  0  0  0  0  0   0  0  0  0  0     0
SFDistSection          5 1.0 1.8213e-03 1.5 0.00e+00 0.0 8.4e+01 2.8e+04 5.0e+00  0  0  0  0  0   0  0 18  9  7     0
SFSectionSF            5 1.0 9.1352e-03 1.7 0.00e+00 0.0 5.2e+01 1.2e+05 0.0e+00  0  0  0  1  0   1  0 11 23  0     0
VecCopy                1 1.0 6.6996e-05 1.7 0.00e+00 0.0 0.0e+00 0.0e+00 0.0e+00  0  0  0  0  0   0  0  0  0  0     0
VecSet                 6 1.0 2.2078e-04 4.9 0.00e+00 0.0 0.0e+00 0.0e+00 0.0e+00  0  0  0  0  0   0  0  0  0  0     0

--- Event Stage 2: Solve

BuildTwoSided        389 1.0 1.0531e-02 1.1 0.00e+00 0.0 4.2e+03 4.0e+00 0.0e+00  0  0  1  0  0   0  0  1  0  0     0
BuildTwoSidedF     14678 1.0 5.3810e+0017.8 0.00e+00 0.0 3.1e+03 2.8e+04 0.0e+00  8  0  0 14  0   8  0  0 15  0     0
MatMult             7985 1.0 6.5550e+00 1.0 9.23e+09 1.0 2.5e+05 1.0e+03 4.0e+00 16 42 33 41  0  17 42 33 43  0 11031
MatMultAdd          3335 1.0 6.2912e-01 1.1 1.22e+09 1.1 1.9e+04 2.5e+02 0.0e+00  1  5  2  1  0   2  5  2  1  0 14354
MatMultTranspose    1781 1.0 2.9478e-01 1.3 3.44e+08 1.1 1.9e+04 2.6e+02 6.6e+01  1  1  3  1  0   1  1  3  1  0  8601
MatMultTrAdd          22 1.0 1.6233e-02 1.1 2.47e+07 1.0 2.1e+02 1.3e+03 0.0e+00  0  0  0  0  0   0  0  0  0  0 12049
MatSolve             295 0.0 1.7316e-03 0.0 1.35e+06 0.0 0.0e+00 0.0e+00 0.0e+00  0  0  0  0  0   0  0  0  0  0   777
MatLUFactorSym        10 1.0 4.3416e-04 4.4 0.00e+00 0.0 0.0e+00 0.0e+00 0.0e+00  0  0  0  0  0   0  0  0  0  0     0
MatLUFactorNum        10 1.0 3.9101e-0421.9 7.26e+05 0.0 0.0e+00 0.0e+00 0.0e+00  0  0  0  0  0   0  0  0  0  0  1857
MatCopy               10 1.0 1.4937e-01 1.3 0.00e+00 0.0 0.0e+00 0.0e+00 0.0e+00  0  0  0  0  0   0  0  0  0  0     0
MatConvert             1 1.0 5.8847e-02 1.4 0.00e+00 0.0 5.7e+01 1.6e+03 0.0e+00  0  0  0  0  0   0  0  0  0  0     0
MatScale              92 1.0 2.3885e-01 1.2 2.48e+08 1.2 2.5e+03 6.9e+02 1.3e+02  1  1  0  0  0   1  1  0  0  0  7517
MatResidual         1770 1.0 1.2513e+00 1.0 1.75e+09 1.0 5.4e+04 9.1e+02 0.0e+00  3  8  7  8  0   3  8  7  9  0 10961
MatAssemblyBegin    1159 1.0 5.3006e+0024.8 0.00e+00 0.0 3.1e+03 2.8e+04 0.0e+00  7  0  0 14  0   8  0  0 15  0     0
MatAssemblyEnd      1181 1.0 3.0005e-01 1.2 7.30e+05 5.5 9.7e+03 1.2e+02 1.2e+03  1  0  1  0  1   1  0  1  0  1    11
MatGetRowIJ           10 0.0 3.3140e-05 0.0 0.00e+00 0.0 0.0e+00 0.0e+00 0.0e+00  0  0  0  0  0   0  0  0  0  0     0
MatCreateSubMat       80 1.0 1.3156e-02 1.0 0.00e+00 0.0 4.6e+02 2.4e+03 5.4e+02  0  0  0  0  0   0  0  0  0  0     0
MatGetOrdering        10 0.0 3.1638e-04 0.0 0.00e+00 0.0 0.0e+00 0.0e+00 0.0e+00  0  0  0  0  0   0  0  0  0  0     0
MatCoarsen            60 1.0 1.0911e-02 1.0 0.00e+00 0.0 1.2e+04 1.5e+02 1.9e+02  0  0  2  0  0   0  0  2  0  0     0
MatZeroEntries       114 1.0 4.9076e-02 1.1 0.00e+00 0.0 0.0e+00 0.0e+00 0.0e+00  0  0  0  0  0   0  0  0  0  0     0
MatAXPY               10 1.0 3.8814e-01 1.3 2.89e+06 1.1 0.0e+00 0.0e+00 0.0e+00  1  0  0  0  0   1  0  0  0  0    55
MatTranspose         120 1.0 1.0891e-01 1.2 0.00e+00 0.0 0.0e+00 0.0e+00 0.0e+00  0  0  0  0  0   0  0  0  0  0     0
MatMatMult            20 1.0 3.3805e+00 1.0 5.15e+09 1.5 3.3e+02 8.5e+04 1.8e+01  9 20  0  5  0   9 20  0  5  0 10115
MatMatMultSym          2 1.0 8.7912e-01 1.0 0.00e+00 0.0 1.4e+02 2.7e+04 1.6e+01  2  0  0  1  0   2  0  0  1  0     0
MatMatMultNum         20 1.0 2.5013e+00 1.0 5.15e+09 1.5 1.9e+02 1.3e+05 0.0e+00  6 20  0  4  0   6 20  0  4  0 13671
MatPtAP               60 1.0 9.2674e+00 1.0 5.80e+09 1.3 1.1e+04 7.6e+03 6.6e+02 23 24  1 13  0  24 24  1 14  0  4410
MatPtAPSymbolic       60 1.0 6.1742e+00 1.0 0.00e+00 0.0 7.4e+03 8.6e+03 4.2e+02 16  0  1 11  0  16  0  1 11  0     0
MatPtAPNumeric        60 1.0 3.0930e+00 1.0 5.80e+09 1.3 3.2e+03 5.2e+03 2.4e+02  8 24  0  3  0   8 24  0  3  0 13215
MatTrnMatMult         21 1.0 2.3500e+00 1.0 7.26e+08 1.4 3.1e+03 2.1e+04 1.6e+02  6  3  0 11  0   6  3  0 11  0  2078
MatTrnMatMultSym      14 1.0 7.0735e-01 1.0 0.00e+00 0.0 1.3e+03 6.4e+03 1.0e+02  2  0  0  1  0   2  0  0  1  0     0
MatTrnMatMultNum      54 1.0 1.6429e+00 1.0 7.26e+08 1.4 1.9e+03 3.0e+04 5.6e+01  4  3  0  9  0   4  3  0 10  0  2973
MatGetLocalMat       136 1.0 1.3479e-01 1.0 0.00e+00 0.0 0.0e+00 0.0e+00 0.0e+00  0  0  0  0  0   0  0  0  0  0     0
MatGetBrAoCol         82 1.0 2.1672e-02 1.3 0.00e+00 0.0 5.8e+03 1.5e+04 0.0e+00  0  0  1 15  0   0  0  1 15  0     0
SFSetGraph           389 1.0 1.4067e-04 1.4 0.00e+00 0.0 0.0e+00 0.0e+00 0.0e+00  0  0  0  0  0   0  0  0  0  0     0
SFSetUp              389 1.0 1.4842e-02 1.0 0.00e+00 0.0 1.3e+04 1.4e+02 0.0e+00  0  0  2  0  0   0  0  2  0  0     0
SFBcastOpBegin     27733 1.0 1.2290e-01 1.4 0.00e+00 0.0 7.1e+05 5.2e+02 0.0e+00  0  0 94 62  0   0  0 94 65  0     0
SFBcastOpEnd       27733 1.0 3.5582e-01 3.8 0.00e+00 0.0 0.0e+00 0.0e+00 0.0e+00  0  0  0  0  0   0  0  0  0  0     0
SFReduceBegin       1812 1.0 6.7055e-03 1.9 0.00e+00 0.0 1.9e+04 2.6e+02 0.0e+00  0  0  3  1  0   0  0  3  1  0     0
SFReduceEnd         1812 1.0 9.2602e-0215.8 0.00e+00 0.0 0.0e+00 0.0e+00 0.0e+00  0  0  0  0  0   0  0  0  0  0     0
VecDot              2945 1.0 7.2536e-02 1.1 1.89e+08 1.1 0.0e+00 0.0e+00 2.9e+03  0  1  0  0  2   0  1  0  0  2 19309
VecTDot             1830 1.0 6.4305e-02 1.9 5.08e+07 1.1 0.0e+00 0.0e+00 1.8e+03  0  0  0  0  1   0  0  0  0  1  5829
VecNorm             3725 1.0 1.8532e-01 1.8 2.06e+08 1.1 0.0e+00 0.0e+00 3.7e+03  0  1  0  0  2   0  1  0  0  2  8211
VecScale            2540 1.0 3.6353e-02 1.1 8.20e+07 1.1 0.0e+00 0.0e+00 0.0e+00  0  0  0  0  0   0  0  0  0  0 16666
VecCopy             5775 1.0 4.2974e-02 1.2 0.00e+00 0.0 0.0e+00 0.0e+00 0.0e+00  0  0  0  0  0   0  0  0  0  0     0
VecSet              8437 1.0 2.0518e-02 1.3 0.00e+00 0.0 0.0e+00 0.0e+00 0.0e+00  0  0  0  0  0   0  0  0  0  0     0
VecAXPY             4745 1.0 6.9422e-02 1.1 1.22e+08 1.1 0.0e+00 0.0e+00 0.0e+00  0  1  0  0  0   0  1  0  0  0 12969
VecAYPX            11435 1.0 8.2132e-02 1.1 1.04e+08 1.1 0.0e+00 0.0e+00 0.0e+00  0  0  0  0  0   0  0  0  0  0  9256
VecAXPBYCZ          3540 1.0 2.3979e-02 1.1 9.98e+07 1.1 0.0e+00 0.0e+00 0.0e+00  0  0  0  0  0   0  0  0  0  0 30492
VecSwap               20 1.0 1.6559e-02 1.2 0.00e+00 0.0 0.0e+00 0.0e+00 0.0e+00  0  0  0  0  0   0  0  0  0  0     0
VecAssemblyBegin   14360 1.0 1.2505e-01 1.1 0.00e+00 0.0 0.0e+00 0.0e+00 0.0e+00  0  0  0  0  0   0  0  0  0  0     0
VecAssemblyEnd     14360 1.0 7.7002e-03 1.3 0.00e+00 0.0 0.0e+00 0.0e+00 0.0e+00  0  0  0  0  0   0  0  0  0  0     0
VecPointwiseMult     186 1.0 7.2606e-03 1.1 6.10e+06 1.1 0.0e+00 0.0e+00 0.0e+00  0  0  0  0  0   0  0  0  0  0  6204
VecScatterBegin    29213 1.0 1.3757e-01 1.4 0.00e+00 0.0 7.2e+05 5.2e+02 0.0e+00  0  0 95 62  0   0  0 95 66  0     0
VecScatterEnd      29213 1.0 3.9607e-01 3.9 0.00e+00 0.0 0.0e+00 0.0e+00 0.0e+00  1  0  0  0  0   1  0  0  0  0     0
VecNormalize        2717 1.0 6.2318e-02 1.1 2.05e+08 1.1 0.0e+00 0.0e+00 2.7e+03  0  1  0  0  2   0  1  0  0  2 24273
TaoSolve               1 1.0 3.8549e+01 1.0 2.31e+10 1.1 7.6e+05 7.5e+02 1.7e+05 97100100 95100 100100100100100  4455
TaoObjectiveEval      11 1.0 4.5166e-02 1.0 0.00e+00 0.0 2.1e+02 1.3e+03 0.0e+00  0  0  0  0  0   0  0  0  0  0     0
TaoJacobianEval       11 1.0 7.8106e-01 1.0 4.24e+08 1.1 2.1e+02 1.3e+03 5.6e+03  2  2  0  0  3   2  2  0  0  3  4015
KSPSetUp             170 1.0 8.1241e-03 1.6 0.00e+00 0.0 0.0e+00 0.0e+00 1.2e+02  0  0  0  0  0   0  0  0  0  0     0
KSPSolve              10 1.0 3.5725e+01 1.0 2.23e+10 1.1 7.6e+05 7.1e+02 3.6e+04 90 96100 90 21  93 96100 95 21  4615
PCGAMGGraph_AGG       60 1.0 1.2584e+01 1.0 1.72e+08 1.3 7.4e+03 6.6e+01 9.6e+02 32  1  1  0  1  33  1  1  0  1    95
PCGAMGCoarse_AGG      60 1.0 9.8184e-01 1.0 3.70e+08 2.1 1.7e+04 2.4e+03 3.4e+02  2  1  2  7  0   3  1  2  7  0  2105
PCGAMGProl_AGG        60 1.0 9.1471e-01 1.0 0.00e+00 0.0 4.4e+05 2.9e+02 2.9e+04  2  0 57 21 17   2  0 57 22 17     0
PCGAMGPOpt_AGG        60 1.0 1.2159e-05 2.8 0.00e+00 0.0 0.0e+00 0.0e+00 0.0e+00  0  0  0  0  0   0  0  0  0  0     0
GAMG: createProl      60 1.0 1.4482e+01 1.0 5.43e+08 1.8 4.6e+05 3.7e+02 3.0e+04 37  2 61 28 18  38  2 61 30 18   225
  Graph              120 1.0 1.2582e+01 1.0 1.72e+08 1.3 7.4e+03 6.6e+01 9.6e+02 32  1  1  0  1  33  1  1  0  1    95
  MIS/Agg             60 1.0 1.1281e-02 1.0 0.00e+00 0.0 1.2e+04 1.5e+02 1.9e+02  0  0  2  0  0   0  0  2  0  0     0
  SA: col data        60 1.0 5.3327e-01 1.0 0.00e+00 0.0 4.3e+05 2.6e+02 2.9e+04  1  0 57 19 17   1  0 57 20 17     0
  SA: frmProl0        60 1.0 3.7632e-01 1.0 0.00e+00 0.0 1.9e+03 7.8e+03 2.4e+02  1  0  0  2  0   1  0  0  3  0     0
GAMG: partLevel       60 1.0 9.2865e+00 1.0 5.80e+09 1.3 1.1e+04 7.2e+03 1.6e+03 23 24  1 14  1  24 24  1 14  1  4401
  repartition         20 1.0 1.9073e-02 1.0 0.00e+00 0.0 7.4e+02 2.2e+03 9.6e+02  0  0  0  0  1   0  0  0  0  1     0
  Invert-Sort         20 1.0 1.1613e-03 1.2 0.00e+00 0.0 0.0e+00 0.0e+00 1.2e+02  0  0  0  0  0   0  0  0  0  0     0
  Move A              20 1.0 8.2006e-03 1.0 0.00e+00 0.0 3.2e+02 3.4e+03 2.6e+02  0  0  0  0  0   0  0  0  0  0     0
  Move P              20 1.0 6.1901e-03 1.0 0.00e+00 0.0 1.4e+02 6.8e+01 2.8e+02  0  0  0  0  0   0  0  0  0  0     0
PCSetUp               40 1.0 2.8184e+01 1.0 1.17e+10 1.4 4.7e+05 6.0e+02 3.3e+04 71 46 62 47 19  73 46 62 50 19  2822
PCSetUpOnBlocks      295 1.0 1.5612e-03 2.1 7.26e+05 0.0 0.0e+00 0.0e+00 0.0e+00  0  0  0  0  0   0  0  0  0  0   465
PCApply               10 1.0 3.1658e+01 1.0 1.69e+10 1.1 7.5e+05 6.7e+02 3.5e+04 80 75100 84 21  82 75100 89 21  4090
KSPSolve_FS_0         10 1.0 5.5981e-04 1.3 6.42e+05 1.4 0.0e+00 0.0e+00 0.0e+00  0  0  0  0  0   0  0  0  0  0  7781
KSPSolve_FS_Schu      10 1.0 3.1617e+01 1.0 1.69e+10 1.1 7.5e+05 6.7e+02 3.5e+04 80 75100 84 21  82 75100 89 21  4082
KSPSolve_FS_Low       10 1.0 8.3113e-04 1.3 6.42e+05 1.4 0.0e+00 0.0e+00 0.0e+00  0  0  0  0  0   0  0  0  0  0  5241
------------------------------------------------------------------------------------------------------------------------

Memory usage is given in bytes:

Object Type          Creations   Destructions     Memory  Descendants' Mem.
Reports information only for process 0.

--- Event Stage 0: Main Stage

    Distributed Mesh     0              1         5032     0.
              Matrix     0             74    209770636     0.
           Index Set     1             11        12208     0.
   Star Forest Graph     1             17        16688     0.
     Discrete System     0              1          944     0.
              Vector     3             82      4905336     0.
         Vec Scatter     1             15        12000     0.
                 Tao     0              1         1880     0.
       Krylov Solver     0             18        47752     0.
      Preconditioner     0             12        14924     0.
              Viewer     1              1          840     0.

--- Event Stage 1: Setup

           Container     4              2         1152     0.
    Distributed Mesh     4              2        10424     0.
            DM Label     6              4         2528     0.
    GraphPartitioner     2              1          688     0.
              Matrix     9              1         2832     0.
           Index Set    58             47      4021644     0.
   IS L to G Mapping     2              1       249068     0.
             Section    24             13         9360     0.
   Star Forest Graph    22             15        14368     0.
     Discrete System     7              6         5664     0.
              Vector    15              3      2601904     0.
         Vec Scatter     2              0            0     0.
                 Tao     1              0            0     0.
       Krylov Solver     3              0            0     0.
      Preconditioner     3              0            0     0.

--- Event Stage 2: Solve

    Distributed Mesh     1              0            0     0.
              Matrix  1449           1330    302797108     0.
      Matrix Coarsen    60             60        38160     0.
   Matrix Null Space    11              0            0     0.
           Index Set   974            964      2574700     0.
   Star Forest Graph   391            367       364064     0.
     Discrete System     1              0            0     0.
              Vector 16445          16182    193862352     0.
         Vec Scatter   329            307       245600     0.
       Krylov Solver    16              1         1400     0.
      Preconditioner    10              1          824     0.
              Viewer     1              0            0     0.
         PetscRandom    60             60        38760     0.
========================================================================================================================
Average time to get PetscTime(): 0.
Average time for MPI_Barrier(): 2.81334e-06
Average time for zero size MPI_Send(): 4.85778e-06
#PETSc Option Table entries:
-bal ba-problems/26K_29K_whole_city_hard.problem/problem_noised.bbal
-csv ba-problems/26K_29K_whole_city_hard.problem/parallel_gamg_np2.csv
-fieldsplit_camera_ksp_converged_reason
-fieldsplit_camera_ksp_convergence_test nash
-fieldsplit_camera_ksp_rtol 0.01
-fieldsplit_camera_ksp_type cg
-fieldsplit_camera_mat_schur_complement_ainv_type blockdiag
-fieldsplit_camera_mg_levels_esteig_ksp_type cg
-fieldsplit_camera_mg_levels_pc_type pbjacobi
-fieldsplit_camera_pc_gamg_agg_nsmooths 0
-fieldsplit_camera_pc_type gamg
-fieldsplit_point_ksp_type preonly
-fieldsplit_point_pc_type pbjacobi
-ksp_type preonly
-log_view ascii:ba-problems/26K_29K_whole_city_hard.problem/parallel_gamg_np2.log
-pc_fieldsplit_schur_precondition selfp
-pc_fieldsplit_type schur
-pc_type fieldsplit
-petscpartitioner_type ptscotch
-robust
-tao_diagonal_scale
-tao_max_it 10
-tao_trust0 1e4
-tao_type lm
#End of PETSc Option Table entries
Compiled without FORTRAN kernels
Compiled with full precision matrices (default)
sizeof(short) 2 sizeof(int) 4 sizeof(long) 8 sizeof(void*) 8 sizeof(PetscScalar) 8 sizeof(PetscInt) 4
Configure options: -with-debugging=0 COPTFLAGS="-O3 -march=native -mtune=native" CXXOPTFLAGS="-O3 -march=native -mtune=native" FOPTFLAGS="-O3 -march=native -mtune=native" --download-superlu --download-metis --download-parmetis --download-suitesparse --with-cc=cc --with-mpicc=cc --with-mpi-dir=/opt/cray/pe/mpt/7.7.10/gni/mpich-gnu/8.2 --with-cuda=0 --with-cusp=0 --with-fc=0 --download-ptscotch --download-hypre --with-hdf5
-----------------------------------------
Libraries compiled on 2020-03-16 01:29:45 on cori07 
Machine characteristics: Linux-4.12.14-150.47-default-x86_64-with-glibc2.2.5
Using PETSc directory: /global/cscratch1/sd/tkonolig/bundle_adjustment/petsc
Using PETSc arch: arch-linux2-c-opt
-----------------------------------------

Using C compiler: cc  -fPIC -O3 -march=native -mtune=native  
-----------------------------------------

Using include paths: -I/global/cscratch1/sd/tkonolig/bundle_adjustment/petsc/include -I/global/cscratch1/sd/tkonolig/bundle_adjustment/petsc/arch-linux2-c-opt/include -I/opt/cray/pe/mpt/7.7.10/gni/mpich-gnu/8.2/include
-----------------------------------------

Using C linker: cc
Using libraries: -Wl,-rpath,/global/cscratch1/sd/tkonolig/bundle_adjustment/petsc/arch-linux2-c-opt/lib -L/global/cscratch1/sd/tkonolig/bundle_adjustment/petsc/arch-linux2-c-opt/lib -lpetsc -Wl,-rpath,/global/cscratch1/sd/tkonolig/bundle_adjustment/petsc/arch-linux2-c-opt/lib -L/global/cscratch1/sd/tkonolig/bundle_adjustment/petsc/arch-linux2-c-opt/lib -Wl,-rpath,/opt/cray/pe/mpt/7.7.10/gni/mpich-gnu/8.2/lib -L/opt/cray/pe/mpt/7.7.10/gni/mpich-gnu/8.2/lib -lHYPRE -lumfpack -lklu -lcholmod -lbtf -lccolamd -lcolamd -lcamd -lamd -lsuitesparseconfig -lsuperlu -lptesmumps -lptscotchparmetis -lptscotch -lptscotcherr -lesmumps -lscotch -lscotcherr -lparmetis -lmetis -lX11 -lmpich -lssl -luuid -lpthread -lrt -ldl -lrt -lquadmath -lstdc++ -ldl
-----------------------------------------

