************************************************************************************************************************
***             WIDEN YOUR WINDOW TO 120 CHARACTERS.  Use 'enscript -r -fCourier9' to print this document            ***
************************************************************************************************************************

---------------------------------------------- PETSc Performance Summary: ----------------------------------------------

/global/cscratch1/sd/tkonolig/bundle_adjustment/ba-tao/build/bin/TaoBundleAdjustment on a arch-linux2-c-opt named nid01637 with 32 processors, by tkonolig Mon Mar 16 09:00:40 2020
Using Petsc Development GIT revision: unknown  GIT Date: unknown

                         Max       Max/Min     Avg       Total 
Time (sec):           1.386e+01     1.000   1.386e+01
Objects:              2.426e+04     1.004   2.415e+04
Flop:                 6.285e+09     1.351   5.328e+09  1.705e+11
Flop/sec:             4.534e+08     1.351   3.844e+08  1.230e+10
MPI Messages:         1.687e+05     5.493   7.913e+04  2.532e+06
MPI Message Lengths:  7.346e+07     3.428   5.256e+02  1.331e+09
MPI Reductions:       1.765e+05     1.000

Flop counting convention: 1 flop = 1 real number operation of type (multiply/divide/add/subtract)
                            e.g., VecAXPY() for real vectors of length N --> 2N flop
                            and VecAXPY() for complex vectors of length N --> 8N flop

Summary of Stages:   ----- Time ------  ----- Flop ------  --- Messages ---  -- Message Lengths --  -- Reductions --
                        Avg     %Total     Avg     %Total    Count   %Total     Avg         %Total    Count   %Total 
 0:      Main Stage: 8.2959e-02   0.6%  0.0000e+00   0.0%  2.480e+03   0.1%  2.045e+03        0.4%  5.000e+00   0.0% 
 1:           Setup: 8.3226e-01   6.0%  0.0000e+00   0.0%  2.094e+03   0.1%  1.449e+04        2.3%  7.100e+01   0.0% 
 2:           Solve: 1.2946e+01  93.4%  1.7049e+11 100.0%  2.528e+06  99.8%  5.125e+02       97.3%  1.764e+05  99.9% 

------------------------------------------------------------------------------------------------------------------------
See the 'Profiling' chapter of the users' manual for details on interpreting output.
Phase summary info:
   Count: number of times phase was executed
   Time and Flop: Max - maximum over all processors
                  Ratio - ratio of maximum to minimum over all processors
   Mess: number of messages sent
   AvgLen: average message length (bytes)
   Reduct: number of global reductions
   Global: entire computation
   Stage: stages of a computation. Set stages with PetscLogStagePush() and PetscLogStagePop().
      %T - percent time in this phase         %F - percent flop in this phase
      %M - percent messages in this phase     %L - percent message lengths in this phase
      %R - percent reductions in this phase
   Total Mflop/s: 10e-6 * (sum of flop over all processors)/(max time over all processors)
------------------------------------------------------------------------------------------------------------------------
Event                Count      Time (sec)     Flop                              --- Global ---  --- Stage ----  Total
                   Max Ratio  Max     Ratio   Max  Ratio  Mess   AvgLen  Reduct  %T %F %M %L %R  %T %F %M %L %R Mflop/s
------------------------------------------------------------------------------------------------------------------------

--- Event Stage 0: Main Stage

PetscBarrier           2 1.0 7.5426e-021605.9 0.00e+00 0.0 0.0e+00 0.0e+00 0.0e+00  0  0  0  0  0  21  0  0  0  0     0
BuildTwoSided          1 1.0 1.4908e-03 1.1 0.00e+00 0.0 5.0e+02 4.0e+00 0.0e+00  0  0  0  0  0   2  0 20  0  0     0
DMPlexGToNBegin        1 1.0 1.8358e-03 1.0 0.00e+00 0.0 2.5e+03 1.5e+03 0.0e+00  0  0  0  0  0   2  0100 74  0     0
DMPlexGToNEnd          1 1.0 5.4836e-05 1.7 0.00e+00 0.0 0.0e+00 0.0e+00 0.0e+00  0  0  0  0  0   0  0  0  0  0     0
SFSetUp                2 1.0 1.7340e-03 1.0 0.00e+00 0.0 1.5e+03 8.5e+02 0.0e+00  0  0  0  0  0   2  0 60 25  0     0
SFBcastOpBegin         2 1.0 1.3371e-0312.0 0.00e+00 0.0 9.9e+02 3.8e+03 1.0e+00  0  0  0  0  0   0  0 40 75 20     0
SFBcastOpEnd           2 1.0 1.2598e-0321.1 0.00e+00 0.0 0.0e+00 0.0e+00 0.0e+00  0  0  0  0  0   0  0  0  0  0     0
VecSet                 2 1.0 6.9785e-04 0.0 0.00e+00 0.0 0.0e+00 0.0e+00 0.0e+00  0  0  0  0  0   0  0  0  0  0     0
VecScatterBegin        1 1.0 1.2541e-0338.1 0.00e+00 0.0 0.0e+00 0.0e+00 1.0e+00  0  0  0  0  0   0  0  0 26 20     0
VecScatterEnd          1 1.0 1.2290e-0383.1 0.00e+00 0.0 0.0e+00 0.0e+00 0.0e+00  0  0  0  0  0   0  0  0  0  0     0

--- Event Stage 1: Setup

BuildTwoSided         11 1.0 5.5580e-03 3.5 0.00e+00 0.0 2.3e+02 4.0e+00 0.0e+00  0  0  0  0  0   1  0 11  0  0     0
MatAssemblyBegin       2 1.0 4.2915e-06 2.2 0.00e+00 0.0 0.0e+00 0.0e+00 0.0e+00  0  0  0  0  0   0  0  0  0  0     0
MatAssemblyEnd         2 1.0 3.3910e-03 1.6 0.00e+00 0.0 1.2e+02 2.4e+02 8.0e+00  0  0  0  0  0   0  0  6  0 11     0
Mesh Partition         1 1.0 5.8688e-01 1.0 0.00e+00 0.0 1.2e+02 7.3e+03 9.0e+00  4  0  0  0  0  71  0  6  3 13     0
Mesh Migration         1 1.0 9.4531e-03 1.0 0.00e+00 0.0 4.0e+02 2.4e+04 6.0e+00  0  0  0  1  0   1  0 19 32  8     0
DMPlexPartSelf         1 1.0 8.3241e-031058.0 0.00e+00 0.0 0.0e+00 0.0e+00 0.0e+00  0  0  0  0  0   0  0  0  0  0     0
DMPlexPartLblInv       1 1.0 1.3637e-02 2.6 0.00e+00 0.0 0.0e+00 0.0e+00 3.0e+00  0  0  0  0  0   2  0  0  1  4     0
DMPlexPartLblSF        1 1.0 1.1530e-03 1.2 0.00e+00 0.0 4.6e+01 4.9e+03 0.0e+00  0  0  0  0  0   0  0  2  1  0     0
DMPlexPartStrtSF       1 1.0 3.5899e-0318.7 0.00e+00 0.0 3.1e+01 7.3e+03 0.0e+00  0  0  0  0  0   0  0  1  1  0     0
DMPlexPointSF          1 1.0 3.5470e-03 1.0 0.00e+00 0.0 6.2e+01 1.8e+04 0.0e+00  0  0  0  0  0   0  0  3  4  0     0
DMPlexDistribute       1 1.0 6.0533e-01 1.0 0.00e+00 0.0 1.2e+03 1.4e+04 2.3e+01  4  0  0  1  0  73  0 59 59 32     0
DMPlexDistCones        1 1.0 5.9650e-03 1.0 0.00e+00 0.0 1.7e+02 2.8e+04 1.0e+00  0  0  0  0  0   1  0  8 16  1     0
DMPlexDistLabels       1 1.0 2.4080e-05 1.3 0.00e+00 0.0 0.0e+00 0.0e+00 3.0e+00  0  0  0  0  0   0  0  0  0  4     0
DMPlexDistField        1 1.0 2.8729e-03 1.5 0.00e+00 0.0 1.7e+02 2.7e+04 1.0e+00  0  0  0  0  0   0  0  8 15  1     0
DMPlexDistData         2 1.0 5.7189e-03 1.0 0.00e+00 0.0 2.8e+02 4.4e+04 2.0e+00  0  0  0  1  0   1  0 13 41  3     0
DMPlexStratify         2 1.0 5.3843e-0232.2 0.00e+00 0.0 0.0e+00 0.0e+00 2.0e+00  0  0  0  0  0   6  0  0  0  3     0
DMPlexSymmetrize       2 1.0 9.1949e-0310.6 0.00e+00 0.0 0.0e+00 0.0e+00 0.0e+00  0  0  0  0  0   0  0  0  0  0     0
SFSetGraph            15 1.0 2.4176e-0416.4 0.00e+00 0.0 0.0e+00 0.0e+00 0.0e+00  0  0  0  0  0   0  0  0  0  0     0
SFSetUp               12 1.0 8.4162e-03 2.1 0.00e+00 0.0 6.9e+02 1.1e+04 0.0e+00  0  0  0  1  0   1  0 33 24  0     0
SFBcastOpBegin        29 1.0 7.2649e-0365.7 0.00e+00 0.0 1.3e+03 1.4e+04 0.0e+00  0  0  0  1  0   0  0 62 59  0     0
SFBcastOpEnd          29 1.0 1.9061e-02 2.1 0.00e+00 0.0 0.0e+00 0.0e+00 0.0e+00  0  0  0  0  0   2  0  0  0  0     0
SFReduceBegin          3 1.0 1.1640e-0329.8 0.00e+00 0.0 6.2e+01 7.3e+04 1.0e+00  0  0  0  0  0   0  0  3 15  1     0
SFReduceEnd            3 1.0 4.0588e-03 1.7 0.00e+00 0.0 0.0e+00 0.0e+00 0.0e+00  0  0  0  0  0   0  0  0  0  0     0
SFDistSection          5 1.0 2.3513e-03 1.3 0.00e+00 0.0 3.7e+02 7.3e+03 5.0e+00  0  0  0  0  0   0  0 18  9  7     0
SFSectionSF            5 1.0 3.6678e-03 2.1 0.00e+00 0.0 2.3e+02 3.0e+04 0.0e+00  0  0  0  1  0   0  0 11 23  0     0
VecCopy                1 1.0 1.3113e-05 2.6 0.00e+00 0.0 0.0e+00 0.0e+00 0.0e+00  0  0  0  0  0   0  0  0  0  0     0
VecSet                 6 1.0 1.3113e-04 9.0 0.00e+00 0.0 0.0e+00 0.0e+00 0.0e+00  0  0  0  0  0   0  0  0  0  0     0

--- Event Stage 2: Solve

BuildTwoSided        529 1.0 2.6087e-02 1.2 0.00e+00 0.0 1.5e+04 4.0e+00 0.0e+00  0  0  1  0  0   0  0  1  0  0     0
BuildTwoSidedF     17338 1.0 3.3099e+00 6.5 0.00e+00 0.0 1.0e+04 2.2e+04 0.0e+00 15  0  0 17  0  16  0  0 18  0     0
MatMult             9091 1.0 9.6409e-01 1.1 2.34e+09 1.1 8.3e+05 6.6e+02 4.0e+00  7 42 33 41  0   7 42 33 42  0 73794
MatMultAdd          3558 1.0 1.8220e-01 2.3 3.29e+08 1.4 5.4e+04 1.8e+02 0.0e+00  1  5  2  1  0   1  5  2  1  0 48630
MatMultTranspose    2034 1.0 8.0225e-02 2.0 9.11e+07 1.4 5.5e+04 1.9e+02 6.6e+01  0  1  2  1  0   0  1  2  1  0 31085
MatMultTrAdd          22 1.0 3.7043e-03 1.2 6.41e+06 1.1 9.0e+02 7.1e+02 0.0e+00  0  0  0  0  0   0  0  0  0  0 52798
MatSolve             289 0.0 2.5630e-04 0.0 1.43e+05 0.0 0.0e+00 0.0e+00 0.0e+00  0  0  0  0  0   0  0  0  0  0   559
MatLUFactorSym        10 1.0 1.3137e-04 1.7 0.00e+00 0.0 0.0e+00 0.0e+00 0.0e+00  0  0  0  0  0   0  0  0  0  0     0
MatLUFactorNum        10 1.0 8.1062e-05 7.2 2.61e+04 0.0 0.0e+00 0.0e+00 0.0e+00  0  0  0  0  0   0  0  0  0  0   322
MatCopy               10 1.0 6.8638e-02 2.1 0.00e+00 0.0 0.0e+00 0.0e+00 0.0e+00  0  0  0  0  0   0  0  0  0  0     0
MatConvert             1 1.0 1.6546e-02 1.9 0.00e+00 0.0 2.5e+02 8.4e+02 0.0e+00  0  0  0  0  0   0  0  0  0  0     0
MatScale             102 1.0 6.7674e-02 1.5 7.09e+07 1.6 9.0e+03 4.5e+02 1.3e+02  0  1  0  0  0   0  1  0  0  0 26530
MatResidual         2023 1.0 1.9287e-01 1.2 4.43e+08 1.1 1.8e+05 6.0e+02 0.0e+00  1  8  7  8  0   1  8  7  8  0 69918
MatAssemblyBegin    1409 1.0 3.0062e+0014.2 0.00e+00 0.0 1.0e+04 2.2e+04 0.0e+00 13  0  0 17  0  14  0  0 18  0     0
MatAssemblyEnd      1431 1.0 2.4228e-01 1.2 5.86e+0510.4 3.6e+04 7.5e+01 1.6e+03  2  0  1  0  1   2  0  1  0  1    37
MatGetRowIJ           10 0.0 2.0981e-05 0.0 0.00e+00 0.0 0.0e+00 0.0e+00 0.0e+00  0  0  0  0  0   0  0  0  0  0     0
MatCreateSubMat      140 1.0 5.7317e-02 1.0 0.00e+00 0.0 4.2e+03 2.1e+03 1.3e+03  0  0  0  1  1   0  0  0  1  1     0
MatGetOrdering        10 0.0 2.5058e-04 0.0 0.00e+00 0.0 0.0e+00 0.0e+00 0.0e+00  0  0  0  0  0   0  0  0  0  0     0
MatCoarsen            70 1.0 1.7054e-02 1.1 0.00e+00 0.0 4.5e+04 1.0e+02 2.2e+02  0  0  2  0  0   0  0  2  0  0     0
MatZeroEntries       124 1.0 9.7923e-03 1.2 0.00e+00 0.0 0.0e+00 0.0e+00 0.0e+00  0  0  0  0  0   0  0  0  0  0     0
MatAXPY               10 1.0 1.2123e-01 1.6 7.94e+05 1.4 0.0e+00 0.0e+00 0.0e+00  1  0  0  0  0   1  0  0  0  0   176
MatTranspose         140 1.0 1.5778e-02 1.7 0.00e+00 0.0 0.0e+00 0.0e+00 0.0e+00  0  0  0  0  0   0  0  0  0  0     0
MatMatMult            20 1.0 9.9091e-01 1.0 1.54e+09 2.1 1.4e+03 5.3e+04 1.8e+01  7 20  0  6  0   8 20  0  6  0 34508
MatMatMultSym          2 1.0 2.8234e-01 1.0 0.00e+00 0.0 6.2e+02 1.7e+04 1.6e+01  2  0  0  1  0   2  0  0  1  0     0
MatMatMultNum         20 1.0 7.0856e-01 1.0 1.54e+09 2.1 8.2e+02 8.1e+04 0.0e+00  5 20  0  5  0   5 20  0  5  0 48259
MatPtAP               70 1.0 2.8031e+00 1.0 1.74e+09 1.9 3.5e+04 4.9e+03 7.7e+02 20 24  1 13  0  22 24  1 13  0 14641
MatPtAPSymbolic       70 1.0 1.8858e+00 1.0 0.00e+00 0.0 2.4e+04 5.7e+03 4.9e+02 14  0  1 10  0  15  0  1 11  0     0
MatPtAPNumeric        70 1.0 9.1737e-01 1.0 1.74e+09 1.9 1.1e+04 3.2e+03 2.8e+02  7 24  0  3  0   7 24  0  3  0 44736
MatTrnMatMult         21 1.0 7.3774e-01 1.0 2.24e+08 1.9 1.3e+04 1.3e+04 1.6e+02  5  3  1 13  0   6  3  1 13  0  6627
MatTrnMatMultSym      14 1.0 2.1707e-01 1.0 0.00e+00 0.0 5.4e+03 3.9e+03 1.0e+02  2  0  0  2  0   2  0  0  2  0     0
MatTrnMatMultNum      54 1.0 5.2107e-01 1.0 2.24e+08 1.9 8.0e+03 1.9e+04 5.6e+01  4  3  0 11  0   4  3  0 12  0  9382
MatGetLocalMat       146 1.0 3.2881e-02 1.1 0.00e+00 0.0 0.0e+00 0.0e+00 0.0e+00  0  0  0  0  0   0  0  0  0  0     0
MatGetBrAoCol         92 1.0 1.9150e-02 1.6 0.00e+00 0.0 2.0e+04 1.0e+04 0.0e+00  0  0  1 15  0   0  0  1 16  0     0
SFSetGraph           529 1.0 1.5831e-04 1.6 0.00e+00 0.0 0.0e+00 0.0e+00 0.0e+00  0  0  0  0  0   0  0  0  0  0     0
SFSetUp              529 1.0 3.1761e-02 1.1 0.00e+00 0.0 4.6e+04 9.2e+01 0.0e+00  0  0  2  0  0   0  0  2  0  0     0
SFBcastOpBegin     31692 1.0 1.3244e-01 4.2 0.00e+00 0.0 2.4e+06 3.4e+02 0.0e+00  1  0 94 60  0   1  0 94 62  0     0
SFBcastOpEnd       31692 1.0 2.3486e-01 1.4 0.00e+00 0.0 0.0e+00 0.0e+00 0.0e+00  1  0  0  0  0   2  0  0  0  0     0
SFReduceBegin       2065 1.0 3.8922e-03 2.8 0.00e+00 0.0 5.5e+04 1.9e+02 0.0e+00  0  0  2  1  0   0  0  2  1  0     0
SFReduceEnd         2065 1.0 3.8986e-0211.2 0.00e+00 0.0 0.0e+00 0.0e+00 0.0e+00  0  0  0  0  0   0  0  0  0  0     0
VecDot              2939 1.0 4.4181e-02 1.1 5.19e+07 1.4 0.0e+00 0.0e+00 2.9e+03  0  1  0  0  2   0  1  0  0  2 31635
VecTDot             2028 1.0 7.3014e-02 1.8 1.37e+07 1.4 0.0e+00 0.0e+00 2.0e+03  0  0  0  0  1   0  0  0  0  1  5059
VecNorm             3829 1.0 1.7094e-01 1.4 5.62e+07 1.4 0.0e+00 0.0e+00 3.8e+03  1  1  0  0  2   1  1  0  0  2  8886
VecScale            2391 1.0 1.8925e-02 1.2 2.12e+07 1.4 0.0e+00 0.0e+00 0.0e+00  0  0  0  0  0   0  0  0  0  0 30144
VecCopy             6548 1.0 6.1078e-03 1.3 0.00e+00 0.0 0.0e+00 0.0e+00 0.0e+00  0  0  0  0  0   0  0  0  0  0     0
VecSet              9288 1.0 4.3383e-03 1.5 0.00e+00 0.0 0.0e+00 0.0e+00 0.0e+00  0  0  0  0  0   0  0  0  0  0     0
VecAXPY             4927 1.0 2.3123e-02 1.2 3.30e+07 1.4 0.0e+00 0.0e+00 0.0e+00  0  1  0  0  0   0  1  0  0  0 38536
VecAYPX            13037 1.0 9.9151e-03 1.4 2.77e+07 1.4 0.0e+00 0.0e+00 0.0e+00  0  0  0  0  0   0  0  0  0  0 75346
VecAXPBYCZ          4046 1.0 4.2210e-03 1.4 2.66e+07 1.4 0.0e+00 0.0e+00 0.0e+00  0  0  0  0  0   0  0  0  0  0 170149
VecSwap               20 1.0 1.7200e-02 1.3 0.00e+00 0.0 0.0e+00 0.0e+00 0.0e+00  0  0  0  0  0   0  0  0  0  0     0
VecAssemblyBegin   16960 1.0 3.4713e-01 1.1 0.00e+00 0.0 0.0e+00 0.0e+00 0.0e+00  2  0  0  0  0   3  0  0  0  0     0
VecAssemblyEnd     16960 1.0 9.8548e-03 1.5 0.00e+00 0.0 0.0e+00 0.0e+00 0.0e+00  0  0  0  0  0   0  0  0  0  0     0
VecPointwiseMult     186 1.0 1.6067e-03 1.4 1.67e+06 1.4 0.0e+00 0.0e+00 0.0e+00  0  0  0  0  0   0  0  0  0  0 28037
VecScatterBegin    33375 1.0 1.4141e-01 3.7 0.00e+00 0.0 2.4e+06 3.4e+02 0.0e+00  1  0 95 61  0   1  0 95 62  0     0
VecScatterEnd      33375 1.0 2.6965e-01 1.4 0.00e+00 0.0 0.0e+00 0.0e+00 0.0e+00  2  0  0  0  0   2  0  0  0  0     0
VecNormalize        2717 1.0 5.2372e-02 1.1 5.51e+07 1.4 0.0e+00 0.0e+00 2.7e+03  0  1  0  0  2   0  1  0  0  2 28343
TaoSolve               1 1.0 1.2947e+01 1.0 6.28e+09 1.4 2.5e+06 5.1e+02 1.8e+05 93100100 97100 100100100100100 13169
TaoObjectiveEval      11 1.0 1.2416e-02 1.1 0.00e+00 0.0 9.0e+02 7.1e+02 0.0e+00  0  0  0  0  0   0  0  0  0  0     0
TaoJacobianEval       11 1.0 2.4473e-01 1.0 1.15e+08 1.4 9.0e+02 7.1e+02 5.6e+03  2  2  0  0  3   2  2  0  0  3 12693
KSPSetUp             190 1.0 6.3231e-03 1.4 0.00e+00 0.0 0.0e+00 0.0e+00 1.4e+02  0  0  0  0  0   0  0  0  0  0     0
KSPSolve              10 1.0 1.0926e+01 1.0 6.07e+09 1.4 2.5e+06 4.8e+02 4.3e+04 79 96 99 91 24  84 96100 94 24 14979
PCGAMGGraph_AGG       70 1.0 3.8837e+00 1.0 5.20e+07 2.0 2.5e+04 4.3e+01 1.1e+03 28  1  1  0  1  30  1  1  0  1   309
PCGAMGCoarse_AGG      70 1.0 3.4675e-01 1.0 1.34e+08 4.4 6.3e+04 1.7e+03 3.7e+02  2  1  2  8  0   3  1  3  8  0  5972
PCGAMGProl_AGG        70 1.0 1.2439e+00 1.0 0.00e+00 0.0 1.4e+06 1.9e+02 3.4e+04  9  0 57 20 19  10  0 57 21 19     0
PCGAMGPOpt_AGG        70 1.0 1.7166e-05 8.0 0.00e+00 0.0 0.0e+00 0.0e+00 0.0e+00  0  0  0  0  0   0  0  0  0  0     0
GAMG: createProl      70 1.0 5.4750e+00 1.0 1.86e+08 3.2 1.5e+06 2.5e+02 3.6e+04 39  2 61 28 20  42  2 61 29 20   597
  Graph              140 1.0 3.8822e+00 1.0 5.20e+07 2.0 2.5e+04 4.3e+01 1.1e+03 28  1  1  0  1  30  1  1  0  1   309
  MIS/Agg             70 1.0 1.7420e-02 1.1 0.00e+00 0.0 4.5e+04 1.0e+02 2.2e+02  0  0  2  0  0   0  0  2  0  0     0
  SA: col data        70 1.0 1.0182e+00 1.0 0.00e+00 0.0 1.4e+06 1.6e+02 3.4e+04  7  0 57 17 19   8  0 57 18 19     0
  SA: frmProl0        70 1.0 2.1810e-01 1.0 0.00e+00 0.0 5.2e+03 8.0e+03 2.8e+02  2  0  0  3  0   2  0  0  3  0     0
GAMG: partLevel       70 1.0 2.8918e+00 1.0 1.74e+09 1.9 4.2e+04 4.5e+03 3.2e+03 21 24  2 14  2  22 24  2 14  2 14192
  repartition         50 1.0 8.9014e-02 1.0 0.00e+00 0.0 6.5e+03 2.0e+03 2.4e+03  1  0  0  1  1   1  0  0  1  1     0
  Invert-Sort         50 1.0 7.3171e-03 1.1 0.00e+00 0.0 0.0e+00 0.0e+00 3.0e+02  0  0  0  0  0   0  0  0  0  0     0
  Move A              50 1.0 3.7052e-02 1.0 0.00e+00 0.0 3.3e+03 2.7e+03 6.5e+02  0  0  0  1  0   0  0  0  1  0     0
  Move P              50 1.0 2.5218e-02 1.0 0.00e+00 0.0 8.6e+02 6.4e+01 7.0e+02  0  0  0  0  0   0  0  0  0  0     0
PCSetUp               40 1.0 9.6632e+00 1.0 3.51e+09 1.9 1.6e+06 4.1e+02 4.0e+04 70 47 62 48 22  75 47 62 50 22  8248
PCSetUpOnBlocks      289 1.0 7.8773e-04 1.7 2.61e+04 0.0 0.0e+00 0.0e+00 0.0e+00  0  0  0  0  0   0  0  0  0  0    33
PCApply               10 1.0 9.7258e+00 1.0 4.48e+09 1.2 2.5e+06 4.5e+02 4.3e+04 70 75 99 85 24  75 75100 87 24 13189
KSPSolve_FS_0         10 1.0 6.6042e-05 1.6 1.81e+05 2.0 0.0e+00 0.0e+00 0.0e+00  0  0  0  0  0   0  0  0  0  0 65958
KSPSolve_FS_Schu      10 1.0 9.7177e+00 1.0 4.47e+09 1.2 2.5e+06 4.5e+02 4.3e+04 70 75 99 85 24  75 75100 87 24 13158
KSPSolve_FS_Low       10 1.0 3.4881e-04 1.3 1.81e+05 2.0 0.0e+00 0.0e+00 0.0e+00  0  0  0  0  0   0  0  0  0  0 12488
------------------------------------------------------------------------------------------------------------------------

Memory usage is given in bytes:

Object Type          Creations   Destructions     Memory  Descendants' Mem.
Reports information only for process 0.

--- Event Stage 0: Main Stage

    Distributed Mesh     0              1         5032     0.
              Matrix     0             72     55477696     0.
           Index Set     1             23        35120     0.
   Star Forest Graph     1             19        18672     0.
     Discrete System     0              1          944     0.
              Vector     3             93      1206680     0.
         Vec Scatter     1             17        13600     0.
                 Tao     0              1         1880     0.
       Krylov Solver     0             20        54256     0.
      Preconditioner     0             13        16356     0.
              Viewer     1              1          840     0.

--- Event Stage 1: Setup

           Container     4              2         1152     0.
    Distributed Mesh     4              2        10424     0.
            DM Label     6              4         2528     0.
    GraphPartitioner     2              1          688     0.
              Matrix     9              1         2832     0.
           Index Set   130            119      4068348     0.
   IS L to G Mapping     2              1       227932     0.
             Section    24             13         9360     0.
   Star Forest Graph    22             15        14368     0.
     Discrete System     7              6         5664     0.
              Vector    15              3      2601904     0.
         Vec Scatter     2              0            0     0.
                 Tao     1              0            0     0.
       Krylov Solver     3              0            0     0.
      Preconditioner     3              0            0     0.

--- Event Stage 2: Solve

    Distributed Mesh     1              0            0     0.
              Matrix  1879           1762     88758208     0.
      Matrix Coarsen    70             70        44520     0.
   Matrix Null Space    11              0            0     0.
           Index Set  1544           1522      2050104     0.
   Star Forest Graph   531            505       500960     0.
     Discrete System     1              0            0     0.
              Vector 19419          19145     68227832     0.
         Vec Scatter   459            435       348000     0.
       Krylov Solver    18              1         1400     0.
      Preconditioner    11              1          824     0.
              Viewer     1              0            0     0.
         PetscRandom    70             70        45220     0.
========================================================================================================================
Average time to get PetscTime(): 9.53674e-08
Average time for MPI_Barrier(): 6.96182e-06
Average time for zero size MPI_Send(): 4.87268e-06
#PETSc Option Table entries:
-bal ba-problems/26K_29K_whole_city_hard.problem/problem_noised.bbal
-csv ba-problems/26K_29K_whole_city_hard.problem/parallel_gamg_np8.csv
-fieldsplit_camera_ksp_converged_reason
-fieldsplit_camera_ksp_convergence_test nash
-fieldsplit_camera_ksp_rtol 0.01
-fieldsplit_camera_ksp_type cg
-fieldsplit_camera_mat_schur_complement_ainv_type blockdiag
-fieldsplit_camera_mg_levels_esteig_ksp_type cg
-fieldsplit_camera_mg_levels_pc_type pbjacobi
-fieldsplit_camera_pc_gamg_agg_nsmooths 0
-fieldsplit_camera_pc_type gamg
-fieldsplit_point_ksp_type preonly
-fieldsplit_point_pc_type pbjacobi
-ksp_type preonly
-log_view ascii:ba-problems/26K_29K_whole_city_hard.problem/parallel_gamg_np8.log
-pc_fieldsplit_schur_precondition selfp
-pc_fieldsplit_type schur
-pc_type fieldsplit
-petscpartitioner_type ptscotch
-robust
-tao_diagonal_scale
-tao_max_it 10
-tao_trust0 1e4
-tao_type lm
#End of PETSc Option Table entries
Compiled without FORTRAN kernels
Compiled with full precision matrices (default)
sizeof(short) 2 sizeof(int) 4 sizeof(long) 8 sizeof(void*) 8 sizeof(PetscScalar) 8 sizeof(PetscInt) 4
Configure options: -with-debugging=0 COPTFLAGS="-O3 -march=native -mtune=native" CXXOPTFLAGS="-O3 -march=native -mtune=native" FOPTFLAGS="-O3 -march=native -mtune=native" --download-superlu --download-metis --download-parmetis --download-suitesparse --with-cc=cc --with-mpicc=cc --with-mpi-dir=/opt/cray/pe/mpt/7.7.10/gni/mpich-gnu/8.2 --with-cuda=0 --with-cusp=0 --with-fc=0 --download-ptscotch --download-hypre --with-hdf5
-----------------------------------------
Libraries compiled on 2020-03-16 01:29:45 on cori07 
Machine characteristics: Linux-4.12.14-150.47-default-x86_64-with-glibc2.2.5
Using PETSc directory: /global/cscratch1/sd/tkonolig/bundle_adjustment/petsc
Using PETSc arch: arch-linux2-c-opt
-----------------------------------------

Using C compiler: cc  -fPIC -O3 -march=native -mtune=native  
-----------------------------------------

Using include paths: -I/global/cscratch1/sd/tkonolig/bundle_adjustment/petsc/include -I/global/cscratch1/sd/tkonolig/bundle_adjustment/petsc/arch-linux2-c-opt/include -I/opt/cray/pe/mpt/7.7.10/gni/mpich-gnu/8.2/include
-----------------------------------------

Using C linker: cc
Using libraries: -Wl,-rpath,/global/cscratch1/sd/tkonolig/bundle_adjustment/petsc/arch-linux2-c-opt/lib -L/global/cscratch1/sd/tkonolig/bundle_adjustment/petsc/arch-linux2-c-opt/lib -lpetsc -Wl,-rpath,/global/cscratch1/sd/tkonolig/bundle_adjustment/petsc/arch-linux2-c-opt/lib -L/global/cscratch1/sd/tkonolig/bundle_adjustment/petsc/arch-linux2-c-opt/lib -Wl,-rpath,/opt/cray/pe/mpt/7.7.10/gni/mpich-gnu/8.2/lib -L/opt/cray/pe/mpt/7.7.10/gni/mpich-gnu/8.2/lib -lHYPRE -lumfpack -lklu -lcholmod -lbtf -lccolamd -lcolamd -lcamd -lamd -lsuitesparseconfig -lsuperlu -lptesmumps -lptscotchparmetis -lptscotch -lptscotcherr -lesmumps -lscotch -lscotcherr -lparmetis -lmetis -lX11 -lmpich -lssl -luuid -lpthread -lrt -ldl -lrt -lquadmath -lstdc++ -ldl
-----------------------------------------

